[0.008s] Invoking command in '/home/rm_autoaim/dev_ws/build/rm_serial_driver': AMENT_PREFIX_PATH=/home/rm_autoaim/dev_ws/install/auto_aim_interfaces:${AMENT_PREFIX_PATH} CMAKE_PREFIX_PATH=/home/rm_autoaim/dev_ws/install/auto_aim_interfaces:/opt/ros/humble LD_LIBRARY_PATH=/home/rm_autoaim/dev_ws/install/auto_aim_interfaces/lib:/opt/ros/humble/opt/rviz_ogre_vendor/lib:/opt/ros/humble/lib/x86_64-linux-gnu:/opt/ros/humble/lib:/opt/MVS/lib/64:/opt/MVS/lib/32 PYTHONPATH=/home/rm_autoaim/dev_ws/install/auto_aim_interfaces/local/lib/python3.10/dist-packages:${PYTHONPATH} /usr/bin/cmake /home/rm_autoaim/dev_ws/src/rm_serial_driver -DCMAKE_INSTALL_PREFIX=/home/rm_autoaim/dev_ws/install/rm_serial_driver
[0.054s] -- The C compiler identification is GNU 11.4.0
[0.102s] -- The CXX compiler identification is GNU 11.4.0
[0.108s] -- Detecting C compiler ABI info
[0.164s] -- Detecting C compiler ABI info - done
[0.169s] -- Check for working C compiler: /usr/bin/cc - skipped
[0.170s] -- Detecting C compile features
[0.170s] -- Detecting C compile features - done
[0.172s] -- Detecting CXX compiler ABI info
[0.237s] -- Detecting CXX compiler ABI info - done
[0.242s] -- Check for working CXX compiler: /usr/bin/c++ - skipped
[0.243s] -- Detecting CXX compile features
[0.243s] -- Detecting CXX compile features - done
[0.244s] -- Found ament_cmake_auto: 1.3.12 (/opt/ros/humble/share/ament_cmake_auto/cmake)
[0.364s] -- Found Python3: /usr/bin/python3 (found version "3.10.12") found components: Interpreter 
[0.516s] -- Found rosidl_generator_c: 3.1.7 (/opt/ros/humble/share/rosidl_generator_c/cmake)
[0.518s] -- Found rosidl_adapter: 3.1.7 (/opt/ros/humble/share/rosidl_adapter/cmake)
[0.524s] -- Found rosidl_generator_cpp: 3.1.7 (/opt/ros/humble/share/rosidl_generator_cpp/cmake)
[0.532s] -- Using all available rosidl_typesupport_c: rosidl_typesupport_fastrtps_c;rosidl_typesupport_introspection_c
[0.543s] -- Using all available rosidl_typesupport_cpp: rosidl_typesupport_fastrtps_cpp;rosidl_typesupport_introspection_cpp
[0.572s] -- Found rmw_implementation_cmake: 6.1.2 (/opt/ros/humble/share/rmw_implementation_cmake/cmake)
[0.574s] -- Found rmw_fastrtps_cpp: 6.2.8 (/opt/ros/humble/share/rmw_fastrtps_cpp/cmake)
[0.647s] -- Found OpenSSL: /usr/lib/x86_64-linux-gnu/libcrypto.so (found version "3.0.2")  
[0.671s] -- Found FastRTPS: /opt/ros/humble/include  
[0.707s] -- Using RMW implementation 'rmw_fastrtps_cpp' as default
[0.712s] -- Looking for pthread.h
[0.771s] -- Looking for pthread.h - found
[0.772s] -- Performing Test CMAKE_HAVE_LIBC_PTHREAD
[0.832s] -- Performing Test CMAKE_HAVE_LIBC_PTHREAD - Success
[0.833s] -- Found Threads: TRUE  
[0.905s] -- Found asio_cmake_module: 1.2.0 (/opt/ros/humble/share/asio_cmake_module/cmake)
[0.906s] -- Found ASIO: /usr/include  
[1.004s] -- Found eigen3_cmake_module: 0.1.1 (/opt/ros/humble/share/eigen3_cmake_module/cmake)
[1.005s] -- Found Eigen3: TRUE (found version "3.4.0") 
[1.005s] -- Ensuring Eigen3 include directory is part of orocos-kdl CMake target
[1.069s] -- Found ament_lint_auto: 0.12.14 (/opt/ros/humble/share/ament_lint_auto/cmake)
[1.085s] [0mIn this package, headers install destination is set to `include` by ament_auto_package. It is recommended to install `include/rm_serial_driver` instead and will be the default behavior of ament_auto_package from ROS 2 Kilted Kaiju. On distributions before Kilted, ament_auto_package behaves the same way when you use USE_SCOPED_HEADER_INSTALL_DIR option.[0m
[1.089s] -- Added test 'cppcheck' to perform static code analysis on C / C++ code
[1.089s] -- Configured cppcheck include dirs: /home/rm_autoaim/dev_ws/src/rm_serial_driver/include
[1.089s] -- Configured cppcheck exclude dirs and/or files: 
[1.090s] -- Added test 'cpplint' to check C / C++ code against the Google style
[1.090s] -- Configured cpplint exclude dirs and/or files: 
[1.090s] -- Added test 'flake8' to check Python code syntax and style conventions
[1.091s] -- Added test 'lint_cmake' to check CMake code style
[1.091s] -- Added test 'pep257' to check Python code against some of the docstring style conventions in PEP 257
[1.092s] -- Added test 'xmllint' to check XML markup files
[1.094s] -- Configuring done
[1.127s] -- Generating done
[1.135s] -- Build files have been written to: /home/rm_autoaim/dev_ws/build/rm_serial_driver
[1.159s] Invoked command in '/home/rm_autoaim/dev_ws/build/rm_serial_driver' returned '0': AMENT_PREFIX_PATH=/home/rm_autoaim/dev_ws/install/auto_aim_interfaces:${AMENT_PREFIX_PATH} CMAKE_PREFIX_PATH=/home/rm_autoaim/dev_ws/install/auto_aim_interfaces:/opt/ros/humble LD_LIBRARY_PATH=/home/rm_autoaim/dev_ws/install/auto_aim_interfaces/lib:/opt/ros/humble/opt/rviz_ogre_vendor/lib:/opt/ros/humble/lib/x86_64-linux-gnu:/opt/ros/humble/lib:/opt/MVS/lib/64:/opt/MVS/lib/32 PYTHONPATH=/home/rm_autoaim/dev_ws/install/auto_aim_interfaces/local/lib/python3.10/dist-packages:${PYTHONPATH} /usr/bin/cmake /home/rm_autoaim/dev_ws/src/rm_serial_driver -DCMAKE_INSTALL_PREFIX=/home/rm_autoaim/dev_ws/install/rm_serial_driver
[1.164s] Invoking command in '/home/rm_autoaim/dev_ws/build/rm_serial_driver': AMENT_PREFIX_PATH=/home/rm_autoaim/dev_ws/install/auto_aim_interfaces:${AMENT_PREFIX_PATH} CMAKE_PREFIX_PATH=/home/rm_autoaim/dev_ws/install/auto_aim_interfaces:/opt/ros/humble LD_LIBRARY_PATH=/home/rm_autoaim/dev_ws/install/auto_aim_interfaces/lib:/opt/ros/humble/opt/rviz_ogre_vendor/lib:/opt/ros/humble/lib/x86_64-linux-gnu:/opt/ros/humble/lib:/opt/MVS/lib/64:/opt/MVS/lib/32 PYTHONPATH=/home/rm_autoaim/dev_ws/install/auto_aim_interfaces/local/lib/python3.10/dist-packages:${PYTHONPATH} /usr/bin/cmake --build /home/rm_autoaim/dev_ws/build/rm_serial_driver -- -j8 -l8
[1.278s] [ 20%] [32mBuilding CXX object CMakeFiles/rm_serial_driver.dir/src/rm_serial_driver.cpp.o[0m
[1.286s] [ 40%] [32mBuilding CXX object CMakeFiles/rm_serial_driver.dir/src/crc.cpp.o[0m
[1.286s] [ 60%] [32mBuilding CXX object CMakeFiles/rm_serial_driver_node.dir/rclcpp_components/node_main_rm_serial_driver_node.cpp.o[0m
[6.299s] [ 80%] [32m[1mLinking CXX executable rm_serial_driver_node[0m
[6.471s] [ 80%] Built target rm_serial_driver_node
[18.807s] [100%] [32m[1mLinking CXX shared library librm_serial_driver.so[0m
[19.880s] [100%] Built target rm_serial_driver
[19.892s] Invoked command in '/home/rm_autoaim/dev_ws/build/rm_serial_driver' returned '0': AMENT_PREFIX_PATH=/home/rm_autoaim/dev_ws/install/auto_aim_interfaces:${AMENT_PREFIX_PATH} CMAKE_PREFIX_PATH=/home/rm_autoaim/dev_ws/install/auto_aim_interfaces:/opt/ros/humble LD_LIBRARY_PATH=/home/rm_autoaim/dev_ws/install/auto_aim_interfaces/lib:/opt/ros/humble/opt/rviz_ogre_vendor/lib:/opt/ros/humble/lib/x86_64-linux-gnu:/opt/ros/humble/lib:/opt/MVS/lib/64:/opt/MVS/lib/32 PYTHONPATH=/home/rm_autoaim/dev_ws/install/auto_aim_interfaces/local/lib/python3.10/dist-packages:${PYTHONPATH} /usr/bin/cmake --build /home/rm_autoaim/dev_ws/build/rm_serial_driver -- -j8 -l8
[19.893s] Invoking command in '/home/rm_autoaim/dev_ws/build/rm_serial_driver': AMENT_PREFIX_PATH=/home/rm_autoaim/dev_ws/install/auto_aim_interfaces:${AMENT_PREFIX_PATH} CMAKE_PREFIX_PATH=/home/rm_autoaim/dev_ws/install/auto_aim_interfaces:/opt/ros/humble LD_LIBRARY_PATH=/home/rm_autoaim/dev_ws/install/auto_aim_interfaces/lib:/opt/ros/humble/opt/rviz_ogre_vendor/lib:/opt/ros/humble/lib/x86_64-linux-gnu:/opt/ros/humble/lib:/opt/MVS/lib/64:/opt/MVS/lib/32 PYTHONPATH=/home/rm_autoaim/dev_ws/install/auto_aim_interfaces/local/lib/python3.10/dist-packages:${PYTHONPATH} /usr/bin/cmake --install /home/rm_autoaim/dev_ws/build/rm_serial_driver
[19.900s] -- Install configuration: ""
[19.900s] -- Installing: /home/rm_autoaim/dev_ws/install/rm_serial_driver/lib/rm_serial_driver/rm_serial_driver_node
[19.901s] -- Set runtime path of "/home/rm_autoaim/dev_ws/install/rm_serial_driver/lib/rm_serial_driver/rm_serial_driver_node" to ""
[19.901s] -- Installing: /home/rm_autoaim/dev_ws/install/rm_serial_driver/include
[19.901s] -- Installing: /home/rm_autoaim/dev_ws/install/rm_serial_driver/include/rm_serial_driver
[19.901s] -- Installing: /home/rm_autoaim/dev_ws/install/rm_serial_driver/include/rm_serial_driver/rm_serial_driver.hpp
[19.901s] -- Installing: /home/rm_autoaim/dev_ws/install/rm_serial_driver/include/rm_serial_driver/packet.hpp
[19.901s] -- Installing: /home/rm_autoaim/dev_ws/install/rm_serial_driver/include/rm_serial_driver/crc.hpp
[19.901s] -- Installing: /home/rm_autoaim/dev_ws/install/rm_serial_driver/share/rm_serial_driver/environment/library_path.sh
[19.901s] -- Installing: /home/rm_autoaim/dev_ws/install/rm_serial_driver/share/rm_serial_driver/environment/library_path.dsv
[19.901s] -- Installing: /home/rm_autoaim/dev_ws/install/rm_serial_driver/lib/librm_serial_driver.so
[19.910s] -- Set runtime path of "/home/rm_autoaim/dev_ws/install/rm_serial_driver/lib/librm_serial_driver.so" to ""
[19.910s] -- Installing: /home/rm_autoaim/dev_ws/install/rm_serial_driver/share/rm_serial_driver/config
[19.910s] -- Installing: /home/rm_autoaim/dev_ws/install/rm_serial_driver/share/rm_serial_driver/config/serial_driver.yaml
[19.910s] -- Installing: /home/rm_autoaim/dev_ws/install/rm_serial_driver/share/rm_serial_driver/launch
[19.911s] -- Installing: /home/rm_autoaim/dev_ws/install/rm_serial_driver/share/rm_serial_driver/launch/serial_driver.launch.py
[19.911s] -- Installing: /home/rm_autoaim/dev_ws/install/rm_serial_driver/share/ament_index/resource_index/package_run_dependencies/rm_serial_driver
[19.911s] -- Installing: /home/rm_autoaim/dev_ws/install/rm_serial_driver/share/ament_index/resource_index/parent_prefix_path/rm_serial_driver
[19.911s] -- Installing: /home/rm_autoaim/dev_ws/install/rm_serial_driver/share/rm_serial_driver/environment/ament_prefix_path.sh
[19.911s] -- Installing: /home/rm_autoaim/dev_ws/install/rm_serial_driver/share/rm_serial_driver/environment/ament_prefix_path.dsv
[19.911s] -- Installing: /home/rm_autoaim/dev_ws/install/rm_serial_driver/share/rm_serial_driver/environment/path.sh
[19.911s] -- Installing: /home/rm_autoaim/dev_ws/install/rm_serial_driver/share/rm_serial_driver/environment/path.dsv
[19.911s] -- Installing: /home/rm_autoaim/dev_ws/install/rm_serial_driver/share/rm_serial_driver/local_setup.bash
[19.911s] -- Installing: /home/rm_autoaim/dev_ws/install/rm_serial_driver/share/rm_serial_driver/local_setup.sh
[19.911s] -- Installing: /home/rm_autoaim/dev_ws/install/rm_serial_driver/share/rm_serial_driver/local_setup.zsh
[19.911s] -- Installing: /home/rm_autoaim/dev_ws/install/rm_serial_driver/share/rm_serial_driver/local_setup.dsv
[19.912s] -- Installing: /home/rm_autoaim/dev_ws/install/rm_serial_driver/share/rm_serial_driver/package.dsv
[19.912s] -- Installing: /home/rm_autoaim/dev_ws/install/rm_serial_driver/share/ament_index/resource_index/packages/rm_serial_driver
[19.912s] -- Installing: /home/rm_autoaim/dev_ws/install/rm_serial_driver/share/ament_index/resource_index/rclcpp_components/rm_serial_driver
[19.912s] -- Installing: /home/rm_autoaim/dev_ws/install/rm_serial_driver/share/rm_serial_driver/cmake/ament_cmake_export_dependencies-extras.cmake
[19.912s] -- Installing: /home/rm_autoaim/dev_ws/install/rm_serial_driver/share/rm_serial_driver/cmake/ament_cmake_export_include_directories-extras.cmake
[19.912s] -- Installing: /home/rm_autoaim/dev_ws/install/rm_serial_driver/share/rm_serial_driver/cmake/ament_cmake_export_libraries-extras.cmake
[19.912s] -- Installing: /home/rm_autoaim/dev_ws/install/rm_serial_driver/share/rm_serial_driver/cmake/rm_serial_driverConfig.cmake
[19.912s] -- Installing: /home/rm_autoaim/dev_ws/install/rm_serial_driver/share/rm_serial_driver/cmake/rm_serial_driverConfig-version.cmake
[19.912s] -- Installing: /home/rm_autoaim/dev_ws/install/rm_serial_driver/share/rm_serial_driver/package.xml
[19.915s] Invoked command in '/home/rm_autoaim/dev_ws/build/rm_serial_driver' returned '0': AMENT_PREFIX_PATH=/home/rm_autoaim/dev_ws/install/auto_aim_interfaces:${AMENT_PREFIX_PATH} CMAKE_PREFIX_PATH=/home/rm_autoaim/dev_ws/install/auto_aim_interfaces:/opt/ros/humble LD_LIBRARY_PATH=/home/rm_autoaim/dev_ws/install/auto_aim_interfaces/lib:/opt/ros/humble/opt/rviz_ogre_vendor/lib:/opt/ros/humble/lib/x86_64-linux-gnu:/opt/ros/humble/lib:/opt/MVS/lib/64:/opt/MVS/lib/32 PYTHONPATH=/home/rm_autoaim/dev_ws/install/auto_aim_interfaces/local/lib/python3.10/dist-packages:${PYTHONPATH} /usr/bin/cmake --install /home/rm_autoaim/dev_ws/build/rm_serial_driver
