[0.014s] Invoking command in '/home/rm_autoaim/dev_ws/build/armor_tracker': AMENT_PREFIX_PATH=/home/rm_autoaim/dev_ws/install/auto_aim_interfaces CMAKE_PREFIX_PATH=/home/rm_autoaim/dev_ws/install/auto_aim_interfaces LD_LIBRARY_PATH=/home/rm_autoaim/dev_ws/install/auto_aim_interfaces/lib PYTHONPATH=/home/rm_autoaim/dev_ws/install/auto_aim_interfaces/local/lib/python3.10/dist-packages /usr/bin/cmake --build /home/rm_autoaim/dev_ws/build/armor_tracker -- -j8 -l8
[0.076s] [ 66%] Built target armor_tracker
[0.100s] [100%] Built target armor_tracker_node
[0.128s] Invoked command in '/home/rm_autoaim/dev_ws/build/armor_tracker' returned '0': AMENT_PREFIX_PATH=/home/rm_autoaim/dev_ws/install/auto_aim_interfaces CMAKE_PREFIX_PATH=/home/rm_autoaim/dev_ws/install/auto_aim_interfaces LD_LIBRARY_PATH=/home/rm_autoaim/dev_ws/install/auto_aim_interfaces/lib PYTHONPATH=/home/rm_autoaim/dev_ws/install/auto_aim_interfaces/local/lib/python3.10/dist-packages /usr/bin/cmake --build /home/rm_autoaim/dev_ws/build/armor_tracker -- -j8 -l8
[0.129s] Invoking command in '/home/rm_autoaim/dev_ws/build/armor_tracker': AMENT_PREFIX_PATH=/home/rm_autoaim/dev_ws/install/auto_aim_interfaces CMAKE_PREFIX_PATH=/home/rm_autoaim/dev_ws/install/auto_aim_interfaces LD_LIBRARY_PATH=/home/rm_autoaim/dev_ws/install/auto_aim_interfaces/lib PYTHONPATH=/home/rm_autoaim/dev_ws/install/auto_aim_interfaces/local/lib/python3.10/dist-packages /usr/bin/cmake --install /home/rm_autoaim/dev_ws/build/armor_tracker
[0.135s] -- Install configuration: ""
[0.137s] -- Up-to-date: /home/rm_autoaim/dev_ws/install/armor_tracker/lib/armor_tracker/armor_tracker_node
[0.137s] -- Up-to-date: /home/rm_autoaim/dev_ws/install/armor_tracker/include
[0.137s] -- Up-to-date: /home/rm_autoaim/dev_ws/install/armor_tracker/include/armor_tracker
[0.137s] -- Up-to-date: /home/rm_autoaim/dev_ws/install/armor_tracker/include/armor_tracker/tracker.hpp
[0.137s] -- Up-to-date: /home/rm_autoaim/dev_ws/install/armor_tracker/include/armor_tracker/tracker_node.hpp
[0.137s] -- Up-to-date: /home/rm_autoaim/dev_ws/install/armor_tracker/include/armor_tracker/extended_kalman_filter.hpp
[0.137s] -- Up-to-date: /home/rm_autoaim/dev_ws/install/armor_tracker/share/armor_tracker/environment/library_path.sh
[0.137s] -- Up-to-date: /home/rm_autoaim/dev_ws/install/armor_tracker/share/armor_tracker/environment/library_path.dsv
[0.137s] -- Up-to-date: /home/rm_autoaim/dev_ws/install/armor_tracker/lib/libarmor_tracker.so
[0.137s] -- Up-to-date: /home/rm_autoaim/dev_ws/install/armor_tracker/share/ament_index/resource_index/package_run_dependencies/armor_tracker
[0.137s] -- Up-to-date: /home/rm_autoaim/dev_ws/install/armor_tracker/share/ament_index/resource_index/parent_prefix_path/armor_tracker
[0.138s] -- Up-to-date: /home/rm_autoaim/dev_ws/install/armor_tracker/share/armor_tracker/environment/ament_prefix_path.sh
[0.138s] -- Up-to-date: /home/rm_autoaim/dev_ws/install/armor_tracker/share/armor_tracker/environment/ament_prefix_path.dsv
[0.138s] -- Up-to-date: /home/rm_autoaim/dev_ws/install/armor_tracker/share/armor_tracker/environment/path.sh
[0.138s] -- Up-to-date: /home/rm_autoaim/dev_ws/install/armor_tracker/share/armor_tracker/environment/path.dsv
[0.138s] -- Up-to-date: /home/rm_autoaim/dev_ws/install/armor_tracker/share/armor_tracker/local_setup.bash
[0.138s] -- Up-to-date: /home/rm_autoaim/dev_ws/install/armor_tracker/share/armor_tracker/local_setup.sh
[0.138s] -- Up-to-date: /home/rm_autoaim/dev_ws/install/armor_tracker/share/armor_tracker/local_setup.zsh
[0.138s] -- Up-to-date: /home/rm_autoaim/dev_ws/install/armor_tracker/share/armor_tracker/local_setup.dsv
[0.138s] -- Installing: /home/rm_autoaim/dev_ws/install/armor_tracker/share/armor_tracker/package.dsv
[0.138s] -- Up-to-date: /home/rm_autoaim/dev_ws/install/armor_tracker/share/ament_index/resource_index/packages/armor_tracker
[0.138s] -- Up-to-date: /home/rm_autoaim/dev_ws/install/armor_tracker/share/ament_index/resource_index/rclcpp_components/armor_tracker
[0.138s] -- Up-to-date: /home/rm_autoaim/dev_ws/install/armor_tracker/share/armor_tracker/cmake/ament_cmake_export_dependencies-extras.cmake
[0.139s] -- Up-to-date: /home/rm_autoaim/dev_ws/install/armor_tracker/share/armor_tracker/cmake/ament_cmake_export_include_directories-extras.cmake
[0.139s] -- Up-to-date: /home/rm_autoaim/dev_ws/install/armor_tracker/share/armor_tracker/cmake/ament_cmake_export_libraries-extras.cmake
[0.139s] -- Up-to-date: /home/rm_autoaim/dev_ws/install/armor_tracker/share/armor_tracker/cmake/armor_trackerConfig.cmake
[0.139s] -- Up-to-date: /home/rm_autoaim/dev_ws/install/armor_tracker/share/armor_tracker/cmake/armor_trackerConfig-version.cmake
[0.139s] -- Up-to-date: /home/rm_autoaim/dev_ws/install/armor_tracker/share/armor_tracker/package.xml
[0.164s] Invoked command in '/home/rm_autoaim/dev_ws/build/armor_tracker' returned '0': AMENT_PREFIX_PATH=/home/rm_autoaim/dev_ws/install/auto_aim_interfaces CMAKE_PREFIX_PATH=/home/rm_autoaim/dev_ws/install/auto_aim_interfaces LD_LIBRARY_PATH=/home/rm_autoaim/dev_ws/install/auto_aim_interfaces/lib PYTHONPATH=/home/rm_autoaim/dev_ws/install/auto_aim_interfaces/local/lib/python3.10/dist-packages /usr/bin/cmake --install /home/rm_autoaim/dev_ws/build/armor_tracker
