[0.067s] DEBUG:colcon:Command line arguments: ['/usr/bin/colcon', 'build']
[0.067s] DEBUG:colcon:Parsed command line arguments: Namespace(log_base=None, log_level=None, verb_name='build', build_base='build', install_base='install', merge_install=False, symlink_install=False, test_result_base=None, continue_on_error=False, executor='parallel', parallel_workers=8, event_handlers=None, ignore_user_meta=False, metas=['./colcon.meta'], base_paths=['.'], packages_ignore=None, packages_ignore_regex=None, paths=None, packages_up_to=None, packages_up_to_regex=None, packages_above=None, packages_above_and_dependencies=None, packages_above_depth=None, packages_select_by_dep=None, packages_skip_by_dep=None, packages_skip_up_to=None, packages_select_build_failed=False, packages_skip_build_finished=False, packages_select_test_failures=False, packages_skip_test_passed=False, packages_select=None, packages_skip=None, packages_select_regex=None, packages_skip_regex=None, packages_start=None, packages_end=None, allow_overriding=[], cmake_args=None, cmake_target=None, cmake_target_skip_unavailable=False, cmake_clean_cache=False, cmake_clean_first=False, cmake_force_configure=False, ament_cmake_args=None, catkin_cmake_args=None, catkin_skip_building_tests=False, verb_parser=<colcon_defaults.argument_parser.defaults.DefaultArgumentsDecorator object at 0x7abd7a4134c0>, verb_extension=<colcon_core.verb.build.BuildVerb object at 0x7abd7a412fb0>, main=<bound method BuildVerb.main of <colcon_core.verb.build.BuildVerb object at 0x7abd7a412fb0>>)
[0.149s] Level 1:colcon.colcon_core.package_discovery:discover_packages(colcon_meta) check parameters
[0.150s] Level 1:colcon.colcon_core.package_discovery:discover_packages(recursive) check parameters
[0.150s] Level 1:colcon.colcon_core.package_discovery:discover_packages(ignore) check parameters
[0.150s] Level 1:colcon.colcon_core.package_discovery:discover_packages(path) check parameters
[0.150s] Level 1:colcon.colcon_core.package_discovery:discover_packages(colcon_meta) discover
[0.150s] Level 1:colcon.colcon_core.package_discovery:discover_packages(recursive) discover
[0.150s] INFO:colcon.colcon_core.package_discovery:Crawling recursively for packages in '/home/rm_autoaim/dev_ws'
[0.150s] Level 1:colcon.colcon_core.package_identification:_identify(.) by extensions ['ignore', 'ignore_ament_install']
[0.150s] Level 1:colcon.colcon_core.package_identification:_identify(.) by extension 'ignore'
[0.150s] Level 1:colcon.colcon_core.package_identification:_identify(.) by extension 'ignore_ament_install'
[0.150s] Level 1:colcon.colcon_core.package_identification:_identify(.) by extensions ['colcon_pkg']
[0.150s] Level 1:colcon.colcon_core.package_identification:_identify(.) by extension 'colcon_pkg'
[0.150s] Level 1:colcon.colcon_core.package_identification:_identify(.) by extensions ['colcon_meta']
[0.150s] Level 1:colcon.colcon_core.package_identification:_identify(.) by extension 'colcon_meta'
[0.150s] Level 1:colcon.colcon_core.package_identification:_identify(.) by extensions ['ros']
[0.150s] Level 1:colcon.colcon_core.package_identification:_identify(.) by extension 'ros'
[0.159s] Level 1:colcon.colcon_core.package_identification:_identify(.) by extensions ['cmake', 'python']
[0.160s] Level 1:colcon.colcon_core.package_identification:_identify(.) by extension 'cmake'
[0.160s] Level 1:colcon.colcon_core.package_identification:_identify(.) by extension 'python'
[0.160s] Level 1:colcon.colcon_core.package_identification:_identify(.) by extensions ['python_setup_py']
[0.160s] Level 1:colcon.colcon_core.package_identification:_identify(.) by extension 'python_setup_py'
[0.160s] Level 1:colcon.colcon_core.package_identification:_identify(build) by extensions ['ignore', 'ignore_ament_install']
[0.160s] Level 1:colcon.colcon_core.package_identification:_identify(build) by extension 'ignore'
[0.160s] Level 1:colcon.colcon_core.package_identification:_identify(build) ignored
[0.160s] Level 1:colcon.colcon_core.package_identification:_identify(install) by extensions ['ignore', 'ignore_ament_install']
[0.160s] Level 1:colcon.colcon_core.package_identification:_identify(install) by extension 'ignore'
[0.160s] Level 1:colcon.colcon_core.package_identification:_identify(install) ignored
[0.160s] Level 1:colcon.colcon_core.package_identification:_identify(log) by extensions ['ignore', 'ignore_ament_install']
[0.160s] Level 1:colcon.colcon_core.package_identification:_identify(log) by extension 'ignore'
[0.160s] Level 1:colcon.colcon_core.package_identification:_identify(log) ignored
[0.161s] Level 1:colcon.colcon_core.package_identification:_identify(src) by extensions ['ignore', 'ignore_ament_install']
[0.161s] Level 1:colcon.colcon_core.package_identification:_identify(src) by extension 'ignore'
[0.161s] Level 1:colcon.colcon_core.package_identification:_identify(src) by extension 'ignore_ament_install'
[0.161s] Level 1:colcon.colcon_core.package_identification:_identify(src) by extensions ['colcon_pkg']
[0.161s] Level 1:colcon.colcon_core.package_identification:_identify(src) by extension 'colcon_pkg'
[0.161s] Level 1:colcon.colcon_core.package_identification:_identify(src) by extensions ['colcon_meta']
[0.161s] Level 1:colcon.colcon_core.package_identification:_identify(src) by extension 'colcon_meta'
[0.161s] Level 1:colcon.colcon_core.package_identification:_identify(src) by extensions ['ros']
[0.161s] Level 1:colcon.colcon_core.package_identification:_identify(src) by extension 'ros'
[0.161s] Level 1:colcon.colcon_core.package_identification:_identify(src) by extensions ['cmake', 'python']
[0.161s] Level 1:colcon.colcon_core.package_identification:_identify(src) by extension 'cmake'
[0.161s] Level 1:colcon.colcon_core.package_identification:_identify(src) by extension 'python'
[0.161s] Level 1:colcon.colcon_core.package_identification:_identify(src) by extensions ['python_setup_py']
[0.161s] Level 1:colcon.colcon_core.package_identification:_identify(src) by extension 'python_setup_py'
[0.161s] Level 1:colcon.colcon_core.package_identification:_identify(src/hik_camera) by extensions ['ignore', 'ignore_ament_install']
[0.161s] Level 1:colcon.colcon_core.package_identification:_identify(src/hik_camera) by extension 'ignore'
[0.161s] Level 1:colcon.colcon_core.package_identification:_identify(src/hik_camera) by extension 'ignore_ament_install'
[0.161s] Level 1:colcon.colcon_core.package_identification:_identify(src/hik_camera) by extensions ['colcon_pkg']
[0.161s] Level 1:colcon.colcon_core.package_identification:_identify(src/hik_camera) by extension 'colcon_pkg'
[0.162s] Level 1:colcon.colcon_core.package_identification:_identify(src/hik_camera) by extensions ['colcon_meta']
[0.162s] Level 1:colcon.colcon_core.package_identification:_identify(src/hik_camera) by extension 'colcon_meta'
[0.162s] Level 1:colcon.colcon_core.package_identification:_identify(src/hik_camera) by extensions ['ros']
[0.162s] Level 1:colcon.colcon_core.package_identification:_identify(src/hik_camera) by extension 'ros'
[0.164s] DEBUG:colcon.colcon_core.package_identification:Package 'src/hik_camera' with type 'ros.ament_cmake' and name 'hik_camera'
[0.164s] Level 1:colcon.colcon_core.package_identification:_identify(src/rm_auto_aim) by extensions ['ignore', 'ignore_ament_install']
[0.164s] Level 1:colcon.colcon_core.package_identification:_identify(src/rm_auto_aim) by extension 'ignore'
[0.164s] Level 1:colcon.colcon_core.package_identification:_identify(src/rm_auto_aim) by extension 'ignore_ament_install'
[0.164s] Level 1:colcon.colcon_core.package_identification:_identify(src/rm_auto_aim) by extensions ['colcon_pkg']
[0.164s] Level 1:colcon.colcon_core.package_identification:_identify(src/rm_auto_aim) by extension 'colcon_pkg'
[0.164s] Level 1:colcon.colcon_core.package_identification:_identify(src/rm_auto_aim) by extensions ['colcon_meta']
[0.164s] Level 1:colcon.colcon_core.package_identification:_identify(src/rm_auto_aim) by extension 'colcon_meta'
[0.165s] Level 1:colcon.colcon_core.package_identification:_identify(src/rm_auto_aim) by extensions ['ros']
[0.165s] Level 1:colcon.colcon_core.package_identification:_identify(src/rm_auto_aim) by extension 'ros'
[0.165s] Level 1:colcon.colcon_core.package_identification:_identify(src/rm_auto_aim) by extensions ['cmake', 'python']
[0.165s] Level 1:colcon.colcon_core.package_identification:_identify(src/rm_auto_aim) by extension 'cmake'
[0.165s] Level 1:colcon.colcon_core.package_identification:_identify(src/rm_auto_aim) by extension 'python'
[0.165s] Level 1:colcon.colcon_core.package_identification:_identify(src/rm_auto_aim) by extensions ['python_setup_py']
[0.165s] Level 1:colcon.colcon_core.package_identification:_identify(src/rm_auto_aim) by extension 'python_setup_py'
[0.165s] Level 1:colcon.colcon_core.package_identification:_identify(src/rm_auto_aim/armor_detector) by extensions ['ignore', 'ignore_ament_install']
[0.165s] Level 1:colcon.colcon_core.package_identification:_identify(src/rm_auto_aim/armor_detector) by extension 'ignore'
[0.165s] Level 1:colcon.colcon_core.package_identification:_identify(src/rm_auto_aim/armor_detector) by extension 'ignore_ament_install'
[0.165s] Level 1:colcon.colcon_core.package_identification:_identify(src/rm_auto_aim/armor_detector) by extensions ['colcon_pkg']
[0.165s] Level 1:colcon.colcon_core.package_identification:_identify(src/rm_auto_aim/armor_detector) by extension 'colcon_pkg'
[0.165s] Level 1:colcon.colcon_core.package_identification:_identify(src/rm_auto_aim/armor_detector) by extensions ['colcon_meta']
[0.165s] Level 1:colcon.colcon_core.package_identification:_identify(src/rm_auto_aim/armor_detector) by extension 'colcon_meta'
[0.165s] Level 1:colcon.colcon_core.package_identification:_identify(src/rm_auto_aim/armor_detector) by extensions ['ros']
[0.165s] Level 1:colcon.colcon_core.package_identification:_identify(src/rm_auto_aim/armor_detector) by extension 'ros'
[0.166s] DEBUG:colcon.colcon_core.package_identification:Package 'src/rm_auto_aim/armor_detector' with type 'ros.ament_cmake' and name 'armor_detector'
[0.166s] Level 1:colcon.colcon_core.package_identification:_identify(src/rm_auto_aim/armor_tracker) by extensions ['ignore', 'ignore_ament_install']
[0.167s] Level 1:colcon.colcon_core.package_identification:_identify(src/rm_auto_aim/armor_tracker) by extension 'ignore'
[0.167s] Level 1:colcon.colcon_core.package_identification:_identify(src/rm_auto_aim/armor_tracker) by extension 'ignore_ament_install'
[0.167s] Level 1:colcon.colcon_core.package_identification:_identify(src/rm_auto_aim/armor_tracker) by extensions ['colcon_pkg']
[0.167s] Level 1:colcon.colcon_core.package_identification:_identify(src/rm_auto_aim/armor_tracker) by extension 'colcon_pkg'
[0.167s] Level 1:colcon.colcon_core.package_identification:_identify(src/rm_auto_aim/armor_tracker) by extensions ['colcon_meta']
[0.167s] Level 1:colcon.colcon_core.package_identification:_identify(src/rm_auto_aim/armor_tracker) by extension 'colcon_meta'
[0.167s] Level 1:colcon.colcon_core.package_identification:_identify(src/rm_auto_aim/armor_tracker) by extensions ['ros']
[0.167s] Level 1:colcon.colcon_core.package_identification:_identify(src/rm_auto_aim/armor_tracker) by extension 'ros'
[0.168s] DEBUG:colcon.colcon_core.package_identification:Package 'src/rm_auto_aim/armor_tracker' with type 'ros.ament_cmake' and name 'armor_tracker'
[0.168s] Level 1:colcon.colcon_core.package_identification:_identify(src/rm_auto_aim/auto_aim_interfaces) by extensions ['ignore', 'ignore_ament_install']
[0.168s] Level 1:colcon.colcon_core.package_identification:_identify(src/rm_auto_aim/auto_aim_interfaces) by extension 'ignore'
[0.168s] Level 1:colcon.colcon_core.package_identification:_identify(src/rm_auto_aim/auto_aim_interfaces) by extension 'ignore_ament_install'
[0.168s] Level 1:colcon.colcon_core.package_identification:_identify(src/rm_auto_aim/auto_aim_interfaces) by extensions ['colcon_pkg']
[0.168s] Level 1:colcon.colcon_core.package_identification:_identify(src/rm_auto_aim/auto_aim_interfaces) by extension 'colcon_pkg'
[0.168s] Level 1:colcon.colcon_core.package_identification:_identify(src/rm_auto_aim/auto_aim_interfaces) by extensions ['colcon_meta']
[0.168s] Level 1:colcon.colcon_core.package_identification:_identify(src/rm_auto_aim/auto_aim_interfaces) by extension 'colcon_meta'
[0.168s] Level 1:colcon.colcon_core.package_identification:_identify(src/rm_auto_aim/auto_aim_interfaces) by extensions ['ros']
[0.168s] Level 1:colcon.colcon_core.package_identification:_identify(src/rm_auto_aim/auto_aim_interfaces) by extension 'ros'
[0.169s] DEBUG:colcon.colcon_core.package_identification:Package 'src/rm_auto_aim/auto_aim_interfaces' with type 'ros.ament_cmake' and name 'auto_aim_interfaces'
[0.169s] Level 1:colcon.colcon_core.package_identification:_identify(src/rm_gimbal_description) by extensions ['ignore', 'ignore_ament_install']
[0.169s] Level 1:colcon.colcon_core.package_identification:_identify(src/rm_gimbal_description) by extension 'ignore'
[0.169s] Level 1:colcon.colcon_core.package_identification:_identify(src/rm_gimbal_description) by extension 'ignore_ament_install'
[0.169s] Level 1:colcon.colcon_core.package_identification:_identify(src/rm_gimbal_description) by extensions ['colcon_pkg']
[0.169s] Level 1:colcon.colcon_core.package_identification:_identify(src/rm_gimbal_description) by extension 'colcon_pkg'
[0.169s] Level 1:colcon.colcon_core.package_identification:_identify(src/rm_gimbal_description) by extensions ['colcon_meta']
[0.169s] Level 1:colcon.colcon_core.package_identification:_identify(src/rm_gimbal_description) by extension 'colcon_meta'
[0.169s] Level 1:colcon.colcon_core.package_identification:_identify(src/rm_gimbal_description) by extensions ['ros']
[0.169s] Level 1:colcon.colcon_core.package_identification:_identify(src/rm_gimbal_description) by extension 'ros'
[0.170s] DEBUG:colcon.colcon_core.package_identification:Package 'src/rm_gimbal_description' with type 'ros.ament_cmake' and name 'rm_gimbal_description'
[0.170s] Level 1:colcon.colcon_core.package_identification:_identify(src/rm_serial_driver) by extensions ['ignore', 'ignore_ament_install']
[0.170s] Level 1:colcon.colcon_core.package_identification:_identify(src/rm_serial_driver) by extension 'ignore'
[0.170s] Level 1:colcon.colcon_core.package_identification:_identify(src/rm_serial_driver) by extension 'ignore_ament_install'
[0.170s] Level 1:colcon.colcon_core.package_identification:_identify(src/rm_serial_driver) by extensions ['colcon_pkg']
[0.170s] Level 1:colcon.colcon_core.package_identification:_identify(src/rm_serial_driver) by extension 'colcon_pkg'
[0.170s] Level 1:colcon.colcon_core.package_identification:_identify(src/rm_serial_driver) by extensions ['colcon_meta']
[0.170s] Level 1:colcon.colcon_core.package_identification:_identify(src/rm_serial_driver) by extension 'colcon_meta'
[0.170s] Level 1:colcon.colcon_core.package_identification:_identify(src/rm_serial_driver) by extensions ['ros']
[0.170s] Level 1:colcon.colcon_core.package_identification:_identify(src/rm_serial_driver) by extension 'ros'
[0.171s] DEBUG:colcon.colcon_core.package_identification:Package 'src/rm_serial_driver' with type 'ros.ament_cmake' and name 'rm_serial_driver'
[0.171s] Level 1:colcon.colcon_core.package_identification:_identify(src/rm_vision) by extensions ['ignore', 'ignore_ament_install']
[0.171s] Level 1:colcon.colcon_core.package_identification:_identify(src/rm_vision) by extension 'ignore'
[0.171s] Level 1:colcon.colcon_core.package_identification:_identify(src/rm_vision) by extension 'ignore_ament_install'
[0.171s] Level 1:colcon.colcon_core.package_identification:_identify(src/rm_vision) by extensions ['colcon_pkg']
[0.172s] Level 1:colcon.colcon_core.package_identification:_identify(src/rm_vision) by extension 'colcon_pkg'
[0.172s] Level 1:colcon.colcon_core.package_identification:_identify(src/rm_vision) by extensions ['colcon_meta']
[0.172s] Level 1:colcon.colcon_core.package_identification:_identify(src/rm_vision) by extension 'colcon_meta'
[0.172s] Level 1:colcon.colcon_core.package_identification:_identify(src/rm_vision) by extensions ['ros']
[0.172s] Level 1:colcon.colcon_core.package_identification:_identify(src/rm_vision) by extension 'ros'
[0.172s] Level 1:colcon.colcon_core.package_identification:_identify(src/rm_vision) by extensions ['cmake', 'python']
[0.172s] Level 1:colcon.colcon_core.package_identification:_identify(src/rm_vision) by extension 'cmake'
[0.172s] Level 1:colcon.colcon_core.package_identification:_identify(src/rm_vision) by extension 'python'
[0.172s] Level 1:colcon.colcon_core.package_identification:_identify(src/rm_vision) by extensions ['python_setup_py']
[0.172s] Level 1:colcon.colcon_core.package_identification:_identify(src/rm_vision) by extension 'python_setup_py'
[0.172s] Level 1:colcon.colcon_core.package_identification:_identify(src/rm_vision/rm_vision_bringup) by extensions ['ignore', 'ignore_ament_install']
[0.172s] Level 1:colcon.colcon_core.package_identification:_identify(src/rm_vision/rm_vision_bringup) by extension 'ignore'
[0.172s] Level 1:colcon.colcon_core.package_identification:_identify(src/rm_vision/rm_vision_bringup) by extension 'ignore_ament_install'
[0.172s] Level 1:colcon.colcon_core.package_identification:_identify(src/rm_vision/rm_vision_bringup) by extensions ['colcon_pkg']
[0.172s] Level 1:colcon.colcon_core.package_identification:_identify(src/rm_vision/rm_vision_bringup) by extension 'colcon_pkg'
[0.172s] Level 1:colcon.colcon_core.package_identification:_identify(src/rm_vision/rm_vision_bringup) by extensions ['colcon_meta']
[0.172s] Level 1:colcon.colcon_core.package_identification:_identify(src/rm_vision/rm_vision_bringup) by extension 'colcon_meta'
[0.172s] Level 1:colcon.colcon_core.package_identification:_identify(src/rm_vision/rm_vision_bringup) by extensions ['ros']
[0.172s] Level 1:colcon.colcon_core.package_identification:_identify(src/rm_vision/rm_vision_bringup) by extension 'ros'
[0.173s] DEBUG:colcon.colcon_core.package_identification:Package 'src/rm_vision/rm_vision_bringup' with type 'ros.ament_cmake' and name 'rm_vision_bringup'
[0.173s] Level 1:colcon.colcon_core.package_discovery:discover_packages(recursive) using defaults
[0.173s] Level 1:colcon.colcon_core.package_discovery:discover_packages(ignore) discover
[0.173s] Level 1:colcon.colcon_core.package_discovery:discover_packages(ignore) using defaults
[0.173s] Level 1:colcon.colcon_core.package_discovery:discover_packages(path) discover
[0.173s] Level 1:colcon.colcon_core.package_discovery:discover_packages(path) using defaults
[0.190s] Level 1:colcon.colcon_core.package_discovery:discover_packages(prefix_path) check parameters
[0.190s] Level 1:colcon.colcon_core.package_discovery:discover_packages(prefix_path) discover
[0.190s] Level 1:colcon.colcon_core.package_discovery:discover_packages(prefix_path) using defaults
[0.191s] Level 5:colcon.colcon_core.verb:set package 'auto_aim_interfaces' build argument 'cmake_args' from command line to 'None'
[0.191s] Level 5:colcon.colcon_core.verb:set package 'auto_aim_interfaces' build argument 'cmake_target' from command line to 'None'
[0.191s] Level 5:colcon.colcon_core.verb:set package 'auto_aim_interfaces' build argument 'cmake_target_skip_unavailable' from command line to 'False'
[0.191s] Level 5:colcon.colcon_core.verb:set package 'auto_aim_interfaces' build argument 'cmake_clean_cache' from command line to 'False'
[0.191s] Level 5:colcon.colcon_core.verb:set package 'auto_aim_interfaces' build argument 'cmake_clean_first' from command line to 'False'
[0.191s] Level 5:colcon.colcon_core.verb:set package 'auto_aim_interfaces' build argument 'cmake_force_configure' from command line to 'False'
[0.191s] Level 5:colcon.colcon_core.verb:set package 'auto_aim_interfaces' build argument 'ament_cmake_args' from command line to 'None'
[0.191s] Level 5:colcon.colcon_core.verb:set package 'auto_aim_interfaces' build argument 'catkin_cmake_args' from command line to 'None'
[0.191s] Level 5:colcon.colcon_core.verb:set package 'auto_aim_interfaces' build argument 'catkin_skip_building_tests' from command line to 'False'
[0.191s] DEBUG:colcon.colcon_core.verb:Building package 'auto_aim_interfaces' with the following arguments: {'ament_cmake_args': None, 'build_base': '/home/rm_autoaim/dev_ws/build/auto_aim_interfaces', 'catkin_cmake_args': None, 'catkin_skip_building_tests': False, 'cmake_args': None, 'cmake_clean_cache': False, 'cmake_clean_first': False, 'cmake_force_configure': False, 'cmake_target': None, 'cmake_target_skip_unavailable': False, 'install_base': '/home/rm_autoaim/dev_ws/install/auto_aim_interfaces', 'merge_install': False, 'path': '/home/rm_autoaim/dev_ws/src/rm_auto_aim/auto_aim_interfaces', 'symlink_install': False, 'test_result_base': None}
[0.192s] Level 5:colcon.colcon_core.verb:set package 'hik_camera' build argument 'cmake_args' from command line to 'None'
[0.192s] Level 5:colcon.colcon_core.verb:set package 'hik_camera' build argument 'cmake_target' from command line to 'None'
[0.192s] Level 5:colcon.colcon_core.verb:set package 'hik_camera' build argument 'cmake_target_skip_unavailable' from command line to 'False'
[0.192s] Level 5:colcon.colcon_core.verb:set package 'hik_camera' build argument 'cmake_clean_cache' from command line to 'False'
[0.192s] Level 5:colcon.colcon_core.verb:set package 'hik_camera' build argument 'cmake_clean_first' from command line to 'False'
[0.192s] Level 5:colcon.colcon_core.verb:set package 'hik_camera' build argument 'cmake_force_configure' from command line to 'False'
[0.192s] Level 5:colcon.colcon_core.verb:set package 'hik_camera' build argument 'ament_cmake_args' from command line to 'None'
[0.192s] Level 5:colcon.colcon_core.verb:set package 'hik_camera' build argument 'catkin_cmake_args' from command line to 'None'
[0.192s] Level 5:colcon.colcon_core.verb:set package 'hik_camera' build argument 'catkin_skip_building_tests' from command line to 'False'
[0.192s] DEBUG:colcon.colcon_core.verb:Building package 'hik_camera' with the following arguments: {'ament_cmake_args': None, 'build_base': '/home/rm_autoaim/dev_ws/build/hik_camera', 'catkin_cmake_args': None, 'catkin_skip_building_tests': False, 'cmake_args': None, 'cmake_clean_cache': False, 'cmake_clean_first': False, 'cmake_force_configure': False, 'cmake_target': None, 'cmake_target_skip_unavailable': False, 'install_base': '/home/rm_autoaim/dev_ws/install/hik_camera', 'merge_install': False, 'path': '/home/rm_autoaim/dev_ws/src/hik_camera', 'symlink_install': False, 'test_result_base': None}
[0.192s] Level 5:colcon.colcon_core.verb:set package 'rm_gimbal_description' build argument 'cmake_args' from command line to 'None'
[0.192s] Level 5:colcon.colcon_core.verb:set package 'rm_gimbal_description' build argument 'cmake_target' from command line to 'None'
[0.192s] Level 5:colcon.colcon_core.verb:set package 'rm_gimbal_description' build argument 'cmake_target_skip_unavailable' from command line to 'False'
[0.192s] Level 5:colcon.colcon_core.verb:set package 'rm_gimbal_description' build argument 'cmake_clean_cache' from command line to 'False'
[0.192s] Level 5:colcon.colcon_core.verb:set package 'rm_gimbal_description' build argument 'cmake_clean_first' from command line to 'False'
[0.192s] Level 5:colcon.colcon_core.verb:set package 'rm_gimbal_description' build argument 'cmake_force_configure' from command line to 'False'
[0.192s] Level 5:colcon.colcon_core.verb:set package 'rm_gimbal_description' build argument 'ament_cmake_args' from command line to 'None'
[0.193s] Level 5:colcon.colcon_core.verb:set package 'rm_gimbal_description' build argument 'catkin_cmake_args' from command line to 'None'
[0.193s] Level 5:colcon.colcon_core.verb:set package 'rm_gimbal_description' build argument 'catkin_skip_building_tests' from command line to 'False'
[0.193s] DEBUG:colcon.colcon_core.verb:Building package 'rm_gimbal_description' with the following arguments: {'ament_cmake_args': None, 'build_base': '/home/rm_autoaim/dev_ws/build/rm_gimbal_description', 'catkin_cmake_args': None, 'catkin_skip_building_tests': False, 'cmake_args': None, 'cmake_clean_cache': False, 'cmake_clean_first': False, 'cmake_force_configure': False, 'cmake_target': None, 'cmake_target_skip_unavailable': False, 'install_base': '/home/rm_autoaim/dev_ws/install/rm_gimbal_description', 'merge_install': False, 'path': '/home/rm_autoaim/dev_ws/src/rm_gimbal_description', 'symlink_install': False, 'test_result_base': None}
[0.193s] Level 5:colcon.colcon_core.verb:set package 'armor_detector' build argument 'cmake_args' from command line to 'None'
[0.193s] Level 5:colcon.colcon_core.verb:set package 'armor_detector' build argument 'cmake_target' from command line to 'None'
[0.193s] Level 5:colcon.colcon_core.verb:set package 'armor_detector' build argument 'cmake_target_skip_unavailable' from command line to 'False'
[0.193s] Level 5:colcon.colcon_core.verb:set package 'armor_detector' build argument 'cmake_clean_cache' from command line to 'False'
[0.193s] Level 5:colcon.colcon_core.verb:set package 'armor_detector' build argument 'cmake_clean_first' from command line to 'False'
[0.193s] Level 5:colcon.colcon_core.verb:set package 'armor_detector' build argument 'cmake_force_configure' from command line to 'False'
[0.193s] Level 5:colcon.colcon_core.verb:set package 'armor_detector' build argument 'ament_cmake_args' from command line to 'None'
[0.193s] Level 5:colcon.colcon_core.verb:set package 'armor_detector' build argument 'catkin_cmake_args' from command line to 'None'
[0.193s] Level 5:colcon.colcon_core.verb:set package 'armor_detector' build argument 'catkin_skip_building_tests' from command line to 'False'
[0.193s] DEBUG:colcon.colcon_core.verb:Building package 'armor_detector' with the following arguments: {'ament_cmake_args': None, 'build_base': '/home/rm_autoaim/dev_ws/build/armor_detector', 'catkin_cmake_args': None, 'catkin_skip_building_tests': False, 'cmake_args': None, 'cmake_clean_cache': False, 'cmake_clean_first': False, 'cmake_force_configure': False, 'cmake_target': None, 'cmake_target_skip_unavailable': False, 'install_base': '/home/rm_autoaim/dev_ws/install/armor_detector', 'merge_install': False, 'path': '/home/rm_autoaim/dev_ws/src/rm_auto_aim/armor_detector', 'symlink_install': False, 'test_result_base': None}
[0.193s] Level 5:colcon.colcon_core.verb:set package 'armor_tracker' build argument 'cmake_args' from command line to 'None'
[0.193s] Level 5:colcon.colcon_core.verb:set package 'armor_tracker' build argument 'cmake_target' from command line to 'None'
[0.193s] Level 5:colcon.colcon_core.verb:set package 'armor_tracker' build argument 'cmake_target_skip_unavailable' from command line to 'False'
[0.193s] Level 5:colcon.colcon_core.verb:set package 'armor_tracker' build argument 'cmake_clean_cache' from command line to 'False'
[0.194s] Level 5:colcon.colcon_core.verb:set package 'armor_tracker' build argument 'cmake_clean_first' from command line to 'False'
[0.194s] Level 5:colcon.colcon_core.verb:set package 'armor_tracker' build argument 'cmake_force_configure' from command line to 'False'
[0.194s] Level 5:colcon.colcon_core.verb:set package 'armor_tracker' build argument 'ament_cmake_args' from command line to 'None'
[0.194s] Level 5:colcon.colcon_core.verb:set package 'armor_tracker' build argument 'catkin_cmake_args' from command line to 'None'
[0.194s] Level 5:colcon.colcon_core.verb:set package 'armor_tracker' build argument 'catkin_skip_building_tests' from command line to 'False'
[0.194s] DEBUG:colcon.colcon_core.verb:Building package 'armor_tracker' with the following arguments: {'ament_cmake_args': None, 'build_base': '/home/rm_autoaim/dev_ws/build/armor_tracker', 'catkin_cmake_args': None, 'catkin_skip_building_tests': False, 'cmake_args': None, 'cmake_clean_cache': False, 'cmake_clean_first': False, 'cmake_force_configure': False, 'cmake_target': None, 'cmake_target_skip_unavailable': False, 'install_base': '/home/rm_autoaim/dev_ws/install/armor_tracker', 'merge_install': False, 'path': '/home/rm_autoaim/dev_ws/src/rm_auto_aim/armor_tracker', 'symlink_install': False, 'test_result_base': None}
[0.194s] Level 5:colcon.colcon_core.verb:set package 'rm_serial_driver' build argument 'cmake_args' from command line to 'None'
[0.194s] Level 5:colcon.colcon_core.verb:set package 'rm_serial_driver' build argument 'cmake_target' from command line to 'None'
[0.194s] Level 5:colcon.colcon_core.verb:set package 'rm_serial_driver' build argument 'cmake_target_skip_unavailable' from command line to 'False'
[0.194s] Level 5:colcon.colcon_core.verb:set package 'rm_serial_driver' build argument 'cmake_clean_cache' from command line to 'False'
[0.194s] Level 5:colcon.colcon_core.verb:set package 'rm_serial_driver' build argument 'cmake_clean_first' from command line to 'False'
[0.194s] Level 5:colcon.colcon_core.verb:set package 'rm_serial_driver' build argument 'cmake_force_configure' from command line to 'False'
[0.194s] Level 5:colcon.colcon_core.verb:set package 'rm_serial_driver' build argument 'ament_cmake_args' from command line to 'None'
[0.194s] Level 5:colcon.colcon_core.verb:set package 'rm_serial_driver' build argument 'catkin_cmake_args' from command line to 'None'
[0.194s] Level 5:colcon.colcon_core.verb:set package 'rm_serial_driver' build argument 'catkin_skip_building_tests' from command line to 'False'
[0.194s] DEBUG:colcon.colcon_core.verb:Building package 'rm_serial_driver' with the following arguments: {'ament_cmake_args': None, 'build_base': '/home/rm_autoaim/dev_ws/build/rm_serial_driver', 'catkin_cmake_args': None, 'catkin_skip_building_tests': False, 'cmake_args': None, 'cmake_clean_cache': False, 'cmake_clean_first': False, 'cmake_force_configure': False, 'cmake_target': None, 'cmake_target_skip_unavailable': False, 'install_base': '/home/rm_autoaim/dev_ws/install/rm_serial_driver', 'merge_install': False, 'path': '/home/rm_autoaim/dev_ws/src/rm_serial_driver', 'symlink_install': False, 'test_result_base': None}
[0.195s] Level 5:colcon.colcon_core.verb:set package 'rm_vision_bringup' build argument 'cmake_args' from command line to 'None'
[0.195s] Level 5:colcon.colcon_core.verb:set package 'rm_vision_bringup' build argument 'cmake_target' from command line to 'None'
[0.195s] Level 5:colcon.colcon_core.verb:set package 'rm_vision_bringup' build argument 'cmake_target_skip_unavailable' from command line to 'False'
[0.195s] Level 5:colcon.colcon_core.verb:set package 'rm_vision_bringup' build argument 'cmake_clean_cache' from command line to 'False'
[0.195s] Level 5:colcon.colcon_core.verb:set package 'rm_vision_bringup' build argument 'cmake_clean_first' from command line to 'False'
[0.195s] Level 5:colcon.colcon_core.verb:set package 'rm_vision_bringup' build argument 'cmake_force_configure' from command line to 'False'
[0.195s] Level 5:colcon.colcon_core.verb:set package 'rm_vision_bringup' build argument 'ament_cmake_args' from command line to 'None'
[0.195s] Level 5:colcon.colcon_core.verb:set package 'rm_vision_bringup' build argument 'catkin_cmake_args' from command line to 'None'
[0.195s] Level 5:colcon.colcon_core.verb:set package 'rm_vision_bringup' build argument 'catkin_skip_building_tests' from command line to 'False'
[0.195s] DEBUG:colcon.colcon_core.verb:Building package 'rm_vision_bringup' with the following arguments: {'ament_cmake_args': None, 'build_base': '/home/rm_autoaim/dev_ws/build/rm_vision_bringup', 'catkin_cmake_args': None, 'catkin_skip_building_tests': False, 'cmake_args': None, 'cmake_clean_cache': False, 'cmake_clean_first': False, 'cmake_force_configure': False, 'cmake_target': None, 'cmake_target_skip_unavailable': False, 'install_base': '/home/rm_autoaim/dev_ws/install/rm_vision_bringup', 'merge_install': False, 'path': '/home/rm_autoaim/dev_ws/src/rm_vision/rm_vision_bringup', 'symlink_install': False, 'test_result_base': None}
[0.195s] INFO:colcon.colcon_core.executor:Executing jobs using 'parallel' executor
[0.196s] DEBUG:colcon.colcon_parallel_executor.executor.parallel:run_until_complete
[0.196s] INFO:colcon.colcon_ros.task.ament_cmake.build:Building ROS package in '/home/rm_autoaim/dev_ws/src/rm_auto_aim/auto_aim_interfaces' with build type 'ament_cmake'
[0.197s] INFO:colcon.colcon_cmake.task.cmake.build:Building CMake package in '/home/rm_autoaim/dev_ws/src/rm_auto_aim/auto_aim_interfaces'
[0.198s] INFO:colcon.colcon_core.plugin_system:Skipping extension 'colcon_core.shell.bat': Not used on non-Windows systems
[0.198s] INFO:colcon.colcon_core.shell:Skip shell extension 'powershell' for command environment: Not usable outside of PowerShell
[0.198s] DEBUG:colcon.colcon_core.shell:Skip shell extension 'dsv' for command environment
[0.199s] INFO:colcon.colcon_ros.task.ament_cmake.build:Building ROS package in '/home/rm_autoaim/dev_ws/src/hik_camera' with build type 'ament_cmake'
[0.199s] INFO:colcon.colcon_cmake.task.cmake.build:Building CMake package in '/home/rm_autoaim/dev_ws/src/hik_camera'
[0.200s] INFO:colcon.colcon_core.shell:Skip shell extension 'powershell' for command environment: Not usable outside of PowerShell
[0.200s] DEBUG:colcon.colcon_core.shell:Skip shell extension 'dsv' for command environment
[0.200s] INFO:colcon.colcon_ros.task.ament_cmake.build:Building ROS package in '/home/rm_autoaim/dev_ws/src/rm_gimbal_description' with build type 'ament_cmake'
[0.201s] INFO:colcon.colcon_cmake.task.cmake.build:Building CMake package in '/home/rm_autoaim/dev_ws/src/rm_gimbal_description'
[0.201s] INFO:colcon.colcon_core.shell:Skip shell extension 'powershell' for command environment: Not usable outside of PowerShell
[0.201s] DEBUG:colcon.colcon_core.shell:Skip shell extension 'dsv' for command environment
[0.206s] DEBUG:colcon.colcon_core.event_handler.log_command:Invoking command in '/home/rm_autoaim/dev_ws/build/auto_aim_interfaces': /usr/bin/cmake --build /home/rm_autoaim/dev_ws/build/auto_aim_interfaces -- -j8 -l8
[0.209s] DEBUG:colcon.colcon_core.event_handler.log_command:Invoking command in '/home/rm_autoaim/dev_ws/build/hik_camera': /usr/bin/cmake --build /home/rm_autoaim/dev_ws/build/hik_camera -- -j8 -l8
[0.211s] DEBUG:colcon.colcon_core.event_handler.log_command:Invoking command in '/home/rm_autoaim/dev_ws/build/rm_gimbal_description': /usr/bin/cmake --build /home/rm_autoaim/dev_ws/build/rm_gimbal_description -- -j8 -l8
[0.240s] DEBUG:colcon.colcon_core.event_handler.log_command:Invoked command in '/home/rm_autoaim/dev_ws/build/rm_gimbal_description' returned '0': /usr/bin/cmake --build /home/rm_autoaim/dev_ws/build/rm_gimbal_description -- -j8 -l8
[0.249s] DEBUG:colcon.colcon_core.event_handler.log_command:Invoking command in '/home/rm_autoaim/dev_ws/build/rm_gimbal_description': /usr/bin/cmake --install /home/rm_autoaim/dev_ws/build/rm_gimbal_description
[0.267s] DEBUG:colcon.colcon_core.event_handler.log_command:Invoked command in '/home/rm_autoaim/dev_ws/build/hik_camera' returned '0': /usr/bin/cmake --build /home/rm_autoaim/dev_ws/build/hik_camera -- -j8 -l8
[0.268s] DEBUG:colcon.colcon_core.event_handler.log_command:Invoking command in '/home/rm_autoaim/dev_ws/build/hik_camera': /usr/bin/cmake --install /home/rm_autoaim/dev_ws/build/hik_camera
[0.270s] Level 1:colcon.colcon_core.environment:create_environment_scripts_only(rm_gimbal_description)
[0.273s] Level 1:colcon.colcon_core.environment:checking '/home/rm_autoaim/dev_ws/install/rm_gimbal_description' for CMake module files
[0.273s] DEBUG:colcon.colcon_core.event_handler.log_command:Invoked command in '/home/rm_autoaim/dev_ws/build/rm_gimbal_description' returned '0': /usr/bin/cmake --install /home/rm_autoaim/dev_ws/build/rm_gimbal_description
[0.276s] Level 1:colcon.colcon_core.environment:checking '/home/rm_autoaim/dev_ws/install/rm_gimbal_description' for CMake config files
[0.276s] Level 1:colcon.colcon_core.shell:create_environment_hook('rm_gimbal_description', 'cmake_prefix_path')
[0.277s] INFO:colcon.colcon_core.shell:Creating environment hook '/home/rm_autoaim/dev_ws/install/rm_gimbal_description/share/rm_gimbal_description/hook/cmake_prefix_path.ps1'
[0.278s] INFO:colcon.colcon_core.shell:Creating environment descriptor '/home/rm_autoaim/dev_ws/install/rm_gimbal_description/share/rm_gimbal_description/hook/cmake_prefix_path.dsv'
[0.278s] INFO:colcon.colcon_core.shell:Creating environment hook '/home/rm_autoaim/dev_ws/install/rm_gimbal_description/share/rm_gimbal_description/hook/cmake_prefix_path.sh'
[0.281s] Level 1:colcon.colcon_core.environment:checking '/home/rm_autoaim/dev_ws/install/rm_gimbal_description/bin'
[0.281s] Level 1:colcon.colcon_core.environment:checking '/home/rm_autoaim/dev_ws/install/rm_gimbal_description/lib/pkgconfig/rm_gimbal_description.pc'
[0.283s] Level 1:colcon.colcon_core.environment:checking '/home/rm_autoaim/dev_ws/install/rm_gimbal_description/lib/python3.10/site-packages'
[0.283s] Level 1:colcon.colcon_core.environment:checking '/home/rm_autoaim/dev_ws/install/rm_gimbal_description/bin'
[0.284s] INFO:colcon.colcon_core.shell:Creating package script '/home/rm_autoaim/dev_ws/install/rm_gimbal_description/share/rm_gimbal_description/package.ps1'
[0.285s] INFO:colcon.colcon_core.shell:Creating package descriptor '/home/rm_autoaim/dev_ws/install/rm_gimbal_description/share/rm_gimbal_description/package.dsv'
[0.286s] INFO:colcon.colcon_core.shell:Creating package script '/home/rm_autoaim/dev_ws/install/rm_gimbal_description/share/rm_gimbal_description/package.sh'
[0.287s] INFO:colcon.colcon_core.shell:Creating package script '/home/rm_autoaim/dev_ws/install/rm_gimbal_description/share/rm_gimbal_description/package.bash'
[0.287s] INFO:colcon.colcon_core.shell:Creating package script '/home/rm_autoaim/dev_ws/install/rm_gimbal_description/share/rm_gimbal_description/package.zsh'
[0.288s] Level 1:colcon.colcon_core.environment:create_file_with_runtime_dependencies(/home/rm_autoaim/dev_ws/install/rm_gimbal_description/share/colcon-core/packages/rm_gimbal_description)
[0.289s] Level 1:colcon.colcon_core.environment:create_environment_scripts_only(rm_gimbal_description)
[0.289s] Level 1:colcon.colcon_core.environment:checking '/home/rm_autoaim/dev_ws/install/rm_gimbal_description' for CMake module files
[0.289s] Level 1:colcon.colcon_core.environment:checking '/home/rm_autoaim/dev_ws/install/rm_gimbal_description' for CMake config files
[0.289s] Level 1:colcon.colcon_core.shell:create_environment_hook('rm_gimbal_description', 'cmake_prefix_path')
[0.289s] INFO:colcon.colcon_core.shell:Creating environment hook '/home/rm_autoaim/dev_ws/install/rm_gimbal_description/share/rm_gimbal_description/hook/cmake_prefix_path.ps1'
[0.290s] INFO:colcon.colcon_core.shell:Creating environment descriptor '/home/rm_autoaim/dev_ws/install/rm_gimbal_description/share/rm_gimbal_description/hook/cmake_prefix_path.dsv'
[0.290s] INFO:colcon.colcon_core.shell:Creating environment hook '/home/rm_autoaim/dev_ws/install/rm_gimbal_description/share/rm_gimbal_description/hook/cmake_prefix_path.sh'
[0.290s] Level 1:colcon.colcon_core.environment:checking '/home/rm_autoaim/dev_ws/install/rm_gimbal_description/bin'
[0.290s] Level 1:colcon.colcon_core.environment:checking '/home/rm_autoaim/dev_ws/install/rm_gimbal_description/lib/pkgconfig/rm_gimbal_description.pc'
[0.291s] Level 1:colcon.colcon_core.environment:checking '/home/rm_autoaim/dev_ws/install/rm_gimbal_description/lib/python3.10/site-packages'
[0.291s] Level 1:colcon.colcon_core.environment:checking '/home/rm_autoaim/dev_ws/install/rm_gimbal_description/bin'
[0.291s] INFO:colcon.colcon_core.shell:Creating package script '/home/rm_autoaim/dev_ws/install/rm_gimbal_description/share/rm_gimbal_description/package.ps1'
[0.292s] INFO:colcon.colcon_core.shell:Creating package descriptor '/home/rm_autoaim/dev_ws/install/rm_gimbal_description/share/rm_gimbal_description/package.dsv'
[0.292s] INFO:colcon.colcon_core.shell:Creating package script '/home/rm_autoaim/dev_ws/install/rm_gimbal_description/share/rm_gimbal_description/package.sh'
[0.292s] INFO:colcon.colcon_core.shell:Creating package script '/home/rm_autoaim/dev_ws/install/rm_gimbal_description/share/rm_gimbal_description/package.bash'
[0.293s] INFO:colcon.colcon_core.shell:Creating package script '/home/rm_autoaim/dev_ws/install/rm_gimbal_description/share/rm_gimbal_description/package.zsh'
[0.293s] Level 1:colcon.colcon_core.environment:create_file_with_runtime_dependencies(/home/rm_autoaim/dev_ws/install/rm_gimbal_description/share/colcon-core/packages/rm_gimbal_description)
[0.294s] Level 1:colcon.colcon_core.environment:create_environment_scripts_only(hik_camera)
[0.294s] Level 1:colcon.colcon_core.environment:checking '/home/rm_autoaim/dev_ws/install/hik_camera' for CMake module files
[0.295s] DEBUG:colcon.colcon_core.event_handler.log_command:Invoked command in '/home/rm_autoaim/dev_ws/build/hik_camera' returned '0': /usr/bin/cmake --install /home/rm_autoaim/dev_ws/build/hik_camera
[0.295s] Level 1:colcon.colcon_core.environment:checking '/home/rm_autoaim/dev_ws/install/hik_camera' for CMake config files
[0.296s] Level 1:colcon.colcon_core.shell:create_environment_hook('hik_camera', 'cmake_prefix_path')
[0.296s] INFO:colcon.colcon_core.shell:Creating environment hook '/home/rm_autoaim/dev_ws/install/hik_camera/share/hik_camera/hook/cmake_prefix_path.ps1'
[0.297s] INFO:colcon.colcon_core.shell:Creating environment descriptor '/home/rm_autoaim/dev_ws/install/hik_camera/share/hik_camera/hook/cmake_prefix_path.dsv'
[0.297s] INFO:colcon.colcon_core.shell:Creating environment hook '/home/rm_autoaim/dev_ws/install/hik_camera/share/hik_camera/hook/cmake_prefix_path.sh'
[0.298s] Level 1:colcon.colcon_core.environment:checking '/home/rm_autoaim/dev_ws/install/hik_camera/lib'
[0.298s] Level 1:colcon.colcon_core.shell:create_environment_hook('hik_camera', 'ld_library_path_lib')
[0.298s] INFO:colcon.colcon_core.shell:Creating environment hook '/home/rm_autoaim/dev_ws/install/hik_camera/share/hik_camera/hook/ld_library_path_lib.ps1'
[0.299s] INFO:colcon.colcon_core.shell:Creating environment descriptor '/home/rm_autoaim/dev_ws/install/hik_camera/share/hik_camera/hook/ld_library_path_lib.dsv'
[0.299s] INFO:colcon.colcon_core.shell:Creating environment hook '/home/rm_autoaim/dev_ws/install/hik_camera/share/hik_camera/hook/ld_library_path_lib.sh'
[0.300s] Level 1:colcon.colcon_core.environment:checking '/home/rm_autoaim/dev_ws/install/hik_camera/bin'
[0.300s] Level 1:colcon.colcon_core.environment:checking '/home/rm_autoaim/dev_ws/install/hik_camera/lib/pkgconfig/hik_camera.pc'
[0.300s] Level 1:colcon.colcon_core.environment:checking '/home/rm_autoaim/dev_ws/install/hik_camera/lib/python3.10/site-packages'
[0.300s] Level 1:colcon.colcon_core.environment:checking '/home/rm_autoaim/dev_ws/install/hik_camera/bin'
[0.300s] INFO:colcon.colcon_core.shell:Creating package script '/home/rm_autoaim/dev_ws/install/hik_camera/share/hik_camera/package.ps1'
[0.301s] INFO:colcon.colcon_core.shell:Creating package descriptor '/home/rm_autoaim/dev_ws/install/hik_camera/share/hik_camera/package.dsv'
[0.302s] INFO:colcon.colcon_core.shell:Creating package script '/home/rm_autoaim/dev_ws/install/hik_camera/share/hik_camera/package.sh'
[0.302s] INFO:colcon.colcon_core.shell:Creating package script '/home/rm_autoaim/dev_ws/install/hik_camera/share/hik_camera/package.bash'
[0.303s] INFO:colcon.colcon_core.shell:Creating package script '/home/rm_autoaim/dev_ws/install/hik_camera/share/hik_camera/package.zsh'
[0.303s] Level 1:colcon.colcon_core.environment:create_file_with_runtime_dependencies(/home/rm_autoaim/dev_ws/install/hik_camera/share/colcon-core/packages/hik_camera)
[0.303s] Level 1:colcon.colcon_core.environment:create_environment_scripts_only(hik_camera)
[0.304s] Level 1:colcon.colcon_core.environment:checking '/home/rm_autoaim/dev_ws/install/hik_camera' for CMake module files
[0.304s] Level 1:colcon.colcon_core.environment:checking '/home/rm_autoaim/dev_ws/install/hik_camera' for CMake config files
[0.304s] Level 1:colcon.colcon_core.shell:create_environment_hook('hik_camera', 'cmake_prefix_path')
[0.305s] INFO:colcon.colcon_core.shell:Creating environment hook '/home/rm_autoaim/dev_ws/install/hik_camera/share/hik_camera/hook/cmake_prefix_path.ps1'
[0.305s] INFO:colcon.colcon_core.shell:Creating environment descriptor '/home/rm_autoaim/dev_ws/install/hik_camera/share/hik_camera/hook/cmake_prefix_path.dsv'
[0.307s] INFO:colcon.colcon_core.shell:Creating environment hook '/home/rm_autoaim/dev_ws/install/hik_camera/share/hik_camera/hook/cmake_prefix_path.sh'
[0.308s] Level 1:colcon.colcon_core.environment:checking '/home/rm_autoaim/dev_ws/install/hik_camera/lib'
[0.308s] Level 1:colcon.colcon_core.shell:create_environment_hook('hik_camera', 'ld_library_path_lib')
[0.308s] INFO:colcon.colcon_core.shell:Creating environment hook '/home/rm_autoaim/dev_ws/install/hik_camera/share/hik_camera/hook/ld_library_path_lib.ps1'
[0.308s] INFO:colcon.colcon_core.shell:Creating environment descriptor '/home/rm_autoaim/dev_ws/install/hik_camera/share/hik_camera/hook/ld_library_path_lib.dsv'
[0.309s] INFO:colcon.colcon_core.shell:Creating environment hook '/home/rm_autoaim/dev_ws/install/hik_camera/share/hik_camera/hook/ld_library_path_lib.sh'
[0.309s] Level 1:colcon.colcon_core.environment:checking '/home/rm_autoaim/dev_ws/install/hik_camera/bin'
[0.309s] Level 1:colcon.colcon_core.environment:checking '/home/rm_autoaim/dev_ws/install/hik_camera/lib/pkgconfig/hik_camera.pc'
[0.310s] Level 1:colcon.colcon_core.environment:checking '/home/rm_autoaim/dev_ws/install/hik_camera/lib/python3.10/site-packages'
[0.310s] Level 1:colcon.colcon_core.environment:checking '/home/rm_autoaim/dev_ws/install/hik_camera/bin'
[0.310s] INFO:colcon.colcon_core.shell:Creating package script '/home/rm_autoaim/dev_ws/install/hik_camera/share/hik_camera/package.ps1'
[0.311s] INFO:colcon.colcon_core.shell:Creating package descriptor '/home/rm_autoaim/dev_ws/install/hik_camera/share/hik_camera/package.dsv'
[0.311s] INFO:colcon.colcon_core.shell:Creating package script '/home/rm_autoaim/dev_ws/install/hik_camera/share/hik_camera/package.sh'
[0.312s] INFO:colcon.colcon_core.shell:Creating package script '/home/rm_autoaim/dev_ws/install/hik_camera/share/hik_camera/package.bash'
[0.312s] INFO:colcon.colcon_core.shell:Creating package script '/home/rm_autoaim/dev_ws/install/hik_camera/share/hik_camera/package.zsh'
[0.313s] Level 1:colcon.colcon_core.environment:create_file_with_runtime_dependencies(/home/rm_autoaim/dev_ws/install/hik_camera/share/colcon-core/packages/hik_camera)
[0.466s] DEBUG:colcon.colcon_core.event_handler.log_command:Invoked command in '/home/rm_autoaim/dev_ws/build/auto_aim_interfaces' returned '0': /usr/bin/cmake --build /home/rm_autoaim/dev_ws/build/auto_aim_interfaces -- -j8 -l8
[0.467s] DEBUG:colcon.colcon_core.event_handler.log_command:Invoking command in '/home/rm_autoaim/dev_ws/build/auto_aim_interfaces': /usr/bin/cmake --install /home/rm_autoaim/dev_ws/build/auto_aim_interfaces
[0.511s] Level 1:colcon.colcon_core.environment:create_environment_scripts_only(auto_aim_interfaces)
[0.511s] Level 1:colcon.colcon_core.environment:checking '/home/rm_autoaim/dev_ws/install/auto_aim_interfaces' for CMake module files
[0.511s] DEBUG:colcon.colcon_core.event_handler.log_command:Invoked command in '/home/rm_autoaim/dev_ws/build/auto_aim_interfaces' returned '0': /usr/bin/cmake --install /home/rm_autoaim/dev_ws/build/auto_aim_interfaces
[0.511s] Level 1:colcon.colcon_core.environment:checking '/home/rm_autoaim/dev_ws/install/auto_aim_interfaces' for CMake config files
[0.512s] Level 1:colcon.colcon_core.shell:create_environment_hook('auto_aim_interfaces', 'cmake_prefix_path')
[0.512s] INFO:colcon.colcon_core.shell:Creating environment hook '/home/rm_autoaim/dev_ws/install/auto_aim_interfaces/share/auto_aim_interfaces/hook/cmake_prefix_path.ps1'
[0.512s] INFO:colcon.colcon_core.shell:Creating environment descriptor '/home/rm_autoaim/dev_ws/install/auto_aim_interfaces/share/auto_aim_interfaces/hook/cmake_prefix_path.dsv'
[0.512s] INFO:colcon.colcon_core.shell:Creating environment hook '/home/rm_autoaim/dev_ws/install/auto_aim_interfaces/share/auto_aim_interfaces/hook/cmake_prefix_path.sh'
[0.513s] Level 1:colcon.colcon_core.environment:checking '/home/rm_autoaim/dev_ws/install/auto_aim_interfaces/lib'
[0.513s] Level 1:colcon.colcon_core.shell:create_environment_hook('auto_aim_interfaces', 'ld_library_path_lib')
[0.513s] INFO:colcon.colcon_core.shell:Creating environment hook '/home/rm_autoaim/dev_ws/install/auto_aim_interfaces/share/auto_aim_interfaces/hook/ld_library_path_lib.ps1'
[0.514s] INFO:colcon.colcon_core.shell:Creating environment descriptor '/home/rm_autoaim/dev_ws/install/auto_aim_interfaces/share/auto_aim_interfaces/hook/ld_library_path_lib.dsv'
[0.514s] INFO:colcon.colcon_core.shell:Creating environment hook '/home/rm_autoaim/dev_ws/install/auto_aim_interfaces/share/auto_aim_interfaces/hook/ld_library_path_lib.sh'
[0.514s] Level 1:colcon.colcon_core.environment:checking '/home/rm_autoaim/dev_ws/install/auto_aim_interfaces/bin'
[0.514s] Level 1:colcon.colcon_core.environment:checking '/home/rm_autoaim/dev_ws/install/auto_aim_interfaces/lib/pkgconfig/auto_aim_interfaces.pc'
[0.515s] Level 1:colcon.colcon_core.environment:checking '/home/rm_autoaim/dev_ws/install/auto_aim_interfaces/lib/python3.10/site-packages'
[0.515s] Level 1:colcon.colcon_core.environment:checking '/home/rm_autoaim/dev_ws/install/auto_aim_interfaces/bin'
[0.515s] INFO:colcon.colcon_core.shell:Creating package script '/home/rm_autoaim/dev_ws/install/auto_aim_interfaces/share/auto_aim_interfaces/package.ps1'
[0.515s] INFO:colcon.colcon_core.shell:Creating package descriptor '/home/rm_autoaim/dev_ws/install/auto_aim_interfaces/share/auto_aim_interfaces/package.dsv'
[0.516s] INFO:colcon.colcon_core.shell:Creating package script '/home/rm_autoaim/dev_ws/install/auto_aim_interfaces/share/auto_aim_interfaces/package.sh'
[0.516s] INFO:colcon.colcon_core.shell:Creating package script '/home/rm_autoaim/dev_ws/install/auto_aim_interfaces/share/auto_aim_interfaces/package.bash'
[0.516s] INFO:colcon.colcon_core.shell:Creating package script '/home/rm_autoaim/dev_ws/install/auto_aim_interfaces/share/auto_aim_interfaces/package.zsh'
[0.516s] Level 1:colcon.colcon_core.environment:create_file_with_runtime_dependencies(/home/rm_autoaim/dev_ws/install/auto_aim_interfaces/share/colcon-core/packages/auto_aim_interfaces)
[0.517s] Level 1:colcon.colcon_core.environment:create_environment_scripts_only(auto_aim_interfaces)
[0.517s] Level 1:colcon.colcon_core.environment:checking '/home/rm_autoaim/dev_ws/install/auto_aim_interfaces' for CMake module files
[0.517s] Level 1:colcon.colcon_core.environment:checking '/home/rm_autoaim/dev_ws/install/auto_aim_interfaces' for CMake config files
[0.517s] Level 1:colcon.colcon_core.shell:create_environment_hook('auto_aim_interfaces', 'cmake_prefix_path')
[0.518s] INFO:colcon.colcon_core.shell:Creating environment hook '/home/rm_autoaim/dev_ws/install/auto_aim_interfaces/share/auto_aim_interfaces/hook/cmake_prefix_path.ps1'
[0.518s] INFO:colcon.colcon_core.shell:Creating environment descriptor '/home/rm_autoaim/dev_ws/install/auto_aim_interfaces/share/auto_aim_interfaces/hook/cmake_prefix_path.dsv'
[0.518s] INFO:colcon.colcon_core.shell:Creating environment hook '/home/rm_autoaim/dev_ws/install/auto_aim_interfaces/share/auto_aim_interfaces/hook/cmake_prefix_path.sh'
[0.519s] Level 1:colcon.colcon_core.environment:checking '/home/rm_autoaim/dev_ws/install/auto_aim_interfaces/lib'
[0.519s] Level 1:colcon.colcon_core.shell:create_environment_hook('auto_aim_interfaces', 'ld_library_path_lib')
[0.519s] INFO:colcon.colcon_core.shell:Creating environment hook '/home/rm_autoaim/dev_ws/install/auto_aim_interfaces/share/auto_aim_interfaces/hook/ld_library_path_lib.ps1'
[0.519s] INFO:colcon.colcon_core.shell:Creating environment descriptor '/home/rm_autoaim/dev_ws/install/auto_aim_interfaces/share/auto_aim_interfaces/hook/ld_library_path_lib.dsv'
[0.519s] INFO:colcon.colcon_core.shell:Creating environment hook '/home/rm_autoaim/dev_ws/install/auto_aim_interfaces/share/auto_aim_interfaces/hook/ld_library_path_lib.sh'
[0.520s] Level 1:colcon.colcon_core.environment:checking '/home/rm_autoaim/dev_ws/install/auto_aim_interfaces/bin'
[0.520s] Level 1:colcon.colcon_core.environment:checking '/home/rm_autoaim/dev_ws/install/auto_aim_interfaces/lib/pkgconfig/auto_aim_interfaces.pc'
[0.520s] Level 1:colcon.colcon_core.environment:checking '/home/rm_autoaim/dev_ws/install/auto_aim_interfaces/lib/python3.10/site-packages'
[0.520s] Level 1:colcon.colcon_core.environment:checking '/home/rm_autoaim/dev_ws/install/auto_aim_interfaces/bin'
[0.520s] INFO:colcon.colcon_core.shell:Creating package script '/home/rm_autoaim/dev_ws/install/auto_aim_interfaces/share/auto_aim_interfaces/package.ps1'
[0.520s] INFO:colcon.colcon_core.shell:Creating package descriptor '/home/rm_autoaim/dev_ws/install/auto_aim_interfaces/share/auto_aim_interfaces/package.dsv'
[0.521s] INFO:colcon.colcon_core.shell:Creating package script '/home/rm_autoaim/dev_ws/install/auto_aim_interfaces/share/auto_aim_interfaces/package.sh'
[0.521s] INFO:colcon.colcon_core.shell:Creating package script '/home/rm_autoaim/dev_ws/install/auto_aim_interfaces/share/auto_aim_interfaces/package.bash'
[0.521s] INFO:colcon.colcon_core.shell:Creating package script '/home/rm_autoaim/dev_ws/install/auto_aim_interfaces/share/auto_aim_interfaces/package.zsh'
[0.522s] Level 1:colcon.colcon_core.environment:create_file_with_runtime_dependencies(/home/rm_autoaim/dev_ws/install/auto_aim_interfaces/share/colcon-core/packages/auto_aim_interfaces)
[0.522s] INFO:colcon.colcon_ros.task.ament_cmake.build:Building ROS package in '/home/rm_autoaim/dev_ws/src/rm_serial_driver' with build type 'ament_cmake'
[0.522s] INFO:colcon.colcon_cmake.task.cmake.build:Building CMake package in '/home/rm_autoaim/dev_ws/src/rm_serial_driver'
[0.522s] INFO:colcon.colcon_core.shell:Skip shell extension 'powershell' for command environment: Not usable outside of PowerShell
[0.522s] DEBUG:colcon.colcon_core.shell:Skip shell extension 'dsv' for command environment
[0.524s] INFO:colcon.colcon_ros.task.ament_cmake.build:Building ROS package in '/home/rm_autoaim/dev_ws/src/rm_auto_aim/armor_detector' with build type 'ament_cmake'
[0.524s] INFO:colcon.colcon_cmake.task.cmake.build:Building CMake package in '/home/rm_autoaim/dev_ws/src/rm_auto_aim/armor_detector'
[0.524s] INFO:colcon.colcon_core.shell:Skip shell extension 'powershell' for command environment: Not usable outside of PowerShell
[0.525s] DEBUG:colcon.colcon_core.shell:Skip shell extension 'dsv' for command environment
[0.526s] INFO:colcon.colcon_ros.task.ament_cmake.build:Building ROS package in '/home/rm_autoaim/dev_ws/src/rm_auto_aim/armor_tracker' with build type 'ament_cmake'
[0.526s] INFO:colcon.colcon_cmake.task.cmake.build:Building CMake package in '/home/rm_autoaim/dev_ws/src/rm_auto_aim/armor_tracker'
[0.526s] INFO:colcon.colcon_core.shell:Skip shell extension 'powershell' for command environment: Not usable outside of PowerShell
[0.526s] DEBUG:colcon.colcon_core.shell:Skip shell extension 'dsv' for command environment
[0.532s] DEBUG:colcon.colcon_core.event_handler.log_command:Invoking command in '/home/rm_autoaim/dev_ws/build/rm_serial_driver': AMENT_PREFIX_PATH=/home/rm_autoaim/dev_ws/install/auto_aim_interfaces CMAKE_PREFIX_PATH=/home/rm_autoaim/dev_ws/install/auto_aim_interfaces LD_LIBRARY_PATH=/home/rm_autoaim/dev_ws/install/auto_aim_interfaces/lib PYTHONPATH=/home/rm_autoaim/dev_ws/install/auto_aim_interfaces/local/lib/python3.10/dist-packages /usr/bin/cmake --build /home/rm_autoaim/dev_ws/build/rm_serial_driver -- -j8 -l8
[0.535s] DEBUG:colcon.colcon_core.event_handler.log_command:Invoking command in '/home/rm_autoaim/dev_ws/build/armor_detector': AMENT_PREFIX_PATH=/home/rm_autoaim/dev_ws/install/auto_aim_interfaces CMAKE_PREFIX_PATH=/home/rm_autoaim/dev_ws/install/auto_aim_interfaces LD_LIBRARY_PATH=/home/rm_autoaim/dev_ws/install/auto_aim_interfaces/lib PYTHONPATH=/home/rm_autoaim/dev_ws/install/auto_aim_interfaces/local/lib/python3.10/dist-packages /usr/bin/cmake --build /home/rm_autoaim/dev_ws/build/armor_detector -- -j8 -l8
[0.539s] DEBUG:colcon.colcon_core.event_handler.log_command:Invoking command in '/home/rm_autoaim/dev_ws/build/armor_tracker': AMENT_PREFIX_PATH=/home/rm_autoaim/dev_ws/install/auto_aim_interfaces CMAKE_PREFIX_PATH=/home/rm_autoaim/dev_ws/install/auto_aim_interfaces LD_LIBRARY_PATH=/home/rm_autoaim/dev_ws/install/auto_aim_interfaces/lib PYTHONPATH=/home/rm_autoaim/dev_ws/install/auto_aim_interfaces/local/lib/python3.10/dist-packages /usr/bin/cmake --build /home/rm_autoaim/dev_ws/build/armor_tracker -- -j8 -l8
[0.608s] DEBUG:colcon.colcon_core.event_handler.log_command:Invoked command in '/home/rm_autoaim/dev_ws/build/armor_tracker' returned '0': AMENT_PREFIX_PATH=/home/rm_autoaim/dev_ws/install/auto_aim_interfaces CMAKE_PREFIX_PATH=/home/rm_autoaim/dev_ws/install/auto_aim_interfaces LD_LIBRARY_PATH=/home/rm_autoaim/dev_ws/install/auto_aim_interfaces/lib PYTHONPATH=/home/rm_autoaim/dev_ws/install/auto_aim_interfaces/local/lib/python3.10/dist-packages /usr/bin/cmake --build /home/rm_autoaim/dev_ws/build/armor_tracker -- -j8 -l8
[0.609s] DEBUG:colcon.colcon_core.event_handler.log_command:Invoking command in '/home/rm_autoaim/dev_ws/build/armor_tracker': AMENT_PREFIX_PATH=/home/rm_autoaim/dev_ws/install/auto_aim_interfaces CMAKE_PREFIX_PATH=/home/rm_autoaim/dev_ws/install/auto_aim_interfaces LD_LIBRARY_PATH=/home/rm_autoaim/dev_ws/install/auto_aim_interfaces/lib PYTHONPATH=/home/rm_autoaim/dev_ws/install/auto_aim_interfaces/local/lib/python3.10/dist-packages /usr/bin/cmake --install /home/rm_autoaim/dev_ws/build/armor_tracker
[0.617s] DEBUG:colcon.colcon_core.event_handler.log_command:Invoked command in '/home/rm_autoaim/dev_ws/build/armor_detector' returned '0': AMENT_PREFIX_PATH=/home/rm_autoaim/dev_ws/install/auto_aim_interfaces CMAKE_PREFIX_PATH=/home/rm_autoaim/dev_ws/install/auto_aim_interfaces LD_LIBRARY_PATH=/home/rm_autoaim/dev_ws/install/auto_aim_interfaces/lib PYTHONPATH=/home/rm_autoaim/dev_ws/install/auto_aim_interfaces/local/lib/python3.10/dist-packages /usr/bin/cmake --build /home/rm_autoaim/dev_ws/build/armor_detector -- -j8 -l8
[0.620s] DEBUG:colcon.colcon_core.event_handler.log_command:Invoking command in '/home/rm_autoaim/dev_ws/build/armor_detector': AMENT_PREFIX_PATH=/home/rm_autoaim/dev_ws/install/auto_aim_interfaces CMAKE_PREFIX_PATH=/home/rm_autoaim/dev_ws/install/auto_aim_interfaces LD_LIBRARY_PATH=/home/rm_autoaim/dev_ws/install/auto_aim_interfaces/lib PYTHONPATH=/home/rm_autoaim/dev_ws/install/auto_aim_interfaces/local/lib/python3.10/dist-packages /usr/bin/cmake --install /home/rm_autoaim/dev_ws/build/armor_detector
[0.620s] Level 1:colcon.colcon_core.environment:create_environment_scripts_only(armor_tracker)
[0.621s] Level 1:colcon.colcon_core.environment:checking '/home/rm_autoaim/dev_ws/install/armor_tracker' for CMake module files
[0.624s] DEBUG:colcon.colcon_core.event_handler.log_command:Invoked command in '/home/rm_autoaim/dev_ws/build/armor_tracker' returned '0': AMENT_PREFIX_PATH=/home/rm_autoaim/dev_ws/install/auto_aim_interfaces CMAKE_PREFIX_PATH=/home/rm_autoaim/dev_ws/install/auto_aim_interfaces LD_LIBRARY_PATH=/home/rm_autoaim/dev_ws/install/auto_aim_interfaces/lib PYTHONPATH=/home/rm_autoaim/dev_ws/install/auto_aim_interfaces/local/lib/python3.10/dist-packages /usr/bin/cmake --install /home/rm_autoaim/dev_ws/build/armor_tracker
[0.626s] Level 1:colcon.colcon_core.environment:checking '/home/rm_autoaim/dev_ws/install/armor_tracker' for CMake config files
[0.627s] Level 1:colcon.colcon_core.shell:create_environment_hook('armor_tracker', 'cmake_prefix_path')
[0.627s] INFO:colcon.colcon_core.shell:Creating environment hook '/home/rm_autoaim/dev_ws/install/armor_tracker/share/armor_tracker/hook/cmake_prefix_path.ps1'
[0.628s] INFO:colcon.colcon_core.shell:Creating environment descriptor '/home/rm_autoaim/dev_ws/install/armor_tracker/share/armor_tracker/hook/cmake_prefix_path.dsv'
[0.628s] INFO:colcon.colcon_core.shell:Creating environment hook '/home/rm_autoaim/dev_ws/install/armor_tracker/share/armor_tracker/hook/cmake_prefix_path.sh'
[0.629s] Level 1:colcon.colcon_core.environment:checking '/home/rm_autoaim/dev_ws/install/armor_tracker/lib'
[0.629s] Level 1:colcon.colcon_core.shell:create_environment_hook('armor_tracker', 'ld_library_path_lib')
[0.629s] INFO:colcon.colcon_core.shell:Creating environment hook '/home/rm_autoaim/dev_ws/install/armor_tracker/share/armor_tracker/hook/ld_library_path_lib.ps1'
[0.630s] INFO:colcon.colcon_core.shell:Creating environment descriptor '/home/rm_autoaim/dev_ws/install/armor_tracker/share/armor_tracker/hook/ld_library_path_lib.dsv'
[0.630s] INFO:colcon.colcon_core.shell:Creating environment hook '/home/rm_autoaim/dev_ws/install/armor_tracker/share/armor_tracker/hook/ld_library_path_lib.sh'
[0.630s] Level 1:colcon.colcon_core.environment:checking '/home/rm_autoaim/dev_ws/install/armor_tracker/bin'
[0.630s] Level 1:colcon.colcon_core.environment:checking '/home/rm_autoaim/dev_ws/install/armor_tracker/lib/pkgconfig/armor_tracker.pc'
[0.631s] Level 1:colcon.colcon_core.environment:checking '/home/rm_autoaim/dev_ws/install/armor_tracker/lib/python3.10/site-packages'
[0.631s] Level 1:colcon.colcon_core.environment:checking '/home/rm_autoaim/dev_ws/install/armor_tracker/bin'
[0.631s] INFO:colcon.colcon_core.shell:Creating package script '/home/rm_autoaim/dev_ws/install/armor_tracker/share/armor_tracker/package.ps1'
[0.632s] INFO:colcon.colcon_core.shell:Creating package descriptor '/home/rm_autoaim/dev_ws/install/armor_tracker/share/armor_tracker/package.dsv'
[0.632s] INFO:colcon.colcon_core.shell:Creating package script '/home/rm_autoaim/dev_ws/install/armor_tracker/share/armor_tracker/package.sh'
[0.633s] INFO:colcon.colcon_core.shell:Creating package script '/home/rm_autoaim/dev_ws/install/armor_tracker/share/armor_tracker/package.bash'
[0.633s] INFO:colcon.colcon_core.shell:Creating package script '/home/rm_autoaim/dev_ws/install/armor_tracker/share/armor_tracker/package.zsh'
[0.634s] Level 1:colcon.colcon_core.environment:create_file_with_runtime_dependencies(/home/rm_autoaim/dev_ws/install/armor_tracker/share/colcon-core/packages/armor_tracker)
[0.634s] Level 1:colcon.colcon_core.environment:create_environment_scripts_only(armor_tracker)
[0.635s] Level 1:colcon.colcon_core.environment:checking '/home/rm_autoaim/dev_ws/install/armor_tracker' for CMake module files
[0.635s] Level 1:colcon.colcon_core.environment:checking '/home/rm_autoaim/dev_ws/install/armor_tracker' for CMake config files
[0.635s] Level 1:colcon.colcon_core.shell:create_environment_hook('armor_tracker', 'cmake_prefix_path')
[0.636s] INFO:colcon.colcon_core.shell:Creating environment hook '/home/rm_autoaim/dev_ws/install/armor_tracker/share/armor_tracker/hook/cmake_prefix_path.ps1'
[0.636s] INFO:colcon.colcon_core.shell:Creating environment descriptor '/home/rm_autoaim/dev_ws/install/armor_tracker/share/armor_tracker/hook/cmake_prefix_path.dsv'
[0.637s] INFO:colcon.colcon_core.shell:Creating environment hook '/home/rm_autoaim/dev_ws/install/armor_tracker/share/armor_tracker/hook/cmake_prefix_path.sh'
[0.637s] Level 1:colcon.colcon_core.environment:checking '/home/rm_autoaim/dev_ws/install/armor_tracker/lib'
[0.637s] Level 1:colcon.colcon_core.shell:create_environment_hook('armor_tracker', 'ld_library_path_lib')
[0.637s] INFO:colcon.colcon_core.shell:Creating environment hook '/home/rm_autoaim/dev_ws/install/armor_tracker/share/armor_tracker/hook/ld_library_path_lib.ps1'
[0.638s] INFO:colcon.colcon_core.shell:Creating environment descriptor '/home/rm_autoaim/dev_ws/install/armor_tracker/share/armor_tracker/hook/ld_library_path_lib.dsv'
[0.638s] INFO:colcon.colcon_core.shell:Creating environment hook '/home/rm_autoaim/dev_ws/install/armor_tracker/share/armor_tracker/hook/ld_library_path_lib.sh'
[0.639s] Level 1:colcon.colcon_core.environment:checking '/home/rm_autoaim/dev_ws/install/armor_tracker/bin'
[0.639s] Level 1:colcon.colcon_core.environment:checking '/home/rm_autoaim/dev_ws/install/armor_tracker/lib/pkgconfig/armor_tracker.pc'
[0.639s] Level 1:colcon.colcon_core.environment:checking '/home/rm_autoaim/dev_ws/install/armor_tracker/lib/python3.10/site-packages'
[0.639s] Level 1:colcon.colcon_core.environment:checking '/home/rm_autoaim/dev_ws/install/armor_tracker/bin'
[0.639s] INFO:colcon.colcon_core.shell:Creating package script '/home/rm_autoaim/dev_ws/install/armor_tracker/share/armor_tracker/package.ps1'
[0.640s] INFO:colcon.colcon_core.shell:Creating package descriptor '/home/rm_autoaim/dev_ws/install/armor_tracker/share/armor_tracker/package.dsv'
[0.641s] INFO:colcon.colcon_core.shell:Creating package script '/home/rm_autoaim/dev_ws/install/armor_tracker/share/armor_tracker/package.sh'
[0.641s] INFO:colcon.colcon_core.shell:Creating package script '/home/rm_autoaim/dev_ws/install/armor_tracker/share/armor_tracker/package.bash'
[0.641s] INFO:colcon.colcon_core.shell:Creating package script '/home/rm_autoaim/dev_ws/install/armor_tracker/share/armor_tracker/package.zsh'
[0.642s] Level 1:colcon.colcon_core.environment:create_file_with_runtime_dependencies(/home/rm_autoaim/dev_ws/install/armor_tracker/share/colcon-core/packages/armor_tracker)
[0.643s] Level 1:colcon.colcon_core.environment:create_environment_scripts_only(armor_detector)
[0.643s] Level 1:colcon.colcon_core.environment:checking '/home/rm_autoaim/dev_ws/install/armor_detector' for CMake module files
[0.645s] DEBUG:colcon.colcon_core.event_handler.log_command:Invoked command in '/home/rm_autoaim/dev_ws/build/armor_detector' returned '0': AMENT_PREFIX_PATH=/home/rm_autoaim/dev_ws/install/auto_aim_interfaces CMAKE_PREFIX_PATH=/home/rm_autoaim/dev_ws/install/auto_aim_interfaces LD_LIBRARY_PATH=/home/rm_autoaim/dev_ws/install/auto_aim_interfaces/lib PYTHONPATH=/home/rm_autoaim/dev_ws/install/auto_aim_interfaces/local/lib/python3.10/dist-packages /usr/bin/cmake --install /home/rm_autoaim/dev_ws/build/armor_detector
[0.645s] Level 1:colcon.colcon_core.environment:checking '/home/rm_autoaim/dev_ws/install/armor_detector' for CMake config files
[0.645s] Level 1:colcon.colcon_core.shell:create_environment_hook('armor_detector', 'cmake_prefix_path')
[0.646s] INFO:colcon.colcon_core.shell:Creating environment hook '/home/rm_autoaim/dev_ws/install/armor_detector/share/armor_detector/hook/cmake_prefix_path.ps1'
[0.646s] INFO:colcon.colcon_core.shell:Creating environment descriptor '/home/rm_autoaim/dev_ws/install/armor_detector/share/armor_detector/hook/cmake_prefix_path.dsv'
[0.647s] INFO:colcon.colcon_core.shell:Creating environment hook '/home/rm_autoaim/dev_ws/install/armor_detector/share/armor_detector/hook/cmake_prefix_path.sh'
[0.647s] Level 1:colcon.colcon_core.environment:checking '/home/rm_autoaim/dev_ws/install/armor_detector/lib'
[0.647s] Level 1:colcon.colcon_core.shell:create_environment_hook('armor_detector', 'ld_library_path_lib')
[0.647s] INFO:colcon.colcon_core.shell:Creating environment hook '/home/rm_autoaim/dev_ws/install/armor_detector/share/armor_detector/hook/ld_library_path_lib.ps1'
[0.648s] INFO:colcon.colcon_core.shell:Creating environment descriptor '/home/rm_autoaim/dev_ws/install/armor_detector/share/armor_detector/hook/ld_library_path_lib.dsv'
[0.648s] INFO:colcon.colcon_core.shell:Creating environment hook '/home/rm_autoaim/dev_ws/install/armor_detector/share/armor_detector/hook/ld_library_path_lib.sh'
[0.649s] Level 1:colcon.colcon_core.environment:checking '/home/rm_autoaim/dev_ws/install/armor_detector/bin'
[0.649s] Level 1:colcon.colcon_core.environment:checking '/home/rm_autoaim/dev_ws/install/armor_detector/lib/pkgconfig/armor_detector.pc'
[0.649s] Level 1:colcon.colcon_core.environment:checking '/home/rm_autoaim/dev_ws/install/armor_detector/lib/python3.10/site-packages'
[0.649s] Level 1:colcon.colcon_core.environment:checking '/home/rm_autoaim/dev_ws/install/armor_detector/bin'
[0.649s] INFO:colcon.colcon_core.shell:Creating package script '/home/rm_autoaim/dev_ws/install/armor_detector/share/armor_detector/package.ps1'
[0.650s] INFO:colcon.colcon_core.shell:Creating package descriptor '/home/rm_autoaim/dev_ws/install/armor_detector/share/armor_detector/package.dsv'
[0.650s] INFO:colcon.colcon_core.shell:Creating package script '/home/rm_autoaim/dev_ws/install/armor_detector/share/armor_detector/package.sh'
[0.651s] INFO:colcon.colcon_core.shell:Creating package script '/home/rm_autoaim/dev_ws/install/armor_detector/share/armor_detector/package.bash'
[0.651s] INFO:colcon.colcon_core.shell:Creating package script '/home/rm_autoaim/dev_ws/install/armor_detector/share/armor_detector/package.zsh'
[0.651s] Level 1:colcon.colcon_core.environment:create_file_with_runtime_dependencies(/home/rm_autoaim/dev_ws/install/armor_detector/share/colcon-core/packages/armor_detector)
[0.652s] Level 1:colcon.colcon_core.environment:create_environment_scripts_only(armor_detector)
[0.652s] Level 1:colcon.colcon_core.environment:checking '/home/rm_autoaim/dev_ws/install/armor_detector' for CMake module files
[0.653s] Level 1:colcon.colcon_core.environment:checking '/home/rm_autoaim/dev_ws/install/armor_detector' for CMake config files
[0.653s] Level 1:colcon.colcon_core.shell:create_environment_hook('armor_detector', 'cmake_prefix_path')
[0.653s] INFO:colcon.colcon_core.shell:Creating environment hook '/home/rm_autoaim/dev_ws/install/armor_detector/share/armor_detector/hook/cmake_prefix_path.ps1'
[0.653s] INFO:colcon.colcon_core.shell:Creating environment descriptor '/home/rm_autoaim/dev_ws/install/armor_detector/share/armor_detector/hook/cmake_prefix_path.dsv'
[0.654s] INFO:colcon.colcon_core.shell:Creating environment hook '/home/rm_autoaim/dev_ws/install/armor_detector/share/armor_detector/hook/cmake_prefix_path.sh'
[0.654s] Level 1:colcon.colcon_core.environment:checking '/home/rm_autoaim/dev_ws/install/armor_detector/lib'
[0.654s] Level 1:colcon.colcon_core.shell:create_environment_hook('armor_detector', 'ld_library_path_lib')
[0.654s] INFO:colcon.colcon_core.shell:Creating environment hook '/home/rm_autoaim/dev_ws/install/armor_detector/share/armor_detector/hook/ld_library_path_lib.ps1'
[0.655s] INFO:colcon.colcon_core.shell:Creating environment descriptor '/home/rm_autoaim/dev_ws/install/armor_detector/share/armor_detector/hook/ld_library_path_lib.dsv'
[0.655s] INFO:colcon.colcon_core.shell:Creating environment hook '/home/rm_autoaim/dev_ws/install/armor_detector/share/armor_detector/hook/ld_library_path_lib.sh'
[0.656s] Level 1:colcon.colcon_core.environment:checking '/home/rm_autoaim/dev_ws/install/armor_detector/bin'
[0.656s] Level 1:colcon.colcon_core.environment:checking '/home/rm_autoaim/dev_ws/install/armor_detector/lib/pkgconfig/armor_detector.pc'
[0.656s] Level 1:colcon.colcon_core.environment:checking '/home/rm_autoaim/dev_ws/install/armor_detector/lib/python3.10/site-packages'
[0.656s] Level 1:colcon.colcon_core.environment:checking '/home/rm_autoaim/dev_ws/install/armor_detector/bin'
[0.656s] INFO:colcon.colcon_core.shell:Creating package script '/home/rm_autoaim/dev_ws/install/armor_detector/share/armor_detector/package.ps1'
[0.668s] INFO:colcon.colcon_core.shell:Creating package descriptor '/home/rm_autoaim/dev_ws/install/armor_detector/share/armor_detector/package.dsv'
[0.668s] INFO:colcon.colcon_core.shell:Creating package script '/home/rm_autoaim/dev_ws/install/armor_detector/share/armor_detector/package.sh'
[0.669s] INFO:colcon.colcon_core.shell:Creating package script '/home/rm_autoaim/dev_ws/install/armor_detector/share/armor_detector/package.bash'
[0.669s] INFO:colcon.colcon_core.shell:Creating package script '/home/rm_autoaim/dev_ws/install/armor_detector/share/armor_detector/package.zsh'
[0.669s] Level 1:colcon.colcon_core.environment:create_file_with_runtime_dependencies(/home/rm_autoaim/dev_ws/install/armor_detector/share/colcon-core/packages/armor_detector)
[15.362s] DEBUG:colcon.colcon_core.event_handler.log_command:Invoked command in '/home/rm_autoaim/dev_ws/build/rm_serial_driver' returned '0': AMENT_PREFIX_PATH=/home/rm_autoaim/dev_ws/install/auto_aim_interfaces CMAKE_PREFIX_PATH=/home/rm_autoaim/dev_ws/install/auto_aim_interfaces LD_LIBRARY_PATH=/home/rm_autoaim/dev_ws/install/auto_aim_interfaces/lib PYTHONPATH=/home/rm_autoaim/dev_ws/install/auto_aim_interfaces/local/lib/python3.10/dist-packages /usr/bin/cmake --build /home/rm_autoaim/dev_ws/build/rm_serial_driver -- -j8 -l8
[15.364s] DEBUG:colcon.colcon_core.event_handler.log_command:Invoking command in '/home/rm_autoaim/dev_ws/build/rm_serial_driver': AMENT_PREFIX_PATH=/home/rm_autoaim/dev_ws/install/auto_aim_interfaces CMAKE_PREFIX_PATH=/home/rm_autoaim/dev_ws/install/auto_aim_interfaces LD_LIBRARY_PATH=/home/rm_autoaim/dev_ws/install/auto_aim_interfaces/lib PYTHONPATH=/home/rm_autoaim/dev_ws/install/auto_aim_interfaces/local/lib/python3.10/dist-packages /usr/bin/cmake --install /home/rm_autoaim/dev_ws/build/rm_serial_driver
[15.384s] Level 1:colcon.colcon_core.environment:create_environment_scripts_only(rm_serial_driver)
[15.385s] Level 1:colcon.colcon_core.environment:checking '/home/rm_autoaim/dev_ws/install/rm_serial_driver' for CMake module files
[15.385s] DEBUG:colcon.colcon_core.event_handler.log_command:Invoked command in '/home/rm_autoaim/dev_ws/build/rm_serial_driver' returned '0': AMENT_PREFIX_PATH=/home/rm_autoaim/dev_ws/install/auto_aim_interfaces CMAKE_PREFIX_PATH=/home/rm_autoaim/dev_ws/install/auto_aim_interfaces LD_LIBRARY_PATH=/home/rm_autoaim/dev_ws/install/auto_aim_interfaces/lib PYTHONPATH=/home/rm_autoaim/dev_ws/install/auto_aim_interfaces/local/lib/python3.10/dist-packages /usr/bin/cmake --install /home/rm_autoaim/dev_ws/build/rm_serial_driver
[15.385s] Level 1:colcon.colcon_core.environment:checking '/home/rm_autoaim/dev_ws/install/rm_serial_driver' for CMake config files
[15.385s] Level 1:colcon.colcon_core.shell:create_environment_hook('rm_serial_driver', 'cmake_prefix_path')
[15.386s] INFO:colcon.colcon_core.shell:Creating environment hook '/home/rm_autoaim/dev_ws/install/rm_serial_driver/share/rm_serial_driver/hook/cmake_prefix_path.ps1'
[15.386s] INFO:colcon.colcon_core.shell:Creating environment descriptor '/home/rm_autoaim/dev_ws/install/rm_serial_driver/share/rm_serial_driver/hook/cmake_prefix_path.dsv'
[15.386s] INFO:colcon.colcon_core.shell:Creating environment hook '/home/rm_autoaim/dev_ws/install/rm_serial_driver/share/rm_serial_driver/hook/cmake_prefix_path.sh'
[15.387s] Level 1:colcon.colcon_core.environment:checking '/home/rm_autoaim/dev_ws/install/rm_serial_driver/lib'
[15.387s] Level 1:colcon.colcon_core.shell:create_environment_hook('rm_serial_driver', 'ld_library_path_lib')
[15.387s] INFO:colcon.colcon_core.shell:Creating environment hook '/home/rm_autoaim/dev_ws/install/rm_serial_driver/share/rm_serial_driver/hook/ld_library_path_lib.ps1'
[15.387s] INFO:colcon.colcon_core.shell:Creating environment descriptor '/home/rm_autoaim/dev_ws/install/rm_serial_driver/share/rm_serial_driver/hook/ld_library_path_lib.dsv'
[15.387s] INFO:colcon.colcon_core.shell:Creating environment hook '/home/rm_autoaim/dev_ws/install/rm_serial_driver/share/rm_serial_driver/hook/ld_library_path_lib.sh'
[15.387s] Level 1:colcon.colcon_core.environment:checking '/home/rm_autoaim/dev_ws/install/rm_serial_driver/bin'
[15.388s] Level 1:colcon.colcon_core.environment:checking '/home/rm_autoaim/dev_ws/install/rm_serial_driver/lib/pkgconfig/rm_serial_driver.pc'
[15.388s] Level 1:colcon.colcon_core.environment:checking '/home/rm_autoaim/dev_ws/install/rm_serial_driver/lib/python3.10/site-packages'
[15.388s] Level 1:colcon.colcon_core.environment:checking '/home/rm_autoaim/dev_ws/install/rm_serial_driver/bin'
[15.388s] INFO:colcon.colcon_core.shell:Creating package script '/home/rm_autoaim/dev_ws/install/rm_serial_driver/share/rm_serial_driver/package.ps1'
[15.388s] INFO:colcon.colcon_core.shell:Creating package descriptor '/home/rm_autoaim/dev_ws/install/rm_serial_driver/share/rm_serial_driver/package.dsv'
[15.389s] INFO:colcon.colcon_core.shell:Creating package script '/home/rm_autoaim/dev_ws/install/rm_serial_driver/share/rm_serial_driver/package.sh'
[15.389s] INFO:colcon.colcon_core.shell:Creating package script '/home/rm_autoaim/dev_ws/install/rm_serial_driver/share/rm_serial_driver/package.bash'
[15.389s] INFO:colcon.colcon_core.shell:Creating package script '/home/rm_autoaim/dev_ws/install/rm_serial_driver/share/rm_serial_driver/package.zsh'
[15.389s] Level 1:colcon.colcon_core.environment:create_file_with_runtime_dependencies(/home/rm_autoaim/dev_ws/install/rm_serial_driver/share/colcon-core/packages/rm_serial_driver)
[15.390s] Level 1:colcon.colcon_core.environment:create_environment_scripts_only(rm_serial_driver)
[15.390s] Level 1:colcon.colcon_core.environment:checking '/home/rm_autoaim/dev_ws/install/rm_serial_driver' for CMake module files
[15.390s] Level 1:colcon.colcon_core.environment:checking '/home/rm_autoaim/dev_ws/install/rm_serial_driver' for CMake config files
[15.390s] Level 1:colcon.colcon_core.shell:create_environment_hook('rm_serial_driver', 'cmake_prefix_path')
[15.390s] INFO:colcon.colcon_core.shell:Creating environment hook '/home/rm_autoaim/dev_ws/install/rm_serial_driver/share/rm_serial_driver/hook/cmake_prefix_path.ps1'
[15.391s] INFO:colcon.colcon_core.shell:Creating environment descriptor '/home/rm_autoaim/dev_ws/install/rm_serial_driver/share/rm_serial_driver/hook/cmake_prefix_path.dsv'
[15.391s] INFO:colcon.colcon_core.shell:Creating environment hook '/home/rm_autoaim/dev_ws/install/rm_serial_driver/share/rm_serial_driver/hook/cmake_prefix_path.sh'
[15.391s] Level 1:colcon.colcon_core.environment:checking '/home/rm_autoaim/dev_ws/install/rm_serial_driver/lib'
[15.391s] Level 1:colcon.colcon_core.shell:create_environment_hook('rm_serial_driver', 'ld_library_path_lib')
[15.391s] INFO:colcon.colcon_core.shell:Creating environment hook '/home/rm_autoaim/dev_ws/install/rm_serial_driver/share/rm_serial_driver/hook/ld_library_path_lib.ps1'
[15.392s] INFO:colcon.colcon_core.shell:Creating environment descriptor '/home/rm_autoaim/dev_ws/install/rm_serial_driver/share/rm_serial_driver/hook/ld_library_path_lib.dsv'
[15.392s] INFO:colcon.colcon_core.shell:Creating environment hook '/home/rm_autoaim/dev_ws/install/rm_serial_driver/share/rm_serial_driver/hook/ld_library_path_lib.sh'
[15.392s] Level 1:colcon.colcon_core.environment:checking '/home/rm_autoaim/dev_ws/install/rm_serial_driver/bin'
[15.392s] Level 1:colcon.colcon_core.environment:checking '/home/rm_autoaim/dev_ws/install/rm_serial_driver/lib/pkgconfig/rm_serial_driver.pc'
[15.392s] Level 1:colcon.colcon_core.environment:checking '/home/rm_autoaim/dev_ws/install/rm_serial_driver/lib/python3.10/site-packages'
[15.393s] Level 1:colcon.colcon_core.environment:checking '/home/rm_autoaim/dev_ws/install/rm_serial_driver/bin'
[15.393s] INFO:colcon.colcon_core.shell:Creating package script '/home/rm_autoaim/dev_ws/install/rm_serial_driver/share/rm_serial_driver/package.ps1'
[15.393s] INFO:colcon.colcon_core.shell:Creating package descriptor '/home/rm_autoaim/dev_ws/install/rm_serial_driver/share/rm_serial_driver/package.dsv'
[15.394s] INFO:colcon.colcon_core.shell:Creating package script '/home/rm_autoaim/dev_ws/install/rm_serial_driver/share/rm_serial_driver/package.sh'
[15.394s] INFO:colcon.colcon_core.shell:Creating package script '/home/rm_autoaim/dev_ws/install/rm_serial_driver/share/rm_serial_driver/package.bash'
[15.394s] INFO:colcon.colcon_core.shell:Creating package script '/home/rm_autoaim/dev_ws/install/rm_serial_driver/share/rm_serial_driver/package.zsh'
[15.394s] Level 1:colcon.colcon_core.environment:create_file_with_runtime_dependencies(/home/rm_autoaim/dev_ws/install/rm_serial_driver/share/colcon-core/packages/rm_serial_driver)
[15.395s] INFO:colcon.colcon_ros.task.ament_cmake.build:Building ROS package in '/home/rm_autoaim/dev_ws/src/rm_vision/rm_vision_bringup' with build type 'ament_cmake'
[15.395s] INFO:colcon.colcon_cmake.task.cmake.build:Building CMake package in '/home/rm_autoaim/dev_ws/src/rm_vision/rm_vision_bringup'
[15.395s] INFO:colcon.colcon_core.shell:Skip shell extension 'powershell' for command environment: Not usable outside of PowerShell
[15.395s] DEBUG:colcon.colcon_core.shell:Skip shell extension 'dsv' for command environment
[15.401s] DEBUG:colcon.colcon_core.event_handler.log_command:Invoking command in '/home/rm_autoaim/dev_ws/build/rm_vision_bringup': AMENT_PREFIX_PATH=/home/rm_autoaim/dev_ws/install/rm_serial_driver:/home/rm_autoaim/dev_ws/install/auto_aim_interfaces CMAKE_PREFIX_PATH=/home/rm_autoaim/dev_ws/install/rm_serial_driver:/home/rm_autoaim/dev_ws/install/auto_aim_interfaces LD_LIBRARY_PATH=/home/rm_autoaim/dev_ws/install/rm_serial_driver/lib:/home/rm_autoaim/dev_ws/install/auto_aim_interfaces/lib PYTHONPATH=/home/rm_autoaim/dev_ws/install/auto_aim_interfaces/local/lib/python3.10/dist-packages /usr/bin/cmake --build /home/rm_autoaim/dev_ws/build/rm_vision_bringup -- -j8 -l8
[15.430s] DEBUG:colcon.colcon_core.event_handler.log_command:Invoked command in '/home/rm_autoaim/dev_ws/build/rm_vision_bringup' returned '0': AMENT_PREFIX_PATH=/home/rm_autoaim/dev_ws/install/rm_serial_driver:/home/rm_autoaim/dev_ws/install/auto_aim_interfaces CMAKE_PREFIX_PATH=/home/rm_autoaim/dev_ws/install/rm_serial_driver:/home/rm_autoaim/dev_ws/install/auto_aim_interfaces LD_LIBRARY_PATH=/home/rm_autoaim/dev_ws/install/rm_serial_driver/lib:/home/rm_autoaim/dev_ws/install/auto_aim_interfaces/lib PYTHONPATH=/home/rm_autoaim/dev_ws/install/auto_aim_interfaces/local/lib/python3.10/dist-packages /usr/bin/cmake --build /home/rm_autoaim/dev_ws/build/rm_vision_bringup -- -j8 -l8
[15.431s] DEBUG:colcon.colcon_core.event_handler.log_command:Invoking command in '/home/rm_autoaim/dev_ws/build/rm_vision_bringup': AMENT_PREFIX_PATH=/home/rm_autoaim/dev_ws/install/rm_serial_driver:/home/rm_autoaim/dev_ws/install/auto_aim_interfaces CMAKE_PREFIX_PATH=/home/rm_autoaim/dev_ws/install/rm_serial_driver:/home/rm_autoaim/dev_ws/install/auto_aim_interfaces LD_LIBRARY_PATH=/home/rm_autoaim/dev_ws/install/rm_serial_driver/lib:/home/rm_autoaim/dev_ws/install/auto_aim_interfaces/lib PYTHONPATH=/home/rm_autoaim/dev_ws/install/auto_aim_interfaces/local/lib/python3.10/dist-packages /usr/bin/cmake --install /home/rm_autoaim/dev_ws/build/rm_vision_bringup
[15.439s] Level 1:colcon.colcon_core.environment:create_environment_scripts_only(rm_vision_bringup)
[15.439s] Level 1:colcon.colcon_core.environment:checking '/home/rm_autoaim/dev_ws/install/rm_vision_bringup' for CMake module files
[15.440s] DEBUG:colcon.colcon_core.event_handler.log_command:Invoked command in '/home/rm_autoaim/dev_ws/build/rm_vision_bringup' returned '0': AMENT_PREFIX_PATH=/home/rm_autoaim/dev_ws/install/rm_serial_driver:/home/rm_autoaim/dev_ws/install/auto_aim_interfaces CMAKE_PREFIX_PATH=/home/rm_autoaim/dev_ws/install/rm_serial_driver:/home/rm_autoaim/dev_ws/install/auto_aim_interfaces LD_LIBRARY_PATH=/home/rm_autoaim/dev_ws/install/rm_serial_driver/lib:/home/rm_autoaim/dev_ws/install/auto_aim_interfaces/lib PYTHONPATH=/home/rm_autoaim/dev_ws/install/auto_aim_interfaces/local/lib/python3.10/dist-packages /usr/bin/cmake --install /home/rm_autoaim/dev_ws/build/rm_vision_bringup
[15.440s] Level 1:colcon.colcon_core.environment:checking '/home/rm_autoaim/dev_ws/install/rm_vision_bringup' for CMake config files
[15.440s] Level 1:colcon.colcon_core.shell:create_environment_hook('rm_vision_bringup', 'cmake_prefix_path')
[15.440s] INFO:colcon.colcon_core.shell:Creating environment hook '/home/rm_autoaim/dev_ws/install/rm_vision_bringup/share/rm_vision_bringup/hook/cmake_prefix_path.ps1'
[15.441s] INFO:colcon.colcon_core.shell:Creating environment descriptor '/home/rm_autoaim/dev_ws/install/rm_vision_bringup/share/rm_vision_bringup/hook/cmake_prefix_path.dsv'
[15.441s] INFO:colcon.colcon_core.shell:Creating environment hook '/home/rm_autoaim/dev_ws/install/rm_vision_bringup/share/rm_vision_bringup/hook/cmake_prefix_path.sh'
[15.442s] Level 1:colcon.colcon_core.environment:checking '/home/rm_autoaim/dev_ws/install/rm_vision_bringup/bin'
[15.442s] Level 1:colcon.colcon_core.environment:checking '/home/rm_autoaim/dev_ws/install/rm_vision_bringup/lib/pkgconfig/rm_vision_bringup.pc'
[15.442s] Level 1:colcon.colcon_core.environment:checking '/home/rm_autoaim/dev_ws/install/rm_vision_bringup/lib/python3.10/site-packages'
[15.442s] Level 1:colcon.colcon_core.environment:checking '/home/rm_autoaim/dev_ws/install/rm_vision_bringup/bin'
[15.442s] INFO:colcon.colcon_core.shell:Creating package script '/home/rm_autoaim/dev_ws/install/rm_vision_bringup/share/rm_vision_bringup/package.ps1'
[15.443s] INFO:colcon.colcon_core.shell:Creating package descriptor '/home/rm_autoaim/dev_ws/install/rm_vision_bringup/share/rm_vision_bringup/package.dsv'
[15.443s] INFO:colcon.colcon_core.shell:Creating package script '/home/rm_autoaim/dev_ws/install/rm_vision_bringup/share/rm_vision_bringup/package.sh'
[15.443s] INFO:colcon.colcon_core.shell:Creating package script '/home/rm_autoaim/dev_ws/install/rm_vision_bringup/share/rm_vision_bringup/package.bash'
[15.444s] INFO:colcon.colcon_core.shell:Creating package script '/home/rm_autoaim/dev_ws/install/rm_vision_bringup/share/rm_vision_bringup/package.zsh'
[15.444s] Level 1:colcon.colcon_core.environment:create_file_with_runtime_dependencies(/home/rm_autoaim/dev_ws/install/rm_vision_bringup/share/colcon-core/packages/rm_vision_bringup)
[15.444s] Level 1:colcon.colcon_core.environment:create_environment_scripts_only(rm_vision_bringup)
[15.445s] Level 1:colcon.colcon_core.environment:checking '/home/rm_autoaim/dev_ws/install/rm_vision_bringup' for CMake module files
[15.445s] Level 1:colcon.colcon_core.environment:checking '/home/rm_autoaim/dev_ws/install/rm_vision_bringup' for CMake config files
[15.445s] Level 1:colcon.colcon_core.shell:create_environment_hook('rm_vision_bringup', 'cmake_prefix_path')
[15.445s] INFO:colcon.colcon_core.shell:Creating environment hook '/home/rm_autoaim/dev_ws/install/rm_vision_bringup/share/rm_vision_bringup/hook/cmake_prefix_path.ps1'
[15.446s] INFO:colcon.colcon_core.shell:Creating environment descriptor '/home/rm_autoaim/dev_ws/install/rm_vision_bringup/share/rm_vision_bringup/hook/cmake_prefix_path.dsv'
[15.446s] INFO:colcon.colcon_core.shell:Creating environment hook '/home/rm_autoaim/dev_ws/install/rm_vision_bringup/share/rm_vision_bringup/hook/cmake_prefix_path.sh'
[15.446s] Level 1:colcon.colcon_core.environment:checking '/home/rm_autoaim/dev_ws/install/rm_vision_bringup/bin'
[15.446s] Level 1:colcon.colcon_core.environment:checking '/home/rm_autoaim/dev_ws/install/rm_vision_bringup/lib/pkgconfig/rm_vision_bringup.pc'
[15.446s] Level 1:colcon.colcon_core.environment:checking '/home/rm_autoaim/dev_ws/install/rm_vision_bringup/lib/python3.10/site-packages'
[15.447s] Level 1:colcon.colcon_core.environment:checking '/home/rm_autoaim/dev_ws/install/rm_vision_bringup/bin'
[15.447s] INFO:colcon.colcon_core.shell:Creating package script '/home/rm_autoaim/dev_ws/install/rm_vision_bringup/share/rm_vision_bringup/package.ps1'
[15.447s] INFO:colcon.colcon_core.shell:Creating package descriptor '/home/rm_autoaim/dev_ws/install/rm_vision_bringup/share/rm_vision_bringup/package.dsv'
[15.448s] INFO:colcon.colcon_core.shell:Creating package script '/home/rm_autoaim/dev_ws/install/rm_vision_bringup/share/rm_vision_bringup/package.sh'
[15.448s] INFO:colcon.colcon_core.shell:Creating package script '/home/rm_autoaim/dev_ws/install/rm_vision_bringup/share/rm_vision_bringup/package.bash'
[15.448s] INFO:colcon.colcon_core.shell:Creating package script '/home/rm_autoaim/dev_ws/install/rm_vision_bringup/share/rm_vision_bringup/package.zsh'
[15.449s] Level 1:colcon.colcon_core.environment:create_file_with_runtime_dependencies(/home/rm_autoaim/dev_ws/install/rm_vision_bringup/share/colcon-core/packages/rm_vision_bringup)
[15.449s] DEBUG:colcon.colcon_parallel_executor.executor.parallel:closing loop
[15.449s] DEBUG:colcon.colcon_parallel_executor.executor.parallel:loop closed
[15.449s] DEBUG:colcon.colcon_parallel_executor.executor.parallel:run_until_complete finished with '0'
[15.449s] DEBUG:colcon.colcon_core.event_reactor:joining thread
[15.453s] INFO:colcon.colcon_core.plugin_system:Skipping extension 'colcon_notification.desktop_notification.terminal_notifier': Not used on non-Darwin systems
[15.453s] INFO:colcon.colcon_core.plugin_system:Skipping extension 'colcon_notification.desktop_notification.win32': Not used on non-Windows systems
[15.453s] INFO:colcon.colcon_notification.desktop_notification:Sending desktop notification using 'notify2'
[15.462s] DEBUG:colcon.colcon_core.event_reactor:joined thread
[15.462s] INFO:colcon.colcon_core.shell:Creating prefix script '/home/rm_autoaim/dev_ws/install/local_setup.ps1'
[15.463s] INFO:colcon.colcon_core.shell:Creating prefix util module '/home/rm_autoaim/dev_ws/install/_local_setup_util_ps1.py'
[15.464s] INFO:colcon.colcon_core.shell:Creating prefix chain script '/home/rm_autoaim/dev_ws/install/setup.ps1'
[15.465s] INFO:colcon.colcon_core.shell:Creating prefix script '/home/rm_autoaim/dev_ws/install/local_setup.sh'
[15.466s] INFO:colcon.colcon_core.shell:Creating prefix util module '/home/rm_autoaim/dev_ws/install/_local_setup_util_sh.py'
[15.467s] INFO:colcon.colcon_core.shell:Creating prefix chain script '/home/rm_autoaim/dev_ws/install/setup.sh'
[15.467s] INFO:colcon.colcon_core.shell:Creating prefix script '/home/rm_autoaim/dev_ws/install/local_setup.bash'
[15.468s] INFO:colcon.colcon_core.shell:Creating prefix chain script '/home/rm_autoaim/dev_ws/install/setup.bash'
[15.468s] INFO:colcon.colcon_core.shell:Creating prefix script '/home/rm_autoaim/dev_ws/install/local_setup.zsh'
[15.469s] INFO:colcon.colcon_core.shell:Creating prefix chain script '/home/rm_autoaim/dev_ws/install/setup.zsh'
