[0.007s] Invoking command in '/home/rm_autoaim/dev_ws/build/rm_serial_driver': AMENT_PREFIX_PATH=/home/rm_autoaim/dev_ws/install/auto_aim_interfaces CMAKE_PREFIX_PATH=/home/rm_autoaim/dev_ws/install/auto_aim_interfaces LD_LIBRARY_PATH=/home/rm_autoaim/dev_ws/install/auto_aim_interfaces/lib PYTHONPATH=/home/rm_autoaim/dev_ws/install/auto_aim_interfaces/local/lib/python3.10/dist-packages /usr/bin/cmake --build /home/rm_autoaim/dev_ws/build/rm_serial_driver -- -j8 -l8
[0.064s] [ 40%] Built target rm_serial_driver_node
[0.065s] [100%] Built target rm_serial_driver
[0.077s] Invoked command in '/home/rm_autoaim/dev_ws/build/rm_serial_driver' returned '0': AMENT_PREFIX_PATH=/home/rm_autoaim/dev_ws/install/auto_aim_interfaces CMAKE_PREFIX_PATH=/home/rm_autoaim/dev_ws/install/auto_aim_interfaces LD_LIBRARY_PATH=/home/rm_autoaim/dev_ws/install/auto_aim_interfaces/lib PYTHONPATH=/home/rm_autoaim/dev_ws/install/auto_aim_interfaces/local/lib/python3.10/dist-packages /usr/bin/cmake --build /home/rm_autoaim/dev_ws/build/rm_serial_driver -- -j8 -l8
[0.080s] Invoking command in '/home/rm_autoaim/dev_ws/build/rm_serial_driver': AMENT_PREFIX_PATH=/home/rm_autoaim/dev_ws/install/auto_aim_interfaces CMAKE_PREFIX_PATH=/home/rm_autoaim/dev_ws/install/auto_aim_interfaces LD_LIBRARY_PATH=/home/rm_autoaim/dev_ws/install/auto_aim_interfaces/lib PYTHONPATH=/home/rm_autoaim/dev_ws/install/auto_aim_interfaces/local/lib/python3.10/dist-packages /usr/bin/cmake --install /home/rm_autoaim/dev_ws/build/rm_serial_driver
[0.087s] -- Install configuration: ""
[0.088s] -- Up-to-date: /home/rm_autoaim/dev_ws/install/rm_serial_driver/lib/rm_serial_driver/rm_serial_driver_node
[0.088s] -- Up-to-date: /home/rm_autoaim/dev_ws/install/rm_serial_driver/include
[0.088s] -- Up-to-date: /home/rm_autoaim/dev_ws/install/rm_serial_driver/include/rm_serial_driver
[0.088s] -- Up-to-date: /home/rm_autoaim/dev_ws/install/rm_serial_driver/include/rm_serial_driver/rm_serial_driver.hpp
[0.089s] -- Up-to-date: /home/rm_autoaim/dev_ws/install/rm_serial_driver/include/rm_serial_driver/packet.hpp
[0.089s] -- Up-to-date: /home/rm_autoaim/dev_ws/install/rm_serial_driver/include/rm_serial_driver/crc.hpp
[0.089s] -- Up-to-date: /home/rm_autoaim/dev_ws/install/rm_serial_driver/share/rm_serial_driver/environment/library_path.sh
[0.089s] -- Up-to-date: /home/rm_autoaim/dev_ws/install/rm_serial_driver/share/rm_serial_driver/environment/library_path.dsv
[0.089s] -- Up-to-date: /home/rm_autoaim/dev_ws/install/rm_serial_driver/lib/librm_serial_driver.so
[0.089s] -- Up-to-date: /home/rm_autoaim/dev_ws/install/rm_serial_driver/share/rm_serial_driver/config
[0.089s] -- Up-to-date: /home/rm_autoaim/dev_ws/install/rm_serial_driver/share/rm_serial_driver/config/serial_driver.yaml
[0.090s] -- Up-to-date: /home/rm_autoaim/dev_ws/install/rm_serial_driver/share/rm_serial_driver/launch
[0.090s] -- Up-to-date: /home/rm_autoaim/dev_ws/install/rm_serial_driver/share/rm_serial_driver/launch/serial_driver.launch.py
[0.090s] -- Up-to-date: /home/rm_autoaim/dev_ws/install/rm_serial_driver/share/ament_index/resource_index/package_run_dependencies/rm_serial_driver
[0.090s] -- Up-to-date: /home/rm_autoaim/dev_ws/install/rm_serial_driver/share/ament_index/resource_index/parent_prefix_path/rm_serial_driver
[0.090s] -- Up-to-date: /home/rm_autoaim/dev_ws/install/rm_serial_driver/share/rm_serial_driver/environment/ament_prefix_path.sh
[0.090s] -- Up-to-date: /home/rm_autoaim/dev_ws/install/rm_serial_driver/share/rm_serial_driver/environment/ament_prefix_path.dsv
[0.090s] -- Up-to-date: /home/rm_autoaim/dev_ws/install/rm_serial_driver/share/rm_serial_driver/environment/path.sh
[0.090s] -- Up-to-date: /home/rm_autoaim/dev_ws/install/rm_serial_driver/share/rm_serial_driver/environment/path.dsv
[0.090s] -- Up-to-date: /home/rm_autoaim/dev_ws/install/rm_serial_driver/share/rm_serial_driver/local_setup.bash
[0.090s] -- Up-to-date: /home/rm_autoaim/dev_ws/install/rm_serial_driver/share/rm_serial_driver/local_setup.sh
[0.090s] -- Up-to-date: /home/rm_autoaim/dev_ws/install/rm_serial_driver/share/rm_serial_driver/local_setup.zsh
[0.090s] -- Up-to-date: /home/rm_autoaim/dev_ws/install/rm_serial_driver/share/rm_serial_driver/local_setup.dsv
[0.090s] -- Installing: /home/rm_autoaim/dev_ws/install/rm_serial_driver/share/rm_serial_driver/package.dsv
[0.091s] -- Up-to-date: /home/rm_autoaim/dev_ws/install/rm_serial_driver/share/ament_index/resource_index/packages/rm_serial_driver
[0.091s] -- Up-to-date: /home/rm_autoaim/dev_ws/install/rm_serial_driver/share/ament_index/resource_index/rclcpp_components/rm_serial_driver
[0.091s] -- Up-to-date: /home/rm_autoaim/dev_ws/install/rm_serial_driver/share/rm_serial_driver/cmake/ament_cmake_export_dependencies-extras.cmake
[0.091s] -- Up-to-date: /home/rm_autoaim/dev_ws/install/rm_serial_driver/share/rm_serial_driver/cmake/ament_cmake_export_include_directories-extras.cmake
[0.091s] -- Up-to-date: /home/rm_autoaim/dev_ws/install/rm_serial_driver/share/rm_serial_driver/cmake/ament_cmake_export_libraries-extras.cmake
[0.092s] -- Up-to-date: /home/rm_autoaim/dev_ws/install/rm_serial_driver/share/rm_serial_driver/cmake/rm_serial_driverConfig.cmake
[0.093s] -- Up-to-date: /home/rm_autoaim/dev_ws/install/rm_serial_driver/share/rm_serial_driver/cmake/rm_serial_driverConfig-version.cmake
[0.093s] -- Up-to-date: /home/rm_autoaim/dev_ws/install/rm_serial_driver/share/rm_serial_driver/package.xml
[0.094s] Invoked command in '/home/rm_autoaim/dev_ws/build/rm_serial_driver' returned '0': AMENT_PREFIX_PATH=/home/rm_autoaim/dev_ws/install/auto_aim_interfaces CMAKE_PREFIX_PATH=/home/rm_autoaim/dev_ws/install/auto_aim_interfaces LD_LIBRARY_PATH=/home/rm_autoaim/dev_ws/install/auto_aim_interfaces/lib PYTHONPATH=/home/rm_autoaim/dev_ws/install/auto_aim_interfaces/local/lib/python3.10/dist-packages /usr/bin/cmake --install /home/rm_autoaim/dev_ws/build/rm_serial_driver
