[0.008s] Invoking command in '/home/rm_autoaim/dev_ws/build/hik_camera': CMAKE_PREFIX_PATH=/opt/ros/humble /usr/bin/cmake /home/rm_autoaim/dev_ws/src/hik_camera -DCMAKE_INSTALL_PREFIX=/home/rm_autoaim/dev_ws/install/hik_camera
[0.088s] -- The C compiler identification is GNU 11.4.0
[0.158s] -- The CXX compiler identification is GNU 11.4.0
[0.166s] -- Detecting C compiler ABI info
[0.227s] -- Detecting C compiler ABI info - done
[0.238s] -- Check for working C compiler: /usr/bin/cc - skipped
[0.238s] -- Detecting C compile features
[0.238s] -- Detecting C compile features - done
[0.242s] -- Detecting CXX compiler ABI info
[0.310s] -- Detecting CXX compiler ABI info - done
[0.315s] -- Check for working CXX compiler: /usr/bin/c++ - skipped
[0.316s] -- Detecting CXX compile features
[0.316s] -- Detecting CXX compile features - done
[0.317s] -- Found cv_bridge: 3.2.1 (/opt/ros/humble/share/cv_bridge/cmake)
[0.435s] -- Found Python3: /usr/bin/python3 (found version "3.10.12") found components: Interpreter 
[0.537s] -- Found rosidl_generator_c: 3.1.7 (/opt/ros/humble/share/rosidl_generator_c/cmake)
[0.540s] -- Found rosidl_adapter: 3.1.7 (/opt/ros/humble/share/rosidl_adapter/cmake)
[0.546s] -- Found rosidl_generator_cpp: 3.1.7 (/opt/ros/humble/share/rosidl_generator_cpp/cmake)
[0.556s] -- Using all available rosidl_typesupport_c: rosidl_typesupport_fastrtps_c;rosidl_typesupport_introspection_c
[0.567s] -- Using all available rosidl_typesupport_cpp: rosidl_typesupport_fastrtps_cpp;rosidl_typesupport_introspection_cpp
[0.620s] -- Found OpenCV: /usr (found version "4.5.4") 
[0.620s] -- Found ament_cmake_auto: 1.3.12 (/opt/ros/humble/share/ament_cmake_auto/cmake)
[0.707s] -- Found rmw_implementation_cmake: 6.1.2 (/opt/ros/humble/share/rmw_implementation_cmake/cmake)
[0.709s] -- Found rmw_fastrtps_cpp: 6.2.8 (/opt/ros/humble/share/rmw_fastrtps_cpp/cmake)
[0.795s] -- Found OpenSSL: /usr/lib/x86_64-linux-gnu/libcrypto.so (found version "3.0.2")  
[0.815s] -- Found FastRTPS: /opt/ros/humble/include  
[0.846s] -- Using RMW implementation 'rmw_fastrtps_cpp' as default
[0.852s] -- Looking for pthread.h
[0.915s] -- Looking for pthread.h - found
[0.915s] -- Performing Test CMAKE_HAVE_LIBC_PTHREAD
[0.976s] -- Performing Test CMAKE_HAVE_LIBC_PTHREAD - Success
[0.977s] -- Found Threads: TRUE  
[1.069s] -- Found ament_lint_auto: 0.12.14 (/opt/ros/humble/share/ament_lint_auto/cmake)
[1.081s] -- Added test 'cppcheck' to perform static code analysis on C / C++ code
[1.081s] -- Configured cppcheck include dirs: $<BUILD_INTERFACE:/home/rm_autoaim/dev_ws/src/hik_camera/hikSDK/include>
[1.081s] -- Configured cppcheck exclude dirs and/or files: 
[1.082s] -- Added test 'flake8' to check Python code syntax and style conventions
[1.082s] -- Added test 'lint_cmake' to check CMake code style
[1.082s] -- Added test 'pep257' to check Python code against some of the docstring style conventions in PEP 257
[1.083s] -- Added test 'xmllint' to check XML markup files
[1.085s] -- Configuring done
[1.092s] [33mCMake Warning (dev):
[1.092s]   The library that is being linked to, yaml-cpp, is marked as being
[1.093s]   deprecated by the owner.  The message provided by the developer is:
[1.093s] 
[1.093s]   The target yaml-cpp is deprecated and will be removed in version 0.10.0.
[1.093s]   Use the yaml-cpp::yaml-cpp target instead.
[1.093s] 
[1.093s] This warning is for project developers.  Use -Wno-dev to suppress it.
[1.093s] [0m
[1.098s] -- Generating done
[1.102s] -- Build files have been written to: /home/rm_autoaim/dev_ws/build/hik_camera
[1.110s] Invoked command in '/home/rm_autoaim/dev_ws/build/hik_camera' returned '0': CMAKE_PREFIX_PATH=/opt/ros/humble /usr/bin/cmake /home/rm_autoaim/dev_ws/src/hik_camera -DCMAKE_INSTALL_PREFIX=/home/rm_autoaim/dev_ws/install/hik_camera
[1.112s] Invoking command in '/home/rm_autoaim/dev_ws/build/hik_camera': CMAKE_PREFIX_PATH=/opt/ros/humble /usr/bin/cmake --build /home/rm_autoaim/dev_ws/build/hik_camera -- -j8 -l8
[1.154s] [ 50%] [32mBuilding CXX object CMakeFiles/hik_camera_node.dir/rclcpp_components/node_main_hik_camera_node.cpp.o[0m
[1.154s] [ 50%] [32mBuilding CXX object CMakeFiles/hik_camera.dir/src/hik_camera_node.cpp.o[0m
[5.795s] [ 75%] [32m[1mLinking CXX executable hik_camera_node[0m
[5.942s] [ 75%] Built target hik_camera_node
[6.174s] [100%] [32m[1mLinking CXX shared library libhik_camera.so[0m
[6.325s] [100%] Built target hik_camera
[6.333s] Invoked command in '/home/rm_autoaim/dev_ws/build/hik_camera' returned '0': CMAKE_PREFIX_PATH=/opt/ros/humble /usr/bin/cmake --build /home/rm_autoaim/dev_ws/build/hik_camera -- -j8 -l8
[6.335s] Invoking command in '/home/rm_autoaim/dev_ws/build/hik_camera': CMAKE_PREFIX_PATH=/opt/ros/humble /usr/bin/cmake --install /home/rm_autoaim/dev_ws/build/hik_camera
[6.340s] -- Install configuration: ""
[6.340s] -- Installing: /home/rm_autoaim/dev_ws/install/hik_camera/lib
[6.341s] -- Installing: /home/rm_autoaim/dev_ws/install/hik_camera/lib/libMvUsb3vTL.so
[6.344s] -- Installing: /home/rm_autoaim/dev_ws/install/hik_camera/lib/libFormatConversion.so
[6.344s] -- Installing: /home/rm_autoaim/dev_ws/install/hik_camera/lib/libMVRender.so
[6.345s] -- Installing: /home/rm_autoaim/dev_ws/install/hik_camera/lib/libMvCameraControl.so
[6.349s] -- Installing: /home/rm_autoaim/dev_ws/install/hik_camera/lib/libMediaProcess.so
[6.350s] -- Installing: /home/rm_autoaim/dev_ws/install/hik_camera/lib/hik_camera/hik_camera_node
[6.350s] -- Set runtime path of "/home/rm_autoaim/dev_ws/install/hik_camera/lib/hik_camera/hik_camera_node" to ""
[6.351s] -- Installing: /home/rm_autoaim/dev_ws/install/hik_camera/share/hik_camera/environment/library_path.sh
[6.351s] -- Installing: /home/rm_autoaim/dev_ws/install/hik_camera/share/hik_camera/environment/library_path.dsv
[6.351s] -- Installing: /home/rm_autoaim/dev_ws/install/hik_camera/lib/libhik_camera.so
[6.351s] -- Set runtime path of "/home/rm_autoaim/dev_ws/install/hik_camera/lib/libhik_camera.so" to ""
[6.351s] -- Installing: /home/rm_autoaim/dev_ws/install/hik_camera/share/hik_camera/config
[6.351s] -- Installing: /home/rm_autoaim/dev_ws/install/hik_camera/share/hik_camera/config/camera_params.yaml
[6.351s] -- Installing: /home/rm_autoaim/dev_ws/install/hik_camera/share/hik_camera/config/camera_info.yaml
[6.351s] -- Installing: /home/rm_autoaim/dev_ws/install/hik_camera/share/hik_camera/launch
[6.351s] -- Installing: /home/rm_autoaim/dev_ws/install/hik_camera/share/hik_camera/launch/hik_camera.launch.py
[6.352s] -- Installing: /home/rm_autoaim/dev_ws/install/hik_camera/share/ament_index/resource_index/package_run_dependencies/hik_camera
[6.352s] -- Installing: /home/rm_autoaim/dev_ws/install/hik_camera/share/ament_index/resource_index/parent_prefix_path/hik_camera
[6.352s] -- Installing: /home/rm_autoaim/dev_ws/install/hik_camera/share/hik_camera/environment/ament_prefix_path.sh
[6.352s] -- Installing: /home/rm_autoaim/dev_ws/install/hik_camera/share/hik_camera/environment/ament_prefix_path.dsv
[6.352s] -- Installing: /home/rm_autoaim/dev_ws/install/hik_camera/share/hik_camera/environment/path.sh
[6.352s] -- Installing: /home/rm_autoaim/dev_ws/install/hik_camera/share/hik_camera/environment/path.dsv
[6.352s] -- Installing: /home/rm_autoaim/dev_ws/install/hik_camera/share/hik_camera/local_setup.bash
[6.352s] -- Installing: /home/rm_autoaim/dev_ws/install/hik_camera/share/hik_camera/local_setup.sh
[6.352s] -- Installing: /home/rm_autoaim/dev_ws/install/hik_camera/share/hik_camera/local_setup.zsh
[6.352s] -- Installing: /home/rm_autoaim/dev_ws/install/hik_camera/share/hik_camera/local_setup.dsv
[6.352s] -- Installing: /home/rm_autoaim/dev_ws/install/hik_camera/share/hik_camera/package.dsv
[6.352s] -- Installing: /home/rm_autoaim/dev_ws/install/hik_camera/share/ament_index/resource_index/packages/hik_camera
[6.352s] -- Installing: /home/rm_autoaim/dev_ws/install/hik_camera/share/ament_index/resource_index/rclcpp_components/hik_camera
[6.353s] -- Installing: /home/rm_autoaim/dev_ws/install/hik_camera/share/hik_camera/cmake/ament_cmake_export_dependencies-extras.cmake
[6.353s] -- Installing: /home/rm_autoaim/dev_ws/install/hik_camera/share/hik_camera/cmake/ament_cmake_export_libraries-extras.cmake
[6.353s] -- Installing: /home/rm_autoaim/dev_ws/install/hik_camera/share/hik_camera/cmake/hik_cameraConfig.cmake
[6.353s] -- Installing: /home/rm_autoaim/dev_ws/install/hik_camera/share/hik_camera/cmake/hik_cameraConfig-version.cmake
[6.353s] -- Installing: /home/rm_autoaim/dev_ws/install/hik_camera/share/hik_camera/package.xml
[6.354s] Invoked command in '/home/rm_autoaim/dev_ws/build/hik_camera' returned '0': CMAKE_PREFIX_PATH=/opt/ros/humble /usr/bin/cmake --install /home/rm_autoaim/dev_ws/build/hik_camera
