[0.009s] Invoking command in '/home/rm_autoaim/dev_ws/build/rm_serial_driver': AMENT_PREFIX_PATH=/home/rm_autoaim/dev_ws/install/auto_aim_interfaces CMAKE_PREFIX_PATH=/home/rm_autoaim/dev_ws/install/auto_aim_interfaces LD_LIBRARY_PATH=/home/rm_autoaim/dev_ws/install/auto_aim_interfaces/lib PYTHONPATH=/home/rm_autoaim/dev_ws/install/auto_aim_interfaces/local/lib/python3.10/dist-packages /usr/bin/cmake --build /home/rm_autoaim/dev_ws/build/rm_serial_driver -- -j8 -l8
[0.063s] [ 40%] Built target rm_serial_driver_node
[0.067s] [ 60%] [32mBuilding CXX object CMakeFiles/rm_serial_driver.dir/src/rm_serial_driver.cpp.o[0m
[14.629s] [ 80%] [32m[1mLinking CXX shared library librm_serial_driver.so[0m
[15.641s] [100%] Built target rm_serial_driver
[15.649s] Invoked command in '/home/rm_autoaim/dev_ws/build/rm_serial_driver' returned '0': AMENT_PREFIX_PATH=/home/rm_autoaim/dev_ws/install/auto_aim_interfaces CMAKE_PREFIX_PATH=/home/rm_autoaim/dev_ws/install/auto_aim_interfaces LD_LIBRARY_PATH=/home/rm_autoaim/dev_ws/install/auto_aim_interfaces/lib PYTHONPATH=/home/rm_autoaim/dev_ws/install/auto_aim_interfaces/local/lib/python3.10/dist-packages /usr/bin/cmake --build /home/rm_autoaim/dev_ws/build/rm_serial_driver -- -j8 -l8
[15.651s] Invoking command in '/home/rm_autoaim/dev_ws/build/rm_serial_driver': AMENT_PREFIX_PATH=/home/rm_autoaim/dev_ws/install/auto_aim_interfaces CMAKE_PREFIX_PATH=/home/rm_autoaim/dev_ws/install/auto_aim_interfaces LD_LIBRARY_PATH=/home/rm_autoaim/dev_ws/install/auto_aim_interfaces/lib PYTHONPATH=/home/rm_autoaim/dev_ws/install/auto_aim_interfaces/local/lib/python3.10/dist-packages /usr/bin/cmake --install /home/rm_autoaim/dev_ws/build/rm_serial_driver
[15.658s] -- Install configuration: ""
[15.658s] -- Up-to-date: /home/rm_autoaim/dev_ws/install/rm_serial_driver/lib/rm_serial_driver/rm_serial_driver_node
[15.658s] -- Up-to-date: /home/rm_autoaim/dev_ws/install/rm_serial_driver/include
[15.658s] -- Up-to-date: /home/rm_autoaim/dev_ws/install/rm_serial_driver/include/rm_serial_driver
[15.658s] -- Up-to-date: /home/rm_autoaim/dev_ws/install/rm_serial_driver/include/rm_serial_driver/rm_serial_driver.hpp
[15.658s] -- Up-to-date: /home/rm_autoaim/dev_ws/install/rm_serial_driver/include/rm_serial_driver/packet.hpp
[15.658s] -- Up-to-date: /home/rm_autoaim/dev_ws/install/rm_serial_driver/include/rm_serial_driver/crc.hpp
[15.658s] -- Up-to-date: /home/rm_autoaim/dev_ws/install/rm_serial_driver/share/rm_serial_driver/environment/library_path.sh
[15.659s] -- Up-to-date: /home/rm_autoaim/dev_ws/install/rm_serial_driver/share/rm_serial_driver/environment/library_path.dsv
[15.659s] -- Installing: /home/rm_autoaim/dev_ws/install/rm_serial_driver/lib/librm_serial_driver.so
[15.671s] -- Set runtime path of "/home/rm_autoaim/dev_ws/install/rm_serial_driver/lib/librm_serial_driver.so" to ""
[15.671s] -- Up-to-date: /home/rm_autoaim/dev_ws/install/rm_serial_driver/share/rm_serial_driver/config
[15.671s] -- Up-to-date: /home/rm_autoaim/dev_ws/install/rm_serial_driver/share/rm_serial_driver/config/serial_driver.yaml
[15.671s] -- Up-to-date: /home/rm_autoaim/dev_ws/install/rm_serial_driver/share/rm_serial_driver/launch
[15.671s] -- Up-to-date: /home/rm_autoaim/dev_ws/install/rm_serial_driver/share/rm_serial_driver/launch/serial_driver.launch.py
[15.671s] -- Up-to-date: /home/rm_autoaim/dev_ws/install/rm_serial_driver/share/ament_index/resource_index/package_run_dependencies/rm_serial_driver
[15.671s] -- Up-to-date: /home/rm_autoaim/dev_ws/install/rm_serial_driver/share/ament_index/resource_index/parent_prefix_path/rm_serial_driver
[15.671s] -- Up-to-date: /home/rm_autoaim/dev_ws/install/rm_serial_driver/share/rm_serial_driver/environment/ament_prefix_path.sh
[15.671s] -- Up-to-date: /home/rm_autoaim/dev_ws/install/rm_serial_driver/share/rm_serial_driver/environment/ament_prefix_path.dsv
[15.672s] -- Up-to-date: /home/rm_autoaim/dev_ws/install/rm_serial_driver/share/rm_serial_driver/environment/path.sh
[15.672s] -- Up-to-date: /home/rm_autoaim/dev_ws/install/rm_serial_driver/share/rm_serial_driver/environment/path.dsv
[15.672s] -- Up-to-date: /home/rm_autoaim/dev_ws/install/rm_serial_driver/share/rm_serial_driver/local_setup.bash
[15.672s] -- Up-to-date: /home/rm_autoaim/dev_ws/install/rm_serial_driver/share/rm_serial_driver/local_setup.sh
[15.672s] -- Up-to-date: /home/rm_autoaim/dev_ws/install/rm_serial_driver/share/rm_serial_driver/local_setup.zsh
[15.672s] -- Up-to-date: /home/rm_autoaim/dev_ws/install/rm_serial_driver/share/rm_serial_driver/local_setup.dsv
[15.672s] -- Installing: /home/rm_autoaim/dev_ws/install/rm_serial_driver/share/rm_serial_driver/package.dsv
[15.672s] -- Up-to-date: /home/rm_autoaim/dev_ws/install/rm_serial_driver/share/ament_index/resource_index/packages/rm_serial_driver
[15.672s] -- Up-to-date: /home/rm_autoaim/dev_ws/install/rm_serial_driver/share/ament_index/resource_index/rclcpp_components/rm_serial_driver
[15.672s] -- Up-to-date: /home/rm_autoaim/dev_ws/install/rm_serial_driver/share/rm_serial_driver/cmake/ament_cmake_export_dependencies-extras.cmake
[15.672s] -- Up-to-date: /home/rm_autoaim/dev_ws/install/rm_serial_driver/share/rm_serial_driver/cmake/ament_cmake_export_include_directories-extras.cmake
[15.672s] -- Up-to-date: /home/rm_autoaim/dev_ws/install/rm_serial_driver/share/rm_serial_driver/cmake/ament_cmake_export_libraries-extras.cmake
[15.672s] -- Up-to-date: /home/rm_autoaim/dev_ws/install/rm_serial_driver/share/rm_serial_driver/cmake/rm_serial_driverConfig.cmake
[15.672s] -- Up-to-date: /home/rm_autoaim/dev_ws/install/rm_serial_driver/share/rm_serial_driver/cmake/rm_serial_driverConfig-version.cmake
[15.672s] -- Up-to-date: /home/rm_autoaim/dev_ws/install/rm_serial_driver/share/rm_serial_driver/package.xml
[15.673s] Invoked command in '/home/rm_autoaim/dev_ws/build/rm_serial_driver' returned '0': AMENT_PREFIX_PATH=/home/rm_autoaim/dev_ws/install/auto_aim_interfaces CMAKE_PREFIX_PATH=/home/rm_autoaim/dev_ws/install/auto_aim_interfaces LD_LIBRARY_PATH=/home/rm_autoaim/dev_ws/install/auto_aim_interfaces/lib PYTHONPATH=/home/rm_autoaim/dev_ws/install/auto_aim_interfaces/local/lib/python3.10/dist-packages /usr/bin/cmake --install /home/rm_autoaim/dev_ws/build/rm_serial_driver
