[0.067s] DEBUG:colcon:Command line arguments: ['/usr/bin/colcon', 'build']
[0.067s] DEBUG:colcon:Parsed command line arguments: Namespace(log_base=None, log_level=None, verb_name='build', build_base='build', install_base='install', merge_install=False, symlink_install=False, test_result_base=None, continue_on_error=False, executor='parallel', parallel_workers=8, event_handlers=None, ignore_user_meta=False, metas=['./colcon.meta'], base_paths=['.'], packages_ignore=None, packages_ignore_regex=None, paths=None, packages_up_to=None, packages_up_to_regex=None, packages_above=None, packages_above_and_dependencies=None, packages_above_depth=None, packages_select_by_dep=None, packages_skip_by_dep=None, packages_skip_up_to=None, packages_select_build_failed=False, packages_skip_build_finished=False, packages_select_test_failures=False, packages_skip_test_passed=False, packages_select=None, packages_skip=None, packages_select_regex=None, packages_skip_regex=None, packages_start=None, packages_end=None, allow_overriding=[], cmake_args=None, cmake_target=None, cmake_target_skip_unavailable=False, cmake_clean_cache=False, cmake_clean_first=False, cmake_force_configure=False, ament_cmake_args=None, catkin_cmake_args=None, catkin_skip_building_tests=False, verb_parser=<colcon_defaults.argument_parser.defaults.DefaultArgumentsDecorator object at 0x7a824870b4c0>, verb_extension=<colcon_core.verb.build.BuildVerb object at 0x7a824870afb0>, main=<bound method BuildVerb.main of <colcon_core.verb.build.BuildVerb object at 0x7a824870afb0>>)
[0.149s] Level 1:colcon.colcon_core.package_discovery:discover_packages(colcon_meta) check parameters
[0.149s] Level 1:colcon.colcon_core.package_discovery:discover_packages(recursive) check parameters
[0.149s] Level 1:colcon.colcon_core.package_discovery:discover_packages(ignore) check parameters
[0.149s] Level 1:colcon.colcon_core.package_discovery:discover_packages(path) check parameters
[0.149s] Level 1:colcon.colcon_core.package_discovery:discover_packages(colcon_meta) discover
[0.149s] Level 1:colcon.colcon_core.package_discovery:discover_packages(recursive) discover
[0.150s] INFO:colcon.colcon_core.package_discovery:Crawling recursively for packages in '/home/rm_autoaim/dev_ws'
[0.150s] Level 1:colcon.colcon_core.package_identification:_identify(.) by extensions ['ignore', 'ignore_ament_install']
[0.150s] Level 1:colcon.colcon_core.package_identification:_identify(.) by extension 'ignore'
[0.150s] Level 1:colcon.colcon_core.package_identification:_identify(.) by extension 'ignore_ament_install'
[0.150s] Level 1:colcon.colcon_core.package_identification:_identify(.) by extensions ['colcon_pkg']
[0.150s] Level 1:colcon.colcon_core.package_identification:_identify(.) by extension 'colcon_pkg'
[0.150s] Level 1:colcon.colcon_core.package_identification:_identify(.) by extensions ['colcon_meta']
[0.150s] Level 1:colcon.colcon_core.package_identification:_identify(.) by extension 'colcon_meta'
[0.150s] Level 1:colcon.colcon_core.package_identification:_identify(.) by extensions ['ros']
[0.150s] Level 1:colcon.colcon_core.package_identification:_identify(.) by extension 'ros'
[0.158s] Level 1:colcon.colcon_core.package_identification:_identify(.) by extensions ['cmake', 'python']
[0.158s] Level 1:colcon.colcon_core.package_identification:_identify(.) by extension 'cmake'
[0.158s] Level 1:colcon.colcon_core.package_identification:_identify(.) by extension 'python'
[0.158s] Level 1:colcon.colcon_core.package_identification:_identify(.) by extensions ['python_setup_py']
[0.158s] Level 1:colcon.colcon_core.package_identification:_identify(.) by extension 'python_setup_py'
[0.158s] Level 1:colcon.colcon_core.package_identification:_identify(build) by extensions ['ignore', 'ignore_ament_install']
[0.158s] Level 1:colcon.colcon_core.package_identification:_identify(build) by extension 'ignore'
[0.158s] Level 1:colcon.colcon_core.package_identification:_identify(build) ignored
[0.158s] Level 1:colcon.colcon_core.package_identification:_identify(install) by extensions ['ignore', 'ignore_ament_install']
[0.158s] Level 1:colcon.colcon_core.package_identification:_identify(install) by extension 'ignore'
[0.158s] Level 1:colcon.colcon_core.package_identification:_identify(install) ignored
[0.158s] Level 1:colcon.colcon_core.package_identification:_identify(log) by extensions ['ignore', 'ignore_ament_install']
[0.158s] Level 1:colcon.colcon_core.package_identification:_identify(log) by extension 'ignore'
[0.158s] Level 1:colcon.colcon_core.package_identification:_identify(log) ignored
[0.158s] Level 1:colcon.colcon_core.package_identification:_identify(src) by extensions ['ignore', 'ignore_ament_install']
[0.158s] Level 1:colcon.colcon_core.package_identification:_identify(src) by extension 'ignore'
[0.158s] Level 1:colcon.colcon_core.package_identification:_identify(src) by extension 'ignore_ament_install'
[0.159s] Level 1:colcon.colcon_core.package_identification:_identify(src) by extensions ['colcon_pkg']
[0.159s] Level 1:colcon.colcon_core.package_identification:_identify(src) by extension 'colcon_pkg'
[0.159s] Level 1:colcon.colcon_core.package_identification:_identify(src) by extensions ['colcon_meta']
[0.159s] Level 1:colcon.colcon_core.package_identification:_identify(src) by extension 'colcon_meta'
[0.159s] Level 1:colcon.colcon_core.package_identification:_identify(src) by extensions ['ros']
[0.159s] Level 1:colcon.colcon_core.package_identification:_identify(src) by extension 'ros'
[0.159s] Level 1:colcon.colcon_core.package_identification:_identify(src) by extensions ['cmake', 'python']
[0.159s] Level 1:colcon.colcon_core.package_identification:_identify(src) by extension 'cmake'
[0.159s] Level 1:colcon.colcon_core.package_identification:_identify(src) by extension 'python'
[0.159s] Level 1:colcon.colcon_core.package_identification:_identify(src) by extensions ['python_setup_py']
[0.159s] Level 1:colcon.colcon_core.package_identification:_identify(src) by extension 'python_setup_py'
[0.159s] Level 1:colcon.colcon_core.package_identification:_identify(src/hik_camera) by extensions ['ignore', 'ignore_ament_install']
[0.159s] Level 1:colcon.colcon_core.package_identification:_identify(src/hik_camera) by extension 'ignore'
[0.159s] Level 1:colcon.colcon_core.package_identification:_identify(src/hik_camera) by extension 'ignore_ament_install'
[0.159s] Level 1:colcon.colcon_core.package_identification:_identify(src/hik_camera) by extensions ['colcon_pkg']
[0.159s] Level 1:colcon.colcon_core.package_identification:_identify(src/hik_camera) by extension 'colcon_pkg'
[0.159s] Level 1:colcon.colcon_core.package_identification:_identify(src/hik_camera) by extensions ['colcon_meta']
[0.159s] Level 1:colcon.colcon_core.package_identification:_identify(src/hik_camera) by extension 'colcon_meta'
[0.159s] Level 1:colcon.colcon_core.package_identification:_identify(src/hik_camera) by extensions ['ros']
[0.159s] Level 1:colcon.colcon_core.package_identification:_identify(src/hik_camera) by extension 'ros'
[0.161s] DEBUG:colcon.colcon_core.package_identification:Package 'src/hik_camera' with type 'ros.ament_cmake' and name 'hik_camera'
[0.161s] Level 1:colcon.colcon_core.package_identification:_identify(src/rm_auto_aim) by extensions ['ignore', 'ignore_ament_install']
[0.161s] Level 1:colcon.colcon_core.package_identification:_identify(src/rm_auto_aim) by extension 'ignore'
[0.161s] Level 1:colcon.colcon_core.package_identification:_identify(src/rm_auto_aim) by extension 'ignore_ament_install'
[0.161s] Level 1:colcon.colcon_core.package_identification:_identify(src/rm_auto_aim) by extensions ['colcon_pkg']
[0.161s] Level 1:colcon.colcon_core.package_identification:_identify(src/rm_auto_aim) by extension 'colcon_pkg'
[0.161s] Level 1:colcon.colcon_core.package_identification:_identify(src/rm_auto_aim) by extensions ['colcon_meta']
[0.161s] Level 1:colcon.colcon_core.package_identification:_identify(src/rm_auto_aim) by extension 'colcon_meta'
[0.161s] Level 1:colcon.colcon_core.package_identification:_identify(src/rm_auto_aim) by extensions ['ros']
[0.162s] Level 1:colcon.colcon_core.package_identification:_identify(src/rm_auto_aim) by extension 'ros'
[0.162s] Level 1:colcon.colcon_core.package_identification:_identify(src/rm_auto_aim) by extensions ['cmake', 'python']
[0.162s] Level 1:colcon.colcon_core.package_identification:_identify(src/rm_auto_aim) by extension 'cmake'
[0.162s] Level 1:colcon.colcon_core.package_identification:_identify(src/rm_auto_aim) by extension 'python'
[0.162s] Level 1:colcon.colcon_core.package_identification:_identify(src/rm_auto_aim) by extensions ['python_setup_py']
[0.162s] Level 1:colcon.colcon_core.package_identification:_identify(src/rm_auto_aim) by extension 'python_setup_py'
[0.162s] Level 1:colcon.colcon_core.package_identification:_identify(src/rm_auto_aim/armor_detector) by extensions ['ignore', 'ignore_ament_install']
[0.162s] Level 1:colcon.colcon_core.package_identification:_identify(src/rm_auto_aim/armor_detector) by extension 'ignore'
[0.162s] Level 1:colcon.colcon_core.package_identification:_identify(src/rm_auto_aim/armor_detector) by extension 'ignore_ament_install'
[0.162s] Level 1:colcon.colcon_core.package_identification:_identify(src/rm_auto_aim/armor_detector) by extensions ['colcon_pkg']
[0.162s] Level 1:colcon.colcon_core.package_identification:_identify(src/rm_auto_aim/armor_detector) by extension 'colcon_pkg'
[0.162s] Level 1:colcon.colcon_core.package_identification:_identify(src/rm_auto_aim/armor_detector) by extensions ['colcon_meta']
[0.162s] Level 1:colcon.colcon_core.package_identification:_identify(src/rm_auto_aim/armor_detector) by extension 'colcon_meta'
[0.162s] Level 1:colcon.colcon_core.package_identification:_identify(src/rm_auto_aim/armor_detector) by extensions ['ros']
[0.162s] Level 1:colcon.colcon_core.package_identification:_identify(src/rm_auto_aim/armor_detector) by extension 'ros'
[0.163s] DEBUG:colcon.colcon_core.package_identification:Package 'src/rm_auto_aim/armor_detector' with type 'ros.ament_cmake' and name 'armor_detector'
[0.163s] Level 1:colcon.colcon_core.package_identification:_identify(src/rm_auto_aim/armor_tracker) by extensions ['ignore', 'ignore_ament_install']
[0.163s] Level 1:colcon.colcon_core.package_identification:_identify(src/rm_auto_aim/armor_tracker) by extension 'ignore'
[0.163s] Level 1:colcon.colcon_core.package_identification:_identify(src/rm_auto_aim/armor_tracker) by extension 'ignore_ament_install'
[0.163s] Level 1:colcon.colcon_core.package_identification:_identify(src/rm_auto_aim/armor_tracker) by extensions ['colcon_pkg']
[0.163s] Level 1:colcon.colcon_core.package_identification:_identify(src/rm_auto_aim/armor_tracker) by extension 'colcon_pkg'
[0.163s] Level 1:colcon.colcon_core.package_identification:_identify(src/rm_auto_aim/armor_tracker) by extensions ['colcon_meta']
[0.163s] Level 1:colcon.colcon_core.package_identification:_identify(src/rm_auto_aim/armor_tracker) by extension 'colcon_meta'
[0.163s] Level 1:colcon.colcon_core.package_identification:_identify(src/rm_auto_aim/armor_tracker) by extensions ['ros']
[0.163s] Level 1:colcon.colcon_core.package_identification:_identify(src/rm_auto_aim/armor_tracker) by extension 'ros'
[0.164s] DEBUG:colcon.colcon_core.package_identification:Package 'src/rm_auto_aim/armor_tracker' with type 'ros.ament_cmake' and name 'armor_tracker'
[0.164s] Level 1:colcon.colcon_core.package_identification:_identify(src/rm_auto_aim/auto_aim_interfaces) by extensions ['ignore', 'ignore_ament_install']
[0.164s] Level 1:colcon.colcon_core.package_identification:_identify(src/rm_auto_aim/auto_aim_interfaces) by extension 'ignore'
[0.164s] Level 1:colcon.colcon_core.package_identification:_identify(src/rm_auto_aim/auto_aim_interfaces) by extension 'ignore_ament_install'
[0.164s] Level 1:colcon.colcon_core.package_identification:_identify(src/rm_auto_aim/auto_aim_interfaces) by extensions ['colcon_pkg']
[0.164s] Level 1:colcon.colcon_core.package_identification:_identify(src/rm_auto_aim/auto_aim_interfaces) by extension 'colcon_pkg'
[0.164s] Level 1:colcon.colcon_core.package_identification:_identify(src/rm_auto_aim/auto_aim_interfaces) by extensions ['colcon_meta']
[0.164s] Level 1:colcon.colcon_core.package_identification:_identify(src/rm_auto_aim/auto_aim_interfaces) by extension 'colcon_meta'
[0.164s] Level 1:colcon.colcon_core.package_identification:_identify(src/rm_auto_aim/auto_aim_interfaces) by extensions ['ros']
[0.164s] Level 1:colcon.colcon_core.package_identification:_identify(src/rm_auto_aim/auto_aim_interfaces) by extension 'ros'
[0.165s] DEBUG:colcon.colcon_core.package_identification:Package 'src/rm_auto_aim/auto_aim_interfaces' with type 'ros.ament_cmake' and name 'auto_aim_interfaces'
[0.165s] Level 1:colcon.colcon_core.package_identification:_identify(src/rm_gimbal_description) by extensions ['ignore', 'ignore_ament_install']
[0.165s] Level 1:colcon.colcon_core.package_identification:_identify(src/rm_gimbal_description) by extension 'ignore'
[0.165s] Level 1:colcon.colcon_core.package_identification:_identify(src/rm_gimbal_description) by extension 'ignore_ament_install'
[0.165s] Level 1:colcon.colcon_core.package_identification:_identify(src/rm_gimbal_description) by extensions ['colcon_pkg']
[0.165s] Level 1:colcon.colcon_core.package_identification:_identify(src/rm_gimbal_description) by extension 'colcon_pkg'
[0.165s] Level 1:colcon.colcon_core.package_identification:_identify(src/rm_gimbal_description) by extensions ['colcon_meta']
[0.165s] Level 1:colcon.colcon_core.package_identification:_identify(src/rm_gimbal_description) by extension 'colcon_meta'
[0.165s] Level 1:colcon.colcon_core.package_identification:_identify(src/rm_gimbal_description) by extensions ['ros']
[0.165s] Level 1:colcon.colcon_core.package_identification:_identify(src/rm_gimbal_description) by extension 'ros'
[0.166s] DEBUG:colcon.colcon_core.package_identification:Package 'src/rm_gimbal_description' with type 'ros.ament_cmake' and name 'rm_gimbal_description'
[0.166s] Level 1:colcon.colcon_core.package_identification:_identify(src/rm_serial_driver) by extensions ['ignore', 'ignore_ament_install']
[0.166s] Level 1:colcon.colcon_core.package_identification:_identify(src/rm_serial_driver) by extension 'ignore'
[0.166s] Level 1:colcon.colcon_core.package_identification:_identify(src/rm_serial_driver) by extension 'ignore_ament_install'
[0.166s] Level 1:colcon.colcon_core.package_identification:_identify(src/rm_serial_driver) by extensions ['colcon_pkg']
[0.166s] Level 1:colcon.colcon_core.package_identification:_identify(src/rm_serial_driver) by extension 'colcon_pkg'
[0.166s] Level 1:colcon.colcon_core.package_identification:_identify(src/rm_serial_driver) by extensions ['colcon_meta']
[0.166s] Level 1:colcon.colcon_core.package_identification:_identify(src/rm_serial_driver) by extension 'colcon_meta'
[0.166s] Level 1:colcon.colcon_core.package_identification:_identify(src/rm_serial_driver) by extensions ['ros']
[0.166s] Level 1:colcon.colcon_core.package_identification:_identify(src/rm_serial_driver) by extension 'ros'
[0.167s] DEBUG:colcon.colcon_core.package_identification:Package 'src/rm_serial_driver' with type 'ros.ament_cmake' and name 'rm_serial_driver'
[0.167s] Level 1:colcon.colcon_core.package_identification:_identify(src/rm_vision) by extensions ['ignore', 'ignore_ament_install']
[0.167s] Level 1:colcon.colcon_core.package_identification:_identify(src/rm_vision) by extension 'ignore'
[0.167s] Level 1:colcon.colcon_core.package_identification:_identify(src/rm_vision) by extension 'ignore_ament_install'
[0.167s] Level 1:colcon.colcon_core.package_identification:_identify(src/rm_vision) by extensions ['colcon_pkg']
[0.167s] Level 1:colcon.colcon_core.package_identification:_identify(src/rm_vision) by extension 'colcon_pkg'
[0.167s] Level 1:colcon.colcon_core.package_identification:_identify(src/rm_vision) by extensions ['colcon_meta']
[0.167s] Level 1:colcon.colcon_core.package_identification:_identify(src/rm_vision) by extension 'colcon_meta'
[0.167s] Level 1:colcon.colcon_core.package_identification:_identify(src/rm_vision) by extensions ['ros']
[0.167s] Level 1:colcon.colcon_core.package_identification:_identify(src/rm_vision) by extension 'ros'
[0.167s] Level 1:colcon.colcon_core.package_identification:_identify(src/rm_vision) by extensions ['cmake', 'python']
[0.167s] Level 1:colcon.colcon_core.package_identification:_identify(src/rm_vision) by extension 'cmake'
[0.167s] Level 1:colcon.colcon_core.package_identification:_identify(src/rm_vision) by extension 'python'
[0.167s] Level 1:colcon.colcon_core.package_identification:_identify(src/rm_vision) by extensions ['python_setup_py']
[0.167s] Level 1:colcon.colcon_core.package_identification:_identify(src/rm_vision) by extension 'python_setup_py'
[0.167s] Level 1:colcon.colcon_core.package_identification:_identify(src/rm_vision/rm_vision_bringup) by extensions ['ignore', 'ignore_ament_install']
[0.167s] Level 1:colcon.colcon_core.package_identification:_identify(src/rm_vision/rm_vision_bringup) by extension 'ignore'
[0.167s] Level 1:colcon.colcon_core.package_identification:_identify(src/rm_vision/rm_vision_bringup) by extension 'ignore_ament_install'
[0.167s] Level 1:colcon.colcon_core.package_identification:_identify(src/rm_vision/rm_vision_bringup) by extensions ['colcon_pkg']
[0.167s] Level 1:colcon.colcon_core.package_identification:_identify(src/rm_vision/rm_vision_bringup) by extension 'colcon_pkg'
[0.167s] Level 1:colcon.colcon_core.package_identification:_identify(src/rm_vision/rm_vision_bringup) by extensions ['colcon_meta']
[0.168s] Level 1:colcon.colcon_core.package_identification:_identify(src/rm_vision/rm_vision_bringup) by extension 'colcon_meta'
[0.168s] Level 1:colcon.colcon_core.package_identification:_identify(src/rm_vision/rm_vision_bringup) by extensions ['ros']
[0.168s] Level 1:colcon.colcon_core.package_identification:_identify(src/rm_vision/rm_vision_bringup) by extension 'ros'
[0.168s] DEBUG:colcon.colcon_core.package_identification:Package 'src/rm_vision/rm_vision_bringup' with type 'ros.ament_cmake' and name 'rm_vision_bringup'
[0.168s] Level 1:colcon.colcon_core.package_discovery:discover_packages(recursive) using defaults
[0.168s] Level 1:colcon.colcon_core.package_discovery:discover_packages(ignore) discover
[0.168s] Level 1:colcon.colcon_core.package_discovery:discover_packages(ignore) using defaults
[0.168s] Level 1:colcon.colcon_core.package_discovery:discover_packages(path) discover
[0.168s] Level 1:colcon.colcon_core.package_discovery:discover_packages(path) using defaults
[0.184s] Level 1:colcon.colcon_core.package_discovery:discover_packages(prefix_path) check parameters
[0.184s] Level 1:colcon.colcon_core.package_discovery:discover_packages(prefix_path) discover
[0.184s] Level 1:colcon.colcon_core.package_discovery:discover_packages(prefix_path) using defaults
[0.185s] Level 5:colcon.colcon_core.verb:set package 'auto_aim_interfaces' build argument 'cmake_args' from command line to 'None'
[0.185s] Level 5:colcon.colcon_core.verb:set package 'auto_aim_interfaces' build argument 'cmake_target' from command line to 'None'
[0.185s] Level 5:colcon.colcon_core.verb:set package 'auto_aim_interfaces' build argument 'cmake_target_skip_unavailable' from command line to 'False'
[0.185s] Level 5:colcon.colcon_core.verb:set package 'auto_aim_interfaces' build argument 'cmake_clean_cache' from command line to 'False'
[0.185s] Level 5:colcon.colcon_core.verb:set package 'auto_aim_interfaces' build argument 'cmake_clean_first' from command line to 'False'
[0.185s] Level 5:colcon.colcon_core.verb:set package 'auto_aim_interfaces' build argument 'cmake_force_configure' from command line to 'False'
[0.185s] Level 5:colcon.colcon_core.verb:set package 'auto_aim_interfaces' build argument 'ament_cmake_args' from command line to 'None'
[0.185s] Level 5:colcon.colcon_core.verb:set package 'auto_aim_interfaces' build argument 'catkin_cmake_args' from command line to 'None'
[0.185s] Level 5:colcon.colcon_core.verb:set package 'auto_aim_interfaces' build argument 'catkin_skip_building_tests' from command line to 'False'
[0.185s] DEBUG:colcon.colcon_core.verb:Building package 'auto_aim_interfaces' with the following arguments: {'ament_cmake_args': None, 'build_base': '/home/rm_autoaim/dev_ws/build/auto_aim_interfaces', 'catkin_cmake_args': None, 'catkin_skip_building_tests': False, 'cmake_args': None, 'cmake_clean_cache': False, 'cmake_clean_first': False, 'cmake_force_configure': False, 'cmake_target': None, 'cmake_target_skip_unavailable': False, 'install_base': '/home/rm_autoaim/dev_ws/install/auto_aim_interfaces', 'merge_install': False, 'path': '/home/rm_autoaim/dev_ws/src/rm_auto_aim/auto_aim_interfaces', 'symlink_install': False, 'test_result_base': None}
[0.185s] Level 5:colcon.colcon_core.verb:set package 'hik_camera' build argument 'cmake_args' from command line to 'None'
[0.186s] Level 5:colcon.colcon_core.verb:set package 'hik_camera' build argument 'cmake_target' from command line to 'None'
[0.186s] Level 5:colcon.colcon_core.verb:set package 'hik_camera' build argument 'cmake_target_skip_unavailable' from command line to 'False'
[0.186s] Level 5:colcon.colcon_core.verb:set package 'hik_camera' build argument 'cmake_clean_cache' from command line to 'False'
[0.186s] Level 5:colcon.colcon_core.verb:set package 'hik_camera' build argument 'cmake_clean_first' from command line to 'False'
[0.186s] Level 5:colcon.colcon_core.verb:set package 'hik_camera' build argument 'cmake_force_configure' from command line to 'False'
[0.186s] Level 5:colcon.colcon_core.verb:set package 'hik_camera' build argument 'ament_cmake_args' from command line to 'None'
[0.186s] Level 5:colcon.colcon_core.verb:set package 'hik_camera' build argument 'catkin_cmake_args' from command line to 'None'
[0.186s] Level 5:colcon.colcon_core.verb:set package 'hik_camera' build argument 'catkin_skip_building_tests' from command line to 'False'
[0.186s] DEBUG:colcon.colcon_core.verb:Building package 'hik_camera' with the following arguments: {'ament_cmake_args': None, 'build_base': '/home/rm_autoaim/dev_ws/build/hik_camera', 'catkin_cmake_args': None, 'catkin_skip_building_tests': False, 'cmake_args': None, 'cmake_clean_cache': False, 'cmake_clean_first': False, 'cmake_force_configure': False, 'cmake_target': None, 'cmake_target_skip_unavailable': False, 'install_base': '/home/rm_autoaim/dev_ws/install/hik_camera', 'merge_install': False, 'path': '/home/rm_autoaim/dev_ws/src/hik_camera', 'symlink_install': False, 'test_result_base': None}
[0.186s] Level 5:colcon.colcon_core.verb:set package 'rm_gimbal_description' build argument 'cmake_args' from command line to 'None'
[0.186s] Level 5:colcon.colcon_core.verb:set package 'rm_gimbal_description' build argument 'cmake_target' from command line to 'None'
[0.186s] Level 5:colcon.colcon_core.verb:set package 'rm_gimbal_description' build argument 'cmake_target_skip_unavailable' from command line to 'False'
[0.186s] Level 5:colcon.colcon_core.verb:set package 'rm_gimbal_description' build argument 'cmake_clean_cache' from command line to 'False'
[0.186s] Level 5:colcon.colcon_core.verb:set package 'rm_gimbal_description' build argument 'cmake_clean_first' from command line to 'False'
[0.186s] Level 5:colcon.colcon_core.verb:set package 'rm_gimbal_description' build argument 'cmake_force_configure' from command line to 'False'
[0.186s] Level 5:colcon.colcon_core.verb:set package 'rm_gimbal_description' build argument 'ament_cmake_args' from command line to 'None'
[0.186s] Level 5:colcon.colcon_core.verb:set package 'rm_gimbal_description' build argument 'catkin_cmake_args' from command line to 'None'
[0.186s] Level 5:colcon.colcon_core.verb:set package 'rm_gimbal_description' build argument 'catkin_skip_building_tests' from command line to 'False'
[0.186s] DEBUG:colcon.colcon_core.verb:Building package 'rm_gimbal_description' with the following arguments: {'ament_cmake_args': None, 'build_base': '/home/rm_autoaim/dev_ws/build/rm_gimbal_description', 'catkin_cmake_args': None, 'catkin_skip_building_tests': False, 'cmake_args': None, 'cmake_clean_cache': False, 'cmake_clean_first': False, 'cmake_force_configure': False, 'cmake_target': None, 'cmake_target_skip_unavailable': False, 'install_base': '/home/rm_autoaim/dev_ws/install/rm_gimbal_description', 'merge_install': False, 'path': '/home/rm_autoaim/dev_ws/src/rm_gimbal_description', 'symlink_install': False, 'test_result_base': None}
[0.186s] Level 5:colcon.colcon_core.verb:set package 'armor_detector' build argument 'cmake_args' from command line to 'None'
[0.186s] Level 5:colcon.colcon_core.verb:set package 'armor_detector' build argument 'cmake_target' from command line to 'None'
[0.186s] Level 5:colcon.colcon_core.verb:set package 'armor_detector' build argument 'cmake_target_skip_unavailable' from command line to 'False'
[0.186s] Level 5:colcon.colcon_core.verb:set package 'armor_detector' build argument 'cmake_clean_cache' from command line to 'False'
[0.186s] Level 5:colcon.colcon_core.verb:set package 'armor_detector' build argument 'cmake_clean_first' from command line to 'False'
[0.186s] Level 5:colcon.colcon_core.verb:set package 'armor_detector' build argument 'cmake_force_configure' from command line to 'False'
[0.186s] Level 5:colcon.colcon_core.verb:set package 'armor_detector' build argument 'ament_cmake_args' from command line to 'None'
[0.186s] Level 5:colcon.colcon_core.verb:set package 'armor_detector' build argument 'catkin_cmake_args' from command line to 'None'
[0.186s] Level 5:colcon.colcon_core.verb:set package 'armor_detector' build argument 'catkin_skip_building_tests' from command line to 'False'
[0.186s] DEBUG:colcon.colcon_core.verb:Building package 'armor_detector' with the following arguments: {'ament_cmake_args': None, 'build_base': '/home/rm_autoaim/dev_ws/build/armor_detector', 'catkin_cmake_args': None, 'catkin_skip_building_tests': False, 'cmake_args': None, 'cmake_clean_cache': False, 'cmake_clean_first': False, 'cmake_force_configure': False, 'cmake_target': None, 'cmake_target_skip_unavailable': False, 'install_base': '/home/rm_autoaim/dev_ws/install/armor_detector', 'merge_install': False, 'path': '/home/rm_autoaim/dev_ws/src/rm_auto_aim/armor_detector', 'symlink_install': False, 'test_result_base': None}
[0.187s] Level 5:colcon.colcon_core.verb:set package 'armor_tracker' build argument 'cmake_args' from command line to 'None'
[0.187s] Level 5:colcon.colcon_core.verb:set package 'armor_tracker' build argument 'cmake_target' from command line to 'None'
[0.187s] Level 5:colcon.colcon_core.verb:set package 'armor_tracker' build argument 'cmake_target_skip_unavailable' from command line to 'False'
[0.187s] Level 5:colcon.colcon_core.verb:set package 'armor_tracker' build argument 'cmake_clean_cache' from command line to 'False'
[0.187s] Level 5:colcon.colcon_core.verb:set package 'armor_tracker' build argument 'cmake_clean_first' from command line to 'False'
[0.187s] Level 5:colcon.colcon_core.verb:set package 'armor_tracker' build argument 'cmake_force_configure' from command line to 'False'
[0.187s] Level 5:colcon.colcon_core.verb:set package 'armor_tracker' build argument 'ament_cmake_args' from command line to 'None'
[0.187s] Level 5:colcon.colcon_core.verb:set package 'armor_tracker' build argument 'catkin_cmake_args' from command line to 'None'
[0.187s] Level 5:colcon.colcon_core.verb:set package 'armor_tracker' build argument 'catkin_skip_building_tests' from command line to 'False'
[0.187s] DEBUG:colcon.colcon_core.verb:Building package 'armor_tracker' with the following arguments: {'ament_cmake_args': None, 'build_base': '/home/rm_autoaim/dev_ws/build/armor_tracker', 'catkin_cmake_args': None, 'catkin_skip_building_tests': False, 'cmake_args': None, 'cmake_clean_cache': False, 'cmake_clean_first': False, 'cmake_force_configure': False, 'cmake_target': None, 'cmake_target_skip_unavailable': False, 'install_base': '/home/rm_autoaim/dev_ws/install/armor_tracker', 'merge_install': False, 'path': '/home/rm_autoaim/dev_ws/src/rm_auto_aim/armor_tracker', 'symlink_install': False, 'test_result_base': None}
[0.187s] Level 5:colcon.colcon_core.verb:set package 'rm_serial_driver' build argument 'cmake_args' from command line to 'None'
[0.187s] Level 5:colcon.colcon_core.verb:set package 'rm_serial_driver' build argument 'cmake_target' from command line to 'None'
[0.187s] Level 5:colcon.colcon_core.verb:set package 'rm_serial_driver' build argument 'cmake_target_skip_unavailable' from command line to 'False'
[0.187s] Level 5:colcon.colcon_core.verb:set package 'rm_serial_driver' build argument 'cmake_clean_cache' from command line to 'False'
[0.187s] Level 5:colcon.colcon_core.verb:set package 'rm_serial_driver' build argument 'cmake_clean_first' from command line to 'False'
[0.187s] Level 5:colcon.colcon_core.verb:set package 'rm_serial_driver' build argument 'cmake_force_configure' from command line to 'False'
[0.187s] Level 5:colcon.colcon_core.verb:set package 'rm_serial_driver' build argument 'ament_cmake_args' from command line to 'None'
[0.187s] Level 5:colcon.colcon_core.verb:set package 'rm_serial_driver' build argument 'catkin_cmake_args' from command line to 'None'
[0.187s] Level 5:colcon.colcon_core.verb:set package 'rm_serial_driver' build argument 'catkin_skip_building_tests' from command line to 'False'
[0.187s] DEBUG:colcon.colcon_core.verb:Building package 'rm_serial_driver' with the following arguments: {'ament_cmake_args': None, 'build_base': '/home/rm_autoaim/dev_ws/build/rm_serial_driver', 'catkin_cmake_args': None, 'catkin_skip_building_tests': False, 'cmake_args': None, 'cmake_clean_cache': False, 'cmake_clean_first': False, 'cmake_force_configure': False, 'cmake_target': None, 'cmake_target_skip_unavailable': False, 'install_base': '/home/rm_autoaim/dev_ws/install/rm_serial_driver', 'merge_install': False, 'path': '/home/rm_autoaim/dev_ws/src/rm_serial_driver', 'symlink_install': False, 'test_result_base': None}
[0.187s] Level 5:colcon.colcon_core.verb:set package 'rm_vision_bringup' build argument 'cmake_args' from command line to 'None'
[0.187s] Level 5:colcon.colcon_core.verb:set package 'rm_vision_bringup' build argument 'cmake_target' from command line to 'None'
[0.187s] Level 5:colcon.colcon_core.verb:set package 'rm_vision_bringup' build argument 'cmake_target_skip_unavailable' from command line to 'False'
[0.187s] Level 5:colcon.colcon_core.verb:set package 'rm_vision_bringup' build argument 'cmake_clean_cache' from command line to 'False'
[0.187s] Level 5:colcon.colcon_core.verb:set package 'rm_vision_bringup' build argument 'cmake_clean_first' from command line to 'False'
[0.187s] Level 5:colcon.colcon_core.verb:set package 'rm_vision_bringup' build argument 'cmake_force_configure' from command line to 'False'
[0.187s] Level 5:colcon.colcon_core.verb:set package 'rm_vision_bringup' build argument 'ament_cmake_args' from command line to 'None'
[0.187s] Level 5:colcon.colcon_core.verb:set package 'rm_vision_bringup' build argument 'catkin_cmake_args' from command line to 'None'
[0.187s] Level 5:colcon.colcon_core.verb:set package 'rm_vision_bringup' build argument 'catkin_skip_building_tests' from command line to 'False'
[0.187s] DEBUG:colcon.colcon_core.verb:Building package 'rm_vision_bringup' with the following arguments: {'ament_cmake_args': None, 'build_base': '/home/rm_autoaim/dev_ws/build/rm_vision_bringup', 'catkin_cmake_args': None, 'catkin_skip_building_tests': False, 'cmake_args': None, 'cmake_clean_cache': False, 'cmake_clean_first': False, 'cmake_force_configure': False, 'cmake_target': None, 'cmake_target_skip_unavailable': False, 'install_base': '/home/rm_autoaim/dev_ws/install/rm_vision_bringup', 'merge_install': False, 'path': '/home/rm_autoaim/dev_ws/src/rm_vision/rm_vision_bringup', 'symlink_install': False, 'test_result_base': None}
[0.188s] INFO:colcon.colcon_core.executor:Executing jobs using 'parallel' executor
[0.188s] DEBUG:colcon.colcon_parallel_executor.executor.parallel:run_until_complete
[0.189s] INFO:colcon.colcon_ros.task.ament_cmake.build:Building ROS package in '/home/rm_autoaim/dev_ws/src/rm_auto_aim/auto_aim_interfaces' with build type 'ament_cmake'
[0.189s] INFO:colcon.colcon_cmake.task.cmake.build:Building CMake package in '/home/rm_autoaim/dev_ws/src/rm_auto_aim/auto_aim_interfaces'
[0.190s] INFO:colcon.colcon_core.plugin_system:Skipping extension 'colcon_core.shell.bat': Not used on non-Windows systems
[0.190s] INFO:colcon.colcon_core.shell:Skip shell extension 'powershell' for command environment: Not usable outside of PowerShell
[0.190s] DEBUG:colcon.colcon_core.shell:Skip shell extension 'dsv' for command environment
[0.191s] INFO:colcon.colcon_ros.task.ament_cmake.build:Building ROS package in '/home/rm_autoaim/dev_ws/src/hik_camera' with build type 'ament_cmake'
[0.191s] INFO:colcon.colcon_cmake.task.cmake.build:Building CMake package in '/home/rm_autoaim/dev_ws/src/hik_camera'
[0.191s] INFO:colcon.colcon_core.shell:Skip shell extension 'powershell' for command environment: Not usable outside of PowerShell
[0.191s] DEBUG:colcon.colcon_core.shell:Skip shell extension 'dsv' for command environment
[0.192s] INFO:colcon.colcon_ros.task.ament_cmake.build:Building ROS package in '/home/rm_autoaim/dev_ws/src/rm_gimbal_description' with build type 'ament_cmake'
[0.192s] INFO:colcon.colcon_cmake.task.cmake.build:Building CMake package in '/home/rm_autoaim/dev_ws/src/rm_gimbal_description'
[0.192s] INFO:colcon.colcon_core.shell:Skip shell extension 'powershell' for command environment: Not usable outside of PowerShell
[0.192s] DEBUG:colcon.colcon_core.shell:Skip shell extension 'dsv' for command environment
[0.196s] DEBUG:colcon.colcon_core.event_handler.log_command:Invoking command in '/home/rm_autoaim/dev_ws/build/auto_aim_interfaces': /usr/bin/cmake --build /home/rm_autoaim/dev_ws/build/auto_aim_interfaces -- -j8 -l8
[0.199s] DEBUG:colcon.colcon_core.event_handler.log_command:Invoking command in '/home/rm_autoaim/dev_ws/build/hik_camera': /usr/bin/cmake --build /home/rm_autoaim/dev_ws/build/hik_camera -- -j8 -l8
[0.201s] DEBUG:colcon.colcon_core.event_handler.log_command:Invoking command in '/home/rm_autoaim/dev_ws/build/rm_gimbal_description': /usr/bin/cmake --build /home/rm_autoaim/dev_ws/build/rm_gimbal_description -- -j8 -l8
[0.228s] DEBUG:colcon.colcon_core.event_handler.log_command:Invoked command in '/home/rm_autoaim/dev_ws/build/rm_gimbal_description' returned '0': /usr/bin/cmake --build /home/rm_autoaim/dev_ws/build/rm_gimbal_description -- -j8 -l8
[0.237s] DEBUG:colcon.colcon_core.event_handler.log_command:Invoking command in '/home/rm_autoaim/dev_ws/build/rm_gimbal_description': /usr/bin/cmake --install /home/rm_autoaim/dev_ws/build/rm_gimbal_description
[0.248s] Level 1:colcon.colcon_core.environment:create_environment_scripts_only(rm_gimbal_description)
[0.250s] DEBUG:colcon.colcon_core.event_handler.log_command:Invoked command in '/home/rm_autoaim/dev_ws/build/rm_gimbal_description' returned '0': /usr/bin/cmake --install /home/rm_autoaim/dev_ws/build/rm_gimbal_description
[0.252s] Level 1:colcon.colcon_core.environment:checking '/home/rm_autoaim/dev_ws/install/rm_gimbal_description' for CMake module files
[0.252s] Level 1:colcon.colcon_core.environment:checking '/home/rm_autoaim/dev_ws/install/rm_gimbal_description' for CMake config files
[0.252s] Level 1:colcon.colcon_core.shell:create_environment_hook('rm_gimbal_description', 'cmake_prefix_path')
[0.253s] INFO:colcon.colcon_core.shell:Creating environment hook '/home/rm_autoaim/dev_ws/install/rm_gimbal_description/share/rm_gimbal_description/hook/cmake_prefix_path.ps1'
[0.254s] INFO:colcon.colcon_core.shell:Creating environment descriptor '/home/rm_autoaim/dev_ws/install/rm_gimbal_description/share/rm_gimbal_description/hook/cmake_prefix_path.dsv'
[0.255s] INFO:colcon.colcon_core.shell:Creating environment hook '/home/rm_autoaim/dev_ws/install/rm_gimbal_description/share/rm_gimbal_description/hook/cmake_prefix_path.sh'
[0.256s] Level 1:colcon.colcon_core.environment:checking '/home/rm_autoaim/dev_ws/install/rm_gimbal_description/bin'
[0.256s] Level 1:colcon.colcon_core.environment:checking '/home/rm_autoaim/dev_ws/install/rm_gimbal_description/lib/pkgconfig/rm_gimbal_description.pc'
[0.258s] Level 1:colcon.colcon_core.environment:checking '/home/rm_autoaim/dev_ws/install/rm_gimbal_description/lib/python3.10/site-packages'
[0.259s] Level 1:colcon.colcon_core.environment:checking '/home/rm_autoaim/dev_ws/install/rm_gimbal_description/bin'
[0.259s] INFO:colcon.colcon_core.shell:Creating package script '/home/rm_autoaim/dev_ws/install/rm_gimbal_description/share/rm_gimbal_description/package.ps1'
[0.260s] INFO:colcon.colcon_core.shell:Creating package descriptor '/home/rm_autoaim/dev_ws/install/rm_gimbal_description/share/rm_gimbal_description/package.dsv'
[0.261s] INFO:colcon.colcon_core.shell:Creating package script '/home/rm_autoaim/dev_ws/install/rm_gimbal_description/share/rm_gimbal_description/package.sh'
[0.262s] INFO:colcon.colcon_core.shell:Creating package script '/home/rm_autoaim/dev_ws/install/rm_gimbal_description/share/rm_gimbal_description/package.bash'
[0.264s] INFO:colcon.colcon_core.shell:Creating package script '/home/rm_autoaim/dev_ws/install/rm_gimbal_description/share/rm_gimbal_description/package.zsh'
[0.265s] Level 1:colcon.colcon_core.environment:create_file_with_runtime_dependencies(/home/rm_autoaim/dev_ws/install/rm_gimbal_description/share/colcon-core/packages/rm_gimbal_description)
[0.265s] Level 1:colcon.colcon_core.environment:create_environment_scripts_only(rm_gimbal_description)
[0.266s] Level 1:colcon.colcon_core.environment:checking '/home/rm_autoaim/dev_ws/install/rm_gimbal_description' for CMake module files
[0.266s] Level 1:colcon.colcon_core.environment:checking '/home/rm_autoaim/dev_ws/install/rm_gimbal_description' for CMake config files
[0.266s] Level 1:colcon.colcon_core.shell:create_environment_hook('rm_gimbal_description', 'cmake_prefix_path')
[0.267s] INFO:colcon.colcon_core.shell:Creating environment hook '/home/rm_autoaim/dev_ws/install/rm_gimbal_description/share/rm_gimbal_description/hook/cmake_prefix_path.ps1'
[0.267s] INFO:colcon.colcon_core.shell:Creating environment descriptor '/home/rm_autoaim/dev_ws/install/rm_gimbal_description/share/rm_gimbal_description/hook/cmake_prefix_path.dsv'
[0.268s] INFO:colcon.colcon_core.shell:Creating environment hook '/home/rm_autoaim/dev_ws/install/rm_gimbal_description/share/rm_gimbal_description/hook/cmake_prefix_path.sh'
[0.269s] Level 1:colcon.colcon_core.environment:checking '/home/rm_autoaim/dev_ws/install/rm_gimbal_description/bin'
[0.269s] Level 1:colcon.colcon_core.environment:checking '/home/rm_autoaim/dev_ws/install/rm_gimbal_description/lib/pkgconfig/rm_gimbal_description.pc'
[0.269s] Level 1:colcon.colcon_core.environment:checking '/home/rm_autoaim/dev_ws/install/rm_gimbal_description/lib/python3.10/site-packages'
[0.269s] Level 1:colcon.colcon_core.environment:checking '/home/rm_autoaim/dev_ws/install/rm_gimbal_description/bin'
[0.269s] INFO:colcon.colcon_core.shell:Creating package script '/home/rm_autoaim/dev_ws/install/rm_gimbal_description/share/rm_gimbal_description/package.ps1'
[0.270s] INFO:colcon.colcon_core.shell:Creating package descriptor '/home/rm_autoaim/dev_ws/install/rm_gimbal_description/share/rm_gimbal_description/package.dsv'
[0.271s] INFO:colcon.colcon_core.shell:Creating package script '/home/rm_autoaim/dev_ws/install/rm_gimbal_description/share/rm_gimbal_description/package.sh'
[0.271s] INFO:colcon.colcon_core.shell:Creating package script '/home/rm_autoaim/dev_ws/install/rm_gimbal_description/share/rm_gimbal_description/package.bash'
[0.272s] INFO:colcon.colcon_core.shell:Creating package script '/home/rm_autoaim/dev_ws/install/rm_gimbal_description/share/rm_gimbal_description/package.zsh'
[0.272s] Level 1:colcon.colcon_core.environment:create_file_with_runtime_dependencies(/home/rm_autoaim/dev_ws/install/rm_gimbal_description/share/colcon-core/packages/rm_gimbal_description)
[0.273s] DEBUG:colcon.colcon_core.event_handler.log_command:Invoked command in '/home/rm_autoaim/dev_ws/build/hik_camera' returned '0': /usr/bin/cmake --build /home/rm_autoaim/dev_ws/build/hik_camera -- -j8 -l8
[0.275s] DEBUG:colcon.colcon_core.event_handler.log_command:Invoking command in '/home/rm_autoaim/dev_ws/build/hik_camera': /usr/bin/cmake --install /home/rm_autoaim/dev_ws/build/hik_camera
[0.282s] Level 1:colcon.colcon_core.environment:create_environment_scripts_only(hik_camera)
[0.282s] Level 1:colcon.colcon_core.environment:checking '/home/rm_autoaim/dev_ws/install/hik_camera' for CMake module files
[0.283s] DEBUG:colcon.colcon_core.event_handler.log_command:Invoked command in '/home/rm_autoaim/dev_ws/build/hik_camera' returned '0': /usr/bin/cmake --install /home/rm_autoaim/dev_ws/build/hik_camera
[0.283s] Level 1:colcon.colcon_core.environment:checking '/home/rm_autoaim/dev_ws/install/hik_camera' for CMake config files
[0.284s] Level 1:colcon.colcon_core.shell:create_environment_hook('hik_camera', 'cmake_prefix_path')
[0.284s] INFO:colcon.colcon_core.shell:Creating environment hook '/home/rm_autoaim/dev_ws/install/hik_camera/share/hik_camera/hook/cmake_prefix_path.ps1'
[0.284s] INFO:colcon.colcon_core.shell:Creating environment descriptor '/home/rm_autoaim/dev_ws/install/hik_camera/share/hik_camera/hook/cmake_prefix_path.dsv'
[0.285s] INFO:colcon.colcon_core.shell:Creating environment hook '/home/rm_autoaim/dev_ws/install/hik_camera/share/hik_camera/hook/cmake_prefix_path.sh'
[0.285s] Level 1:colcon.colcon_core.environment:checking '/home/rm_autoaim/dev_ws/install/hik_camera/lib'
[0.285s] Level 1:colcon.colcon_core.shell:create_environment_hook('hik_camera', 'ld_library_path_lib')
[0.286s] INFO:colcon.colcon_core.shell:Creating environment hook '/home/rm_autoaim/dev_ws/install/hik_camera/share/hik_camera/hook/ld_library_path_lib.ps1'
[0.286s] INFO:colcon.colcon_core.shell:Creating environment descriptor '/home/rm_autoaim/dev_ws/install/hik_camera/share/hik_camera/hook/ld_library_path_lib.dsv'
[0.286s] INFO:colcon.colcon_core.shell:Creating environment hook '/home/rm_autoaim/dev_ws/install/hik_camera/share/hik_camera/hook/ld_library_path_lib.sh'
[0.287s] Level 1:colcon.colcon_core.environment:checking '/home/rm_autoaim/dev_ws/install/hik_camera/bin'
[0.287s] Level 1:colcon.colcon_core.environment:checking '/home/rm_autoaim/dev_ws/install/hik_camera/lib/pkgconfig/hik_camera.pc'
[0.287s] Level 1:colcon.colcon_core.environment:checking '/home/rm_autoaim/dev_ws/install/hik_camera/lib/python3.10/site-packages'
[0.287s] Level 1:colcon.colcon_core.environment:checking '/home/rm_autoaim/dev_ws/install/hik_camera/bin'
[0.287s] INFO:colcon.colcon_core.shell:Creating package script '/home/rm_autoaim/dev_ws/install/hik_camera/share/hik_camera/package.ps1'
[0.288s] INFO:colcon.colcon_core.shell:Creating package descriptor '/home/rm_autoaim/dev_ws/install/hik_camera/share/hik_camera/package.dsv'
[0.288s] INFO:colcon.colcon_core.shell:Creating package script '/home/rm_autoaim/dev_ws/install/hik_camera/share/hik_camera/package.sh'
[0.288s] INFO:colcon.colcon_core.shell:Creating package script '/home/rm_autoaim/dev_ws/install/hik_camera/share/hik_camera/package.bash'
[0.289s] INFO:colcon.colcon_core.shell:Creating package script '/home/rm_autoaim/dev_ws/install/hik_camera/share/hik_camera/package.zsh'
[0.289s] Level 1:colcon.colcon_core.environment:create_file_with_runtime_dependencies(/home/rm_autoaim/dev_ws/install/hik_camera/share/colcon-core/packages/hik_camera)
[0.289s] Level 1:colcon.colcon_core.environment:create_environment_scripts_only(hik_camera)
[0.289s] Level 1:colcon.colcon_core.environment:checking '/home/rm_autoaim/dev_ws/install/hik_camera' for CMake module files
[0.290s] Level 1:colcon.colcon_core.environment:checking '/home/rm_autoaim/dev_ws/install/hik_camera' for CMake config files
[0.290s] Level 1:colcon.colcon_core.shell:create_environment_hook('hik_camera', 'cmake_prefix_path')
[0.290s] INFO:colcon.colcon_core.shell:Creating environment hook '/home/rm_autoaim/dev_ws/install/hik_camera/share/hik_camera/hook/cmake_prefix_path.ps1'
[0.290s] INFO:colcon.colcon_core.shell:Creating environment descriptor '/home/rm_autoaim/dev_ws/install/hik_camera/share/hik_camera/hook/cmake_prefix_path.dsv'
[0.291s] INFO:colcon.colcon_core.shell:Creating environment hook '/home/rm_autoaim/dev_ws/install/hik_camera/share/hik_camera/hook/cmake_prefix_path.sh'
[0.291s] Level 1:colcon.colcon_core.environment:checking '/home/rm_autoaim/dev_ws/install/hik_camera/lib'
[0.291s] Level 1:colcon.colcon_core.shell:create_environment_hook('hik_camera', 'ld_library_path_lib')
[0.291s] INFO:colcon.colcon_core.shell:Creating environment hook '/home/rm_autoaim/dev_ws/install/hik_camera/share/hik_camera/hook/ld_library_path_lib.ps1'
[0.291s] INFO:colcon.colcon_core.shell:Creating environment descriptor '/home/rm_autoaim/dev_ws/install/hik_camera/share/hik_camera/hook/ld_library_path_lib.dsv'
[0.292s] INFO:colcon.colcon_core.shell:Creating environment hook '/home/rm_autoaim/dev_ws/install/hik_camera/share/hik_camera/hook/ld_library_path_lib.sh'
[0.292s] Level 1:colcon.colcon_core.environment:checking '/home/rm_autoaim/dev_ws/install/hik_camera/bin'
[0.292s] Level 1:colcon.colcon_core.environment:checking '/home/rm_autoaim/dev_ws/install/hik_camera/lib/pkgconfig/hik_camera.pc'
[0.292s] Level 1:colcon.colcon_core.environment:checking '/home/rm_autoaim/dev_ws/install/hik_camera/lib/python3.10/site-packages'
[0.292s] Level 1:colcon.colcon_core.environment:checking '/home/rm_autoaim/dev_ws/install/hik_camera/bin'
[0.292s] INFO:colcon.colcon_core.shell:Creating package script '/home/rm_autoaim/dev_ws/install/hik_camera/share/hik_camera/package.ps1'
[0.293s] INFO:colcon.colcon_core.shell:Creating package descriptor '/home/rm_autoaim/dev_ws/install/hik_camera/share/hik_camera/package.dsv'
[0.293s] INFO:colcon.colcon_core.shell:Creating package script '/home/rm_autoaim/dev_ws/install/hik_camera/share/hik_camera/package.sh'
[0.294s] INFO:colcon.colcon_core.shell:Creating package script '/home/rm_autoaim/dev_ws/install/hik_camera/share/hik_camera/package.bash'
[0.294s] INFO:colcon.colcon_core.shell:Creating package script '/home/rm_autoaim/dev_ws/install/hik_camera/share/hik_camera/package.zsh'
[0.295s] Level 1:colcon.colcon_core.environment:create_file_with_runtime_dependencies(/home/rm_autoaim/dev_ws/install/hik_camera/share/colcon-core/packages/hik_camera)
[0.423s] DEBUG:colcon.colcon_core.event_handler.log_command:Invoked command in '/home/rm_autoaim/dev_ws/build/auto_aim_interfaces' returned '0': /usr/bin/cmake --build /home/rm_autoaim/dev_ws/build/auto_aim_interfaces -- -j8 -l8
[0.424s] DEBUG:colcon.colcon_core.event_handler.log_command:Invoking command in '/home/rm_autoaim/dev_ws/build/auto_aim_interfaces': /usr/bin/cmake --install /home/rm_autoaim/dev_ws/build/auto_aim_interfaces
[0.465s] Level 1:colcon.colcon_core.environment:create_environment_scripts_only(auto_aim_interfaces)
[0.465s] Level 1:colcon.colcon_core.environment:checking '/home/rm_autoaim/dev_ws/install/auto_aim_interfaces' for CMake module files
[0.466s] DEBUG:colcon.colcon_core.event_handler.log_command:Invoked command in '/home/rm_autoaim/dev_ws/build/auto_aim_interfaces' returned '0': /usr/bin/cmake --install /home/rm_autoaim/dev_ws/build/auto_aim_interfaces
[0.467s] Level 1:colcon.colcon_core.environment:checking '/home/rm_autoaim/dev_ws/install/auto_aim_interfaces' for CMake config files
[0.467s] Level 1:colcon.colcon_core.shell:create_environment_hook('auto_aim_interfaces', 'cmake_prefix_path')
[0.467s] INFO:colcon.colcon_core.shell:Creating environment hook '/home/rm_autoaim/dev_ws/install/auto_aim_interfaces/share/auto_aim_interfaces/hook/cmake_prefix_path.ps1'
[0.468s] INFO:colcon.colcon_core.shell:Creating environment descriptor '/home/rm_autoaim/dev_ws/install/auto_aim_interfaces/share/auto_aim_interfaces/hook/cmake_prefix_path.dsv'
[0.468s] INFO:colcon.colcon_core.shell:Creating environment hook '/home/rm_autoaim/dev_ws/install/auto_aim_interfaces/share/auto_aim_interfaces/hook/cmake_prefix_path.sh'
[0.468s] Level 1:colcon.colcon_core.environment:checking '/home/rm_autoaim/dev_ws/install/auto_aim_interfaces/lib'
[0.469s] Level 1:colcon.colcon_core.shell:create_environment_hook('auto_aim_interfaces', 'ld_library_path_lib')
[0.469s] INFO:colcon.colcon_core.shell:Creating environment hook '/home/rm_autoaim/dev_ws/install/auto_aim_interfaces/share/auto_aim_interfaces/hook/ld_library_path_lib.ps1'
[0.469s] INFO:colcon.colcon_core.shell:Creating environment descriptor '/home/rm_autoaim/dev_ws/install/auto_aim_interfaces/share/auto_aim_interfaces/hook/ld_library_path_lib.dsv'
[0.469s] INFO:colcon.colcon_core.shell:Creating environment hook '/home/rm_autoaim/dev_ws/install/auto_aim_interfaces/share/auto_aim_interfaces/hook/ld_library_path_lib.sh'
[0.470s] Level 1:colcon.colcon_core.environment:checking '/home/rm_autoaim/dev_ws/install/auto_aim_interfaces/bin'
[0.470s] Level 1:colcon.colcon_core.environment:checking '/home/rm_autoaim/dev_ws/install/auto_aim_interfaces/lib/pkgconfig/auto_aim_interfaces.pc'
[0.470s] Level 1:colcon.colcon_core.environment:checking '/home/rm_autoaim/dev_ws/install/auto_aim_interfaces/lib/python3.10/site-packages'
[0.470s] Level 1:colcon.colcon_core.environment:checking '/home/rm_autoaim/dev_ws/install/auto_aim_interfaces/bin'
[0.470s] INFO:colcon.colcon_core.shell:Creating package script '/home/rm_autoaim/dev_ws/install/auto_aim_interfaces/share/auto_aim_interfaces/package.ps1'
[0.471s] INFO:colcon.colcon_core.shell:Creating package descriptor '/home/rm_autoaim/dev_ws/install/auto_aim_interfaces/share/auto_aim_interfaces/package.dsv'
[0.471s] INFO:colcon.colcon_core.shell:Creating package script '/home/rm_autoaim/dev_ws/install/auto_aim_interfaces/share/auto_aim_interfaces/package.sh'
[0.472s] INFO:colcon.colcon_core.shell:Creating package script '/home/rm_autoaim/dev_ws/install/auto_aim_interfaces/share/auto_aim_interfaces/package.bash'
[0.472s] INFO:colcon.colcon_core.shell:Creating package script '/home/rm_autoaim/dev_ws/install/auto_aim_interfaces/share/auto_aim_interfaces/package.zsh'
[0.473s] Level 1:colcon.colcon_core.environment:create_file_with_runtime_dependencies(/home/rm_autoaim/dev_ws/install/auto_aim_interfaces/share/colcon-core/packages/auto_aim_interfaces)
[0.473s] Level 1:colcon.colcon_core.environment:create_environment_scripts_only(auto_aim_interfaces)
[0.473s] Level 1:colcon.colcon_core.environment:checking '/home/rm_autoaim/dev_ws/install/auto_aim_interfaces' for CMake module files
[0.474s] Level 1:colcon.colcon_core.environment:checking '/home/rm_autoaim/dev_ws/install/auto_aim_interfaces' for CMake config files
[0.474s] Level 1:colcon.colcon_core.shell:create_environment_hook('auto_aim_interfaces', 'cmake_prefix_path')
[0.474s] INFO:colcon.colcon_core.shell:Creating environment hook '/home/rm_autoaim/dev_ws/install/auto_aim_interfaces/share/auto_aim_interfaces/hook/cmake_prefix_path.ps1'
[0.474s] INFO:colcon.colcon_core.shell:Creating environment descriptor '/home/rm_autoaim/dev_ws/install/auto_aim_interfaces/share/auto_aim_interfaces/hook/cmake_prefix_path.dsv'
[0.474s] INFO:colcon.colcon_core.shell:Creating environment hook '/home/rm_autoaim/dev_ws/install/auto_aim_interfaces/share/auto_aim_interfaces/hook/cmake_prefix_path.sh'
[0.475s] Level 1:colcon.colcon_core.environment:checking '/home/rm_autoaim/dev_ws/install/auto_aim_interfaces/lib'
[0.475s] Level 1:colcon.colcon_core.shell:create_environment_hook('auto_aim_interfaces', 'ld_library_path_lib')
[0.475s] INFO:colcon.colcon_core.shell:Creating environment hook '/home/rm_autoaim/dev_ws/install/auto_aim_interfaces/share/auto_aim_interfaces/hook/ld_library_path_lib.ps1'
[0.475s] INFO:colcon.colcon_core.shell:Creating environment descriptor '/home/rm_autoaim/dev_ws/install/auto_aim_interfaces/share/auto_aim_interfaces/hook/ld_library_path_lib.dsv'
[0.475s] INFO:colcon.colcon_core.shell:Creating environment hook '/home/rm_autoaim/dev_ws/install/auto_aim_interfaces/share/auto_aim_interfaces/hook/ld_library_path_lib.sh'
[0.476s] Level 1:colcon.colcon_core.environment:checking '/home/rm_autoaim/dev_ws/install/auto_aim_interfaces/bin'
[0.476s] Level 1:colcon.colcon_core.environment:checking '/home/rm_autoaim/dev_ws/install/auto_aim_interfaces/lib/pkgconfig/auto_aim_interfaces.pc'
[0.476s] Level 1:colcon.colcon_core.environment:checking '/home/rm_autoaim/dev_ws/install/auto_aim_interfaces/lib/python3.10/site-packages'
[0.476s] Level 1:colcon.colcon_core.environment:checking '/home/rm_autoaim/dev_ws/install/auto_aim_interfaces/bin'
[0.476s] INFO:colcon.colcon_core.shell:Creating package script '/home/rm_autoaim/dev_ws/install/auto_aim_interfaces/share/auto_aim_interfaces/package.ps1'
[0.477s] INFO:colcon.colcon_core.shell:Creating package descriptor '/home/rm_autoaim/dev_ws/install/auto_aim_interfaces/share/auto_aim_interfaces/package.dsv'
[0.477s] INFO:colcon.colcon_core.shell:Creating package script '/home/rm_autoaim/dev_ws/install/auto_aim_interfaces/share/auto_aim_interfaces/package.sh'
[0.477s] INFO:colcon.colcon_core.shell:Creating package script '/home/rm_autoaim/dev_ws/install/auto_aim_interfaces/share/auto_aim_interfaces/package.bash'
[0.477s] INFO:colcon.colcon_core.shell:Creating package script '/home/rm_autoaim/dev_ws/install/auto_aim_interfaces/share/auto_aim_interfaces/package.zsh'
[0.478s] Level 1:colcon.colcon_core.environment:create_file_with_runtime_dependencies(/home/rm_autoaim/dev_ws/install/auto_aim_interfaces/share/colcon-core/packages/auto_aim_interfaces)
[0.478s] INFO:colcon.colcon_ros.task.ament_cmake.build:Building ROS package in '/home/rm_autoaim/dev_ws/src/rm_serial_driver' with build type 'ament_cmake'
[0.478s] INFO:colcon.colcon_cmake.task.cmake.build:Building CMake package in '/home/rm_autoaim/dev_ws/src/rm_serial_driver'
[0.478s] INFO:colcon.colcon_core.shell:Skip shell extension 'powershell' for command environment: Not usable outside of PowerShell
[0.478s] DEBUG:colcon.colcon_core.shell:Skip shell extension 'dsv' for command environment
[0.479s] INFO:colcon.colcon_ros.task.ament_cmake.build:Building ROS package in '/home/rm_autoaim/dev_ws/src/rm_auto_aim/armor_detector' with build type 'ament_cmake'
[0.480s] INFO:colcon.colcon_cmake.task.cmake.build:Building CMake package in '/home/rm_autoaim/dev_ws/src/rm_auto_aim/armor_detector'
[0.480s] INFO:colcon.colcon_core.shell:Skip shell extension 'powershell' for command environment: Not usable outside of PowerShell
[0.480s] DEBUG:colcon.colcon_core.shell:Skip shell extension 'dsv' for command environment
[0.481s] INFO:colcon.colcon_ros.task.ament_cmake.build:Building ROS package in '/home/rm_autoaim/dev_ws/src/rm_auto_aim/armor_tracker' with build type 'ament_cmake'
[0.481s] INFO:colcon.colcon_cmake.task.cmake.build:Building CMake package in '/home/rm_autoaim/dev_ws/src/rm_auto_aim/armor_tracker'
[0.481s] INFO:colcon.colcon_core.shell:Skip shell extension 'powershell' for command environment: Not usable outside of PowerShell
[0.481s] DEBUG:colcon.colcon_core.shell:Skip shell extension 'dsv' for command environment
[0.486s] DEBUG:colcon.colcon_core.event_handler.log_command:Invoking command in '/home/rm_autoaim/dev_ws/build/rm_serial_driver': AMENT_PREFIX_PATH=/home/rm_autoaim/dev_ws/install/auto_aim_interfaces CMAKE_PREFIX_PATH=/home/rm_autoaim/dev_ws/install/auto_aim_interfaces LD_LIBRARY_PATH=/home/rm_autoaim/dev_ws/install/auto_aim_interfaces/lib PYTHONPATH=/home/rm_autoaim/dev_ws/install/auto_aim_interfaces/local/lib/python3.10/dist-packages /usr/bin/cmake --build /home/rm_autoaim/dev_ws/build/rm_serial_driver -- -j8 -l8
[0.488s] DEBUG:colcon.colcon_core.event_handler.log_command:Invoking command in '/home/rm_autoaim/dev_ws/build/armor_detector': AMENT_PREFIX_PATH=/home/rm_autoaim/dev_ws/install/auto_aim_interfaces CMAKE_PREFIX_PATH=/home/rm_autoaim/dev_ws/install/auto_aim_interfaces LD_LIBRARY_PATH=/home/rm_autoaim/dev_ws/install/auto_aim_interfaces/lib PYTHONPATH=/home/rm_autoaim/dev_ws/install/auto_aim_interfaces/local/lib/python3.10/dist-packages /usr/bin/cmake --build /home/rm_autoaim/dev_ws/build/armor_detector -- -j8 -l8
[0.490s] DEBUG:colcon.colcon_core.event_handler.log_command:Invoking command in '/home/rm_autoaim/dev_ws/build/armor_tracker': AMENT_PREFIX_PATH=/home/rm_autoaim/dev_ws/install/auto_aim_interfaces CMAKE_PREFIX_PATH=/home/rm_autoaim/dev_ws/install/auto_aim_interfaces LD_LIBRARY_PATH=/home/rm_autoaim/dev_ws/install/auto_aim_interfaces/lib PYTHONPATH=/home/rm_autoaim/dev_ws/install/auto_aim_interfaces/local/lib/python3.10/dist-packages /usr/bin/cmake --build /home/rm_autoaim/dev_ws/build/armor_tracker -- -j8 -l8
[0.546s] DEBUG:colcon.colcon_core.event_handler.log_command:Invoked command in '/home/rm_autoaim/dev_ws/build/armor_detector' returned '0': AMENT_PREFIX_PATH=/home/rm_autoaim/dev_ws/install/auto_aim_interfaces CMAKE_PREFIX_PATH=/home/rm_autoaim/dev_ws/install/auto_aim_interfaces LD_LIBRARY_PATH=/home/rm_autoaim/dev_ws/install/auto_aim_interfaces/lib PYTHONPATH=/home/rm_autoaim/dev_ws/install/auto_aim_interfaces/local/lib/python3.10/dist-packages /usr/bin/cmake --build /home/rm_autoaim/dev_ws/build/armor_detector -- -j8 -l8
[0.547s] DEBUG:colcon.colcon_core.event_handler.log_command:Invoking command in '/home/rm_autoaim/dev_ws/build/armor_detector': AMENT_PREFIX_PATH=/home/rm_autoaim/dev_ws/install/auto_aim_interfaces CMAKE_PREFIX_PATH=/home/rm_autoaim/dev_ws/install/auto_aim_interfaces LD_LIBRARY_PATH=/home/rm_autoaim/dev_ws/install/auto_aim_interfaces/lib PYTHONPATH=/home/rm_autoaim/dev_ws/install/auto_aim_interfaces/local/lib/python3.10/dist-packages /usr/bin/cmake --install /home/rm_autoaim/dev_ws/build/armor_detector
[0.548s] DEBUG:colcon.colcon_core.event_handler.log_command:Invoked command in '/home/rm_autoaim/dev_ws/build/rm_serial_driver' returned '0': AMENT_PREFIX_PATH=/home/rm_autoaim/dev_ws/install/auto_aim_interfaces CMAKE_PREFIX_PATH=/home/rm_autoaim/dev_ws/install/auto_aim_interfaces LD_LIBRARY_PATH=/home/rm_autoaim/dev_ws/install/auto_aim_interfaces/lib PYTHONPATH=/home/rm_autoaim/dev_ws/install/auto_aim_interfaces/local/lib/python3.10/dist-packages /usr/bin/cmake --build /home/rm_autoaim/dev_ws/build/rm_serial_driver -- -j8 -l8
[0.550s] DEBUG:colcon.colcon_core.event_handler.log_command:Invoking command in '/home/rm_autoaim/dev_ws/build/rm_serial_driver': AMENT_PREFIX_PATH=/home/rm_autoaim/dev_ws/install/auto_aim_interfaces CMAKE_PREFIX_PATH=/home/rm_autoaim/dev_ws/install/auto_aim_interfaces LD_LIBRARY_PATH=/home/rm_autoaim/dev_ws/install/auto_aim_interfaces/lib PYTHONPATH=/home/rm_autoaim/dev_ws/install/auto_aim_interfaces/local/lib/python3.10/dist-packages /usr/bin/cmake --install /home/rm_autoaim/dev_ws/build/rm_serial_driver
[0.551s] DEBUG:colcon.colcon_core.event_handler.log_command:Invoked command in '/home/rm_autoaim/dev_ws/build/armor_tracker' returned '0': AMENT_PREFIX_PATH=/home/rm_autoaim/dev_ws/install/auto_aim_interfaces CMAKE_PREFIX_PATH=/home/rm_autoaim/dev_ws/install/auto_aim_interfaces LD_LIBRARY_PATH=/home/rm_autoaim/dev_ws/install/auto_aim_interfaces/lib PYTHONPATH=/home/rm_autoaim/dev_ws/install/auto_aim_interfaces/local/lib/python3.10/dist-packages /usr/bin/cmake --build /home/rm_autoaim/dev_ws/build/armor_tracker -- -j8 -l8
[0.553s] DEBUG:colcon.colcon_core.event_handler.log_command:Invoking command in '/home/rm_autoaim/dev_ws/build/armor_tracker': AMENT_PREFIX_PATH=/home/rm_autoaim/dev_ws/install/auto_aim_interfaces CMAKE_PREFIX_PATH=/home/rm_autoaim/dev_ws/install/auto_aim_interfaces LD_LIBRARY_PATH=/home/rm_autoaim/dev_ws/install/auto_aim_interfaces/lib PYTHONPATH=/home/rm_autoaim/dev_ws/install/auto_aim_interfaces/local/lib/python3.10/dist-packages /usr/bin/cmake --install /home/rm_autoaim/dev_ws/build/armor_tracker
[0.557s] Level 1:colcon.colcon_core.environment:create_environment_scripts_only(armor_detector)
[0.558s] Level 1:colcon.colcon_core.environment:checking '/home/rm_autoaim/dev_ws/install/armor_detector' for CMake module files
[0.560s] DEBUG:colcon.colcon_core.event_handler.log_command:Invoked command in '/home/rm_autoaim/dev_ws/build/armor_detector' returned '0': AMENT_PREFIX_PATH=/home/rm_autoaim/dev_ws/install/auto_aim_interfaces CMAKE_PREFIX_PATH=/home/rm_autoaim/dev_ws/install/auto_aim_interfaces LD_LIBRARY_PATH=/home/rm_autoaim/dev_ws/install/auto_aim_interfaces/lib PYTHONPATH=/home/rm_autoaim/dev_ws/install/auto_aim_interfaces/local/lib/python3.10/dist-packages /usr/bin/cmake --install /home/rm_autoaim/dev_ws/build/armor_detector
[0.563s] Level 1:colcon.colcon_core.environment:checking '/home/rm_autoaim/dev_ws/install/armor_detector' for CMake config files
[0.563s] Level 1:colcon.colcon_core.shell:create_environment_hook('armor_detector', 'cmake_prefix_path')
[0.563s] INFO:colcon.colcon_core.shell:Creating environment hook '/home/rm_autoaim/dev_ws/install/armor_detector/share/armor_detector/hook/cmake_prefix_path.ps1'
[0.564s] INFO:colcon.colcon_core.shell:Creating environment descriptor '/home/rm_autoaim/dev_ws/install/armor_detector/share/armor_detector/hook/cmake_prefix_path.dsv'
[0.564s] INFO:colcon.colcon_core.shell:Creating environment hook '/home/rm_autoaim/dev_ws/install/armor_detector/share/armor_detector/hook/cmake_prefix_path.sh'
[0.564s] Level 1:colcon.colcon_core.environment:checking '/home/rm_autoaim/dev_ws/install/armor_detector/lib'
[0.565s] Level 1:colcon.colcon_core.shell:create_environment_hook('armor_detector', 'ld_library_path_lib')
[0.565s] INFO:colcon.colcon_core.shell:Creating environment hook '/home/rm_autoaim/dev_ws/install/armor_detector/share/armor_detector/hook/ld_library_path_lib.ps1'
[0.565s] INFO:colcon.colcon_core.shell:Creating environment descriptor '/home/rm_autoaim/dev_ws/install/armor_detector/share/armor_detector/hook/ld_library_path_lib.dsv'
[0.565s] INFO:colcon.colcon_core.shell:Creating environment hook '/home/rm_autoaim/dev_ws/install/armor_detector/share/armor_detector/hook/ld_library_path_lib.sh'
[0.565s] Level 1:colcon.colcon_core.environment:checking '/home/rm_autoaim/dev_ws/install/armor_detector/bin'
[0.566s] Level 1:colcon.colcon_core.environment:checking '/home/rm_autoaim/dev_ws/install/armor_detector/lib/pkgconfig/armor_detector.pc'
[0.566s] Level 1:colcon.colcon_core.environment:checking '/home/rm_autoaim/dev_ws/install/armor_detector/lib/python3.10/site-packages'
[0.566s] Level 1:colcon.colcon_core.environment:checking '/home/rm_autoaim/dev_ws/install/armor_detector/bin'
[0.566s] INFO:colcon.colcon_core.shell:Creating package script '/home/rm_autoaim/dev_ws/install/armor_detector/share/armor_detector/package.ps1'
[0.566s] INFO:colcon.colcon_core.shell:Creating package descriptor '/home/rm_autoaim/dev_ws/install/armor_detector/share/armor_detector/package.dsv'
[0.567s] INFO:colcon.colcon_core.shell:Creating package script '/home/rm_autoaim/dev_ws/install/armor_detector/share/armor_detector/package.sh'
[0.567s] INFO:colcon.colcon_core.shell:Creating package script '/home/rm_autoaim/dev_ws/install/armor_detector/share/armor_detector/package.bash'
[0.567s] INFO:colcon.colcon_core.shell:Creating package script '/home/rm_autoaim/dev_ws/install/armor_detector/share/armor_detector/package.zsh'
[0.567s] Level 1:colcon.colcon_core.environment:create_file_with_runtime_dependencies(/home/rm_autoaim/dev_ws/install/armor_detector/share/colcon-core/packages/armor_detector)
[0.568s] Level 1:colcon.colcon_core.environment:create_environment_scripts_only(armor_detector)
[0.568s] Level 1:colcon.colcon_core.environment:checking '/home/rm_autoaim/dev_ws/install/armor_detector' for CMake module files
[0.568s] Level 1:colcon.colcon_core.environment:checking '/home/rm_autoaim/dev_ws/install/armor_detector' for CMake config files
[0.568s] Level 1:colcon.colcon_core.shell:create_environment_hook('armor_detector', 'cmake_prefix_path')
[0.569s] INFO:colcon.colcon_core.shell:Creating environment hook '/home/rm_autoaim/dev_ws/install/armor_detector/share/armor_detector/hook/cmake_prefix_path.ps1'
[0.569s] INFO:colcon.colcon_core.shell:Creating environment descriptor '/home/rm_autoaim/dev_ws/install/armor_detector/share/armor_detector/hook/cmake_prefix_path.dsv'
[0.569s] INFO:colcon.colcon_core.shell:Creating environment hook '/home/rm_autoaim/dev_ws/install/armor_detector/share/armor_detector/hook/cmake_prefix_path.sh'
[0.569s] Level 1:colcon.colcon_core.environment:checking '/home/rm_autoaim/dev_ws/install/armor_detector/lib'
[0.569s] Level 1:colcon.colcon_core.shell:create_environment_hook('armor_detector', 'ld_library_path_lib')
[0.570s] INFO:colcon.colcon_core.shell:Creating environment hook '/home/rm_autoaim/dev_ws/install/armor_detector/share/armor_detector/hook/ld_library_path_lib.ps1'
[0.570s] INFO:colcon.colcon_core.shell:Creating environment descriptor '/home/rm_autoaim/dev_ws/install/armor_detector/share/armor_detector/hook/ld_library_path_lib.dsv'
[0.570s] INFO:colcon.colcon_core.shell:Creating environment hook '/home/rm_autoaim/dev_ws/install/armor_detector/share/armor_detector/hook/ld_library_path_lib.sh'
[0.570s] Level 1:colcon.colcon_core.environment:checking '/home/rm_autoaim/dev_ws/install/armor_detector/bin'
[0.570s] Level 1:colcon.colcon_core.environment:checking '/home/rm_autoaim/dev_ws/install/armor_detector/lib/pkgconfig/armor_detector.pc'
[0.570s] Level 1:colcon.colcon_core.environment:checking '/home/rm_autoaim/dev_ws/install/armor_detector/lib/python3.10/site-packages'
[0.571s] Level 1:colcon.colcon_core.environment:checking '/home/rm_autoaim/dev_ws/install/armor_detector/bin'
[0.571s] INFO:colcon.colcon_core.shell:Creating package script '/home/rm_autoaim/dev_ws/install/armor_detector/share/armor_detector/package.ps1'
[0.571s] INFO:colcon.colcon_core.shell:Creating package descriptor '/home/rm_autoaim/dev_ws/install/armor_detector/share/armor_detector/package.dsv'
[0.572s] INFO:colcon.colcon_core.shell:Creating package script '/home/rm_autoaim/dev_ws/install/armor_detector/share/armor_detector/package.sh'
[0.572s] INFO:colcon.colcon_core.shell:Creating package script '/home/rm_autoaim/dev_ws/install/armor_detector/share/armor_detector/package.bash'
[0.572s] INFO:colcon.colcon_core.shell:Creating package script '/home/rm_autoaim/dev_ws/install/armor_detector/share/armor_detector/package.zsh'
[0.572s] Level 1:colcon.colcon_core.environment:create_file_with_runtime_dependencies(/home/rm_autoaim/dev_ws/install/armor_detector/share/colcon-core/packages/armor_detector)
[0.573s] Level 1:colcon.colcon_core.environment:create_environment_scripts_only(rm_serial_driver)
[0.573s] Level 1:colcon.colcon_core.environment:checking '/home/rm_autoaim/dev_ws/install/rm_serial_driver' for CMake module files
[0.574s] DEBUG:colcon.colcon_core.event_handler.log_command:Invoked command in '/home/rm_autoaim/dev_ws/build/rm_serial_driver' returned '0': AMENT_PREFIX_PATH=/home/rm_autoaim/dev_ws/install/auto_aim_interfaces CMAKE_PREFIX_PATH=/home/rm_autoaim/dev_ws/install/auto_aim_interfaces LD_LIBRARY_PATH=/home/rm_autoaim/dev_ws/install/auto_aim_interfaces/lib PYTHONPATH=/home/rm_autoaim/dev_ws/install/auto_aim_interfaces/local/lib/python3.10/dist-packages /usr/bin/cmake --install /home/rm_autoaim/dev_ws/build/rm_serial_driver
[0.574s] Level 1:colcon.colcon_core.environment:checking '/home/rm_autoaim/dev_ws/install/rm_serial_driver' for CMake config files
[0.574s] Level 1:colcon.colcon_core.shell:create_environment_hook('rm_serial_driver', 'cmake_prefix_path')
[0.574s] INFO:colcon.colcon_core.shell:Creating environment hook '/home/rm_autoaim/dev_ws/install/rm_serial_driver/share/rm_serial_driver/hook/cmake_prefix_path.ps1'
[0.575s] INFO:colcon.colcon_core.shell:Creating environment descriptor '/home/rm_autoaim/dev_ws/install/rm_serial_driver/share/rm_serial_driver/hook/cmake_prefix_path.dsv'
[0.575s] INFO:colcon.colcon_core.shell:Creating environment hook '/home/rm_autoaim/dev_ws/install/rm_serial_driver/share/rm_serial_driver/hook/cmake_prefix_path.sh'
[0.575s] Level 1:colcon.colcon_core.environment:checking '/home/rm_autoaim/dev_ws/install/rm_serial_driver/lib'
[0.575s] Level 1:colcon.colcon_core.shell:create_environment_hook('rm_serial_driver', 'ld_library_path_lib')
[0.575s] INFO:colcon.colcon_core.shell:Creating environment hook '/home/rm_autoaim/dev_ws/install/rm_serial_driver/share/rm_serial_driver/hook/ld_library_path_lib.ps1'
[0.576s] INFO:colcon.colcon_core.shell:Creating environment descriptor '/home/rm_autoaim/dev_ws/install/rm_serial_driver/share/rm_serial_driver/hook/ld_library_path_lib.dsv'
[0.576s] INFO:colcon.colcon_core.shell:Creating environment hook '/home/rm_autoaim/dev_ws/install/rm_serial_driver/share/rm_serial_driver/hook/ld_library_path_lib.sh'
[0.576s] Level 1:colcon.colcon_core.environment:checking '/home/rm_autoaim/dev_ws/install/rm_serial_driver/bin'
[0.576s] Level 1:colcon.colcon_core.environment:checking '/home/rm_autoaim/dev_ws/install/rm_serial_driver/lib/pkgconfig/rm_serial_driver.pc'
[0.576s] Level 1:colcon.colcon_core.environment:checking '/home/rm_autoaim/dev_ws/install/rm_serial_driver/lib/python3.10/site-packages'
[0.576s] Level 1:colcon.colcon_core.environment:checking '/home/rm_autoaim/dev_ws/install/rm_serial_driver/bin'
[0.577s] INFO:colcon.colcon_core.shell:Creating package script '/home/rm_autoaim/dev_ws/install/rm_serial_driver/share/rm_serial_driver/package.ps1'
[0.577s] INFO:colcon.colcon_core.shell:Creating package descriptor '/home/rm_autoaim/dev_ws/install/rm_serial_driver/share/rm_serial_driver/package.dsv'
[0.577s] INFO:colcon.colcon_core.shell:Creating package script '/home/rm_autoaim/dev_ws/install/rm_serial_driver/share/rm_serial_driver/package.sh'
[0.578s] INFO:colcon.colcon_core.shell:Creating package script '/home/rm_autoaim/dev_ws/install/rm_serial_driver/share/rm_serial_driver/package.bash'
[0.578s] INFO:colcon.colcon_core.shell:Creating package script '/home/rm_autoaim/dev_ws/install/rm_serial_driver/share/rm_serial_driver/package.zsh'
[0.578s] Level 1:colcon.colcon_core.environment:create_file_with_runtime_dependencies(/home/rm_autoaim/dev_ws/install/rm_serial_driver/share/colcon-core/packages/rm_serial_driver)
[0.578s] Level 1:colcon.colcon_core.environment:create_environment_scripts_only(rm_serial_driver)
[0.578s] Level 1:colcon.colcon_core.environment:checking '/home/rm_autoaim/dev_ws/install/rm_serial_driver' for CMake module files
[0.579s] Level 1:colcon.colcon_core.environment:checking '/home/rm_autoaim/dev_ws/install/rm_serial_driver' for CMake config files
[0.579s] Level 1:colcon.colcon_core.shell:create_environment_hook('rm_serial_driver', 'cmake_prefix_path')
[0.579s] INFO:colcon.colcon_core.shell:Creating environment hook '/home/rm_autoaim/dev_ws/install/rm_serial_driver/share/rm_serial_driver/hook/cmake_prefix_path.ps1'
[0.579s] INFO:colcon.colcon_core.shell:Creating environment descriptor '/home/rm_autoaim/dev_ws/install/rm_serial_driver/share/rm_serial_driver/hook/cmake_prefix_path.dsv'
[0.579s] INFO:colcon.colcon_core.shell:Creating environment hook '/home/rm_autoaim/dev_ws/install/rm_serial_driver/share/rm_serial_driver/hook/cmake_prefix_path.sh'
[0.580s] Level 1:colcon.colcon_core.environment:checking '/home/rm_autoaim/dev_ws/install/rm_serial_driver/lib'
[0.580s] Level 1:colcon.colcon_core.shell:create_environment_hook('rm_serial_driver', 'ld_library_path_lib')
[0.580s] INFO:colcon.colcon_core.shell:Creating environment hook '/home/rm_autoaim/dev_ws/install/rm_serial_driver/share/rm_serial_driver/hook/ld_library_path_lib.ps1'
[0.580s] INFO:colcon.colcon_core.shell:Creating environment descriptor '/home/rm_autoaim/dev_ws/install/rm_serial_driver/share/rm_serial_driver/hook/ld_library_path_lib.dsv'
[0.580s] INFO:colcon.colcon_core.shell:Creating environment hook '/home/rm_autoaim/dev_ws/install/rm_serial_driver/share/rm_serial_driver/hook/ld_library_path_lib.sh'
[0.581s] Level 1:colcon.colcon_core.environment:checking '/home/rm_autoaim/dev_ws/install/rm_serial_driver/bin'
[0.581s] Level 1:colcon.colcon_core.environment:checking '/home/rm_autoaim/dev_ws/install/rm_serial_driver/lib/pkgconfig/rm_serial_driver.pc'
[0.581s] Level 1:colcon.colcon_core.environment:checking '/home/rm_autoaim/dev_ws/install/rm_serial_driver/lib/python3.10/site-packages'
[0.581s] Level 1:colcon.colcon_core.environment:checking '/home/rm_autoaim/dev_ws/install/rm_serial_driver/bin'
[0.581s] INFO:colcon.colcon_core.shell:Creating package script '/home/rm_autoaim/dev_ws/install/rm_serial_driver/share/rm_serial_driver/package.ps1'
[0.581s] INFO:colcon.colcon_core.shell:Creating package descriptor '/home/rm_autoaim/dev_ws/install/rm_serial_driver/share/rm_serial_driver/package.dsv'
[0.582s] INFO:colcon.colcon_core.shell:Creating package script '/home/rm_autoaim/dev_ws/install/rm_serial_driver/share/rm_serial_driver/package.sh'
[0.582s] INFO:colcon.colcon_core.shell:Creating package script '/home/rm_autoaim/dev_ws/install/rm_serial_driver/share/rm_serial_driver/package.bash'
[0.582s] INFO:colcon.colcon_core.shell:Creating package script '/home/rm_autoaim/dev_ws/install/rm_serial_driver/share/rm_serial_driver/package.zsh'
[0.582s] Level 1:colcon.colcon_core.environment:create_file_with_runtime_dependencies(/home/rm_autoaim/dev_ws/install/rm_serial_driver/share/colcon-core/packages/rm_serial_driver)
[0.583s] INFO:colcon.colcon_ros.task.ament_cmake.build:Building ROS package in '/home/rm_autoaim/dev_ws/src/rm_vision/rm_vision_bringup' with build type 'ament_cmake'
[0.583s] INFO:colcon.colcon_cmake.task.cmake.build:Building CMake package in '/home/rm_autoaim/dev_ws/src/rm_vision/rm_vision_bringup'
[0.583s] INFO:colcon.colcon_core.shell:Skip shell extension 'powershell' for command environment: Not usable outside of PowerShell
[0.583s] DEBUG:colcon.colcon_core.shell:Skip shell extension 'dsv' for command environment
[0.584s] Level 1:colcon.colcon_core.environment:create_environment_scripts_only(armor_tracker)
[0.584s] Level 1:colcon.colcon_core.environment:checking '/home/rm_autoaim/dev_ws/install/armor_tracker' for CMake module files
[0.585s] DEBUG:colcon.colcon_core.event_handler.log_command:Invoked command in '/home/rm_autoaim/dev_ws/build/armor_tracker' returned '0': AMENT_PREFIX_PATH=/home/rm_autoaim/dev_ws/install/auto_aim_interfaces CMAKE_PREFIX_PATH=/home/rm_autoaim/dev_ws/install/auto_aim_interfaces LD_LIBRARY_PATH=/home/rm_autoaim/dev_ws/install/auto_aim_interfaces/lib PYTHONPATH=/home/rm_autoaim/dev_ws/install/auto_aim_interfaces/local/lib/python3.10/dist-packages /usr/bin/cmake --install /home/rm_autoaim/dev_ws/build/armor_tracker
[0.585s] Level 1:colcon.colcon_core.environment:checking '/home/rm_autoaim/dev_ws/install/armor_tracker' for CMake config files
[0.585s] Level 1:colcon.colcon_core.shell:create_environment_hook('armor_tracker', 'cmake_prefix_path')
[0.585s] INFO:colcon.colcon_core.shell:Creating environment hook '/home/rm_autoaim/dev_ws/install/armor_tracker/share/armor_tracker/hook/cmake_prefix_path.ps1'
[0.586s] INFO:colcon.colcon_core.shell:Creating environment descriptor '/home/rm_autoaim/dev_ws/install/armor_tracker/share/armor_tracker/hook/cmake_prefix_path.dsv'
[0.595s] INFO:colcon.colcon_core.shell:Creating environment hook '/home/rm_autoaim/dev_ws/install/armor_tracker/share/armor_tracker/hook/cmake_prefix_path.sh'
[0.596s] Level 1:colcon.colcon_core.environment:checking '/home/rm_autoaim/dev_ws/install/armor_tracker/lib'
[0.596s] Level 1:colcon.colcon_core.shell:create_environment_hook('armor_tracker', 'ld_library_path_lib')
[0.596s] INFO:colcon.colcon_core.shell:Creating environment hook '/home/rm_autoaim/dev_ws/install/armor_tracker/share/armor_tracker/hook/ld_library_path_lib.ps1'
[0.596s] INFO:colcon.colcon_core.shell:Creating environment descriptor '/home/rm_autoaim/dev_ws/install/armor_tracker/share/armor_tracker/hook/ld_library_path_lib.dsv'
[0.597s] INFO:colcon.colcon_core.shell:Creating environment hook '/home/rm_autoaim/dev_ws/install/armor_tracker/share/armor_tracker/hook/ld_library_path_lib.sh'
[0.597s] Level 1:colcon.colcon_core.environment:checking '/home/rm_autoaim/dev_ws/install/armor_tracker/bin'
[0.597s] Level 1:colcon.colcon_core.environment:checking '/home/rm_autoaim/dev_ws/install/armor_tracker/lib/pkgconfig/armor_tracker.pc'
[0.597s] Level 1:colcon.colcon_core.environment:checking '/home/rm_autoaim/dev_ws/install/armor_tracker/lib/python3.10/site-packages'
[0.597s] Level 1:colcon.colcon_core.environment:checking '/home/rm_autoaim/dev_ws/install/armor_tracker/bin'
[0.598s] INFO:colcon.colcon_core.shell:Creating package script '/home/rm_autoaim/dev_ws/install/armor_tracker/share/armor_tracker/package.ps1'
[0.598s] INFO:colcon.colcon_core.shell:Creating package descriptor '/home/rm_autoaim/dev_ws/install/armor_tracker/share/armor_tracker/package.dsv'
[0.598s] INFO:colcon.colcon_core.shell:Creating package script '/home/rm_autoaim/dev_ws/install/armor_tracker/share/armor_tracker/package.sh'
[0.598s] INFO:colcon.colcon_core.shell:Creating package script '/home/rm_autoaim/dev_ws/install/armor_tracker/share/armor_tracker/package.bash'
[0.599s] INFO:colcon.colcon_core.shell:Creating package script '/home/rm_autoaim/dev_ws/install/armor_tracker/share/armor_tracker/package.zsh'
[0.599s] Level 1:colcon.colcon_core.environment:create_file_with_runtime_dependencies(/home/rm_autoaim/dev_ws/install/armor_tracker/share/colcon-core/packages/armor_tracker)
[0.600s] Level 1:colcon.colcon_core.environment:create_environment_scripts_only(armor_tracker)
[0.600s] Level 1:colcon.colcon_core.environment:checking '/home/rm_autoaim/dev_ws/install/armor_tracker' for CMake module files
[0.601s] Level 1:colcon.colcon_core.environment:checking '/home/rm_autoaim/dev_ws/install/armor_tracker' for CMake config files
[0.601s] Level 1:colcon.colcon_core.shell:create_environment_hook('armor_tracker', 'cmake_prefix_path')
[0.601s] INFO:colcon.colcon_core.shell:Creating environment hook '/home/rm_autoaim/dev_ws/install/armor_tracker/share/armor_tracker/hook/cmake_prefix_path.ps1'
[0.601s] INFO:colcon.colcon_core.shell:Creating environment descriptor '/home/rm_autoaim/dev_ws/install/armor_tracker/share/armor_tracker/hook/cmake_prefix_path.dsv'
[0.602s] INFO:colcon.colcon_core.shell:Creating environment hook '/home/rm_autoaim/dev_ws/install/armor_tracker/share/armor_tracker/hook/cmake_prefix_path.sh'
[0.602s] Level 1:colcon.colcon_core.environment:checking '/home/rm_autoaim/dev_ws/install/armor_tracker/lib'
[0.602s] Level 1:colcon.colcon_core.shell:create_environment_hook('armor_tracker', 'ld_library_path_lib')
[0.602s] INFO:colcon.colcon_core.shell:Creating environment hook '/home/rm_autoaim/dev_ws/install/armor_tracker/share/armor_tracker/hook/ld_library_path_lib.ps1'
[0.603s] INFO:colcon.colcon_core.shell:Creating environment descriptor '/home/rm_autoaim/dev_ws/install/armor_tracker/share/armor_tracker/hook/ld_library_path_lib.dsv'
[0.603s] INFO:colcon.colcon_core.shell:Creating environment hook '/home/rm_autoaim/dev_ws/install/armor_tracker/share/armor_tracker/hook/ld_library_path_lib.sh'
[0.603s] Level 1:colcon.colcon_core.environment:checking '/home/rm_autoaim/dev_ws/install/armor_tracker/bin'
[0.603s] Level 1:colcon.colcon_core.environment:checking '/home/rm_autoaim/dev_ws/install/armor_tracker/lib/pkgconfig/armor_tracker.pc'
[0.603s] Level 1:colcon.colcon_core.environment:checking '/home/rm_autoaim/dev_ws/install/armor_tracker/lib/python3.10/site-packages'
[0.603s] Level 1:colcon.colcon_core.environment:checking '/home/rm_autoaim/dev_ws/install/armor_tracker/bin'
[0.604s] INFO:colcon.colcon_core.shell:Creating package script '/home/rm_autoaim/dev_ws/install/armor_tracker/share/armor_tracker/package.ps1'
[0.604s] INFO:colcon.colcon_core.shell:Creating package descriptor '/home/rm_autoaim/dev_ws/install/armor_tracker/share/armor_tracker/package.dsv'
[0.605s] INFO:colcon.colcon_core.shell:Creating package script '/home/rm_autoaim/dev_ws/install/armor_tracker/share/armor_tracker/package.sh'
[0.605s] INFO:colcon.colcon_core.shell:Creating package script '/home/rm_autoaim/dev_ws/install/armor_tracker/share/armor_tracker/package.bash'
[0.605s] INFO:colcon.colcon_core.shell:Creating package script '/home/rm_autoaim/dev_ws/install/armor_tracker/share/armor_tracker/package.zsh'
[0.605s] Level 1:colcon.colcon_core.environment:create_file_with_runtime_dependencies(/home/rm_autoaim/dev_ws/install/armor_tracker/share/colcon-core/packages/armor_tracker)
[0.608s] DEBUG:colcon.colcon_core.event_handler.log_command:Invoking command in '/home/rm_autoaim/dev_ws/build/rm_vision_bringup': AMENT_PREFIX_PATH=/home/rm_autoaim/dev_ws/install/rm_serial_driver:/home/rm_autoaim/dev_ws/install/auto_aim_interfaces CMAKE_PREFIX_PATH=/home/rm_autoaim/dev_ws/install/rm_serial_driver:/home/rm_autoaim/dev_ws/install/auto_aim_interfaces LD_LIBRARY_PATH=/home/rm_autoaim/dev_ws/install/rm_serial_driver/lib:/home/rm_autoaim/dev_ws/install/auto_aim_interfaces/lib PYTHONPATH=/home/rm_autoaim/dev_ws/install/auto_aim_interfaces/local/lib/python3.10/dist-packages /usr/bin/cmake --build /home/rm_autoaim/dev_ws/build/rm_vision_bringup -- -j8 -l8
[0.633s] DEBUG:colcon.colcon_core.event_handler.log_command:Invoked command in '/home/rm_autoaim/dev_ws/build/rm_vision_bringup' returned '0': AMENT_PREFIX_PATH=/home/rm_autoaim/dev_ws/install/rm_serial_driver:/home/rm_autoaim/dev_ws/install/auto_aim_interfaces CMAKE_PREFIX_PATH=/home/rm_autoaim/dev_ws/install/rm_serial_driver:/home/rm_autoaim/dev_ws/install/auto_aim_interfaces LD_LIBRARY_PATH=/home/rm_autoaim/dev_ws/install/rm_serial_driver/lib:/home/rm_autoaim/dev_ws/install/auto_aim_interfaces/lib PYTHONPATH=/home/rm_autoaim/dev_ws/install/auto_aim_interfaces/local/lib/python3.10/dist-packages /usr/bin/cmake --build /home/rm_autoaim/dev_ws/build/rm_vision_bringup -- -j8 -l8
[0.634s] DEBUG:colcon.colcon_core.event_handler.log_command:Invoking command in '/home/rm_autoaim/dev_ws/build/rm_vision_bringup': AMENT_PREFIX_PATH=/home/rm_autoaim/dev_ws/install/rm_serial_driver:/home/rm_autoaim/dev_ws/install/auto_aim_interfaces CMAKE_PREFIX_PATH=/home/rm_autoaim/dev_ws/install/rm_serial_driver:/home/rm_autoaim/dev_ws/install/auto_aim_interfaces LD_LIBRARY_PATH=/home/rm_autoaim/dev_ws/install/rm_serial_driver/lib:/home/rm_autoaim/dev_ws/install/auto_aim_interfaces/lib PYTHONPATH=/home/rm_autoaim/dev_ws/install/auto_aim_interfaces/local/lib/python3.10/dist-packages /usr/bin/cmake --install /home/rm_autoaim/dev_ws/build/rm_vision_bringup
[0.642s] Level 1:colcon.colcon_core.environment:create_environment_scripts_only(rm_vision_bringup)
[0.642s] Level 1:colcon.colcon_core.environment:checking '/home/rm_autoaim/dev_ws/install/rm_vision_bringup' for CMake module files
[0.642s] DEBUG:colcon.colcon_core.event_handler.log_command:Invoked command in '/home/rm_autoaim/dev_ws/build/rm_vision_bringup' returned '0': AMENT_PREFIX_PATH=/home/rm_autoaim/dev_ws/install/rm_serial_driver:/home/rm_autoaim/dev_ws/install/auto_aim_interfaces CMAKE_PREFIX_PATH=/home/rm_autoaim/dev_ws/install/rm_serial_driver:/home/rm_autoaim/dev_ws/install/auto_aim_interfaces LD_LIBRARY_PATH=/home/rm_autoaim/dev_ws/install/rm_serial_driver/lib:/home/rm_autoaim/dev_ws/install/auto_aim_interfaces/lib PYTHONPATH=/home/rm_autoaim/dev_ws/install/auto_aim_interfaces/local/lib/python3.10/dist-packages /usr/bin/cmake --install /home/rm_autoaim/dev_ws/build/rm_vision_bringup
[0.643s] Level 1:colcon.colcon_core.environment:checking '/home/rm_autoaim/dev_ws/install/rm_vision_bringup' for CMake config files
[0.643s] Level 1:colcon.colcon_core.shell:create_environment_hook('rm_vision_bringup', 'cmake_prefix_path')
[0.643s] INFO:colcon.colcon_core.shell:Creating environment hook '/home/rm_autoaim/dev_ws/install/rm_vision_bringup/share/rm_vision_bringup/hook/cmake_prefix_path.ps1'
[0.643s] INFO:colcon.colcon_core.shell:Creating environment descriptor '/home/rm_autoaim/dev_ws/install/rm_vision_bringup/share/rm_vision_bringup/hook/cmake_prefix_path.dsv'
[0.644s] INFO:colcon.colcon_core.shell:Creating environment hook '/home/rm_autoaim/dev_ws/install/rm_vision_bringup/share/rm_vision_bringup/hook/cmake_prefix_path.sh'
[0.644s] Level 1:colcon.colcon_core.environment:checking '/home/rm_autoaim/dev_ws/install/rm_vision_bringup/bin'
[0.644s] Level 1:colcon.colcon_core.environment:checking '/home/rm_autoaim/dev_ws/install/rm_vision_bringup/lib/pkgconfig/rm_vision_bringup.pc'
[0.644s] Level 1:colcon.colcon_core.environment:checking '/home/rm_autoaim/dev_ws/install/rm_vision_bringup/lib/python3.10/site-packages'
[0.644s] Level 1:colcon.colcon_core.environment:checking '/home/rm_autoaim/dev_ws/install/rm_vision_bringup/bin'
[0.645s] INFO:colcon.colcon_core.shell:Creating package script '/home/rm_autoaim/dev_ws/install/rm_vision_bringup/share/rm_vision_bringup/package.ps1'
[0.645s] INFO:colcon.colcon_core.shell:Creating package descriptor '/home/rm_autoaim/dev_ws/install/rm_vision_bringup/share/rm_vision_bringup/package.dsv'
[0.645s] INFO:colcon.colcon_core.shell:Creating package script '/home/rm_autoaim/dev_ws/install/rm_vision_bringup/share/rm_vision_bringup/package.sh'
[0.646s] INFO:colcon.colcon_core.shell:Creating package script '/home/rm_autoaim/dev_ws/install/rm_vision_bringup/share/rm_vision_bringup/package.bash'
[0.646s] INFO:colcon.colcon_core.shell:Creating package script '/home/rm_autoaim/dev_ws/install/rm_vision_bringup/share/rm_vision_bringup/package.zsh'
[0.646s] Level 1:colcon.colcon_core.environment:create_file_with_runtime_dependencies(/home/rm_autoaim/dev_ws/install/rm_vision_bringup/share/colcon-core/packages/rm_vision_bringup)
[0.647s] Level 1:colcon.colcon_core.environment:create_environment_scripts_only(rm_vision_bringup)
[0.647s] Level 1:colcon.colcon_core.environment:checking '/home/rm_autoaim/dev_ws/install/rm_vision_bringup' for CMake module files
[0.647s] Level 1:colcon.colcon_core.environment:checking '/home/rm_autoaim/dev_ws/install/rm_vision_bringup' for CMake config files
[0.647s] Level 1:colcon.colcon_core.shell:create_environment_hook('rm_vision_bringup', 'cmake_prefix_path')
[0.647s] INFO:colcon.colcon_core.shell:Creating environment hook '/home/rm_autoaim/dev_ws/install/rm_vision_bringup/share/rm_vision_bringup/hook/cmake_prefix_path.ps1'
[0.648s] INFO:colcon.colcon_core.shell:Creating environment descriptor '/home/rm_autoaim/dev_ws/install/rm_vision_bringup/share/rm_vision_bringup/hook/cmake_prefix_path.dsv'
[0.648s] INFO:colcon.colcon_core.shell:Creating environment hook '/home/rm_autoaim/dev_ws/install/rm_vision_bringup/share/rm_vision_bringup/hook/cmake_prefix_path.sh'
[0.648s] Level 1:colcon.colcon_core.environment:checking '/home/rm_autoaim/dev_ws/install/rm_vision_bringup/bin'
[0.648s] Level 1:colcon.colcon_core.environment:checking '/home/rm_autoaim/dev_ws/install/rm_vision_bringup/lib/pkgconfig/rm_vision_bringup.pc'
[0.648s] Level 1:colcon.colcon_core.environment:checking '/home/rm_autoaim/dev_ws/install/rm_vision_bringup/lib/python3.10/site-packages'
[0.649s] Level 1:colcon.colcon_core.environment:checking '/home/rm_autoaim/dev_ws/install/rm_vision_bringup/bin'
[0.649s] INFO:colcon.colcon_core.shell:Creating package script '/home/rm_autoaim/dev_ws/install/rm_vision_bringup/share/rm_vision_bringup/package.ps1'
[0.650s] INFO:colcon.colcon_core.shell:Creating package descriptor '/home/rm_autoaim/dev_ws/install/rm_vision_bringup/share/rm_vision_bringup/package.dsv'
[0.650s] INFO:colcon.colcon_core.shell:Creating package script '/home/rm_autoaim/dev_ws/install/rm_vision_bringup/share/rm_vision_bringup/package.sh'
[0.651s] INFO:colcon.colcon_core.shell:Creating package script '/home/rm_autoaim/dev_ws/install/rm_vision_bringup/share/rm_vision_bringup/package.bash'
[0.651s] INFO:colcon.colcon_core.shell:Creating package script '/home/rm_autoaim/dev_ws/install/rm_vision_bringup/share/rm_vision_bringup/package.zsh'
[0.652s] Level 1:colcon.colcon_core.environment:create_file_with_runtime_dependencies(/home/rm_autoaim/dev_ws/install/rm_vision_bringup/share/colcon-core/packages/rm_vision_bringup)
[0.652s] DEBUG:colcon.colcon_parallel_executor.executor.parallel:closing loop
[0.652s] DEBUG:colcon.colcon_parallel_executor.executor.parallel:loop closed
[0.652s] DEBUG:colcon.colcon_parallel_executor.executor.parallel:run_until_complete finished with '0'
[0.652s] DEBUG:colcon.colcon_core.event_reactor:joining thread
[0.656s] INFO:colcon.colcon_core.plugin_system:Skipping extension 'colcon_notification.desktop_notification.terminal_notifier': Not used on non-Darwin systems
[0.656s] INFO:colcon.colcon_core.plugin_system:Skipping extension 'colcon_notification.desktop_notification.win32': Not used on non-Windows systems
[0.656s] INFO:colcon.colcon_notification.desktop_notification:Sending desktop notification using 'notify2'
[0.665s] DEBUG:colcon.colcon_core.event_reactor:joined thread
[0.666s] INFO:colcon.colcon_core.shell:Creating prefix script '/home/rm_autoaim/dev_ws/install/local_setup.ps1'
[0.667s] INFO:colcon.colcon_core.shell:Creating prefix util module '/home/rm_autoaim/dev_ws/install/_local_setup_util_ps1.py'
[0.668s] INFO:colcon.colcon_core.shell:Creating prefix chain script '/home/rm_autoaim/dev_ws/install/setup.ps1'
[0.669s] INFO:colcon.colcon_core.shell:Creating prefix script '/home/rm_autoaim/dev_ws/install/local_setup.sh'
[0.670s] INFO:colcon.colcon_core.shell:Creating prefix util module '/home/rm_autoaim/dev_ws/install/_local_setup_util_sh.py'
[0.670s] INFO:colcon.colcon_core.shell:Creating prefix chain script '/home/rm_autoaim/dev_ws/install/setup.sh'
[0.671s] INFO:colcon.colcon_core.shell:Creating prefix script '/home/rm_autoaim/dev_ws/install/local_setup.bash'
[0.672s] INFO:colcon.colcon_core.shell:Creating prefix chain script '/home/rm_autoaim/dev_ws/install/setup.bash'
[0.673s] INFO:colcon.colcon_core.shell:Creating prefix script '/home/rm_autoaim/dev_ws/install/local_setup.zsh'
[0.674s] INFO:colcon.colcon_core.shell:Creating prefix chain script '/home/rm_autoaim/dev_ws/install/setup.zsh'
