[0.067s] DEBUG:colcon:Command line arguments: ['/usr/bin/colcon', 'build']
[0.067s] DEBUG:colcon:Parsed command line arguments: Namespace(log_base=None, log_level=None, verb_name='build', build_base='build', install_base='install', merge_install=False, symlink_install=False, test_result_base=None, continue_on_error=False, executor='parallel', parallel_workers=8, event_handlers=None, ignore_user_meta=False, metas=['./colcon.meta'], base_paths=['.'], packages_ignore=None, packages_ignore_regex=None, paths=None, packages_up_to=None, packages_up_to_regex=None, packages_above=None, packages_above_and_dependencies=None, packages_above_depth=None, packages_select_by_dep=None, packages_skip_by_dep=None, packages_skip_up_to=None, packages_select_build_failed=False, packages_skip_build_finished=False, packages_select_test_failures=False, packages_skip_test_passed=False, packages_select=None, packages_skip=None, packages_select_regex=None, packages_skip_regex=None, packages_start=None, packages_end=None, allow_overriding=[], cmake_args=None, cmake_target=None, cmake_target_skip_unavailable=False, cmake_clean_cache=False, cmake_clean_first=False, cmake_force_configure=False, ament_cmake_args=None, catkin_cmake_args=None, catkin_skip_building_tests=False, verb_parser=<colcon_defaults.argument_parser.defaults.DefaultArgumentsDecorator object at 0x734b9ea0f4c0>, verb_extension=<colcon_core.verb.build.BuildVerb object at 0x734b9ea0efb0>, main=<bound method BuildVerb.main of <colcon_core.verb.build.BuildVerb object at 0x734b9ea0efb0>>)
[0.149s] Level 1:colcon.colcon_core.package_discovery:discover_packages(colcon_meta) check parameters
[0.149s] Level 1:colcon.colcon_core.package_discovery:discover_packages(recursive) check parameters
[0.149s] Level 1:colcon.colcon_core.package_discovery:discover_packages(ignore) check parameters
[0.149s] Level 1:colcon.colcon_core.package_discovery:discover_packages(path) check parameters
[0.149s] Level 1:colcon.colcon_core.package_discovery:discover_packages(colcon_meta) discover
[0.149s] Level 1:colcon.colcon_core.package_discovery:discover_packages(recursive) discover
[0.149s] INFO:colcon.colcon_core.package_discovery:Crawling recursively for packages in '/home/rm_autoaim/dev_ws'
[0.150s] Level 1:colcon.colcon_core.package_identification:_identify(.) by extensions ['ignore', 'ignore_ament_install']
[0.150s] Level 1:colcon.colcon_core.package_identification:_identify(.) by extension 'ignore'
[0.150s] Level 1:colcon.colcon_core.package_identification:_identify(.) by extension 'ignore_ament_install'
[0.150s] Level 1:colcon.colcon_core.package_identification:_identify(.) by extensions ['colcon_pkg']
[0.150s] Level 1:colcon.colcon_core.package_identification:_identify(.) by extension 'colcon_pkg'
[0.150s] Level 1:colcon.colcon_core.package_identification:_identify(.) by extensions ['colcon_meta']
[0.150s] Level 1:colcon.colcon_core.package_identification:_identify(.) by extension 'colcon_meta'
[0.150s] Level 1:colcon.colcon_core.package_identification:_identify(.) by extensions ['ros']
[0.150s] Level 1:colcon.colcon_core.package_identification:_identify(.) by extension 'ros'
[0.160s] Level 1:colcon.colcon_core.package_identification:_identify(.) by extensions ['cmake', 'python']
[0.161s] Level 1:colcon.colcon_core.package_identification:_identify(.) by extension 'cmake'
[0.161s] Level 1:colcon.colcon_core.package_identification:_identify(.) by extension 'python'
[0.161s] Level 1:colcon.colcon_core.package_identification:_identify(.) by extensions ['python_setup_py']
[0.161s] Level 1:colcon.colcon_core.package_identification:_identify(.) by extension 'python_setup_py'
[0.161s] Level 1:colcon.colcon_core.package_identification:_identify(build) by extensions ['ignore', 'ignore_ament_install']
[0.161s] Level 1:colcon.colcon_core.package_identification:_identify(build) by extension 'ignore'
[0.161s] Level 1:colcon.colcon_core.package_identification:_identify(build) ignored
[0.161s] Level 1:colcon.colcon_core.package_identification:_identify(install) by extensions ['ignore', 'ignore_ament_install']
[0.161s] Level 1:colcon.colcon_core.package_identification:_identify(install) by extension 'ignore'
[0.161s] Level 1:colcon.colcon_core.package_identification:_identify(install) ignored
[0.161s] Level 1:colcon.colcon_core.package_identification:_identify(log) by extensions ['ignore', 'ignore_ament_install']
[0.161s] Level 1:colcon.colcon_core.package_identification:_identify(log) by extension 'ignore'
[0.161s] Level 1:colcon.colcon_core.package_identification:_identify(log) ignored
[0.161s] Level 1:colcon.colcon_core.package_identification:_identify(src) by extensions ['ignore', 'ignore_ament_install']
[0.161s] Level 1:colcon.colcon_core.package_identification:_identify(src) by extension 'ignore'
[0.161s] Level 1:colcon.colcon_core.package_identification:_identify(src) by extension 'ignore_ament_install'
[0.161s] Level 1:colcon.colcon_core.package_identification:_identify(src) by extensions ['colcon_pkg']
[0.161s] Level 1:colcon.colcon_core.package_identification:_identify(src) by extension 'colcon_pkg'
[0.161s] Level 1:colcon.colcon_core.package_identification:_identify(src) by extensions ['colcon_meta']
[0.162s] Level 1:colcon.colcon_core.package_identification:_identify(src) by extension 'colcon_meta'
[0.162s] Level 1:colcon.colcon_core.package_identification:_identify(src) by extensions ['ros']
[0.162s] Level 1:colcon.colcon_core.package_identification:_identify(src) by extension 'ros'
[0.162s] Level 1:colcon.colcon_core.package_identification:_identify(src) by extensions ['cmake', 'python']
[0.162s] Level 1:colcon.colcon_core.package_identification:_identify(src) by extension 'cmake'
[0.162s] Level 1:colcon.colcon_core.package_identification:_identify(src) by extension 'python'
[0.162s] Level 1:colcon.colcon_core.package_identification:_identify(src) by extensions ['python_setup_py']
[0.162s] Level 1:colcon.colcon_core.package_identification:_identify(src) by extension 'python_setup_py'
[0.162s] Level 1:colcon.colcon_core.package_identification:_identify(src/hik_camera) by extensions ['ignore', 'ignore_ament_install']
[0.162s] Level 1:colcon.colcon_core.package_identification:_identify(src/hik_camera) by extension 'ignore'
[0.162s] Level 1:colcon.colcon_core.package_identification:_identify(src/hik_camera) by extension 'ignore_ament_install'
[0.162s] Level 1:colcon.colcon_core.package_identification:_identify(src/hik_camera) by extensions ['colcon_pkg']
[0.162s] Level 1:colcon.colcon_core.package_identification:_identify(src/hik_camera) by extension 'colcon_pkg'
[0.162s] Level 1:colcon.colcon_core.package_identification:_identify(src/hik_camera) by extensions ['colcon_meta']
[0.162s] Level 1:colcon.colcon_core.package_identification:_identify(src/hik_camera) by extension 'colcon_meta'
[0.162s] Level 1:colcon.colcon_core.package_identification:_identify(src/hik_camera) by extensions ['ros']
[0.162s] Level 1:colcon.colcon_core.package_identification:_identify(src/hik_camera) by extension 'ros'
[0.164s] DEBUG:colcon.colcon_core.package_identification:Package 'src/hik_camera' with type 'ros.ament_cmake' and name 'hik_camera'
[0.164s] Level 1:colcon.colcon_core.package_identification:_identify(src/rm_auto_aim) by extensions ['ignore', 'ignore_ament_install']
[0.164s] Level 1:colcon.colcon_core.package_identification:_identify(src/rm_auto_aim) by extension 'ignore'
[0.165s] Level 1:colcon.colcon_core.package_identification:_identify(src/rm_auto_aim) by extension 'ignore_ament_install'
[0.165s] Level 1:colcon.colcon_core.package_identification:_identify(src/rm_auto_aim) by extensions ['colcon_pkg']
[0.165s] Level 1:colcon.colcon_core.package_identification:_identify(src/rm_auto_aim) by extension 'colcon_pkg'
[0.165s] Level 1:colcon.colcon_core.package_identification:_identify(src/rm_auto_aim) by extensions ['colcon_meta']
[0.165s] Level 1:colcon.colcon_core.package_identification:_identify(src/rm_auto_aim) by extension 'colcon_meta'
[0.165s] Level 1:colcon.colcon_core.package_identification:_identify(src/rm_auto_aim) by extensions ['ros']
[0.165s] Level 1:colcon.colcon_core.package_identification:_identify(src/rm_auto_aim) by extension 'ros'
[0.165s] Level 1:colcon.colcon_core.package_identification:_identify(src/rm_auto_aim) by extensions ['cmake', 'python']
[0.165s] Level 1:colcon.colcon_core.package_identification:_identify(src/rm_auto_aim) by extension 'cmake'
[0.165s] Level 1:colcon.colcon_core.package_identification:_identify(src/rm_auto_aim) by extension 'python'
[0.165s] Level 1:colcon.colcon_core.package_identification:_identify(src/rm_auto_aim) by extensions ['python_setup_py']
[0.165s] Level 1:colcon.colcon_core.package_identification:_identify(src/rm_auto_aim) by extension 'python_setup_py'
[0.165s] Level 1:colcon.colcon_core.package_identification:_identify(src/rm_auto_aim/armor_detector) by extensions ['ignore', 'ignore_ament_install']
[0.165s] Level 1:colcon.colcon_core.package_identification:_identify(src/rm_auto_aim/armor_detector) by extension 'ignore'
[0.165s] Level 1:colcon.colcon_core.package_identification:_identify(src/rm_auto_aim/armor_detector) by extension 'ignore_ament_install'
[0.165s] Level 1:colcon.colcon_core.package_identification:_identify(src/rm_auto_aim/armor_detector) by extensions ['colcon_pkg']
[0.165s] Level 1:colcon.colcon_core.package_identification:_identify(src/rm_auto_aim/armor_detector) by extension 'colcon_pkg'
[0.165s] Level 1:colcon.colcon_core.package_identification:_identify(src/rm_auto_aim/armor_detector) by extensions ['colcon_meta']
[0.165s] Level 1:colcon.colcon_core.package_identification:_identify(src/rm_auto_aim/armor_detector) by extension 'colcon_meta'
[0.165s] Level 1:colcon.colcon_core.package_identification:_identify(src/rm_auto_aim/armor_detector) by extensions ['ros']
[0.165s] Level 1:colcon.colcon_core.package_identification:_identify(src/rm_auto_aim/armor_detector) by extension 'ros'
[0.166s] DEBUG:colcon.colcon_core.package_identification:Package 'src/rm_auto_aim/armor_detector' with type 'ros.ament_cmake' and name 'armor_detector'
[0.166s] Level 1:colcon.colcon_core.package_identification:_identify(src/rm_auto_aim/armor_tracker) by extensions ['ignore', 'ignore_ament_install']
[0.166s] Level 1:colcon.colcon_core.package_identification:_identify(src/rm_auto_aim/armor_tracker) by extension 'ignore'
[0.166s] Level 1:colcon.colcon_core.package_identification:_identify(src/rm_auto_aim/armor_tracker) by extension 'ignore_ament_install'
[0.166s] Level 1:colcon.colcon_core.package_identification:_identify(src/rm_auto_aim/armor_tracker) by extensions ['colcon_pkg']
[0.166s] Level 1:colcon.colcon_core.package_identification:_identify(src/rm_auto_aim/armor_tracker) by extension 'colcon_pkg'
[0.166s] Level 1:colcon.colcon_core.package_identification:_identify(src/rm_auto_aim/armor_tracker) by extensions ['colcon_meta']
[0.166s] Level 1:colcon.colcon_core.package_identification:_identify(src/rm_auto_aim/armor_tracker) by extension 'colcon_meta'
[0.166s] Level 1:colcon.colcon_core.package_identification:_identify(src/rm_auto_aim/armor_tracker) by extensions ['ros']
[0.167s] Level 1:colcon.colcon_core.package_identification:_identify(src/rm_auto_aim/armor_tracker) by extension 'ros'
[0.168s] DEBUG:colcon.colcon_core.package_identification:Package 'src/rm_auto_aim/armor_tracker' with type 'ros.ament_cmake' and name 'armor_tracker'
[0.168s] Level 1:colcon.colcon_core.package_identification:_identify(src/rm_auto_aim/auto_aim_interfaces) by extensions ['ignore', 'ignore_ament_install']
[0.168s] Level 1:colcon.colcon_core.package_identification:_identify(src/rm_auto_aim/auto_aim_interfaces) by extension 'ignore'
[0.168s] Level 1:colcon.colcon_core.package_identification:_identify(src/rm_auto_aim/auto_aim_interfaces) by extension 'ignore_ament_install'
[0.168s] Level 1:colcon.colcon_core.package_identification:_identify(src/rm_auto_aim/auto_aim_interfaces) by extensions ['colcon_pkg']
[0.168s] Level 1:colcon.colcon_core.package_identification:_identify(src/rm_auto_aim/auto_aim_interfaces) by extension 'colcon_pkg'
[0.168s] Level 1:colcon.colcon_core.package_identification:_identify(src/rm_auto_aim/auto_aim_interfaces) by extensions ['colcon_meta']
[0.168s] Level 1:colcon.colcon_core.package_identification:_identify(src/rm_auto_aim/auto_aim_interfaces) by extension 'colcon_meta'
[0.168s] Level 1:colcon.colcon_core.package_identification:_identify(src/rm_auto_aim/auto_aim_interfaces) by extensions ['ros']
[0.168s] Level 1:colcon.colcon_core.package_identification:_identify(src/rm_auto_aim/auto_aim_interfaces) by extension 'ros'
[0.168s] DEBUG:colcon.colcon_core.package_identification:Package 'src/rm_auto_aim/auto_aim_interfaces' with type 'ros.ament_cmake' and name 'auto_aim_interfaces'
[0.169s] Level 1:colcon.colcon_core.package_identification:_identify(src/rm_gimbal_description) by extensions ['ignore', 'ignore_ament_install']
[0.169s] Level 1:colcon.colcon_core.package_identification:_identify(src/rm_gimbal_description) by extension 'ignore'
[0.169s] Level 1:colcon.colcon_core.package_identification:_identify(src/rm_gimbal_description) by extension 'ignore_ament_install'
[0.169s] Level 1:colcon.colcon_core.package_identification:_identify(src/rm_gimbal_description) by extensions ['colcon_pkg']
[0.169s] Level 1:colcon.colcon_core.package_identification:_identify(src/rm_gimbal_description) by extension 'colcon_pkg'
[0.169s] Level 1:colcon.colcon_core.package_identification:_identify(src/rm_gimbal_description) by extensions ['colcon_meta']
[0.169s] Level 1:colcon.colcon_core.package_identification:_identify(src/rm_gimbal_description) by extension 'colcon_meta'
[0.169s] Level 1:colcon.colcon_core.package_identification:_identify(src/rm_gimbal_description) by extensions ['ros']
[0.169s] Level 1:colcon.colcon_core.package_identification:_identify(src/rm_gimbal_description) by extension 'ros'
[0.169s] DEBUG:colcon.colcon_core.package_identification:Package 'src/rm_gimbal_description' with type 'ros.ament_cmake' and name 'rm_gimbal_description'
[0.169s] Level 1:colcon.colcon_core.package_identification:_identify(src/rm_serial_driver) by extensions ['ignore', 'ignore_ament_install']
[0.169s] Level 1:colcon.colcon_core.package_identification:_identify(src/rm_serial_driver) by extension 'ignore'
[0.170s] Level 1:colcon.colcon_core.package_identification:_identify(src/rm_serial_driver) by extension 'ignore_ament_install'
[0.170s] Level 1:colcon.colcon_core.package_identification:_identify(src/rm_serial_driver) by extensions ['colcon_pkg']
[0.170s] Level 1:colcon.colcon_core.package_identification:_identify(src/rm_serial_driver) by extension 'colcon_pkg'
[0.170s] Level 1:colcon.colcon_core.package_identification:_identify(src/rm_serial_driver) by extensions ['colcon_meta']
[0.170s] Level 1:colcon.colcon_core.package_identification:_identify(src/rm_serial_driver) by extension 'colcon_meta'
[0.170s] Level 1:colcon.colcon_core.package_identification:_identify(src/rm_serial_driver) by extensions ['ros']
[0.170s] Level 1:colcon.colcon_core.package_identification:_identify(src/rm_serial_driver) by extension 'ros'
[0.171s] DEBUG:colcon.colcon_core.package_identification:Package 'src/rm_serial_driver' with type 'ros.ament_cmake' and name 'rm_serial_driver'
[0.171s] Level 1:colcon.colcon_core.package_identification:_identify(src/rm_vision) by extensions ['ignore', 'ignore_ament_install']
[0.171s] Level 1:colcon.colcon_core.package_identification:_identify(src/rm_vision) by extension 'ignore'
[0.171s] Level 1:colcon.colcon_core.package_identification:_identify(src/rm_vision) by extension 'ignore_ament_install'
[0.171s] Level 1:colcon.colcon_core.package_identification:_identify(src/rm_vision) by extensions ['colcon_pkg']
[0.171s] Level 1:colcon.colcon_core.package_identification:_identify(src/rm_vision) by extension 'colcon_pkg'
[0.171s] Level 1:colcon.colcon_core.package_identification:_identify(src/rm_vision) by extensions ['colcon_meta']
[0.171s] Level 1:colcon.colcon_core.package_identification:_identify(src/rm_vision) by extension 'colcon_meta'
[0.171s] Level 1:colcon.colcon_core.package_identification:_identify(src/rm_vision) by extensions ['ros']
[0.171s] Level 1:colcon.colcon_core.package_identification:_identify(src/rm_vision) by extension 'ros'
[0.171s] Level 1:colcon.colcon_core.package_identification:_identify(src/rm_vision) by extensions ['cmake', 'python']
[0.171s] Level 1:colcon.colcon_core.package_identification:_identify(src/rm_vision) by extension 'cmake'
[0.171s] Level 1:colcon.colcon_core.package_identification:_identify(src/rm_vision) by extension 'python'
[0.171s] Level 1:colcon.colcon_core.package_identification:_identify(src/rm_vision) by extensions ['python_setup_py']
[0.171s] Level 1:colcon.colcon_core.package_identification:_identify(src/rm_vision) by extension 'python_setup_py'
[0.171s] Level 1:colcon.colcon_core.package_identification:_identify(src/rm_vision/rm_vision_bringup) by extensions ['ignore', 'ignore_ament_install']
[0.171s] Level 1:colcon.colcon_core.package_identification:_identify(src/rm_vision/rm_vision_bringup) by extension 'ignore'
[0.171s] Level 1:colcon.colcon_core.package_identification:_identify(src/rm_vision/rm_vision_bringup) by extension 'ignore_ament_install'
[0.171s] Level 1:colcon.colcon_core.package_identification:_identify(src/rm_vision/rm_vision_bringup) by extensions ['colcon_pkg']
[0.171s] Level 1:colcon.colcon_core.package_identification:_identify(src/rm_vision/rm_vision_bringup) by extension 'colcon_pkg'
[0.171s] Level 1:colcon.colcon_core.package_identification:_identify(src/rm_vision/rm_vision_bringup) by extensions ['colcon_meta']
[0.171s] Level 1:colcon.colcon_core.package_identification:_identify(src/rm_vision/rm_vision_bringup) by extension 'colcon_meta'
[0.171s] Level 1:colcon.colcon_core.package_identification:_identify(src/rm_vision/rm_vision_bringup) by extensions ['ros']
[0.172s] Level 1:colcon.colcon_core.package_identification:_identify(src/rm_vision/rm_vision_bringup) by extension 'ros'
[0.172s] DEBUG:colcon.colcon_core.package_identification:Package 'src/rm_vision/rm_vision_bringup' with type 'ros.ament_cmake' and name 'rm_vision_bringup'
[0.172s] Level 1:colcon.colcon_core.package_discovery:discover_packages(recursive) using defaults
[0.172s] Level 1:colcon.colcon_core.package_discovery:discover_packages(ignore) discover
[0.172s] Level 1:colcon.colcon_core.package_discovery:discover_packages(ignore) using defaults
[0.172s] Level 1:colcon.colcon_core.package_discovery:discover_packages(path) discover
[0.172s] Level 1:colcon.colcon_core.package_discovery:discover_packages(path) using defaults
[0.189s] Level 1:colcon.colcon_core.package_discovery:discover_packages(prefix_path) check parameters
[0.189s] Level 1:colcon.colcon_core.package_discovery:discover_packages(prefix_path) discover
[0.189s] Level 1:colcon.colcon_core.package_discovery:discover_packages(prefix_path) using defaults
[0.190s] Level 5:colcon.colcon_core.verb:set package 'auto_aim_interfaces' build argument 'cmake_args' from command line to 'None'
[0.190s] Level 5:colcon.colcon_core.verb:set package 'auto_aim_interfaces' build argument 'cmake_target' from command line to 'None'
[0.190s] Level 5:colcon.colcon_core.verb:set package 'auto_aim_interfaces' build argument 'cmake_target_skip_unavailable' from command line to 'False'
[0.190s] Level 5:colcon.colcon_core.verb:set package 'auto_aim_interfaces' build argument 'cmake_clean_cache' from command line to 'False'
[0.190s] Level 5:colcon.colcon_core.verb:set package 'auto_aim_interfaces' build argument 'cmake_clean_first' from command line to 'False'
[0.190s] Level 5:colcon.colcon_core.verb:set package 'auto_aim_interfaces' build argument 'cmake_force_configure' from command line to 'False'
[0.190s] Level 5:colcon.colcon_core.verb:set package 'auto_aim_interfaces' build argument 'ament_cmake_args' from command line to 'None'
[0.190s] Level 5:colcon.colcon_core.verb:set package 'auto_aim_interfaces' build argument 'catkin_cmake_args' from command line to 'None'
[0.190s] Level 5:colcon.colcon_core.verb:set package 'auto_aim_interfaces' build argument 'catkin_skip_building_tests' from command line to 'False'
[0.190s] DEBUG:colcon.colcon_core.verb:Building package 'auto_aim_interfaces' with the following arguments: {'ament_cmake_args': None, 'build_base': '/home/rm_autoaim/dev_ws/build/auto_aim_interfaces', 'catkin_cmake_args': None, 'catkin_skip_building_tests': False, 'cmake_args': None, 'cmake_clean_cache': False, 'cmake_clean_first': False, 'cmake_force_configure': False, 'cmake_target': None, 'cmake_target_skip_unavailable': False, 'install_base': '/home/rm_autoaim/dev_ws/install/auto_aim_interfaces', 'merge_install': False, 'path': '/home/rm_autoaim/dev_ws/src/rm_auto_aim/auto_aim_interfaces', 'symlink_install': False, 'test_result_base': None}
[0.191s] Level 5:colcon.colcon_core.verb:set package 'hik_camera' build argument 'cmake_args' from command line to 'None'
[0.191s] Level 5:colcon.colcon_core.verb:set package 'hik_camera' build argument 'cmake_target' from command line to 'None'
[0.191s] Level 5:colcon.colcon_core.verb:set package 'hik_camera' build argument 'cmake_target_skip_unavailable' from command line to 'False'
[0.191s] Level 5:colcon.colcon_core.verb:set package 'hik_camera' build argument 'cmake_clean_cache' from command line to 'False'
[0.191s] Level 5:colcon.colcon_core.verb:set package 'hik_camera' build argument 'cmake_clean_first' from command line to 'False'
[0.191s] Level 5:colcon.colcon_core.verb:set package 'hik_camera' build argument 'cmake_force_configure' from command line to 'False'
[0.191s] Level 5:colcon.colcon_core.verb:set package 'hik_camera' build argument 'ament_cmake_args' from command line to 'None'
[0.191s] Level 5:colcon.colcon_core.verb:set package 'hik_camera' build argument 'catkin_cmake_args' from command line to 'None'
[0.191s] Level 5:colcon.colcon_core.verb:set package 'hik_camera' build argument 'catkin_skip_building_tests' from command line to 'False'
[0.191s] DEBUG:colcon.colcon_core.verb:Building package 'hik_camera' with the following arguments: {'ament_cmake_args': None, 'build_base': '/home/rm_autoaim/dev_ws/build/hik_camera', 'catkin_cmake_args': None, 'catkin_skip_building_tests': False, 'cmake_args': None, 'cmake_clean_cache': False, 'cmake_clean_first': False, 'cmake_force_configure': False, 'cmake_target': None, 'cmake_target_skip_unavailable': False, 'install_base': '/home/rm_autoaim/dev_ws/install/hik_camera', 'merge_install': False, 'path': '/home/rm_autoaim/dev_ws/src/hik_camera', 'symlink_install': False, 'test_result_base': None}
[0.191s] Level 5:colcon.colcon_core.verb:set package 'rm_gimbal_description' build argument 'cmake_args' from command line to 'None'
[0.191s] Level 5:colcon.colcon_core.verb:set package 'rm_gimbal_description' build argument 'cmake_target' from command line to 'None'
[0.191s] Level 5:colcon.colcon_core.verb:set package 'rm_gimbal_description' build argument 'cmake_target_skip_unavailable' from command line to 'False'
[0.191s] Level 5:colcon.colcon_core.verb:set package 'rm_gimbal_description' build argument 'cmake_clean_cache' from command line to 'False'
[0.191s] Level 5:colcon.colcon_core.verb:set package 'rm_gimbal_description' build argument 'cmake_clean_first' from command line to 'False'
[0.191s] Level 5:colcon.colcon_core.verb:set package 'rm_gimbal_description' build argument 'cmake_force_configure' from command line to 'False'
[0.191s] Level 5:colcon.colcon_core.verb:set package 'rm_gimbal_description' build argument 'ament_cmake_args' from command line to 'None'
[0.191s] Level 5:colcon.colcon_core.verb:set package 'rm_gimbal_description' build argument 'catkin_cmake_args' from command line to 'None'
[0.191s] Level 5:colcon.colcon_core.verb:set package 'rm_gimbal_description' build argument 'catkin_skip_building_tests' from command line to 'False'
[0.191s] DEBUG:colcon.colcon_core.verb:Building package 'rm_gimbal_description' with the following arguments: {'ament_cmake_args': None, 'build_base': '/home/rm_autoaim/dev_ws/build/rm_gimbal_description', 'catkin_cmake_args': None, 'catkin_skip_building_tests': False, 'cmake_args': None, 'cmake_clean_cache': False, 'cmake_clean_first': False, 'cmake_force_configure': False, 'cmake_target': None, 'cmake_target_skip_unavailable': False, 'install_base': '/home/rm_autoaim/dev_ws/install/rm_gimbal_description', 'merge_install': False, 'path': '/home/rm_autoaim/dev_ws/src/rm_gimbal_description', 'symlink_install': False, 'test_result_base': None}
[0.192s] Level 5:colcon.colcon_core.verb:set package 'armor_detector' build argument 'cmake_args' from command line to 'None'
[0.192s] Level 5:colcon.colcon_core.verb:set package 'armor_detector' build argument 'cmake_target' from command line to 'None'
[0.192s] Level 5:colcon.colcon_core.verb:set package 'armor_detector' build argument 'cmake_target_skip_unavailable' from command line to 'False'
[0.192s] Level 5:colcon.colcon_core.verb:set package 'armor_detector' build argument 'cmake_clean_cache' from command line to 'False'
[0.192s] Level 5:colcon.colcon_core.verb:set package 'armor_detector' build argument 'cmake_clean_first' from command line to 'False'
[0.192s] Level 5:colcon.colcon_core.verb:set package 'armor_detector' build argument 'cmake_force_configure' from command line to 'False'
[0.192s] Level 5:colcon.colcon_core.verb:set package 'armor_detector' build argument 'ament_cmake_args' from command line to 'None'
[0.192s] Level 5:colcon.colcon_core.verb:set package 'armor_detector' build argument 'catkin_cmake_args' from command line to 'None'
[0.192s] Level 5:colcon.colcon_core.verb:set package 'armor_detector' build argument 'catkin_skip_building_tests' from command line to 'False'
[0.192s] DEBUG:colcon.colcon_core.verb:Building package 'armor_detector' with the following arguments: {'ament_cmake_args': None, 'build_base': '/home/rm_autoaim/dev_ws/build/armor_detector', 'catkin_cmake_args': None, 'catkin_skip_building_tests': False, 'cmake_args': None, 'cmake_clean_cache': False, 'cmake_clean_first': False, 'cmake_force_configure': False, 'cmake_target': None, 'cmake_target_skip_unavailable': False, 'install_base': '/home/rm_autoaim/dev_ws/install/armor_detector', 'merge_install': False, 'path': '/home/rm_autoaim/dev_ws/src/rm_auto_aim/armor_detector', 'symlink_install': False, 'test_result_base': None}
[0.192s] Level 5:colcon.colcon_core.verb:set package 'armor_tracker' build argument 'cmake_args' from command line to 'None'
[0.192s] Level 5:colcon.colcon_core.verb:set package 'armor_tracker' build argument 'cmake_target' from command line to 'None'
[0.192s] Level 5:colcon.colcon_core.verb:set package 'armor_tracker' build argument 'cmake_target_skip_unavailable' from command line to 'False'
[0.192s] Level 5:colcon.colcon_core.verb:set package 'armor_tracker' build argument 'cmake_clean_cache' from command line to 'False'
[0.192s] Level 5:colcon.colcon_core.verb:set package 'armor_tracker' build argument 'cmake_clean_first' from command line to 'False'
[0.192s] Level 5:colcon.colcon_core.verb:set package 'armor_tracker' build argument 'cmake_force_configure' from command line to 'False'
[0.192s] Level 5:colcon.colcon_core.verb:set package 'armor_tracker' build argument 'ament_cmake_args' from command line to 'None'
[0.192s] Level 5:colcon.colcon_core.verb:set package 'armor_tracker' build argument 'catkin_cmake_args' from command line to 'None'
[0.192s] Level 5:colcon.colcon_core.verb:set package 'armor_tracker' build argument 'catkin_skip_building_tests' from command line to 'False'
[0.192s] DEBUG:colcon.colcon_core.verb:Building package 'armor_tracker' with the following arguments: {'ament_cmake_args': None, 'build_base': '/home/rm_autoaim/dev_ws/build/armor_tracker', 'catkin_cmake_args': None, 'catkin_skip_building_tests': False, 'cmake_args': None, 'cmake_clean_cache': False, 'cmake_clean_first': False, 'cmake_force_configure': False, 'cmake_target': None, 'cmake_target_skip_unavailable': False, 'install_base': '/home/rm_autoaim/dev_ws/install/armor_tracker', 'merge_install': False, 'path': '/home/rm_autoaim/dev_ws/src/rm_auto_aim/armor_tracker', 'symlink_install': False, 'test_result_base': None}
[0.192s] Level 5:colcon.colcon_core.verb:set package 'rm_serial_driver' build argument 'cmake_args' from command line to 'None'
[0.192s] Level 5:colcon.colcon_core.verb:set package 'rm_serial_driver' build argument 'cmake_target' from command line to 'None'
[0.192s] Level 5:colcon.colcon_core.verb:set package 'rm_serial_driver' build argument 'cmake_target_skip_unavailable' from command line to 'False'
[0.192s] Level 5:colcon.colcon_core.verb:set package 'rm_serial_driver' build argument 'cmake_clean_cache' from command line to 'False'
[0.192s] Level 5:colcon.colcon_core.verb:set package 'rm_serial_driver' build argument 'cmake_clean_first' from command line to 'False'
[0.192s] Level 5:colcon.colcon_core.verb:set package 'rm_serial_driver' build argument 'cmake_force_configure' from command line to 'False'
[0.192s] Level 5:colcon.colcon_core.verb:set package 'rm_serial_driver' build argument 'ament_cmake_args' from command line to 'None'
[0.192s] Level 5:colcon.colcon_core.verb:set package 'rm_serial_driver' build argument 'catkin_cmake_args' from command line to 'None'
[0.192s] Level 5:colcon.colcon_core.verb:set package 'rm_serial_driver' build argument 'catkin_skip_building_tests' from command line to 'False'
[0.192s] DEBUG:colcon.colcon_core.verb:Building package 'rm_serial_driver' with the following arguments: {'ament_cmake_args': None, 'build_base': '/home/rm_autoaim/dev_ws/build/rm_serial_driver', 'catkin_cmake_args': None, 'catkin_skip_building_tests': False, 'cmake_args': None, 'cmake_clean_cache': False, 'cmake_clean_first': False, 'cmake_force_configure': False, 'cmake_target': None, 'cmake_target_skip_unavailable': False, 'install_base': '/home/rm_autoaim/dev_ws/install/rm_serial_driver', 'merge_install': False, 'path': '/home/rm_autoaim/dev_ws/src/rm_serial_driver', 'symlink_install': False, 'test_result_base': None}
[0.193s] Level 5:colcon.colcon_core.verb:set package 'rm_vision_bringup' build argument 'cmake_args' from command line to 'None'
[0.193s] Level 5:colcon.colcon_core.verb:set package 'rm_vision_bringup' build argument 'cmake_target' from command line to 'None'
[0.193s] Level 5:colcon.colcon_core.verb:set package 'rm_vision_bringup' build argument 'cmake_target_skip_unavailable' from command line to 'False'
[0.193s] Level 5:colcon.colcon_core.verb:set package 'rm_vision_bringup' build argument 'cmake_clean_cache' from command line to 'False'
[0.193s] Level 5:colcon.colcon_core.verb:set package 'rm_vision_bringup' build argument 'cmake_clean_first' from command line to 'False'
[0.193s] Level 5:colcon.colcon_core.verb:set package 'rm_vision_bringup' build argument 'cmake_force_configure' from command line to 'False'
[0.193s] Level 5:colcon.colcon_core.verb:set package 'rm_vision_bringup' build argument 'ament_cmake_args' from command line to 'None'
[0.193s] Level 5:colcon.colcon_core.verb:set package 'rm_vision_bringup' build argument 'catkin_cmake_args' from command line to 'None'
[0.193s] Level 5:colcon.colcon_core.verb:set package 'rm_vision_bringup' build argument 'catkin_skip_building_tests' from command line to 'False'
[0.193s] DEBUG:colcon.colcon_core.verb:Building package 'rm_vision_bringup' with the following arguments: {'ament_cmake_args': None, 'build_base': '/home/rm_autoaim/dev_ws/build/rm_vision_bringup', 'catkin_cmake_args': None, 'catkin_skip_building_tests': False, 'cmake_args': None, 'cmake_clean_cache': False, 'cmake_clean_first': False, 'cmake_force_configure': False, 'cmake_target': None, 'cmake_target_skip_unavailable': False, 'install_base': '/home/rm_autoaim/dev_ws/install/rm_vision_bringup', 'merge_install': False, 'path': '/home/rm_autoaim/dev_ws/src/rm_vision/rm_vision_bringup', 'symlink_install': False, 'test_result_base': None}
[0.193s] INFO:colcon.colcon_core.executor:Executing jobs using 'parallel' executor
[0.194s] DEBUG:colcon.colcon_parallel_executor.executor.parallel:run_until_complete
[0.195s] INFO:colcon.colcon_ros.task.ament_cmake.build:Building ROS package in '/home/rm_autoaim/dev_ws/src/rm_auto_aim/auto_aim_interfaces' with build type 'ament_cmake'
[0.195s] INFO:colcon.colcon_cmake.task.cmake.build:Building CMake package in '/home/rm_autoaim/dev_ws/src/rm_auto_aim/auto_aim_interfaces'
[0.196s] INFO:colcon.colcon_core.plugin_system:Skipping extension 'colcon_core.shell.bat': Not used on non-Windows systems
[0.196s] INFO:colcon.colcon_core.shell:Skip shell extension 'powershell' for command environment: Not usable outside of PowerShell
[0.196s] DEBUG:colcon.colcon_core.shell:Skip shell extension 'dsv' for command environment
[0.197s] INFO:colcon.colcon_ros.task.ament_cmake.build:Building ROS package in '/home/rm_autoaim/dev_ws/src/hik_camera' with build type 'ament_cmake'
[0.197s] INFO:colcon.colcon_cmake.task.cmake.build:Building CMake package in '/home/rm_autoaim/dev_ws/src/hik_camera'
[0.198s] INFO:colcon.colcon_core.shell:Skip shell extension 'powershell' for command environment: Not usable outside of PowerShell
[0.198s] DEBUG:colcon.colcon_core.shell:Skip shell extension 'dsv' for command environment
[0.198s] INFO:colcon.colcon_ros.task.ament_cmake.build:Building ROS package in '/home/rm_autoaim/dev_ws/src/rm_gimbal_description' with build type 'ament_cmake'
[0.198s] INFO:colcon.colcon_cmake.task.cmake.build:Building CMake package in '/home/rm_autoaim/dev_ws/src/rm_gimbal_description'
[0.199s] INFO:colcon.colcon_core.shell:Skip shell extension 'powershell' for command environment: Not usable outside of PowerShell
[0.199s] DEBUG:colcon.colcon_core.shell:Skip shell extension 'dsv' for command environment
[0.204s] DEBUG:colcon.colcon_core.event_handler.log_command:Invoking command in '/home/rm_autoaim/dev_ws/build/auto_aim_interfaces': /usr/bin/cmake --build /home/rm_autoaim/dev_ws/build/auto_aim_interfaces -- -j8 -l8
[0.206s] DEBUG:colcon.colcon_core.event_handler.log_command:Invoking command in '/home/rm_autoaim/dev_ws/build/hik_camera': /usr/bin/cmake --build /home/rm_autoaim/dev_ws/build/hik_camera -- -j8 -l8
[0.208s] DEBUG:colcon.colcon_core.event_handler.log_command:Invoking command in '/home/rm_autoaim/dev_ws/build/rm_gimbal_description': /usr/bin/cmake --build /home/rm_autoaim/dev_ws/build/rm_gimbal_description -- -j8 -l8
[0.237s] DEBUG:colcon.colcon_core.event_handler.log_command:Invoked command in '/home/rm_autoaim/dev_ws/build/rm_gimbal_description' returned '0': /usr/bin/cmake --build /home/rm_autoaim/dev_ws/build/rm_gimbal_description -- -j8 -l8
[0.245s] DEBUG:colcon.colcon_core.event_handler.log_command:Invoking command in '/home/rm_autoaim/dev_ws/build/rm_gimbal_description': /usr/bin/cmake --install /home/rm_autoaim/dev_ws/build/rm_gimbal_description
[0.254s] Level 1:colcon.colcon_core.environment:create_environment_scripts_only(rm_gimbal_description)
[0.255s] DEBUG:colcon.colcon_core.event_handler.log_command:Invoked command in '/home/rm_autoaim/dev_ws/build/rm_gimbal_description' returned '0': /usr/bin/cmake --install /home/rm_autoaim/dev_ws/build/rm_gimbal_description
[0.257s] Level 1:colcon.colcon_core.environment:checking '/home/rm_autoaim/dev_ws/install/rm_gimbal_description' for CMake module files
[0.257s] Level 1:colcon.colcon_core.environment:checking '/home/rm_autoaim/dev_ws/install/rm_gimbal_description' for CMake config files
[0.257s] Level 1:colcon.colcon_core.shell:create_environment_hook('rm_gimbal_description', 'cmake_prefix_path')
[0.257s] INFO:colcon.colcon_core.shell:Creating environment hook '/home/rm_autoaim/dev_ws/install/rm_gimbal_description/share/rm_gimbal_description/hook/cmake_prefix_path.ps1'
[0.258s] INFO:colcon.colcon_core.shell:Creating environment descriptor '/home/rm_autoaim/dev_ws/install/rm_gimbal_description/share/rm_gimbal_description/hook/cmake_prefix_path.dsv'
[0.258s] INFO:colcon.colcon_core.shell:Creating environment hook '/home/rm_autoaim/dev_ws/install/rm_gimbal_description/share/rm_gimbal_description/hook/cmake_prefix_path.sh'
[0.259s] Level 1:colcon.colcon_core.environment:checking '/home/rm_autoaim/dev_ws/install/rm_gimbal_description/bin'
[0.259s] Level 1:colcon.colcon_core.environment:checking '/home/rm_autoaim/dev_ws/install/rm_gimbal_description/lib/pkgconfig/rm_gimbal_description.pc'
[0.260s] Level 1:colcon.colcon_core.environment:checking '/home/rm_autoaim/dev_ws/install/rm_gimbal_description/lib/python3.10/site-packages'
[0.261s] Level 1:colcon.colcon_core.environment:checking '/home/rm_autoaim/dev_ws/install/rm_gimbal_description/bin'
[0.261s] INFO:colcon.colcon_core.shell:Creating package script '/home/rm_autoaim/dev_ws/install/rm_gimbal_description/share/rm_gimbal_description/package.ps1'
[0.261s] INFO:colcon.colcon_core.shell:Creating package descriptor '/home/rm_autoaim/dev_ws/install/rm_gimbal_description/share/rm_gimbal_description/package.dsv'
[0.262s] INFO:colcon.colcon_core.shell:Creating package script '/home/rm_autoaim/dev_ws/install/rm_gimbal_description/share/rm_gimbal_description/package.sh'
[0.263s] INFO:colcon.colcon_core.shell:Creating package script '/home/rm_autoaim/dev_ws/install/rm_gimbal_description/share/rm_gimbal_description/package.bash'
[0.263s] INFO:colcon.colcon_core.shell:Creating package script '/home/rm_autoaim/dev_ws/install/rm_gimbal_description/share/rm_gimbal_description/package.zsh'
[0.264s] Level 1:colcon.colcon_core.environment:create_file_with_runtime_dependencies(/home/rm_autoaim/dev_ws/install/rm_gimbal_description/share/colcon-core/packages/rm_gimbal_description)
[0.264s] Level 1:colcon.colcon_core.environment:create_environment_scripts_only(rm_gimbal_description)
[0.265s] Level 1:colcon.colcon_core.environment:checking '/home/rm_autoaim/dev_ws/install/rm_gimbal_description' for CMake module files
[0.265s] Level 1:colcon.colcon_core.environment:checking '/home/rm_autoaim/dev_ws/install/rm_gimbal_description' for CMake config files
[0.265s] Level 1:colcon.colcon_core.shell:create_environment_hook('rm_gimbal_description', 'cmake_prefix_path')
[0.265s] INFO:colcon.colcon_core.shell:Creating environment hook '/home/rm_autoaim/dev_ws/install/rm_gimbal_description/share/rm_gimbal_description/hook/cmake_prefix_path.ps1'
[0.266s] INFO:colcon.colcon_core.shell:Creating environment descriptor '/home/rm_autoaim/dev_ws/install/rm_gimbal_description/share/rm_gimbal_description/hook/cmake_prefix_path.dsv'
[0.266s] INFO:colcon.colcon_core.shell:Creating environment hook '/home/rm_autoaim/dev_ws/install/rm_gimbal_description/share/rm_gimbal_description/hook/cmake_prefix_path.sh'
[0.266s] Level 1:colcon.colcon_core.environment:checking '/home/rm_autoaim/dev_ws/install/rm_gimbal_description/bin'
[0.267s] Level 1:colcon.colcon_core.environment:checking '/home/rm_autoaim/dev_ws/install/rm_gimbal_description/lib/pkgconfig/rm_gimbal_description.pc'
[0.267s] Level 1:colcon.colcon_core.environment:checking '/home/rm_autoaim/dev_ws/install/rm_gimbal_description/lib/python3.10/site-packages'
[0.267s] Level 1:colcon.colcon_core.environment:checking '/home/rm_autoaim/dev_ws/install/rm_gimbal_description/bin'
[0.267s] INFO:colcon.colcon_core.shell:Creating package script '/home/rm_autoaim/dev_ws/install/rm_gimbal_description/share/rm_gimbal_description/package.ps1'
[0.267s] INFO:colcon.colcon_core.shell:Creating package descriptor '/home/rm_autoaim/dev_ws/install/rm_gimbal_description/share/rm_gimbal_description/package.dsv'
[0.268s] INFO:colcon.colcon_core.shell:Creating package script '/home/rm_autoaim/dev_ws/install/rm_gimbal_description/share/rm_gimbal_description/package.sh'
[0.268s] INFO:colcon.colcon_core.shell:Creating package script '/home/rm_autoaim/dev_ws/install/rm_gimbal_description/share/rm_gimbal_description/package.bash'
[0.269s] INFO:colcon.colcon_core.shell:Creating package script '/home/rm_autoaim/dev_ws/install/rm_gimbal_description/share/rm_gimbal_description/package.zsh'
[0.269s] Level 1:colcon.colcon_core.environment:create_file_with_runtime_dependencies(/home/rm_autoaim/dev_ws/install/rm_gimbal_description/share/colcon-core/packages/rm_gimbal_description)
[0.274s] DEBUG:colcon.colcon_core.event_handler.log_command:Invoked command in '/home/rm_autoaim/dev_ws/build/hik_camera' returned '0': /usr/bin/cmake --build /home/rm_autoaim/dev_ws/build/hik_camera -- -j8 -l8
[0.275s] DEBUG:colcon.colcon_core.event_handler.log_command:Invoking command in '/home/rm_autoaim/dev_ws/build/hik_camera': /usr/bin/cmake --install /home/rm_autoaim/dev_ws/build/hik_camera
[0.283s] Level 1:colcon.colcon_core.environment:create_environment_scripts_only(hik_camera)
[0.283s] Level 1:colcon.colcon_core.environment:checking '/home/rm_autoaim/dev_ws/install/hik_camera' for CMake module files
[0.284s] DEBUG:colcon.colcon_core.event_handler.log_command:Invoked command in '/home/rm_autoaim/dev_ws/build/hik_camera' returned '0': /usr/bin/cmake --install /home/rm_autoaim/dev_ws/build/hik_camera
[0.284s] Level 1:colcon.colcon_core.environment:checking '/home/rm_autoaim/dev_ws/install/hik_camera' for CMake config files
[0.285s] Level 1:colcon.colcon_core.shell:create_environment_hook('hik_camera', 'cmake_prefix_path')
[0.285s] INFO:colcon.colcon_core.shell:Creating environment hook '/home/rm_autoaim/dev_ws/install/hik_camera/share/hik_camera/hook/cmake_prefix_path.ps1'
[0.285s] INFO:colcon.colcon_core.shell:Creating environment descriptor '/home/rm_autoaim/dev_ws/install/hik_camera/share/hik_camera/hook/cmake_prefix_path.dsv'
[0.286s] INFO:colcon.colcon_core.shell:Creating environment hook '/home/rm_autoaim/dev_ws/install/hik_camera/share/hik_camera/hook/cmake_prefix_path.sh'
[0.286s] Level 1:colcon.colcon_core.environment:checking '/home/rm_autoaim/dev_ws/install/hik_camera/lib'
[0.287s] Level 1:colcon.colcon_core.shell:create_environment_hook('hik_camera', 'ld_library_path_lib')
[0.287s] INFO:colcon.colcon_core.shell:Creating environment hook '/home/rm_autoaim/dev_ws/install/hik_camera/share/hik_camera/hook/ld_library_path_lib.ps1'
[0.287s] INFO:colcon.colcon_core.shell:Creating environment descriptor '/home/rm_autoaim/dev_ws/install/hik_camera/share/hik_camera/hook/ld_library_path_lib.dsv'
[0.288s] INFO:colcon.colcon_core.shell:Creating environment hook '/home/rm_autoaim/dev_ws/install/hik_camera/share/hik_camera/hook/ld_library_path_lib.sh'
[0.288s] Level 1:colcon.colcon_core.environment:checking '/home/rm_autoaim/dev_ws/install/hik_camera/bin'
[0.288s] Level 1:colcon.colcon_core.environment:checking '/home/rm_autoaim/dev_ws/install/hik_camera/lib/pkgconfig/hik_camera.pc'
[0.288s] Level 1:colcon.colcon_core.environment:checking '/home/rm_autoaim/dev_ws/install/hik_camera/lib/python3.10/site-packages'
[0.289s] Level 1:colcon.colcon_core.environment:checking '/home/rm_autoaim/dev_ws/install/hik_camera/bin'
[0.289s] INFO:colcon.colcon_core.shell:Creating package script '/home/rm_autoaim/dev_ws/install/hik_camera/share/hik_camera/package.ps1'
[0.290s] INFO:colcon.colcon_core.shell:Creating package descriptor '/home/rm_autoaim/dev_ws/install/hik_camera/share/hik_camera/package.dsv'
[0.290s] INFO:colcon.colcon_core.shell:Creating package script '/home/rm_autoaim/dev_ws/install/hik_camera/share/hik_camera/package.sh'
[0.290s] INFO:colcon.colcon_core.shell:Creating package script '/home/rm_autoaim/dev_ws/install/hik_camera/share/hik_camera/package.bash'
[0.290s] INFO:colcon.colcon_core.shell:Creating package script '/home/rm_autoaim/dev_ws/install/hik_camera/share/hik_camera/package.zsh'
[0.291s] Level 1:colcon.colcon_core.environment:create_file_with_runtime_dependencies(/home/rm_autoaim/dev_ws/install/hik_camera/share/colcon-core/packages/hik_camera)
[0.291s] Level 1:colcon.colcon_core.environment:create_environment_scripts_only(hik_camera)
[0.291s] Level 1:colcon.colcon_core.environment:checking '/home/rm_autoaim/dev_ws/install/hik_camera' for CMake module files
[0.291s] Level 1:colcon.colcon_core.environment:checking '/home/rm_autoaim/dev_ws/install/hik_camera' for CMake config files
[0.292s] Level 1:colcon.colcon_core.shell:create_environment_hook('hik_camera', 'cmake_prefix_path')
[0.292s] INFO:colcon.colcon_core.shell:Creating environment hook '/home/rm_autoaim/dev_ws/install/hik_camera/share/hik_camera/hook/cmake_prefix_path.ps1'
[0.292s] INFO:colcon.colcon_core.shell:Creating environment descriptor '/home/rm_autoaim/dev_ws/install/hik_camera/share/hik_camera/hook/cmake_prefix_path.dsv'
[0.292s] INFO:colcon.colcon_core.shell:Creating environment hook '/home/rm_autoaim/dev_ws/install/hik_camera/share/hik_camera/hook/cmake_prefix_path.sh'
[0.293s] Level 1:colcon.colcon_core.environment:checking '/home/rm_autoaim/dev_ws/install/hik_camera/lib'
[0.293s] Level 1:colcon.colcon_core.shell:create_environment_hook('hik_camera', 'ld_library_path_lib')
[0.293s] INFO:colcon.colcon_core.shell:Creating environment hook '/home/rm_autoaim/dev_ws/install/hik_camera/share/hik_camera/hook/ld_library_path_lib.ps1'
[0.293s] INFO:colcon.colcon_core.shell:Creating environment descriptor '/home/rm_autoaim/dev_ws/install/hik_camera/share/hik_camera/hook/ld_library_path_lib.dsv'
[0.293s] INFO:colcon.colcon_core.shell:Creating environment hook '/home/rm_autoaim/dev_ws/install/hik_camera/share/hik_camera/hook/ld_library_path_lib.sh'
[0.294s] Level 1:colcon.colcon_core.environment:checking '/home/rm_autoaim/dev_ws/install/hik_camera/bin'
[0.294s] Level 1:colcon.colcon_core.environment:checking '/home/rm_autoaim/dev_ws/install/hik_camera/lib/pkgconfig/hik_camera.pc'
[0.294s] Level 1:colcon.colcon_core.environment:checking '/home/rm_autoaim/dev_ws/install/hik_camera/lib/python3.10/site-packages'
[0.294s] Level 1:colcon.colcon_core.environment:checking '/home/rm_autoaim/dev_ws/install/hik_camera/bin'
[0.295s] INFO:colcon.colcon_core.shell:Creating package script '/home/rm_autoaim/dev_ws/install/hik_camera/share/hik_camera/package.ps1'
[0.295s] INFO:colcon.colcon_core.shell:Creating package descriptor '/home/rm_autoaim/dev_ws/install/hik_camera/share/hik_camera/package.dsv'
[0.296s] INFO:colcon.colcon_core.shell:Creating package script '/home/rm_autoaim/dev_ws/install/hik_camera/share/hik_camera/package.sh'
[0.296s] INFO:colcon.colcon_core.shell:Creating package script '/home/rm_autoaim/dev_ws/install/hik_camera/share/hik_camera/package.bash'
[0.296s] INFO:colcon.colcon_core.shell:Creating package script '/home/rm_autoaim/dev_ws/install/hik_camera/share/hik_camera/package.zsh'
[0.297s] Level 1:colcon.colcon_core.environment:create_file_with_runtime_dependencies(/home/rm_autoaim/dev_ws/install/hik_camera/share/colcon-core/packages/hik_camera)
[0.689s] DEBUG:colcon.colcon_core.event_handler.log_command:Invoked command in '/home/rm_autoaim/dev_ws/build/auto_aim_interfaces' returned '0': /usr/bin/cmake --build /home/rm_autoaim/dev_ws/build/auto_aim_interfaces -- -j8 -l8
[0.690s] DEBUG:colcon.colcon_core.event_handler.log_command:Invoking command in '/home/rm_autoaim/dev_ws/build/auto_aim_interfaces': /usr/bin/cmake --install /home/rm_autoaim/dev_ws/build/auto_aim_interfaces
[0.746s] Level 1:colcon.colcon_core.environment:create_environment_scripts_only(auto_aim_interfaces)
[0.746s] Level 1:colcon.colcon_core.environment:checking '/home/rm_autoaim/dev_ws/install/auto_aim_interfaces' for CMake module files
[0.746s] DEBUG:colcon.colcon_core.event_handler.log_command:Invoked command in '/home/rm_autoaim/dev_ws/build/auto_aim_interfaces' returned '0': /usr/bin/cmake --install /home/rm_autoaim/dev_ws/build/auto_aim_interfaces
[0.747s] Level 1:colcon.colcon_core.environment:checking '/home/rm_autoaim/dev_ws/install/auto_aim_interfaces' for CMake config files
[0.747s] Level 1:colcon.colcon_core.shell:create_environment_hook('auto_aim_interfaces', 'cmake_prefix_path')
[0.747s] INFO:colcon.colcon_core.shell:Creating environment hook '/home/rm_autoaim/dev_ws/install/auto_aim_interfaces/share/auto_aim_interfaces/hook/cmake_prefix_path.ps1'
[0.748s] INFO:colcon.colcon_core.shell:Creating environment descriptor '/home/rm_autoaim/dev_ws/install/auto_aim_interfaces/share/auto_aim_interfaces/hook/cmake_prefix_path.dsv'
[0.748s] INFO:colcon.colcon_core.shell:Creating environment hook '/home/rm_autoaim/dev_ws/install/auto_aim_interfaces/share/auto_aim_interfaces/hook/cmake_prefix_path.sh'
[0.748s] Level 1:colcon.colcon_core.environment:checking '/home/rm_autoaim/dev_ws/install/auto_aim_interfaces/lib'
[0.748s] Level 1:colcon.colcon_core.shell:create_environment_hook('auto_aim_interfaces', 'ld_library_path_lib')
[0.748s] INFO:colcon.colcon_core.shell:Creating environment hook '/home/rm_autoaim/dev_ws/install/auto_aim_interfaces/share/auto_aim_interfaces/hook/ld_library_path_lib.ps1'
[0.749s] INFO:colcon.colcon_core.shell:Creating environment descriptor '/home/rm_autoaim/dev_ws/install/auto_aim_interfaces/share/auto_aim_interfaces/hook/ld_library_path_lib.dsv'
[0.749s] INFO:colcon.colcon_core.shell:Creating environment hook '/home/rm_autoaim/dev_ws/install/auto_aim_interfaces/share/auto_aim_interfaces/hook/ld_library_path_lib.sh'
[0.749s] Level 1:colcon.colcon_core.environment:checking '/home/rm_autoaim/dev_ws/install/auto_aim_interfaces/bin'
[0.749s] Level 1:colcon.colcon_core.environment:checking '/home/rm_autoaim/dev_ws/install/auto_aim_interfaces/lib/pkgconfig/auto_aim_interfaces.pc'
[0.749s] Level 1:colcon.colcon_core.environment:checking '/home/rm_autoaim/dev_ws/install/auto_aim_interfaces/lib/python3.10/site-packages'
[0.749s] Level 1:colcon.colcon_core.environment:checking '/home/rm_autoaim/dev_ws/install/auto_aim_interfaces/bin'
[0.750s] INFO:colcon.colcon_core.shell:Creating package script '/home/rm_autoaim/dev_ws/install/auto_aim_interfaces/share/auto_aim_interfaces/package.ps1'
[0.750s] INFO:colcon.colcon_core.shell:Creating package descriptor '/home/rm_autoaim/dev_ws/install/auto_aim_interfaces/share/auto_aim_interfaces/package.dsv'
[0.750s] INFO:colcon.colcon_core.shell:Creating package script '/home/rm_autoaim/dev_ws/install/auto_aim_interfaces/share/auto_aim_interfaces/package.sh'
[0.751s] INFO:colcon.colcon_core.shell:Creating package script '/home/rm_autoaim/dev_ws/install/auto_aim_interfaces/share/auto_aim_interfaces/package.bash'
[0.751s] INFO:colcon.colcon_core.shell:Creating package script '/home/rm_autoaim/dev_ws/install/auto_aim_interfaces/share/auto_aim_interfaces/package.zsh'
[0.751s] Level 1:colcon.colcon_core.environment:create_file_with_runtime_dependencies(/home/rm_autoaim/dev_ws/install/auto_aim_interfaces/share/colcon-core/packages/auto_aim_interfaces)
[0.751s] Level 1:colcon.colcon_core.environment:create_environment_scripts_only(auto_aim_interfaces)
[0.752s] Level 1:colcon.colcon_core.environment:checking '/home/rm_autoaim/dev_ws/install/auto_aim_interfaces' for CMake module files
[0.752s] Level 1:colcon.colcon_core.environment:checking '/home/rm_autoaim/dev_ws/install/auto_aim_interfaces' for CMake config files
[0.752s] Level 1:colcon.colcon_core.shell:create_environment_hook('auto_aim_interfaces', 'cmake_prefix_path')
[0.753s] INFO:colcon.colcon_core.shell:Creating environment hook '/home/rm_autoaim/dev_ws/install/auto_aim_interfaces/share/auto_aim_interfaces/hook/cmake_prefix_path.ps1'
[0.753s] INFO:colcon.colcon_core.shell:Creating environment descriptor '/home/rm_autoaim/dev_ws/install/auto_aim_interfaces/share/auto_aim_interfaces/hook/cmake_prefix_path.dsv'
[0.754s] INFO:colcon.colcon_core.shell:Creating environment hook '/home/rm_autoaim/dev_ws/install/auto_aim_interfaces/share/auto_aim_interfaces/hook/cmake_prefix_path.sh'
[0.754s] Level 1:colcon.colcon_core.environment:checking '/home/rm_autoaim/dev_ws/install/auto_aim_interfaces/lib'
[0.754s] Level 1:colcon.colcon_core.shell:create_environment_hook('auto_aim_interfaces', 'ld_library_path_lib')
[0.755s] INFO:colcon.colcon_core.shell:Creating environment hook '/home/rm_autoaim/dev_ws/install/auto_aim_interfaces/share/auto_aim_interfaces/hook/ld_library_path_lib.ps1'
[0.755s] INFO:colcon.colcon_core.shell:Creating environment descriptor '/home/rm_autoaim/dev_ws/install/auto_aim_interfaces/share/auto_aim_interfaces/hook/ld_library_path_lib.dsv'
[0.755s] INFO:colcon.colcon_core.shell:Creating environment hook '/home/rm_autoaim/dev_ws/install/auto_aim_interfaces/share/auto_aim_interfaces/hook/ld_library_path_lib.sh'
[0.756s] Level 1:colcon.colcon_core.environment:checking '/home/rm_autoaim/dev_ws/install/auto_aim_interfaces/bin'
[0.756s] Level 1:colcon.colcon_core.environment:checking '/home/rm_autoaim/dev_ws/install/auto_aim_interfaces/lib/pkgconfig/auto_aim_interfaces.pc'
[0.756s] Level 1:colcon.colcon_core.environment:checking '/home/rm_autoaim/dev_ws/install/auto_aim_interfaces/lib/python3.10/site-packages'
[0.756s] Level 1:colcon.colcon_core.environment:checking '/home/rm_autoaim/dev_ws/install/auto_aim_interfaces/bin'
[0.756s] INFO:colcon.colcon_core.shell:Creating package script '/home/rm_autoaim/dev_ws/install/auto_aim_interfaces/share/auto_aim_interfaces/package.ps1'
[0.757s] INFO:colcon.colcon_core.shell:Creating package descriptor '/home/rm_autoaim/dev_ws/install/auto_aim_interfaces/share/auto_aim_interfaces/package.dsv'
[0.757s] INFO:colcon.colcon_core.shell:Creating package script '/home/rm_autoaim/dev_ws/install/auto_aim_interfaces/share/auto_aim_interfaces/package.sh'
[0.758s] INFO:colcon.colcon_core.shell:Creating package script '/home/rm_autoaim/dev_ws/install/auto_aim_interfaces/share/auto_aim_interfaces/package.bash'
[0.758s] INFO:colcon.colcon_core.shell:Creating package script '/home/rm_autoaim/dev_ws/install/auto_aim_interfaces/share/auto_aim_interfaces/package.zsh'
[0.758s] Level 1:colcon.colcon_core.environment:create_file_with_runtime_dependencies(/home/rm_autoaim/dev_ws/install/auto_aim_interfaces/share/colcon-core/packages/auto_aim_interfaces)
[0.758s] INFO:colcon.colcon_ros.task.ament_cmake.build:Building ROS package in '/home/rm_autoaim/dev_ws/src/rm_serial_driver' with build type 'ament_cmake'
[0.758s] INFO:colcon.colcon_cmake.task.cmake.build:Building CMake package in '/home/rm_autoaim/dev_ws/src/rm_serial_driver'
[0.759s] INFO:colcon.colcon_core.shell:Skip shell extension 'powershell' for command environment: Not usable outside of PowerShell
[0.759s] DEBUG:colcon.colcon_core.shell:Skip shell extension 'dsv' for command environment
[0.760s] INFO:colcon.colcon_ros.task.ament_cmake.build:Building ROS package in '/home/rm_autoaim/dev_ws/src/rm_auto_aim/armor_detector' with build type 'ament_cmake'
[0.760s] INFO:colcon.colcon_cmake.task.cmake.build:Building CMake package in '/home/rm_autoaim/dev_ws/src/rm_auto_aim/armor_detector'
[0.760s] INFO:colcon.colcon_core.shell:Skip shell extension 'powershell' for command environment: Not usable outside of PowerShell
[0.760s] DEBUG:colcon.colcon_core.shell:Skip shell extension 'dsv' for command environment
[0.761s] INFO:colcon.colcon_ros.task.ament_cmake.build:Building ROS package in '/home/rm_autoaim/dev_ws/src/rm_auto_aim/armor_tracker' with build type 'ament_cmake'
[0.761s] INFO:colcon.colcon_cmake.task.cmake.build:Building CMake package in '/home/rm_autoaim/dev_ws/src/rm_auto_aim/armor_tracker'
[0.762s] INFO:colcon.colcon_core.shell:Skip shell extension 'powershell' for command environment: Not usable outside of PowerShell
[0.762s] DEBUG:colcon.colcon_core.shell:Skip shell extension 'dsv' for command environment
[0.769s] DEBUG:colcon.colcon_core.event_handler.log_command:Invoking command in '/home/rm_autoaim/dev_ws/build/rm_serial_driver': AMENT_PREFIX_PATH=/home/rm_autoaim/dev_ws/install/auto_aim_interfaces CMAKE_PREFIX_PATH=/home/rm_autoaim/dev_ws/install/auto_aim_interfaces LD_LIBRARY_PATH=/home/rm_autoaim/dev_ws/install/auto_aim_interfaces/lib PYTHONPATH=/home/rm_autoaim/dev_ws/install/auto_aim_interfaces/local/lib/python3.10/dist-packages /usr/bin/cmake --build /home/rm_autoaim/dev_ws/build/rm_serial_driver -- -j8 -l8
[0.774s] DEBUG:colcon.colcon_core.event_handler.log_command:Invoking command in '/home/rm_autoaim/dev_ws/build/armor_detector': AMENT_PREFIX_PATH=/home/rm_autoaim/dev_ws/install/auto_aim_interfaces CMAKE_PREFIX_PATH=/home/rm_autoaim/dev_ws/install/auto_aim_interfaces LD_LIBRARY_PATH=/home/rm_autoaim/dev_ws/install/auto_aim_interfaces/lib PYTHONPATH=/home/rm_autoaim/dev_ws/install/auto_aim_interfaces/local/lib/python3.10/dist-packages /usr/bin/cmake --build /home/rm_autoaim/dev_ws/build/armor_detector -- -j8 -l8
[0.776s] DEBUG:colcon.colcon_core.event_handler.log_command:Invoking command in '/home/rm_autoaim/dev_ws/build/armor_tracker': AMENT_PREFIX_PATH=/home/rm_autoaim/dev_ws/install/auto_aim_interfaces CMAKE_PREFIX_PATH=/home/rm_autoaim/dev_ws/install/auto_aim_interfaces LD_LIBRARY_PATH=/home/rm_autoaim/dev_ws/install/auto_aim_interfaces/lib PYTHONPATH=/home/rm_autoaim/dev_ws/install/auto_aim_interfaces/local/lib/python3.10/dist-packages /usr/bin/cmake --build /home/rm_autoaim/dev_ws/build/armor_tracker -- -j8 -l8
[0.858s] DEBUG:colcon.colcon_core.event_handler.log_command:Invoked command in '/home/rm_autoaim/dev_ws/build/armor_detector' returned '0': AMENT_PREFIX_PATH=/home/rm_autoaim/dev_ws/install/auto_aim_interfaces CMAKE_PREFIX_PATH=/home/rm_autoaim/dev_ws/install/auto_aim_interfaces LD_LIBRARY_PATH=/home/rm_autoaim/dev_ws/install/auto_aim_interfaces/lib PYTHONPATH=/home/rm_autoaim/dev_ws/install/auto_aim_interfaces/local/lib/python3.10/dist-packages /usr/bin/cmake --build /home/rm_autoaim/dev_ws/build/armor_detector -- -j8 -l8
[0.860s] DEBUG:colcon.colcon_core.event_handler.log_command:Invoking command in '/home/rm_autoaim/dev_ws/build/armor_detector': AMENT_PREFIX_PATH=/home/rm_autoaim/dev_ws/install/auto_aim_interfaces CMAKE_PREFIX_PATH=/home/rm_autoaim/dev_ws/install/auto_aim_interfaces LD_LIBRARY_PATH=/home/rm_autoaim/dev_ws/install/auto_aim_interfaces/lib PYTHONPATH=/home/rm_autoaim/dev_ws/install/auto_aim_interfaces/local/lib/python3.10/dist-packages /usr/bin/cmake --install /home/rm_autoaim/dev_ws/build/armor_detector
[0.869s] Level 1:colcon.colcon_core.environment:create_environment_scripts_only(armor_detector)
[0.870s] Level 1:colcon.colcon_core.environment:checking '/home/rm_autoaim/dev_ws/install/armor_detector' for CMake module files
[0.870s] DEBUG:colcon.colcon_core.event_handler.log_command:Invoked command in '/home/rm_autoaim/dev_ws/build/armor_detector' returned '0': AMENT_PREFIX_PATH=/home/rm_autoaim/dev_ws/install/auto_aim_interfaces CMAKE_PREFIX_PATH=/home/rm_autoaim/dev_ws/install/auto_aim_interfaces LD_LIBRARY_PATH=/home/rm_autoaim/dev_ws/install/auto_aim_interfaces/lib PYTHONPATH=/home/rm_autoaim/dev_ws/install/auto_aim_interfaces/local/lib/python3.10/dist-packages /usr/bin/cmake --install /home/rm_autoaim/dev_ws/build/armor_detector
[0.871s] Level 1:colcon.colcon_core.environment:checking '/home/rm_autoaim/dev_ws/install/armor_detector' for CMake config files
[0.871s] Level 1:colcon.colcon_core.shell:create_environment_hook('armor_detector', 'cmake_prefix_path')
[0.871s] INFO:colcon.colcon_core.shell:Creating environment hook '/home/rm_autoaim/dev_ws/install/armor_detector/share/armor_detector/hook/cmake_prefix_path.ps1'
[0.872s] INFO:colcon.colcon_core.shell:Creating environment descriptor '/home/rm_autoaim/dev_ws/install/armor_detector/share/armor_detector/hook/cmake_prefix_path.dsv'
[0.872s] INFO:colcon.colcon_core.shell:Creating environment hook '/home/rm_autoaim/dev_ws/install/armor_detector/share/armor_detector/hook/cmake_prefix_path.sh'
[0.873s] Level 1:colcon.colcon_core.environment:checking '/home/rm_autoaim/dev_ws/install/armor_detector/lib'
[0.873s] Level 1:colcon.colcon_core.shell:create_environment_hook('armor_detector', 'ld_library_path_lib')
[0.873s] INFO:colcon.colcon_core.shell:Creating environment hook '/home/rm_autoaim/dev_ws/install/armor_detector/share/armor_detector/hook/ld_library_path_lib.ps1'
[0.874s] INFO:colcon.colcon_core.shell:Creating environment descriptor '/home/rm_autoaim/dev_ws/install/armor_detector/share/armor_detector/hook/ld_library_path_lib.dsv'
[0.874s] INFO:colcon.colcon_core.shell:Creating environment hook '/home/rm_autoaim/dev_ws/install/armor_detector/share/armor_detector/hook/ld_library_path_lib.sh'
[0.875s] Level 1:colcon.colcon_core.environment:checking '/home/rm_autoaim/dev_ws/install/armor_detector/bin'
[0.875s] Level 1:colcon.colcon_core.environment:checking '/home/rm_autoaim/dev_ws/install/armor_detector/lib/pkgconfig/armor_detector.pc'
[0.875s] Level 1:colcon.colcon_core.environment:checking '/home/rm_autoaim/dev_ws/install/armor_detector/lib/python3.10/site-packages'
[0.875s] Level 1:colcon.colcon_core.environment:checking '/home/rm_autoaim/dev_ws/install/armor_detector/bin'
[0.875s] INFO:colcon.colcon_core.shell:Creating package script '/home/rm_autoaim/dev_ws/install/armor_detector/share/armor_detector/package.ps1'
[0.876s] INFO:colcon.colcon_core.shell:Creating package descriptor '/home/rm_autoaim/dev_ws/install/armor_detector/share/armor_detector/package.dsv'
[0.876s] INFO:colcon.colcon_core.shell:Creating package script '/home/rm_autoaim/dev_ws/install/armor_detector/share/armor_detector/package.sh'
[0.877s] INFO:colcon.colcon_core.shell:Creating package script '/home/rm_autoaim/dev_ws/install/armor_detector/share/armor_detector/package.bash'
[0.877s] INFO:colcon.colcon_core.shell:Creating package script '/home/rm_autoaim/dev_ws/install/armor_detector/share/armor_detector/package.zsh'
[0.878s] Level 1:colcon.colcon_core.environment:create_file_with_runtime_dependencies(/home/rm_autoaim/dev_ws/install/armor_detector/share/colcon-core/packages/armor_detector)
[0.878s] Level 1:colcon.colcon_core.environment:create_environment_scripts_only(armor_detector)
[0.878s] Level 1:colcon.colcon_core.environment:checking '/home/rm_autoaim/dev_ws/install/armor_detector' for CMake module files
[0.879s] Level 1:colcon.colcon_core.environment:checking '/home/rm_autoaim/dev_ws/install/armor_detector' for CMake config files
[0.879s] Level 1:colcon.colcon_core.shell:create_environment_hook('armor_detector', 'cmake_prefix_path')
[0.879s] INFO:colcon.colcon_core.shell:Creating environment hook '/home/rm_autoaim/dev_ws/install/armor_detector/share/armor_detector/hook/cmake_prefix_path.ps1'
[0.880s] INFO:colcon.colcon_core.shell:Creating environment descriptor '/home/rm_autoaim/dev_ws/install/armor_detector/share/armor_detector/hook/cmake_prefix_path.dsv'
[0.880s] INFO:colcon.colcon_core.shell:Creating environment hook '/home/rm_autoaim/dev_ws/install/armor_detector/share/armor_detector/hook/cmake_prefix_path.sh'
[0.881s] Level 1:colcon.colcon_core.environment:checking '/home/rm_autoaim/dev_ws/install/armor_detector/lib'
[0.881s] Level 1:colcon.colcon_core.shell:create_environment_hook('armor_detector', 'ld_library_path_lib')
[0.881s] INFO:colcon.colcon_core.shell:Creating environment hook '/home/rm_autoaim/dev_ws/install/armor_detector/share/armor_detector/hook/ld_library_path_lib.ps1'
[0.881s] INFO:colcon.colcon_core.shell:Creating environment descriptor '/home/rm_autoaim/dev_ws/install/armor_detector/share/armor_detector/hook/ld_library_path_lib.dsv'
[0.882s] INFO:colcon.colcon_core.shell:Creating environment hook '/home/rm_autoaim/dev_ws/install/armor_detector/share/armor_detector/hook/ld_library_path_lib.sh'
[0.882s] Level 1:colcon.colcon_core.environment:checking '/home/rm_autoaim/dev_ws/install/armor_detector/bin'
[0.882s] Level 1:colcon.colcon_core.environment:checking '/home/rm_autoaim/dev_ws/install/armor_detector/lib/pkgconfig/armor_detector.pc'
[0.882s] Level 1:colcon.colcon_core.environment:checking '/home/rm_autoaim/dev_ws/install/armor_detector/lib/python3.10/site-packages'
[0.883s] Level 1:colcon.colcon_core.environment:checking '/home/rm_autoaim/dev_ws/install/armor_detector/bin'
[0.883s] INFO:colcon.colcon_core.shell:Creating package script '/home/rm_autoaim/dev_ws/install/armor_detector/share/armor_detector/package.ps1'
[0.884s] INFO:colcon.colcon_core.shell:Creating package descriptor '/home/rm_autoaim/dev_ws/install/armor_detector/share/armor_detector/package.dsv'
[0.884s] INFO:colcon.colcon_core.shell:Creating package script '/home/rm_autoaim/dev_ws/install/armor_detector/share/armor_detector/package.sh'
[0.885s] INFO:colcon.colcon_core.shell:Creating package script '/home/rm_autoaim/dev_ws/install/armor_detector/share/armor_detector/package.bash'
[0.885s] INFO:colcon.colcon_core.shell:Creating package script '/home/rm_autoaim/dev_ws/install/armor_detector/share/armor_detector/package.zsh'
[0.886s] Level 1:colcon.colcon_core.environment:create_file_with_runtime_dependencies(/home/rm_autoaim/dev_ws/install/armor_detector/share/colcon-core/packages/armor_detector)
[0.887s] DEBUG:colcon.colcon_core.event_handler.log_command:Invoked command in '/home/rm_autoaim/dev_ws/build/rm_serial_driver' returned '0': AMENT_PREFIX_PATH=/home/rm_autoaim/dev_ws/install/auto_aim_interfaces CMAKE_PREFIX_PATH=/home/rm_autoaim/dev_ws/install/auto_aim_interfaces LD_LIBRARY_PATH=/home/rm_autoaim/dev_ws/install/auto_aim_interfaces/lib PYTHONPATH=/home/rm_autoaim/dev_ws/install/auto_aim_interfaces/local/lib/python3.10/dist-packages /usr/bin/cmake --build /home/rm_autoaim/dev_ws/build/rm_serial_driver -- -j8 -l8
[0.888s] DEBUG:colcon.colcon_core.event_handler.log_command:Invoking command in '/home/rm_autoaim/dev_ws/build/rm_serial_driver': AMENT_PREFIX_PATH=/home/rm_autoaim/dev_ws/install/auto_aim_interfaces CMAKE_PREFIX_PATH=/home/rm_autoaim/dev_ws/install/auto_aim_interfaces LD_LIBRARY_PATH=/home/rm_autoaim/dev_ws/install/auto_aim_interfaces/lib PYTHONPATH=/home/rm_autoaim/dev_ws/install/auto_aim_interfaces/local/lib/python3.10/dist-packages /usr/bin/cmake --install /home/rm_autoaim/dev_ws/build/rm_serial_driver
[0.889s] DEBUG:colcon.colcon_core.event_handler.log_command:Invoked command in '/home/rm_autoaim/dev_ws/build/armor_tracker' returned '0': AMENT_PREFIX_PATH=/home/rm_autoaim/dev_ws/install/auto_aim_interfaces CMAKE_PREFIX_PATH=/home/rm_autoaim/dev_ws/install/auto_aim_interfaces LD_LIBRARY_PATH=/home/rm_autoaim/dev_ws/install/auto_aim_interfaces/lib PYTHONPATH=/home/rm_autoaim/dev_ws/install/auto_aim_interfaces/local/lib/python3.10/dist-packages /usr/bin/cmake --build /home/rm_autoaim/dev_ws/build/armor_tracker -- -j8 -l8
[0.890s] DEBUG:colcon.colcon_core.event_handler.log_command:Invoking command in '/home/rm_autoaim/dev_ws/build/armor_tracker': AMENT_PREFIX_PATH=/home/rm_autoaim/dev_ws/install/auto_aim_interfaces CMAKE_PREFIX_PATH=/home/rm_autoaim/dev_ws/install/auto_aim_interfaces LD_LIBRARY_PATH=/home/rm_autoaim/dev_ws/install/auto_aim_interfaces/lib PYTHONPATH=/home/rm_autoaim/dev_ws/install/auto_aim_interfaces/local/lib/python3.10/dist-packages /usr/bin/cmake --install /home/rm_autoaim/dev_ws/build/armor_tracker
[0.899s] Level 1:colcon.colcon_core.environment:create_environment_scripts_only(rm_serial_driver)
[0.900s] Level 1:colcon.colcon_core.environment:checking '/home/rm_autoaim/dev_ws/install/rm_serial_driver' for CMake module files
[0.900s] DEBUG:colcon.colcon_core.event_handler.log_command:Invoked command in '/home/rm_autoaim/dev_ws/build/rm_serial_driver' returned '0': AMENT_PREFIX_PATH=/home/rm_autoaim/dev_ws/install/auto_aim_interfaces CMAKE_PREFIX_PATH=/home/rm_autoaim/dev_ws/install/auto_aim_interfaces LD_LIBRARY_PATH=/home/rm_autoaim/dev_ws/install/auto_aim_interfaces/lib PYTHONPATH=/home/rm_autoaim/dev_ws/install/auto_aim_interfaces/local/lib/python3.10/dist-packages /usr/bin/cmake --install /home/rm_autoaim/dev_ws/build/rm_serial_driver
[0.901s] Level 1:colcon.colcon_core.environment:checking '/home/rm_autoaim/dev_ws/install/rm_serial_driver' for CMake config files
[0.901s] Level 1:colcon.colcon_core.shell:create_environment_hook('rm_serial_driver', 'cmake_prefix_path')
[0.901s] INFO:colcon.colcon_core.shell:Creating environment hook '/home/rm_autoaim/dev_ws/install/rm_serial_driver/share/rm_serial_driver/hook/cmake_prefix_path.ps1'
[0.901s] INFO:colcon.colcon_core.shell:Creating environment descriptor '/home/rm_autoaim/dev_ws/install/rm_serial_driver/share/rm_serial_driver/hook/cmake_prefix_path.dsv'
[0.902s] INFO:colcon.colcon_core.shell:Creating environment hook '/home/rm_autoaim/dev_ws/install/rm_serial_driver/share/rm_serial_driver/hook/cmake_prefix_path.sh'
[0.902s] Level 1:colcon.colcon_core.environment:checking '/home/rm_autoaim/dev_ws/install/rm_serial_driver/lib'
[0.902s] Level 1:colcon.colcon_core.shell:create_environment_hook('rm_serial_driver', 'ld_library_path_lib')
[0.902s] INFO:colcon.colcon_core.shell:Creating environment hook '/home/rm_autoaim/dev_ws/install/rm_serial_driver/share/rm_serial_driver/hook/ld_library_path_lib.ps1'
[0.903s] INFO:colcon.colcon_core.shell:Creating environment descriptor '/home/rm_autoaim/dev_ws/install/rm_serial_driver/share/rm_serial_driver/hook/ld_library_path_lib.dsv'
[0.903s] INFO:colcon.colcon_core.shell:Creating environment hook '/home/rm_autoaim/dev_ws/install/rm_serial_driver/share/rm_serial_driver/hook/ld_library_path_lib.sh'
[0.904s] Level 1:colcon.colcon_core.environment:checking '/home/rm_autoaim/dev_ws/install/rm_serial_driver/bin'
[0.904s] Level 1:colcon.colcon_core.environment:checking '/home/rm_autoaim/dev_ws/install/rm_serial_driver/lib/pkgconfig/rm_serial_driver.pc'
[0.904s] Level 1:colcon.colcon_core.environment:checking '/home/rm_autoaim/dev_ws/install/rm_serial_driver/lib/python3.10/site-packages'
[0.904s] Level 1:colcon.colcon_core.environment:checking '/home/rm_autoaim/dev_ws/install/rm_serial_driver/bin'
[0.904s] INFO:colcon.colcon_core.shell:Creating package script '/home/rm_autoaim/dev_ws/install/rm_serial_driver/share/rm_serial_driver/package.ps1'
[0.905s] INFO:colcon.colcon_core.shell:Creating package descriptor '/home/rm_autoaim/dev_ws/install/rm_serial_driver/share/rm_serial_driver/package.dsv'
[0.905s] INFO:colcon.colcon_core.shell:Creating package script '/home/rm_autoaim/dev_ws/install/rm_serial_driver/share/rm_serial_driver/package.sh'
[0.905s] INFO:colcon.colcon_core.shell:Creating package script '/home/rm_autoaim/dev_ws/install/rm_serial_driver/share/rm_serial_driver/package.bash'
[0.906s] INFO:colcon.colcon_core.shell:Creating package script '/home/rm_autoaim/dev_ws/install/rm_serial_driver/share/rm_serial_driver/package.zsh'
[0.906s] Level 1:colcon.colcon_core.environment:create_file_with_runtime_dependencies(/home/rm_autoaim/dev_ws/install/rm_serial_driver/share/colcon-core/packages/rm_serial_driver)
[0.906s] Level 1:colcon.colcon_core.environment:create_environment_scripts_only(rm_serial_driver)
[0.906s] Level 1:colcon.colcon_core.environment:checking '/home/rm_autoaim/dev_ws/install/rm_serial_driver' for CMake module files
[0.907s] Level 1:colcon.colcon_core.environment:checking '/home/rm_autoaim/dev_ws/install/rm_serial_driver' for CMake config files
[0.907s] Level 1:colcon.colcon_core.shell:create_environment_hook('rm_serial_driver', 'cmake_prefix_path')
[0.907s] INFO:colcon.colcon_core.shell:Creating environment hook '/home/rm_autoaim/dev_ws/install/rm_serial_driver/share/rm_serial_driver/hook/cmake_prefix_path.ps1'
[0.907s] INFO:colcon.colcon_core.shell:Creating environment descriptor '/home/rm_autoaim/dev_ws/install/rm_serial_driver/share/rm_serial_driver/hook/cmake_prefix_path.dsv'
[0.907s] INFO:colcon.colcon_core.shell:Creating environment hook '/home/rm_autoaim/dev_ws/install/rm_serial_driver/share/rm_serial_driver/hook/cmake_prefix_path.sh'
[0.908s] Level 1:colcon.colcon_core.environment:checking '/home/rm_autoaim/dev_ws/install/rm_serial_driver/lib'
[0.908s] Level 1:colcon.colcon_core.shell:create_environment_hook('rm_serial_driver', 'ld_library_path_lib')
[0.908s] INFO:colcon.colcon_core.shell:Creating environment hook '/home/rm_autoaim/dev_ws/install/rm_serial_driver/share/rm_serial_driver/hook/ld_library_path_lib.ps1'
[0.908s] INFO:colcon.colcon_core.shell:Creating environment descriptor '/home/rm_autoaim/dev_ws/install/rm_serial_driver/share/rm_serial_driver/hook/ld_library_path_lib.dsv'
[0.908s] INFO:colcon.colcon_core.shell:Creating environment hook '/home/rm_autoaim/dev_ws/install/rm_serial_driver/share/rm_serial_driver/hook/ld_library_path_lib.sh'
[0.909s] Level 1:colcon.colcon_core.environment:checking '/home/rm_autoaim/dev_ws/install/rm_serial_driver/bin'
[0.909s] Level 1:colcon.colcon_core.environment:checking '/home/rm_autoaim/dev_ws/install/rm_serial_driver/lib/pkgconfig/rm_serial_driver.pc'
[0.909s] Level 1:colcon.colcon_core.environment:checking '/home/rm_autoaim/dev_ws/install/rm_serial_driver/lib/python3.10/site-packages'
[0.909s] Level 1:colcon.colcon_core.environment:checking '/home/rm_autoaim/dev_ws/install/rm_serial_driver/bin'
[0.909s] INFO:colcon.colcon_core.shell:Creating package script '/home/rm_autoaim/dev_ws/install/rm_serial_driver/share/rm_serial_driver/package.ps1'
[0.910s] INFO:colcon.colcon_core.shell:Creating package descriptor '/home/rm_autoaim/dev_ws/install/rm_serial_driver/share/rm_serial_driver/package.dsv'
[0.910s] INFO:colcon.colcon_core.shell:Creating package script '/home/rm_autoaim/dev_ws/install/rm_serial_driver/share/rm_serial_driver/package.sh'
[0.922s] INFO:colcon.colcon_core.shell:Creating package script '/home/rm_autoaim/dev_ws/install/rm_serial_driver/share/rm_serial_driver/package.bash'
[0.922s] INFO:colcon.colcon_core.shell:Creating package script '/home/rm_autoaim/dev_ws/install/rm_serial_driver/share/rm_serial_driver/package.zsh'
[0.923s] Level 1:colcon.colcon_core.environment:create_file_with_runtime_dependencies(/home/rm_autoaim/dev_ws/install/rm_serial_driver/share/colcon-core/packages/rm_serial_driver)
[0.923s] INFO:colcon.colcon_ros.task.ament_cmake.build:Building ROS package in '/home/rm_autoaim/dev_ws/src/rm_vision/rm_vision_bringup' with build type 'ament_cmake'
[0.923s] INFO:colcon.colcon_cmake.task.cmake.build:Building CMake package in '/home/rm_autoaim/dev_ws/src/rm_vision/rm_vision_bringup'
[0.924s] INFO:colcon.colcon_core.shell:Skip shell extension 'powershell' for command environment: Not usable outside of PowerShell
[0.924s] DEBUG:colcon.colcon_core.shell:Skip shell extension 'dsv' for command environment
[0.925s] Level 1:colcon.colcon_core.environment:create_environment_scripts_only(armor_tracker)
[0.926s] Level 1:colcon.colcon_core.environment:checking '/home/rm_autoaim/dev_ws/install/armor_tracker' for CMake module files
[0.926s] DEBUG:colcon.colcon_core.event_handler.log_command:Invoked command in '/home/rm_autoaim/dev_ws/build/armor_tracker' returned '0': AMENT_PREFIX_PATH=/home/rm_autoaim/dev_ws/install/auto_aim_interfaces CMAKE_PREFIX_PATH=/home/rm_autoaim/dev_ws/install/auto_aim_interfaces LD_LIBRARY_PATH=/home/rm_autoaim/dev_ws/install/auto_aim_interfaces/lib PYTHONPATH=/home/rm_autoaim/dev_ws/install/auto_aim_interfaces/local/lib/python3.10/dist-packages /usr/bin/cmake --install /home/rm_autoaim/dev_ws/build/armor_tracker
[0.926s] Level 1:colcon.colcon_core.environment:checking '/home/rm_autoaim/dev_ws/install/armor_tracker' for CMake config files
[0.926s] Level 1:colcon.colcon_core.shell:create_environment_hook('armor_tracker', 'cmake_prefix_path')
[0.927s] INFO:colcon.colcon_core.shell:Creating environment hook '/home/rm_autoaim/dev_ws/install/armor_tracker/share/armor_tracker/hook/cmake_prefix_path.ps1'
[0.927s] INFO:colcon.colcon_core.shell:Creating environment descriptor '/home/rm_autoaim/dev_ws/install/armor_tracker/share/armor_tracker/hook/cmake_prefix_path.dsv'
[0.927s] INFO:colcon.colcon_core.shell:Creating environment hook '/home/rm_autoaim/dev_ws/install/armor_tracker/share/armor_tracker/hook/cmake_prefix_path.sh'
[0.928s] Level 1:colcon.colcon_core.environment:checking '/home/rm_autoaim/dev_ws/install/armor_tracker/lib'
[0.928s] Level 1:colcon.colcon_core.shell:create_environment_hook('armor_tracker', 'ld_library_path_lib')
[0.928s] INFO:colcon.colcon_core.shell:Creating environment hook '/home/rm_autoaim/dev_ws/install/armor_tracker/share/armor_tracker/hook/ld_library_path_lib.ps1'
[0.928s] INFO:colcon.colcon_core.shell:Creating environment descriptor '/home/rm_autoaim/dev_ws/install/armor_tracker/share/armor_tracker/hook/ld_library_path_lib.dsv'
[0.929s] INFO:colcon.colcon_core.shell:Creating environment hook '/home/rm_autoaim/dev_ws/install/armor_tracker/share/armor_tracker/hook/ld_library_path_lib.sh'
[0.929s] Level 1:colcon.colcon_core.environment:checking '/home/rm_autoaim/dev_ws/install/armor_tracker/bin'
[0.929s] Level 1:colcon.colcon_core.environment:checking '/home/rm_autoaim/dev_ws/install/armor_tracker/lib/pkgconfig/armor_tracker.pc'
[0.929s] Level 1:colcon.colcon_core.environment:checking '/home/rm_autoaim/dev_ws/install/armor_tracker/lib/python3.10/site-packages'
[0.929s] Level 1:colcon.colcon_core.environment:checking '/home/rm_autoaim/dev_ws/install/armor_tracker/bin'
[0.929s] INFO:colcon.colcon_core.shell:Creating package script '/home/rm_autoaim/dev_ws/install/armor_tracker/share/armor_tracker/package.ps1'
[0.930s] INFO:colcon.colcon_core.shell:Creating package descriptor '/home/rm_autoaim/dev_ws/install/armor_tracker/share/armor_tracker/package.dsv'
[0.930s] INFO:colcon.colcon_core.shell:Creating package script '/home/rm_autoaim/dev_ws/install/armor_tracker/share/armor_tracker/package.sh'
[0.930s] INFO:colcon.colcon_core.shell:Creating package script '/home/rm_autoaim/dev_ws/install/armor_tracker/share/armor_tracker/package.bash'
[0.931s] INFO:colcon.colcon_core.shell:Creating package script '/home/rm_autoaim/dev_ws/install/armor_tracker/share/armor_tracker/package.zsh'
[0.931s] Level 1:colcon.colcon_core.environment:create_file_with_runtime_dependencies(/home/rm_autoaim/dev_ws/install/armor_tracker/share/colcon-core/packages/armor_tracker)
[0.931s] Level 1:colcon.colcon_core.environment:create_environment_scripts_only(armor_tracker)
[0.931s] Level 1:colcon.colcon_core.environment:checking '/home/rm_autoaim/dev_ws/install/armor_tracker' for CMake module files
[0.932s] Level 1:colcon.colcon_core.environment:checking '/home/rm_autoaim/dev_ws/install/armor_tracker' for CMake config files
[0.932s] Level 1:colcon.colcon_core.shell:create_environment_hook('armor_tracker', 'cmake_prefix_path')
[0.932s] INFO:colcon.colcon_core.shell:Creating environment hook '/home/rm_autoaim/dev_ws/install/armor_tracker/share/armor_tracker/hook/cmake_prefix_path.ps1'
[0.932s] INFO:colcon.colcon_core.shell:Creating environment descriptor '/home/rm_autoaim/dev_ws/install/armor_tracker/share/armor_tracker/hook/cmake_prefix_path.dsv'
[0.933s] INFO:colcon.colcon_core.shell:Creating environment hook '/home/rm_autoaim/dev_ws/install/armor_tracker/share/armor_tracker/hook/cmake_prefix_path.sh'
[0.933s] Level 1:colcon.colcon_core.environment:checking '/home/rm_autoaim/dev_ws/install/armor_tracker/lib'
[0.933s] Level 1:colcon.colcon_core.shell:create_environment_hook('armor_tracker', 'ld_library_path_lib')
[0.934s] INFO:colcon.colcon_core.shell:Creating environment hook '/home/rm_autoaim/dev_ws/install/armor_tracker/share/armor_tracker/hook/ld_library_path_lib.ps1'
[0.934s] INFO:colcon.colcon_core.shell:Creating environment descriptor '/home/rm_autoaim/dev_ws/install/armor_tracker/share/armor_tracker/hook/ld_library_path_lib.dsv'
[0.934s] INFO:colcon.colcon_core.shell:Creating environment hook '/home/rm_autoaim/dev_ws/install/armor_tracker/share/armor_tracker/hook/ld_library_path_lib.sh'
[0.934s] Level 1:colcon.colcon_core.environment:checking '/home/rm_autoaim/dev_ws/install/armor_tracker/bin'
[0.935s] Level 1:colcon.colcon_core.environment:checking '/home/rm_autoaim/dev_ws/install/armor_tracker/lib/pkgconfig/armor_tracker.pc'
[0.935s] Level 1:colcon.colcon_core.environment:checking '/home/rm_autoaim/dev_ws/install/armor_tracker/lib/python3.10/site-packages'
[0.935s] Level 1:colcon.colcon_core.environment:checking '/home/rm_autoaim/dev_ws/install/armor_tracker/bin'
[0.935s] INFO:colcon.colcon_core.shell:Creating package script '/home/rm_autoaim/dev_ws/install/armor_tracker/share/armor_tracker/package.ps1'
[0.935s] INFO:colcon.colcon_core.shell:Creating package descriptor '/home/rm_autoaim/dev_ws/install/armor_tracker/share/armor_tracker/package.dsv'
[0.936s] INFO:colcon.colcon_core.shell:Creating package script '/home/rm_autoaim/dev_ws/install/armor_tracker/share/armor_tracker/package.sh'
[0.936s] INFO:colcon.colcon_core.shell:Creating package script '/home/rm_autoaim/dev_ws/install/armor_tracker/share/armor_tracker/package.bash'
[0.936s] INFO:colcon.colcon_core.shell:Creating package script '/home/rm_autoaim/dev_ws/install/armor_tracker/share/armor_tracker/package.zsh'
[0.937s] Level 1:colcon.colcon_core.environment:create_file_with_runtime_dependencies(/home/rm_autoaim/dev_ws/install/armor_tracker/share/colcon-core/packages/armor_tracker)
[0.940s] DEBUG:colcon.colcon_core.event_handler.log_command:Invoking command in '/home/rm_autoaim/dev_ws/build/rm_vision_bringup': AMENT_PREFIX_PATH=/home/rm_autoaim/dev_ws/install/rm_serial_driver:/home/rm_autoaim/dev_ws/install/auto_aim_interfaces CMAKE_PREFIX_PATH=/home/rm_autoaim/dev_ws/install/rm_serial_driver:/home/rm_autoaim/dev_ws/install/auto_aim_interfaces LD_LIBRARY_PATH=/home/rm_autoaim/dev_ws/install/rm_serial_driver/lib:/home/rm_autoaim/dev_ws/install/auto_aim_interfaces/lib PYTHONPATH=/home/rm_autoaim/dev_ws/install/auto_aim_interfaces/local/lib/python3.10/dist-packages /usr/bin/cmake --build /home/rm_autoaim/dev_ws/build/rm_vision_bringup -- -j8 -l8
[0.968s] DEBUG:colcon.colcon_core.event_handler.log_command:Invoked command in '/home/rm_autoaim/dev_ws/build/rm_vision_bringup' returned '0': AMENT_PREFIX_PATH=/home/rm_autoaim/dev_ws/install/rm_serial_driver:/home/rm_autoaim/dev_ws/install/auto_aim_interfaces CMAKE_PREFIX_PATH=/home/rm_autoaim/dev_ws/install/rm_serial_driver:/home/rm_autoaim/dev_ws/install/auto_aim_interfaces LD_LIBRARY_PATH=/home/rm_autoaim/dev_ws/install/rm_serial_driver/lib:/home/rm_autoaim/dev_ws/install/auto_aim_interfaces/lib PYTHONPATH=/home/rm_autoaim/dev_ws/install/auto_aim_interfaces/local/lib/python3.10/dist-packages /usr/bin/cmake --build /home/rm_autoaim/dev_ws/build/rm_vision_bringup -- -j8 -l8
[0.969s] DEBUG:colcon.colcon_core.event_handler.log_command:Invoking command in '/home/rm_autoaim/dev_ws/build/rm_vision_bringup': AMENT_PREFIX_PATH=/home/rm_autoaim/dev_ws/install/rm_serial_driver:/home/rm_autoaim/dev_ws/install/auto_aim_interfaces CMAKE_PREFIX_PATH=/home/rm_autoaim/dev_ws/install/rm_serial_driver:/home/rm_autoaim/dev_ws/install/auto_aim_interfaces LD_LIBRARY_PATH=/home/rm_autoaim/dev_ws/install/rm_serial_driver/lib:/home/rm_autoaim/dev_ws/install/auto_aim_interfaces/lib PYTHONPATH=/home/rm_autoaim/dev_ws/install/auto_aim_interfaces/local/lib/python3.10/dist-packages /usr/bin/cmake --install /home/rm_autoaim/dev_ws/build/rm_vision_bringup
[0.978s] Level 1:colcon.colcon_core.environment:create_environment_scripts_only(rm_vision_bringup)
[0.978s] Level 1:colcon.colcon_core.environment:checking '/home/rm_autoaim/dev_ws/install/rm_vision_bringup' for CMake module files
[0.978s] DEBUG:colcon.colcon_core.event_handler.log_command:Invoked command in '/home/rm_autoaim/dev_ws/build/rm_vision_bringup' returned '0': AMENT_PREFIX_PATH=/home/rm_autoaim/dev_ws/install/rm_serial_driver:/home/rm_autoaim/dev_ws/install/auto_aim_interfaces CMAKE_PREFIX_PATH=/home/rm_autoaim/dev_ws/install/rm_serial_driver:/home/rm_autoaim/dev_ws/install/auto_aim_interfaces LD_LIBRARY_PATH=/home/rm_autoaim/dev_ws/install/rm_serial_driver/lib:/home/rm_autoaim/dev_ws/install/auto_aim_interfaces/lib PYTHONPATH=/home/rm_autoaim/dev_ws/install/auto_aim_interfaces/local/lib/python3.10/dist-packages /usr/bin/cmake --install /home/rm_autoaim/dev_ws/build/rm_vision_bringup
[0.979s] Level 1:colcon.colcon_core.environment:checking '/home/rm_autoaim/dev_ws/install/rm_vision_bringup' for CMake config files
[0.979s] Level 1:colcon.colcon_core.shell:create_environment_hook('rm_vision_bringup', 'cmake_prefix_path')
[0.979s] INFO:colcon.colcon_core.shell:Creating environment hook '/home/rm_autoaim/dev_ws/install/rm_vision_bringup/share/rm_vision_bringup/hook/cmake_prefix_path.ps1'
[0.979s] INFO:colcon.colcon_core.shell:Creating environment descriptor '/home/rm_autoaim/dev_ws/install/rm_vision_bringup/share/rm_vision_bringup/hook/cmake_prefix_path.dsv'
[0.980s] INFO:colcon.colcon_core.shell:Creating environment hook '/home/rm_autoaim/dev_ws/install/rm_vision_bringup/share/rm_vision_bringup/hook/cmake_prefix_path.sh'
[0.980s] Level 1:colcon.colcon_core.environment:checking '/home/rm_autoaim/dev_ws/install/rm_vision_bringup/bin'
[0.980s] Level 1:colcon.colcon_core.environment:checking '/home/rm_autoaim/dev_ws/install/rm_vision_bringup/lib/pkgconfig/rm_vision_bringup.pc'
[0.980s] Level 1:colcon.colcon_core.environment:checking '/home/rm_autoaim/dev_ws/install/rm_vision_bringup/lib/python3.10/site-packages'
[0.980s] Level 1:colcon.colcon_core.environment:checking '/home/rm_autoaim/dev_ws/install/rm_vision_bringup/bin'
[0.981s] INFO:colcon.colcon_core.shell:Creating package script '/home/rm_autoaim/dev_ws/install/rm_vision_bringup/share/rm_vision_bringup/package.ps1'
[0.981s] INFO:colcon.colcon_core.shell:Creating package descriptor '/home/rm_autoaim/dev_ws/install/rm_vision_bringup/share/rm_vision_bringup/package.dsv'
[0.981s] INFO:colcon.colcon_core.shell:Creating package script '/home/rm_autoaim/dev_ws/install/rm_vision_bringup/share/rm_vision_bringup/package.sh'
[0.981s] INFO:colcon.colcon_core.shell:Creating package script '/home/rm_autoaim/dev_ws/install/rm_vision_bringup/share/rm_vision_bringup/package.bash'
[0.982s] INFO:colcon.colcon_core.shell:Creating package script '/home/rm_autoaim/dev_ws/install/rm_vision_bringup/share/rm_vision_bringup/package.zsh'
[0.982s] Level 1:colcon.colcon_core.environment:create_file_with_runtime_dependencies(/home/rm_autoaim/dev_ws/install/rm_vision_bringup/share/colcon-core/packages/rm_vision_bringup)
[0.982s] Level 1:colcon.colcon_core.environment:create_environment_scripts_only(rm_vision_bringup)
[0.982s] Level 1:colcon.colcon_core.environment:checking '/home/rm_autoaim/dev_ws/install/rm_vision_bringup' for CMake module files
[0.983s] Level 1:colcon.colcon_core.environment:checking '/home/rm_autoaim/dev_ws/install/rm_vision_bringup' for CMake config files
[0.983s] Level 1:colcon.colcon_core.shell:create_environment_hook('rm_vision_bringup', 'cmake_prefix_path')
[0.983s] INFO:colcon.colcon_core.shell:Creating environment hook '/home/rm_autoaim/dev_ws/install/rm_vision_bringup/share/rm_vision_bringup/hook/cmake_prefix_path.ps1'
[0.984s] INFO:colcon.colcon_core.shell:Creating environment descriptor '/home/rm_autoaim/dev_ws/install/rm_vision_bringup/share/rm_vision_bringup/hook/cmake_prefix_path.dsv'
[0.984s] INFO:colcon.colcon_core.shell:Creating environment hook '/home/rm_autoaim/dev_ws/install/rm_vision_bringup/share/rm_vision_bringup/hook/cmake_prefix_path.sh'
[0.985s] Level 1:colcon.colcon_core.environment:checking '/home/rm_autoaim/dev_ws/install/rm_vision_bringup/bin'
[0.985s] Level 1:colcon.colcon_core.environment:checking '/home/rm_autoaim/dev_ws/install/rm_vision_bringup/lib/pkgconfig/rm_vision_bringup.pc'
[0.985s] Level 1:colcon.colcon_core.environment:checking '/home/rm_autoaim/dev_ws/install/rm_vision_bringup/lib/python3.10/site-packages'
[0.985s] Level 1:colcon.colcon_core.environment:checking '/home/rm_autoaim/dev_ws/install/rm_vision_bringup/bin'
[0.986s] INFO:colcon.colcon_core.shell:Creating package script '/home/rm_autoaim/dev_ws/install/rm_vision_bringup/share/rm_vision_bringup/package.ps1'
[0.986s] INFO:colcon.colcon_core.shell:Creating package descriptor '/home/rm_autoaim/dev_ws/install/rm_vision_bringup/share/rm_vision_bringup/package.dsv'
[0.987s] INFO:colcon.colcon_core.shell:Creating package script '/home/rm_autoaim/dev_ws/install/rm_vision_bringup/share/rm_vision_bringup/package.sh'
[0.987s] INFO:colcon.colcon_core.shell:Creating package script '/home/rm_autoaim/dev_ws/install/rm_vision_bringup/share/rm_vision_bringup/package.bash'
[0.987s] INFO:colcon.colcon_core.shell:Creating package script '/home/rm_autoaim/dev_ws/install/rm_vision_bringup/share/rm_vision_bringup/package.zsh'
[0.988s] Level 1:colcon.colcon_core.environment:create_file_with_runtime_dependencies(/home/rm_autoaim/dev_ws/install/rm_vision_bringup/share/colcon-core/packages/rm_vision_bringup)
[0.988s] DEBUG:colcon.colcon_parallel_executor.executor.parallel:closing loop
[0.988s] DEBUG:colcon.colcon_parallel_executor.executor.parallel:loop closed
[0.988s] DEBUG:colcon.colcon_parallel_executor.executor.parallel:run_until_complete finished with '0'
[0.988s] DEBUG:colcon.colcon_core.event_reactor:joining thread
[0.995s] INFO:colcon.colcon_core.plugin_system:Skipping extension 'colcon_notification.desktop_notification.terminal_notifier': Not used on non-Darwin systems
[0.995s] INFO:colcon.colcon_core.plugin_system:Skipping extension 'colcon_notification.desktop_notification.win32': Not used on non-Windows systems
[0.995s] INFO:colcon.colcon_notification.desktop_notification:Sending desktop notification using 'notify2'
[1.007s] DEBUG:colcon.colcon_core.event_reactor:joined thread
[1.007s] INFO:colcon.colcon_core.shell:Creating prefix script '/home/rm_autoaim/dev_ws/install/local_setup.ps1'
[1.008s] INFO:colcon.colcon_core.shell:Creating prefix util module '/home/rm_autoaim/dev_ws/install/_local_setup_util_ps1.py'
[1.009s] INFO:colcon.colcon_core.shell:Creating prefix chain script '/home/rm_autoaim/dev_ws/install/setup.ps1'
[1.010s] INFO:colcon.colcon_core.shell:Creating prefix script '/home/rm_autoaim/dev_ws/install/local_setup.sh'
[1.010s] INFO:colcon.colcon_core.shell:Creating prefix util module '/home/rm_autoaim/dev_ws/install/_local_setup_util_sh.py'
[1.011s] INFO:colcon.colcon_core.shell:Creating prefix chain script '/home/rm_autoaim/dev_ws/install/setup.sh'
[1.012s] INFO:colcon.colcon_core.shell:Creating prefix script '/home/rm_autoaim/dev_ws/install/local_setup.bash'
[1.012s] INFO:colcon.colcon_core.shell:Creating prefix chain script '/home/rm_autoaim/dev_ws/install/setup.bash'
[1.013s] INFO:colcon.colcon_core.shell:Creating prefix script '/home/rm_autoaim/dev_ws/install/local_setup.zsh'
[1.013s] INFO:colcon.colcon_core.shell:Creating prefix chain script '/home/rm_autoaim/dev_ws/install/setup.zsh'
