[0.009s] Invoking command in '/home/rm_autoaim/dev_ws/build/rm_gimbal_description': CMAKE_PREFIX_PATH=/opt/ros/humble /usr/bin/cmake /home/rm_autoaim/dev_ws/src/rm_gimbal_description -DCMAKE_INSTALL_PREFIX=/home/rm_autoaim/dev_ws/install/rm_gimbal_description
[0.085s] -- The C compiler identification is GNU 11.4.0
[0.157s] -- The CXX compiler identification is GNU 11.4.0
[0.164s] -- Detecting C compiler ABI info
[0.225s] -- Detecting C compiler ABI info - done
[0.235s] -- Check for working C compiler: /usr/bin/cc - skipped
[0.236s] -- Detecting C compile features
[0.236s] -- Detecting C compile features - done
[0.239s] -- Detecting CXX compiler ABI info
[0.308s] -- Detecting CXX compiler ABI info - done
[0.313s] -- Check for working CXX compiler: /usr/bin/c++ - skipped
[0.314s] -- Detecting CXX compile features
[0.314s] -- Detecting CXX compile features - done
[0.315s] -- Found ament_cmake_auto: 1.3.12 (/opt/ros/humble/share/ament_cmake_auto/cmake)
[0.432s] -- Found Python3: /usr/bin/python3 (found version "3.10.12") found components: Interpreter 
[0.507s] -- Found ament_lint_auto: 0.12.14 (/opt/ros/humble/share/ament_lint_auto/cmake)
[0.573s] -- Added test 'flake8' to check Python code syntax and style conventions
[0.573s] -- Added test 'lint_cmake' to check CMake code style
[0.573s] -- Added test 'pep257' to check Python code against some of the docstring style conventions in PEP 257
[0.575s] -- Added test 'xmllint' to check XML markup files
[0.576s] -- Configuring done
[0.579s] -- Generating done
[0.580s] -- Build files have been written to: /home/rm_autoaim/dev_ws/build/rm_gimbal_description
[0.585s] Invoked command in '/home/rm_autoaim/dev_ws/build/rm_gimbal_description' returned '0': CMAKE_PREFIX_PATH=/opt/ros/humble /usr/bin/cmake /home/rm_autoaim/dev_ws/src/rm_gimbal_description -DCMAKE_INSTALL_PREFIX=/home/rm_autoaim/dev_ws/install/rm_gimbal_description
[0.587s] Invoking command in '/home/rm_autoaim/dev_ws/build/rm_gimbal_description': CMAKE_PREFIX_PATH=/opt/ros/humble /usr/bin/cmake --build /home/rm_autoaim/dev_ws/build/rm_gimbal_description -- -j8 -l8
[0.617s] Invoked command in '/home/rm_autoaim/dev_ws/build/rm_gimbal_description' returned '0': CMAKE_PREFIX_PATH=/opt/ros/humble /usr/bin/cmake --build /home/rm_autoaim/dev_ws/build/rm_gimbal_description -- -j8 -l8
[0.625s] Invoking command in '/home/rm_autoaim/dev_ws/build/rm_gimbal_description': CMAKE_PREFIX_PATH=/opt/ros/humble /usr/bin/cmake --install /home/rm_autoaim/dev_ws/build/rm_gimbal_description
[0.632s] -- Install configuration: ""
[0.632s] -- Installing: /home/rm_autoaim/dev_ws/install/rm_gimbal_description/share/rm_gimbal_description/urdf
[0.632s] -- Installing: /home/rm_autoaim/dev_ws/install/rm_gimbal_description/share/rm_gimbal_description/urdf/rm_gimbal.urdf.xacro
[0.632s] -- Installing: /home/rm_autoaim/dev_ws/install/rm_gimbal_description/share/rm_gimbal_description/launch
[0.632s] -- Installing: /home/rm_autoaim/dev_ws/install/rm_gimbal_description/share/rm_gimbal_description/launch/display.launch.py
[0.633s] -- Installing: /home/rm_autoaim/dev_ws/install/rm_gimbal_description/share/ament_index/resource_index/package_run_dependencies/rm_gimbal_description
[0.633s] -- Installing: /home/rm_autoaim/dev_ws/install/rm_gimbal_description/share/ament_index/resource_index/parent_prefix_path/rm_gimbal_description
[0.633s] -- Installing: /home/rm_autoaim/dev_ws/install/rm_gimbal_description/share/rm_gimbal_description/environment/ament_prefix_path.sh
[0.633s] -- Installing: /home/rm_autoaim/dev_ws/install/rm_gimbal_description/share/rm_gimbal_description/environment/ament_prefix_path.dsv
[0.633s] -- Installing: /home/rm_autoaim/dev_ws/install/rm_gimbal_description/share/rm_gimbal_description/environment/path.sh
[0.633s] -- Installing: /home/rm_autoaim/dev_ws/install/rm_gimbal_description/share/rm_gimbal_description/environment/path.dsv
[0.633s] -- Installing: /home/rm_autoaim/dev_ws/install/rm_gimbal_description/share/rm_gimbal_description/local_setup.bash
[0.633s] -- Installing: /home/rm_autoaim/dev_ws/install/rm_gimbal_description/share/rm_gimbal_description/local_setup.sh
[0.633s] -- Installing: /home/rm_autoaim/dev_ws/install/rm_gimbal_description/share/rm_gimbal_description/local_setup.zsh
[0.633s] -- Installing: /home/rm_autoaim/dev_ws/install/rm_gimbal_description/share/rm_gimbal_description/local_setup.dsv
[0.633s] -- Installing: /home/rm_autoaim/dev_ws/install/rm_gimbal_description/share/rm_gimbal_description/package.dsv
[0.633s] -- Installing: /home/rm_autoaim/dev_ws/install/rm_gimbal_description/share/ament_index/resource_index/packages/rm_gimbal_description
[0.634s] -- Installing: /home/rm_autoaim/dev_ws/install/rm_gimbal_description/share/rm_gimbal_description/cmake/rm_gimbal_descriptionConfig.cmake
[0.634s] -- Installing: /home/rm_autoaim/dev_ws/install/rm_gimbal_description/share/rm_gimbal_description/cmake/rm_gimbal_descriptionConfig-version.cmake
[0.634s] -- Installing: /home/rm_autoaim/dev_ws/install/rm_gimbal_description/share/rm_gimbal_description/package.xml
[0.635s] Invoked command in '/home/rm_autoaim/dev_ws/build/rm_gimbal_description' returned '0': CMAKE_PREFIX_PATH=/opt/ros/humble /usr/bin/cmake --install /home/rm_autoaim/dev_ws/build/rm_gimbal_description
