[0.007s] Invoking command in '/home/rm_autoaim/dev_ws/build/hik_camera': /usr/bin/cmake --build /home/rm_autoaim/dev_ws/build/hik_camera -- -j8 -l8
[0.046s] [ 50%] Built target hik_camera
[0.064s] [100%] Built target hik_camera_node
[0.071s] Invoked command in '/home/rm_autoaim/dev_ws/build/hik_camera' returned '0': /usr/bin/cmake --build /home/rm_autoaim/dev_ws/build/hik_camera -- -j8 -l8
[0.072s] Invoking command in '/home/rm_autoaim/dev_ws/build/hik_camera': /usr/bin/cmake --install /home/rm_autoaim/dev_ws/build/hik_camera
[0.077s] -- Install configuration: ""
[0.077s] -- Up-to-date: /home/rm_autoaim/dev_ws/install/hik_camera/lib
[0.077s] -- Up-to-date: /home/rm_autoaim/dev_ws/install/hik_camera/lib/libMvUsb3vTL.so
[0.077s] -- Up-to-date: /home/rm_autoaim/dev_ws/install/hik_camera/lib/libFormatConversion.so
[0.077s] -- Up-to-date: /home/rm_autoaim/dev_ws/install/hik_camera/lib/libMVRender.so
[0.077s] -- Up-to-date: /home/rm_autoaim/dev_ws/install/hik_camera/lib/libMvCameraControl.so
[0.077s] -- Up-to-date: /home/rm_autoaim/dev_ws/install/hik_camera/lib/libMediaProcess.so
[0.077s] -- Up-to-date: /home/rm_autoaim/dev_ws/install/hik_camera/lib/hik_camera/hik_camera_node
[0.077s] -- Up-to-date: /home/rm_autoaim/dev_ws/install/hik_camera/share/hik_camera/environment/library_path.sh
[0.078s] -- Up-to-date: /home/rm_autoaim/dev_ws/install/hik_camera/share/hik_camera/environment/library_path.dsv
[0.078s] -- Up-to-date: /home/rm_autoaim/dev_ws/install/hik_camera/lib/libhik_camera.so
[0.078s] -- Up-to-date: /home/rm_autoaim/dev_ws/install/hik_camera/share/hik_camera/config
[0.078s] -- Up-to-date: /home/rm_autoaim/dev_ws/install/hik_camera/share/hik_camera/config/camera_params.yaml
[0.078s] -- Up-to-date: /home/rm_autoaim/dev_ws/install/hik_camera/share/hik_camera/config/camera_info.yaml
[0.078s] -- Up-to-date: /home/rm_autoaim/dev_ws/install/hik_camera/share/hik_camera/launch
[0.078s] -- Up-to-date: /home/rm_autoaim/dev_ws/install/hik_camera/share/hik_camera/launch/hik_camera.launch.py
[0.078s] -- Up-to-date: /home/rm_autoaim/dev_ws/install/hik_camera/share/ament_index/resource_index/package_run_dependencies/hik_camera
[0.078s] -- Up-to-date: /home/rm_autoaim/dev_ws/install/hik_camera/share/ament_index/resource_index/parent_prefix_path/hik_camera
[0.078s] -- Up-to-date: /home/rm_autoaim/dev_ws/install/hik_camera/share/hik_camera/environment/ament_prefix_path.sh
[0.078s] -- Up-to-date: /home/rm_autoaim/dev_ws/install/hik_camera/share/hik_camera/environment/ament_prefix_path.dsv
[0.078s] -- Up-to-date: /home/rm_autoaim/dev_ws/install/hik_camera/share/hik_camera/environment/path.sh
[0.078s] -- Up-to-date: /home/rm_autoaim/dev_ws/install/hik_camera/share/hik_camera/environment/path.dsv
[0.079s] -- Up-to-date: /home/rm_autoaim/dev_ws/install/hik_camera/share/hik_camera/local_setup.bash
[0.079s] -- Up-to-date: /home/rm_autoaim/dev_ws/install/hik_camera/share/hik_camera/local_setup.sh
[0.079s] -- Up-to-date: /home/rm_autoaim/dev_ws/install/hik_camera/share/hik_camera/local_setup.zsh
[0.079s] -- Up-to-date: /home/rm_autoaim/dev_ws/install/hik_camera/share/hik_camera/local_setup.dsv
[0.079s] -- Installing: /home/rm_autoaim/dev_ws/install/hik_camera/share/hik_camera/package.dsv
[0.079s] -- Up-to-date: /home/rm_autoaim/dev_ws/install/hik_camera/share/ament_index/resource_index/packages/hik_camera
[0.079s] -- Up-to-date: /home/rm_autoaim/dev_ws/install/hik_camera/share/ament_index/resource_index/rclcpp_components/hik_camera
[0.079s] -- Up-to-date: /home/rm_autoaim/dev_ws/install/hik_camera/share/hik_camera/cmake/ament_cmake_export_dependencies-extras.cmake
[0.079s] -- Up-to-date: /home/rm_autoaim/dev_ws/install/hik_camera/share/hik_camera/cmake/ament_cmake_export_libraries-extras.cmake
[0.080s] -- Up-to-date: /home/rm_autoaim/dev_ws/install/hik_camera/share/hik_camera/cmake/hik_cameraConfig.cmake
[0.080s] -- Up-to-date: /home/rm_autoaim/dev_ws/install/hik_camera/share/hik_camera/cmake/hik_cameraConfig-version.cmake
[0.080s] -- Up-to-date: /home/rm_autoaim/dev_ws/install/hik_camera/share/hik_camera/package.xml
[0.080s] Invoked command in '/home/rm_autoaim/dev_ws/build/hik_camera' returned '0': /usr/bin/cmake --install /home/rm_autoaim/dev_ws/build/hik_camera
