[0.068s] DEBUG:colcon:Command line arguments: ['/usr/bin/colcon', 'build']
[0.068s] DEBUG:colcon:Parsed command line arguments: Namespace(log_base=None, log_level=None, verb_name='build', build_base='build', install_base='install', merge_install=False, symlink_install=False, test_result_base=None, continue_on_error=False, executor='parallel', parallel_workers=8, event_handlers=None, ignore_user_meta=False, metas=['./colcon.meta'], base_paths=['.'], packages_ignore=None, packages_ignore_regex=None, paths=None, packages_up_to=None, packages_up_to_regex=None, packages_above=None, packages_above_and_dependencies=None, packages_above_depth=None, packages_select_by_dep=None, packages_skip_by_dep=None, packages_skip_up_to=None, packages_select_build_failed=False, packages_skip_build_finished=False, packages_select_test_failures=False, packages_skip_test_passed=False, packages_select=None, packages_skip=None, packages_select_regex=None, packages_skip_regex=None, packages_start=None, packages_end=None, allow_overriding=[], cmake_args=None, cmake_target=None, cmake_target_skip_unavailable=False, cmake_clean_cache=False, cmake_clean_first=False, cmake_force_configure=False, ament_cmake_args=None, catkin_cmake_args=None, catkin_skip_building_tests=False, verb_parser=<colcon_defaults.argument_parser.defaults.DefaultArgumentsDecorator object at 0x74a1cb9fb4c0>, verb_extension=<colcon_core.verb.build.BuildVerb object at 0x74a1cb9fafb0>, main=<bound method BuildVerb.main of <colcon_core.verb.build.BuildVerb object at 0x74a1cb9fafb0>>)
[0.155s] Level 1:colcon.colcon_core.package_discovery:discover_packages(colcon_meta) check parameters
[0.155s] Level 1:colcon.colcon_core.package_discovery:discover_packages(recursive) check parameters
[0.155s] Level 1:colcon.colcon_core.package_discovery:discover_packages(ignore) check parameters
[0.155s] Level 1:colcon.colcon_core.package_discovery:discover_packages(path) check parameters
[0.155s] Level 1:colcon.colcon_core.package_discovery:discover_packages(colcon_meta) discover
[0.155s] Level 1:colcon.colcon_core.package_discovery:discover_packages(recursive) discover
[0.155s] INFO:colcon.colcon_core.package_discovery:Crawling recursively for packages in '/home/rm_autoaim/dev_ws'
[0.155s] Level 1:colcon.colcon_core.package_identification:_identify(.) by extensions ['ignore', 'ignore_ament_install']
[0.155s] Level 1:colcon.colcon_core.package_identification:_identify(.) by extension 'ignore'
[0.155s] Level 1:colcon.colcon_core.package_identification:_identify(.) by extension 'ignore_ament_install'
[0.155s] Level 1:colcon.colcon_core.package_identification:_identify(.) by extensions ['colcon_pkg']
[0.155s] Level 1:colcon.colcon_core.package_identification:_identify(.) by extension 'colcon_pkg'
[0.155s] Level 1:colcon.colcon_core.package_identification:_identify(.) by extensions ['colcon_meta']
[0.156s] Level 1:colcon.colcon_core.package_identification:_identify(.) by extension 'colcon_meta'
[0.156s] Level 1:colcon.colcon_core.package_identification:_identify(.) by extensions ['ros']
[0.156s] Level 1:colcon.colcon_core.package_identification:_identify(.) by extension 'ros'
[0.164s] Level 1:colcon.colcon_core.package_identification:_identify(.) by extensions ['cmake', 'python']
[0.164s] Level 1:colcon.colcon_core.package_identification:_identify(.) by extension 'cmake'
[0.165s] Level 1:colcon.colcon_core.package_identification:_identify(.) by extension 'python'
[0.165s] Level 1:colcon.colcon_core.package_identification:_identify(.) by extensions ['python_setup_py']
[0.165s] Level 1:colcon.colcon_core.package_identification:_identify(.) by extension 'python_setup_py'
[0.165s] Level 1:colcon.colcon_core.package_identification:_identify(build) by extensions ['ignore', 'ignore_ament_install']
[0.165s] Level 1:colcon.colcon_core.package_identification:_identify(build) by extension 'ignore'
[0.165s] Level 1:colcon.colcon_core.package_identification:_identify(build) ignored
[0.165s] Level 1:colcon.colcon_core.package_identification:_identify(install) by extensions ['ignore', 'ignore_ament_install']
[0.165s] Level 1:colcon.colcon_core.package_identification:_identify(install) by extension 'ignore'
[0.165s] Level 1:colcon.colcon_core.package_identification:_identify(install) ignored
[0.165s] Level 1:colcon.colcon_core.package_identification:_identify(log) by extensions ['ignore', 'ignore_ament_install']
[0.165s] Level 1:colcon.colcon_core.package_identification:_identify(log) by extension 'ignore'
[0.165s] Level 1:colcon.colcon_core.package_identification:_identify(log) ignored
[0.165s] Level 1:colcon.colcon_core.package_identification:_identify(src) by extensions ['ignore', 'ignore_ament_install']
[0.165s] Level 1:colcon.colcon_core.package_identification:_identify(src) by extension 'ignore'
[0.165s] Level 1:colcon.colcon_core.package_identification:_identify(src) by extension 'ignore_ament_install'
[0.165s] Level 1:colcon.colcon_core.package_identification:_identify(src) by extensions ['colcon_pkg']
[0.165s] Level 1:colcon.colcon_core.package_identification:_identify(src) by extension 'colcon_pkg'
[0.165s] Level 1:colcon.colcon_core.package_identification:_identify(src) by extensions ['colcon_meta']
[0.165s] Level 1:colcon.colcon_core.package_identification:_identify(src) by extension 'colcon_meta'
[0.165s] Level 1:colcon.colcon_core.package_identification:_identify(src) by extensions ['ros']
[0.165s] Level 1:colcon.colcon_core.package_identification:_identify(src) by extension 'ros'
[0.166s] Level 1:colcon.colcon_core.package_identification:_identify(src) by extensions ['cmake', 'python']
[0.166s] Level 1:colcon.colcon_core.package_identification:_identify(src) by extension 'cmake'
[0.166s] Level 1:colcon.colcon_core.package_identification:_identify(src) by extension 'python'
[0.166s] Level 1:colcon.colcon_core.package_identification:_identify(src) by extensions ['python_setup_py']
[0.166s] Level 1:colcon.colcon_core.package_identification:_identify(src) by extension 'python_setup_py'
[0.166s] Level 1:colcon.colcon_core.package_identification:_identify(src/hik_camera) by extensions ['ignore', 'ignore_ament_install']
[0.166s] Level 1:colcon.colcon_core.package_identification:_identify(src/hik_camera) by extension 'ignore'
[0.166s] Level 1:colcon.colcon_core.package_identification:_identify(src/hik_camera) by extension 'ignore_ament_install'
[0.166s] Level 1:colcon.colcon_core.package_identification:_identify(src/hik_camera) by extensions ['colcon_pkg']
[0.166s] Level 1:colcon.colcon_core.package_identification:_identify(src/hik_camera) by extension 'colcon_pkg'
[0.166s] Level 1:colcon.colcon_core.package_identification:_identify(src/hik_camera) by extensions ['colcon_meta']
[0.166s] Level 1:colcon.colcon_core.package_identification:_identify(src/hik_camera) by extension 'colcon_meta'
[0.166s] Level 1:colcon.colcon_core.package_identification:_identify(src/hik_camera) by extensions ['ros']
[0.166s] Level 1:colcon.colcon_core.package_identification:_identify(src/hik_camera) by extension 'ros'
[0.168s] DEBUG:colcon.colcon_core.package_identification:Package 'src/hik_camera' with type 'ros.ament_cmake' and name 'hik_camera'
[0.168s] Level 1:colcon.colcon_core.package_identification:_identify(src/rm_auto_aim) by extensions ['ignore', 'ignore_ament_install']
[0.168s] Level 1:colcon.colcon_core.package_identification:_identify(src/rm_auto_aim) by extension 'ignore'
[0.168s] Level 1:colcon.colcon_core.package_identification:_identify(src/rm_auto_aim) by extension 'ignore_ament_install'
[0.168s] Level 1:colcon.colcon_core.package_identification:_identify(src/rm_auto_aim) by extensions ['colcon_pkg']
[0.168s] Level 1:colcon.colcon_core.package_identification:_identify(src/rm_auto_aim) by extension 'colcon_pkg'
[0.169s] Level 1:colcon.colcon_core.package_identification:_identify(src/rm_auto_aim) by extensions ['colcon_meta']
[0.169s] Level 1:colcon.colcon_core.package_identification:_identify(src/rm_auto_aim) by extension 'colcon_meta'
[0.169s] Level 1:colcon.colcon_core.package_identification:_identify(src/rm_auto_aim) by extensions ['ros']
[0.169s] Level 1:colcon.colcon_core.package_identification:_identify(src/rm_auto_aim) by extension 'ros'
[0.169s] Level 1:colcon.colcon_core.package_identification:_identify(src/rm_auto_aim) by extensions ['cmake', 'python']
[0.169s] Level 1:colcon.colcon_core.package_identification:_identify(src/rm_auto_aim) by extension 'cmake'
[0.169s] Level 1:colcon.colcon_core.package_identification:_identify(src/rm_auto_aim) by extension 'python'
[0.169s] Level 1:colcon.colcon_core.package_identification:_identify(src/rm_auto_aim) by extensions ['python_setup_py']
[0.169s] Level 1:colcon.colcon_core.package_identification:_identify(src/rm_auto_aim) by extension 'python_setup_py'
[0.169s] Level 1:colcon.colcon_core.package_identification:_identify(src/rm_auto_aim/armor_detector) by extensions ['ignore', 'ignore_ament_install']
[0.169s] Level 1:colcon.colcon_core.package_identification:_identify(src/rm_auto_aim/armor_detector) by extension 'ignore'
[0.169s] Level 1:colcon.colcon_core.package_identification:_identify(src/rm_auto_aim/armor_detector) by extension 'ignore_ament_install'
[0.169s] Level 1:colcon.colcon_core.package_identification:_identify(src/rm_auto_aim/armor_detector) by extensions ['colcon_pkg']
[0.169s] Level 1:colcon.colcon_core.package_identification:_identify(src/rm_auto_aim/armor_detector) by extension 'colcon_pkg'
[0.169s] Level 1:colcon.colcon_core.package_identification:_identify(src/rm_auto_aim/armor_detector) by extensions ['colcon_meta']
[0.169s] Level 1:colcon.colcon_core.package_identification:_identify(src/rm_auto_aim/armor_detector) by extension 'colcon_meta'
[0.169s] Level 1:colcon.colcon_core.package_identification:_identify(src/rm_auto_aim/armor_detector) by extensions ['ros']
[0.169s] Level 1:colcon.colcon_core.package_identification:_identify(src/rm_auto_aim/armor_detector) by extension 'ros'
[0.170s] DEBUG:colcon.colcon_core.package_identification:Package 'src/rm_auto_aim/armor_detector' with type 'ros.ament_cmake' and name 'armor_detector'
[0.170s] Level 1:colcon.colcon_core.package_identification:_identify(src/rm_auto_aim/armor_tracker) by extensions ['ignore', 'ignore_ament_install']
[0.170s] Level 1:colcon.colcon_core.package_identification:_identify(src/rm_auto_aim/armor_tracker) by extension 'ignore'
[0.170s] Level 1:colcon.colcon_core.package_identification:_identify(src/rm_auto_aim/armor_tracker) by extension 'ignore_ament_install'
[0.171s] Level 1:colcon.colcon_core.package_identification:_identify(src/rm_auto_aim/armor_tracker) by extensions ['colcon_pkg']
[0.171s] Level 1:colcon.colcon_core.package_identification:_identify(src/rm_auto_aim/armor_tracker) by extension 'colcon_pkg'
[0.171s] Level 1:colcon.colcon_core.package_identification:_identify(src/rm_auto_aim/armor_tracker) by extensions ['colcon_meta']
[0.171s] Level 1:colcon.colcon_core.package_identification:_identify(src/rm_auto_aim/armor_tracker) by extension 'colcon_meta'
[0.171s] Level 1:colcon.colcon_core.package_identification:_identify(src/rm_auto_aim/armor_tracker) by extensions ['ros']
[0.171s] Level 1:colcon.colcon_core.package_identification:_identify(src/rm_auto_aim/armor_tracker) by extension 'ros'
[0.172s] DEBUG:colcon.colcon_core.package_identification:Package 'src/rm_auto_aim/armor_tracker' with type 'ros.ament_cmake' and name 'armor_tracker'
[0.172s] Level 1:colcon.colcon_core.package_identification:_identify(src/rm_auto_aim/auto_aim_interfaces) by extensions ['ignore', 'ignore_ament_install']
[0.172s] Level 1:colcon.colcon_core.package_identification:_identify(src/rm_auto_aim/auto_aim_interfaces) by extension 'ignore'
[0.172s] Level 1:colcon.colcon_core.package_identification:_identify(src/rm_auto_aim/auto_aim_interfaces) by extension 'ignore_ament_install'
[0.172s] Level 1:colcon.colcon_core.package_identification:_identify(src/rm_auto_aim/auto_aim_interfaces) by extensions ['colcon_pkg']
[0.172s] Level 1:colcon.colcon_core.package_identification:_identify(src/rm_auto_aim/auto_aim_interfaces) by extension 'colcon_pkg'
[0.172s] Level 1:colcon.colcon_core.package_identification:_identify(src/rm_auto_aim/auto_aim_interfaces) by extensions ['colcon_meta']
[0.172s] Level 1:colcon.colcon_core.package_identification:_identify(src/rm_auto_aim/auto_aim_interfaces) by extension 'colcon_meta'
[0.172s] Level 1:colcon.colcon_core.package_identification:_identify(src/rm_auto_aim/auto_aim_interfaces) by extensions ['ros']
[0.172s] Level 1:colcon.colcon_core.package_identification:_identify(src/rm_auto_aim/auto_aim_interfaces) by extension 'ros'
[0.173s] DEBUG:colcon.colcon_core.package_identification:Package 'src/rm_auto_aim/auto_aim_interfaces' with type 'ros.ament_cmake' and name 'auto_aim_interfaces'
[0.173s] Level 1:colcon.colcon_core.package_identification:_identify(src/rm_gimbal_description) by extensions ['ignore', 'ignore_ament_install']
[0.173s] Level 1:colcon.colcon_core.package_identification:_identify(src/rm_gimbal_description) by extension 'ignore'
[0.173s] Level 1:colcon.colcon_core.package_identification:_identify(src/rm_gimbal_description) by extension 'ignore_ament_install'
[0.173s] Level 1:colcon.colcon_core.package_identification:_identify(src/rm_gimbal_description) by extensions ['colcon_pkg']
[0.173s] Level 1:colcon.colcon_core.package_identification:_identify(src/rm_gimbal_description) by extension 'colcon_pkg'
[0.173s] Level 1:colcon.colcon_core.package_identification:_identify(src/rm_gimbal_description) by extensions ['colcon_meta']
[0.173s] Level 1:colcon.colcon_core.package_identification:_identify(src/rm_gimbal_description) by extension 'colcon_meta'
[0.173s] Level 1:colcon.colcon_core.package_identification:_identify(src/rm_gimbal_description) by extensions ['ros']
[0.173s] Level 1:colcon.colcon_core.package_identification:_identify(src/rm_gimbal_description) by extension 'ros'
[0.173s] DEBUG:colcon.colcon_core.package_identification:Package 'src/rm_gimbal_description' with type 'ros.ament_cmake' and name 'rm_gimbal_description'
[0.173s] Level 1:colcon.colcon_core.package_identification:_identify(src/rm_serial_driver) by extensions ['ignore', 'ignore_ament_install']
[0.173s] Level 1:colcon.colcon_core.package_identification:_identify(src/rm_serial_driver) by extension 'ignore'
[0.173s] Level 1:colcon.colcon_core.package_identification:_identify(src/rm_serial_driver) by extension 'ignore_ament_install'
[0.173s] Level 1:colcon.colcon_core.package_identification:_identify(src/rm_serial_driver) by extensions ['colcon_pkg']
[0.174s] Level 1:colcon.colcon_core.package_identification:_identify(src/rm_serial_driver) by extension 'colcon_pkg'
[0.174s] Level 1:colcon.colcon_core.package_identification:_identify(src/rm_serial_driver) by extensions ['colcon_meta']
[0.174s] Level 1:colcon.colcon_core.package_identification:_identify(src/rm_serial_driver) by extension 'colcon_meta'
[0.174s] Level 1:colcon.colcon_core.package_identification:_identify(src/rm_serial_driver) by extensions ['ros']
[0.174s] Level 1:colcon.colcon_core.package_identification:_identify(src/rm_serial_driver) by extension 'ros'
[0.175s] DEBUG:colcon.colcon_core.package_identification:Package 'src/rm_serial_driver' with type 'ros.ament_cmake' and name 'rm_serial_driver'
[0.175s] Level 1:colcon.colcon_core.package_identification:_identify(src/rm_vision) by extensions ['ignore', 'ignore_ament_install']
[0.175s] Level 1:colcon.colcon_core.package_identification:_identify(src/rm_vision) by extension 'ignore'
[0.175s] Level 1:colcon.colcon_core.package_identification:_identify(src/rm_vision) by extension 'ignore_ament_install'
[0.175s] Level 1:colcon.colcon_core.package_identification:_identify(src/rm_vision) by extensions ['colcon_pkg']
[0.175s] Level 1:colcon.colcon_core.package_identification:_identify(src/rm_vision) by extension 'colcon_pkg'
[0.175s] Level 1:colcon.colcon_core.package_identification:_identify(src/rm_vision) by extensions ['colcon_meta']
[0.175s] Level 1:colcon.colcon_core.package_identification:_identify(src/rm_vision) by extension 'colcon_meta'
[0.175s] Level 1:colcon.colcon_core.package_identification:_identify(src/rm_vision) by extensions ['ros']
[0.175s] Level 1:colcon.colcon_core.package_identification:_identify(src/rm_vision) by extension 'ros'
[0.175s] Level 1:colcon.colcon_core.package_identification:_identify(src/rm_vision) by extensions ['cmake', 'python']
[0.175s] Level 1:colcon.colcon_core.package_identification:_identify(src/rm_vision) by extension 'cmake'
[0.175s] Level 1:colcon.colcon_core.package_identification:_identify(src/rm_vision) by extension 'python'
[0.175s] Level 1:colcon.colcon_core.package_identification:_identify(src/rm_vision) by extensions ['python_setup_py']
[0.175s] Level 1:colcon.colcon_core.package_identification:_identify(src/rm_vision) by extension 'python_setup_py'
[0.175s] Level 1:colcon.colcon_core.package_identification:_identify(src/rm_vision/rm_vision_bringup) by extensions ['ignore', 'ignore_ament_install']
[0.175s] Level 1:colcon.colcon_core.package_identification:_identify(src/rm_vision/rm_vision_bringup) by extension 'ignore'
[0.175s] Level 1:colcon.colcon_core.package_identification:_identify(src/rm_vision/rm_vision_bringup) by extension 'ignore_ament_install'
[0.175s] Level 1:colcon.colcon_core.package_identification:_identify(src/rm_vision/rm_vision_bringup) by extensions ['colcon_pkg']
[0.175s] Level 1:colcon.colcon_core.package_identification:_identify(src/rm_vision/rm_vision_bringup) by extension 'colcon_pkg'
[0.175s] Level 1:colcon.colcon_core.package_identification:_identify(src/rm_vision/rm_vision_bringup) by extensions ['colcon_meta']
[0.175s] Level 1:colcon.colcon_core.package_identification:_identify(src/rm_vision/rm_vision_bringup) by extension 'colcon_meta'
[0.176s] Level 1:colcon.colcon_core.package_identification:_identify(src/rm_vision/rm_vision_bringup) by extensions ['ros']
[0.176s] Level 1:colcon.colcon_core.package_identification:_identify(src/rm_vision/rm_vision_bringup) by extension 'ros'
[0.176s] DEBUG:colcon.colcon_core.package_identification:Package 'src/rm_vision/rm_vision_bringup' with type 'ros.ament_cmake' and name 'rm_vision_bringup'
[0.176s] Level 1:colcon.colcon_core.package_discovery:discover_packages(recursive) using defaults
[0.176s] Level 1:colcon.colcon_core.package_discovery:discover_packages(ignore) discover
[0.176s] Level 1:colcon.colcon_core.package_discovery:discover_packages(ignore) using defaults
[0.176s] Level 1:colcon.colcon_core.package_discovery:discover_packages(path) discover
[0.176s] Level 1:colcon.colcon_core.package_discovery:discover_packages(path) using defaults
[0.193s] Level 1:colcon.colcon_core.package_discovery:discover_packages(prefix_path) check parameters
[0.194s] Level 1:colcon.colcon_core.package_discovery:discover_packages(prefix_path) discover
[0.194s] Level 1:colcon.colcon_core.package_discovery:discover_packages(prefix_path) using defaults
[0.195s] Level 5:colcon.colcon_core.verb:set package 'auto_aim_interfaces' build argument 'cmake_args' from command line to 'None'
[0.195s] Level 5:colcon.colcon_core.verb:set package 'auto_aim_interfaces' build argument 'cmake_target' from command line to 'None'
[0.195s] Level 5:colcon.colcon_core.verb:set package 'auto_aim_interfaces' build argument 'cmake_target_skip_unavailable' from command line to 'False'
[0.195s] Level 5:colcon.colcon_core.verb:set package 'auto_aim_interfaces' build argument 'cmake_clean_cache' from command line to 'False'
[0.195s] Level 5:colcon.colcon_core.verb:set package 'auto_aim_interfaces' build argument 'cmake_clean_first' from command line to 'False'
[0.195s] Level 5:colcon.colcon_core.verb:set package 'auto_aim_interfaces' build argument 'cmake_force_configure' from command line to 'False'
[0.195s] Level 5:colcon.colcon_core.verb:set package 'auto_aim_interfaces' build argument 'ament_cmake_args' from command line to 'None'
[0.195s] Level 5:colcon.colcon_core.verb:set package 'auto_aim_interfaces' build argument 'catkin_cmake_args' from command line to 'None'
[0.195s] Level 5:colcon.colcon_core.verb:set package 'auto_aim_interfaces' build argument 'catkin_skip_building_tests' from command line to 'False'
[0.195s] DEBUG:colcon.colcon_core.verb:Building package 'auto_aim_interfaces' with the following arguments: {'ament_cmake_args': None, 'build_base': '/home/rm_autoaim/dev_ws/build/auto_aim_interfaces', 'catkin_cmake_args': None, 'catkin_skip_building_tests': False, 'cmake_args': None, 'cmake_clean_cache': False, 'cmake_clean_first': False, 'cmake_force_configure': False, 'cmake_target': None, 'cmake_target_skip_unavailable': False, 'install_base': '/home/rm_autoaim/dev_ws/install/auto_aim_interfaces', 'merge_install': False, 'path': '/home/rm_autoaim/dev_ws/src/rm_auto_aim/auto_aim_interfaces', 'symlink_install': False, 'test_result_base': None}
[0.195s] Level 5:colcon.colcon_core.verb:set package 'hik_camera' build argument 'cmake_args' from command line to 'None'
[0.195s] Level 5:colcon.colcon_core.verb:set package 'hik_camera' build argument 'cmake_target' from command line to 'None'
[0.195s] Level 5:colcon.colcon_core.verb:set package 'hik_camera' build argument 'cmake_target_skip_unavailable' from command line to 'False'
[0.195s] Level 5:colcon.colcon_core.verb:set package 'hik_camera' build argument 'cmake_clean_cache' from command line to 'False'
[0.195s] Level 5:colcon.colcon_core.verb:set package 'hik_camera' build argument 'cmake_clean_first' from command line to 'False'
[0.195s] Level 5:colcon.colcon_core.verb:set package 'hik_camera' build argument 'cmake_force_configure' from command line to 'False'
[0.195s] Level 5:colcon.colcon_core.verb:set package 'hik_camera' build argument 'ament_cmake_args' from command line to 'None'
[0.195s] Level 5:colcon.colcon_core.verb:set package 'hik_camera' build argument 'catkin_cmake_args' from command line to 'None'
[0.195s] Level 5:colcon.colcon_core.verb:set package 'hik_camera' build argument 'catkin_skip_building_tests' from command line to 'False'
[0.195s] DEBUG:colcon.colcon_core.verb:Building package 'hik_camera' with the following arguments: {'ament_cmake_args': None, 'build_base': '/home/rm_autoaim/dev_ws/build/hik_camera', 'catkin_cmake_args': None, 'catkin_skip_building_tests': False, 'cmake_args': None, 'cmake_clean_cache': False, 'cmake_clean_first': False, 'cmake_force_configure': False, 'cmake_target': None, 'cmake_target_skip_unavailable': False, 'install_base': '/home/rm_autoaim/dev_ws/install/hik_camera', 'merge_install': False, 'path': '/home/rm_autoaim/dev_ws/src/hik_camera', 'symlink_install': False, 'test_result_base': None}
[0.196s] Level 5:colcon.colcon_core.verb:set package 'rm_gimbal_description' build argument 'cmake_args' from command line to 'None'
[0.196s] Level 5:colcon.colcon_core.verb:set package 'rm_gimbal_description' build argument 'cmake_target' from command line to 'None'
[0.196s] Level 5:colcon.colcon_core.verb:set package 'rm_gimbal_description' build argument 'cmake_target_skip_unavailable' from command line to 'False'
[0.196s] Level 5:colcon.colcon_core.verb:set package 'rm_gimbal_description' build argument 'cmake_clean_cache' from command line to 'False'
[0.196s] Level 5:colcon.colcon_core.verb:set package 'rm_gimbal_description' build argument 'cmake_clean_first' from command line to 'False'
[0.196s] Level 5:colcon.colcon_core.verb:set package 'rm_gimbal_description' build argument 'cmake_force_configure' from command line to 'False'
[0.196s] Level 5:colcon.colcon_core.verb:set package 'rm_gimbal_description' build argument 'ament_cmake_args' from command line to 'None'
[0.196s] Level 5:colcon.colcon_core.verb:set package 'rm_gimbal_description' build argument 'catkin_cmake_args' from command line to 'None'
[0.196s] Level 5:colcon.colcon_core.verb:set package 'rm_gimbal_description' build argument 'catkin_skip_building_tests' from command line to 'False'
[0.196s] DEBUG:colcon.colcon_core.verb:Building package 'rm_gimbal_description' with the following arguments: {'ament_cmake_args': None, 'build_base': '/home/rm_autoaim/dev_ws/build/rm_gimbal_description', 'catkin_cmake_args': None, 'catkin_skip_building_tests': False, 'cmake_args': None, 'cmake_clean_cache': False, 'cmake_clean_first': False, 'cmake_force_configure': False, 'cmake_target': None, 'cmake_target_skip_unavailable': False, 'install_base': '/home/rm_autoaim/dev_ws/install/rm_gimbal_description', 'merge_install': False, 'path': '/home/rm_autoaim/dev_ws/src/rm_gimbal_description', 'symlink_install': False, 'test_result_base': None}
[0.196s] Level 5:colcon.colcon_core.verb:set package 'armor_detector' build argument 'cmake_args' from command line to 'None'
[0.196s] Level 5:colcon.colcon_core.verb:set package 'armor_detector' build argument 'cmake_target' from command line to 'None'
[0.196s] Level 5:colcon.colcon_core.verb:set package 'armor_detector' build argument 'cmake_target_skip_unavailable' from command line to 'False'
[0.196s] Level 5:colcon.colcon_core.verb:set package 'armor_detector' build argument 'cmake_clean_cache' from command line to 'False'
[0.196s] Level 5:colcon.colcon_core.verb:set package 'armor_detector' build argument 'cmake_clean_first' from command line to 'False'
[0.196s] Level 5:colcon.colcon_core.verb:set package 'armor_detector' build argument 'cmake_force_configure' from command line to 'False'
[0.196s] Level 5:colcon.colcon_core.verb:set package 'armor_detector' build argument 'ament_cmake_args' from command line to 'None'
[0.196s] Level 5:colcon.colcon_core.verb:set package 'armor_detector' build argument 'catkin_cmake_args' from command line to 'None'
[0.196s] Level 5:colcon.colcon_core.verb:set package 'armor_detector' build argument 'catkin_skip_building_tests' from command line to 'False'
[0.196s] DEBUG:colcon.colcon_core.verb:Building package 'armor_detector' with the following arguments: {'ament_cmake_args': None, 'build_base': '/home/rm_autoaim/dev_ws/build/armor_detector', 'catkin_cmake_args': None, 'catkin_skip_building_tests': False, 'cmake_args': None, 'cmake_clean_cache': False, 'cmake_clean_first': False, 'cmake_force_configure': False, 'cmake_target': None, 'cmake_target_skip_unavailable': False, 'install_base': '/home/rm_autoaim/dev_ws/install/armor_detector', 'merge_install': False, 'path': '/home/rm_autoaim/dev_ws/src/rm_auto_aim/armor_detector', 'symlink_install': False, 'test_result_base': None}
[0.196s] Level 5:colcon.colcon_core.verb:set package 'armor_tracker' build argument 'cmake_args' from command line to 'None'
[0.196s] Level 5:colcon.colcon_core.verb:set package 'armor_tracker' build argument 'cmake_target' from command line to 'None'
[0.196s] Level 5:colcon.colcon_core.verb:set package 'armor_tracker' build argument 'cmake_target_skip_unavailable' from command line to 'False'
[0.196s] Level 5:colcon.colcon_core.verb:set package 'armor_tracker' build argument 'cmake_clean_cache' from command line to 'False'
[0.196s] Level 5:colcon.colcon_core.verb:set package 'armor_tracker' build argument 'cmake_clean_first' from command line to 'False'
[0.196s] Level 5:colcon.colcon_core.verb:set package 'armor_tracker' build argument 'cmake_force_configure' from command line to 'False'
[0.196s] Level 5:colcon.colcon_core.verb:set package 'armor_tracker' build argument 'ament_cmake_args' from command line to 'None'
[0.196s] Level 5:colcon.colcon_core.verb:set package 'armor_tracker' build argument 'catkin_cmake_args' from command line to 'None'
[0.196s] Level 5:colcon.colcon_core.verb:set package 'armor_tracker' build argument 'catkin_skip_building_tests' from command line to 'False'
[0.197s] DEBUG:colcon.colcon_core.verb:Building package 'armor_tracker' with the following arguments: {'ament_cmake_args': None, 'build_base': '/home/rm_autoaim/dev_ws/build/armor_tracker', 'catkin_cmake_args': None, 'catkin_skip_building_tests': False, 'cmake_args': None, 'cmake_clean_cache': False, 'cmake_clean_first': False, 'cmake_force_configure': False, 'cmake_target': None, 'cmake_target_skip_unavailable': False, 'install_base': '/home/rm_autoaim/dev_ws/install/armor_tracker', 'merge_install': False, 'path': '/home/rm_autoaim/dev_ws/src/rm_auto_aim/armor_tracker', 'symlink_install': False, 'test_result_base': None}
[0.197s] Level 5:colcon.colcon_core.verb:set package 'rm_serial_driver' build argument 'cmake_args' from command line to 'None'
[0.197s] Level 5:colcon.colcon_core.verb:set package 'rm_serial_driver' build argument 'cmake_target' from command line to 'None'
[0.197s] Level 5:colcon.colcon_core.verb:set package 'rm_serial_driver' build argument 'cmake_target_skip_unavailable' from command line to 'False'
[0.197s] Level 5:colcon.colcon_core.verb:set package 'rm_serial_driver' build argument 'cmake_clean_cache' from command line to 'False'
[0.197s] Level 5:colcon.colcon_core.verb:set package 'rm_serial_driver' build argument 'cmake_clean_first' from command line to 'False'
[0.197s] Level 5:colcon.colcon_core.verb:set package 'rm_serial_driver' build argument 'cmake_force_configure' from command line to 'False'
[0.197s] Level 5:colcon.colcon_core.verb:set package 'rm_serial_driver' build argument 'ament_cmake_args' from command line to 'None'
[0.197s] Level 5:colcon.colcon_core.verb:set package 'rm_serial_driver' build argument 'catkin_cmake_args' from command line to 'None'
[0.197s] Level 5:colcon.colcon_core.verb:set package 'rm_serial_driver' build argument 'catkin_skip_building_tests' from command line to 'False'
[0.197s] DEBUG:colcon.colcon_core.verb:Building package 'rm_serial_driver' with the following arguments: {'ament_cmake_args': None, 'build_base': '/home/rm_autoaim/dev_ws/build/rm_serial_driver', 'catkin_cmake_args': None, 'catkin_skip_building_tests': False, 'cmake_args': None, 'cmake_clean_cache': False, 'cmake_clean_first': False, 'cmake_force_configure': False, 'cmake_target': None, 'cmake_target_skip_unavailable': False, 'install_base': '/home/rm_autoaim/dev_ws/install/rm_serial_driver', 'merge_install': False, 'path': '/home/rm_autoaim/dev_ws/src/rm_serial_driver', 'symlink_install': False, 'test_result_base': None}
[0.197s] Level 5:colcon.colcon_core.verb:set package 'rm_vision_bringup' build argument 'cmake_args' from command line to 'None'
[0.197s] Level 5:colcon.colcon_core.verb:set package 'rm_vision_bringup' build argument 'cmake_target' from command line to 'None'
[0.197s] Level 5:colcon.colcon_core.verb:set package 'rm_vision_bringup' build argument 'cmake_target_skip_unavailable' from command line to 'False'
[0.197s] Level 5:colcon.colcon_core.verb:set package 'rm_vision_bringup' build argument 'cmake_clean_cache' from command line to 'False'
[0.197s] Level 5:colcon.colcon_core.verb:set package 'rm_vision_bringup' build argument 'cmake_clean_first' from command line to 'False'
[0.197s] Level 5:colcon.colcon_core.verb:set package 'rm_vision_bringup' build argument 'cmake_force_configure' from command line to 'False'
[0.197s] Level 5:colcon.colcon_core.verb:set package 'rm_vision_bringup' build argument 'ament_cmake_args' from command line to 'None'
[0.197s] Level 5:colcon.colcon_core.verb:set package 'rm_vision_bringup' build argument 'catkin_cmake_args' from command line to 'None'
[0.197s] Level 5:colcon.colcon_core.verb:set package 'rm_vision_bringup' build argument 'catkin_skip_building_tests' from command line to 'False'
[0.197s] DEBUG:colcon.colcon_core.verb:Building package 'rm_vision_bringup' with the following arguments: {'ament_cmake_args': None, 'build_base': '/home/rm_autoaim/dev_ws/build/rm_vision_bringup', 'catkin_cmake_args': None, 'catkin_skip_building_tests': False, 'cmake_args': None, 'cmake_clean_cache': False, 'cmake_clean_first': False, 'cmake_force_configure': False, 'cmake_target': None, 'cmake_target_skip_unavailable': False, 'install_base': '/home/rm_autoaim/dev_ws/install/rm_vision_bringup', 'merge_install': False, 'path': '/home/rm_autoaim/dev_ws/src/rm_vision/rm_vision_bringup', 'symlink_install': False, 'test_result_base': None}
[0.197s] INFO:colcon.colcon_core.executor:Executing jobs using 'parallel' executor
[0.198s] DEBUG:colcon.colcon_parallel_executor.executor.parallel:run_until_complete
[0.199s] INFO:colcon.colcon_ros.task.ament_cmake.build:Building ROS package in '/home/rm_autoaim/dev_ws/src/rm_auto_aim/auto_aim_interfaces' with build type 'ament_cmake'
[0.199s] INFO:colcon.colcon_cmake.task.cmake.build:Building CMake package in '/home/rm_autoaim/dev_ws/src/rm_auto_aim/auto_aim_interfaces'
[0.200s] INFO:colcon.colcon_core.plugin_system:Skipping extension 'colcon_core.shell.bat': Not used on non-Windows systems
[0.200s] INFO:colcon.colcon_core.shell:Skip shell extension 'powershell' for command environment: Not usable outside of PowerShell
[0.200s] DEBUG:colcon.colcon_core.shell:Skip shell extension 'dsv' for command environment
[0.201s] INFO:colcon.colcon_ros.task.ament_cmake.build:Building ROS package in '/home/rm_autoaim/dev_ws/src/hik_camera' with build type 'ament_cmake'
[0.201s] INFO:colcon.colcon_cmake.task.cmake.build:Building CMake package in '/home/rm_autoaim/dev_ws/src/hik_camera'
[0.202s] INFO:colcon.colcon_core.shell:Skip shell extension 'powershell' for command environment: Not usable outside of PowerShell
[0.202s] DEBUG:colcon.colcon_core.shell:Skip shell extension 'dsv' for command environment
[0.202s] INFO:colcon.colcon_ros.task.ament_cmake.build:Building ROS package in '/home/rm_autoaim/dev_ws/src/rm_gimbal_description' with build type 'ament_cmake'
[0.202s] INFO:colcon.colcon_cmake.task.cmake.build:Building CMake package in '/home/rm_autoaim/dev_ws/src/rm_gimbal_description'
[0.203s] INFO:colcon.colcon_core.shell:Skip shell extension 'powershell' for command environment: Not usable outside of PowerShell
[0.203s] DEBUG:colcon.colcon_core.shell:Skip shell extension 'dsv' for command environment
[0.208s] DEBUG:colcon.colcon_core.event_handler.log_command:Invoking command in '/home/rm_autoaim/dev_ws/build/auto_aim_interfaces': /usr/bin/cmake --build /home/rm_autoaim/dev_ws/build/auto_aim_interfaces -- -j8 -l8
[0.211s] DEBUG:colcon.colcon_core.event_handler.log_command:Invoking command in '/home/rm_autoaim/dev_ws/build/hik_camera': /usr/bin/cmake --build /home/rm_autoaim/dev_ws/build/hik_camera -- -j8 -l8
[0.215s] DEBUG:colcon.colcon_core.event_handler.log_command:Invoking command in '/home/rm_autoaim/dev_ws/build/rm_gimbal_description': /usr/bin/cmake --build /home/rm_autoaim/dev_ws/build/rm_gimbal_description -- -j8 -l8
[0.245s] DEBUG:colcon.colcon_core.event_handler.log_command:Invoked command in '/home/rm_autoaim/dev_ws/build/rm_gimbal_description' returned '0': /usr/bin/cmake --build /home/rm_autoaim/dev_ws/build/rm_gimbal_description -- -j8 -l8
[0.254s] DEBUG:colcon.colcon_core.event_handler.log_command:Invoking command in '/home/rm_autoaim/dev_ws/build/rm_gimbal_description': /usr/bin/cmake --install /home/rm_autoaim/dev_ws/build/rm_gimbal_description
[0.264s] Level 1:colcon.colcon_core.environment:create_environment_scripts_only(rm_gimbal_description)
[0.265s] DEBUG:colcon.colcon_core.event_handler.log_command:Invoked command in '/home/rm_autoaim/dev_ws/build/rm_gimbal_description' returned '0': /usr/bin/cmake --install /home/rm_autoaim/dev_ws/build/rm_gimbal_description
[0.267s] Level 1:colcon.colcon_core.environment:checking '/home/rm_autoaim/dev_ws/install/rm_gimbal_description' for CMake module files
[0.268s] Level 1:colcon.colcon_core.environment:checking '/home/rm_autoaim/dev_ws/install/rm_gimbal_description' for CMake config files
[0.268s] Level 1:colcon.colcon_core.shell:create_environment_hook('rm_gimbal_description', 'cmake_prefix_path')
[0.268s] INFO:colcon.colcon_core.shell:Creating environment hook '/home/rm_autoaim/dev_ws/install/rm_gimbal_description/share/rm_gimbal_description/hook/cmake_prefix_path.ps1'
[0.269s] INFO:colcon.colcon_core.shell:Creating environment descriptor '/home/rm_autoaim/dev_ws/install/rm_gimbal_description/share/rm_gimbal_description/hook/cmake_prefix_path.dsv'
[0.269s] INFO:colcon.colcon_core.shell:Creating environment hook '/home/rm_autoaim/dev_ws/install/rm_gimbal_description/share/rm_gimbal_description/hook/cmake_prefix_path.sh'
[0.270s] Level 1:colcon.colcon_core.environment:checking '/home/rm_autoaim/dev_ws/install/rm_gimbal_description/bin'
[0.270s] Level 1:colcon.colcon_core.environment:checking '/home/rm_autoaim/dev_ws/install/rm_gimbal_description/lib/pkgconfig/rm_gimbal_description.pc'
[0.272s] Level 1:colcon.colcon_core.environment:checking '/home/rm_autoaim/dev_ws/install/rm_gimbal_description/lib/python3.10/site-packages'
[0.272s] Level 1:colcon.colcon_core.environment:checking '/home/rm_autoaim/dev_ws/install/rm_gimbal_description/bin'
[0.272s] INFO:colcon.colcon_core.shell:Creating package script '/home/rm_autoaim/dev_ws/install/rm_gimbal_description/share/rm_gimbal_description/package.ps1'
[0.273s] INFO:colcon.colcon_core.shell:Creating package descriptor '/home/rm_autoaim/dev_ws/install/rm_gimbal_description/share/rm_gimbal_description/package.dsv'
[0.273s] INFO:colcon.colcon_core.shell:Creating package script '/home/rm_autoaim/dev_ws/install/rm_gimbal_description/share/rm_gimbal_description/package.sh'
[0.274s] INFO:colcon.colcon_core.shell:Creating package script '/home/rm_autoaim/dev_ws/install/rm_gimbal_description/share/rm_gimbal_description/package.bash'
[0.275s] INFO:colcon.colcon_core.shell:Creating package script '/home/rm_autoaim/dev_ws/install/rm_gimbal_description/share/rm_gimbal_description/package.zsh'
[0.275s] Level 1:colcon.colcon_core.environment:create_file_with_runtime_dependencies(/home/rm_autoaim/dev_ws/install/rm_gimbal_description/share/colcon-core/packages/rm_gimbal_description)
[0.276s] Level 1:colcon.colcon_core.environment:create_environment_scripts_only(rm_gimbal_description)
[0.276s] Level 1:colcon.colcon_core.environment:checking '/home/rm_autoaim/dev_ws/install/rm_gimbal_description' for CMake module files
[0.277s] Level 1:colcon.colcon_core.environment:checking '/home/rm_autoaim/dev_ws/install/rm_gimbal_description' for CMake config files
[0.277s] Level 1:colcon.colcon_core.shell:create_environment_hook('rm_gimbal_description', 'cmake_prefix_path')
[0.277s] INFO:colcon.colcon_core.shell:Creating environment hook '/home/rm_autoaim/dev_ws/install/rm_gimbal_description/share/rm_gimbal_description/hook/cmake_prefix_path.ps1'
[0.278s] INFO:colcon.colcon_core.shell:Creating environment descriptor '/home/rm_autoaim/dev_ws/install/rm_gimbal_description/share/rm_gimbal_description/hook/cmake_prefix_path.dsv'
[0.278s] INFO:colcon.colcon_core.shell:Creating environment hook '/home/rm_autoaim/dev_ws/install/rm_gimbal_description/share/rm_gimbal_description/hook/cmake_prefix_path.sh'
[0.279s] Level 1:colcon.colcon_core.environment:checking '/home/rm_autoaim/dev_ws/install/rm_gimbal_description/bin'
[0.279s] Level 1:colcon.colcon_core.environment:checking '/home/rm_autoaim/dev_ws/install/rm_gimbal_description/lib/pkgconfig/rm_gimbal_description.pc'
[0.279s] Level 1:colcon.colcon_core.environment:checking '/home/rm_autoaim/dev_ws/install/rm_gimbal_description/lib/python3.10/site-packages'
[0.279s] Level 1:colcon.colcon_core.environment:checking '/home/rm_autoaim/dev_ws/install/rm_gimbal_description/bin'
[0.279s] INFO:colcon.colcon_core.shell:Creating package script '/home/rm_autoaim/dev_ws/install/rm_gimbal_description/share/rm_gimbal_description/package.ps1'
[0.280s] INFO:colcon.colcon_core.shell:Creating package descriptor '/home/rm_autoaim/dev_ws/install/rm_gimbal_description/share/rm_gimbal_description/package.dsv'
[0.280s] INFO:colcon.colcon_core.shell:Creating package script '/home/rm_autoaim/dev_ws/install/rm_gimbal_description/share/rm_gimbal_description/package.sh'
[0.280s] INFO:colcon.colcon_core.shell:Creating package script '/home/rm_autoaim/dev_ws/install/rm_gimbal_description/share/rm_gimbal_description/package.bash'
[0.281s] INFO:colcon.colcon_core.shell:Creating package script '/home/rm_autoaim/dev_ws/install/rm_gimbal_description/share/rm_gimbal_description/package.zsh'
[0.281s] Level 1:colcon.colcon_core.environment:create_file_with_runtime_dependencies(/home/rm_autoaim/dev_ws/install/rm_gimbal_description/share/colcon-core/packages/rm_gimbal_description)
[0.286s] DEBUG:colcon.colcon_core.event_handler.log_command:Invoked command in '/home/rm_autoaim/dev_ws/build/hik_camera' returned '0': /usr/bin/cmake --build /home/rm_autoaim/dev_ws/build/hik_camera -- -j8 -l8
[0.287s] DEBUG:colcon.colcon_core.event_handler.log_command:Invoking command in '/home/rm_autoaim/dev_ws/build/hik_camera': /usr/bin/cmake --install /home/rm_autoaim/dev_ws/build/hik_camera
[0.296s] Level 1:colcon.colcon_core.environment:create_environment_scripts_only(hik_camera)
[0.296s] Level 1:colcon.colcon_core.environment:checking '/home/rm_autoaim/dev_ws/install/hik_camera' for CMake module files
[0.297s] DEBUG:colcon.colcon_core.event_handler.log_command:Invoked command in '/home/rm_autoaim/dev_ws/build/hik_camera' returned '0': /usr/bin/cmake --install /home/rm_autoaim/dev_ws/build/hik_camera
[0.298s] Level 1:colcon.colcon_core.environment:checking '/home/rm_autoaim/dev_ws/install/hik_camera' for CMake config files
[0.298s] Level 1:colcon.colcon_core.shell:create_environment_hook('hik_camera', 'cmake_prefix_path')
[0.299s] INFO:colcon.colcon_core.shell:Creating environment hook '/home/rm_autoaim/dev_ws/install/hik_camera/share/hik_camera/hook/cmake_prefix_path.ps1'
[0.299s] INFO:colcon.colcon_core.shell:Creating environment descriptor '/home/rm_autoaim/dev_ws/install/hik_camera/share/hik_camera/hook/cmake_prefix_path.dsv'
[0.300s] INFO:colcon.colcon_core.shell:Creating environment hook '/home/rm_autoaim/dev_ws/install/hik_camera/share/hik_camera/hook/cmake_prefix_path.sh'
[0.300s] Level 1:colcon.colcon_core.environment:checking '/home/rm_autoaim/dev_ws/install/hik_camera/lib'
[0.301s] Level 1:colcon.colcon_core.shell:create_environment_hook('hik_camera', 'ld_library_path_lib')
[0.301s] INFO:colcon.colcon_core.shell:Creating environment hook '/home/rm_autoaim/dev_ws/install/hik_camera/share/hik_camera/hook/ld_library_path_lib.ps1'
[0.301s] INFO:colcon.colcon_core.shell:Creating environment descriptor '/home/rm_autoaim/dev_ws/install/hik_camera/share/hik_camera/hook/ld_library_path_lib.dsv'
[0.302s] INFO:colcon.colcon_core.shell:Creating environment hook '/home/rm_autoaim/dev_ws/install/hik_camera/share/hik_camera/hook/ld_library_path_lib.sh'
[0.302s] Level 1:colcon.colcon_core.environment:checking '/home/rm_autoaim/dev_ws/install/hik_camera/bin'
[0.302s] Level 1:colcon.colcon_core.environment:checking '/home/rm_autoaim/dev_ws/install/hik_camera/lib/pkgconfig/hik_camera.pc'
[0.302s] Level 1:colcon.colcon_core.environment:checking '/home/rm_autoaim/dev_ws/install/hik_camera/lib/python3.10/site-packages'
[0.303s] Level 1:colcon.colcon_core.environment:checking '/home/rm_autoaim/dev_ws/install/hik_camera/bin'
[0.303s] INFO:colcon.colcon_core.shell:Creating package script '/home/rm_autoaim/dev_ws/install/hik_camera/share/hik_camera/package.ps1'
[0.304s] INFO:colcon.colcon_core.shell:Creating package descriptor '/home/rm_autoaim/dev_ws/install/hik_camera/share/hik_camera/package.dsv'
[0.304s] INFO:colcon.colcon_core.shell:Creating package script '/home/rm_autoaim/dev_ws/install/hik_camera/share/hik_camera/package.sh'
[0.304s] INFO:colcon.colcon_core.shell:Creating package script '/home/rm_autoaim/dev_ws/install/hik_camera/share/hik_camera/package.bash'
[0.305s] INFO:colcon.colcon_core.shell:Creating package script '/home/rm_autoaim/dev_ws/install/hik_camera/share/hik_camera/package.zsh'
[0.305s] Level 1:colcon.colcon_core.environment:create_file_with_runtime_dependencies(/home/rm_autoaim/dev_ws/install/hik_camera/share/colcon-core/packages/hik_camera)
[0.306s] Level 1:colcon.colcon_core.environment:create_environment_scripts_only(hik_camera)
[0.306s] Level 1:colcon.colcon_core.environment:checking '/home/rm_autoaim/dev_ws/install/hik_camera' for CMake module files
[0.306s] Level 1:colcon.colcon_core.environment:checking '/home/rm_autoaim/dev_ws/install/hik_camera' for CMake config files
[0.306s] Level 1:colcon.colcon_core.shell:create_environment_hook('hik_camera', 'cmake_prefix_path')
[0.307s] INFO:colcon.colcon_core.shell:Creating environment hook '/home/rm_autoaim/dev_ws/install/hik_camera/share/hik_camera/hook/cmake_prefix_path.ps1'
[0.307s] INFO:colcon.colcon_core.shell:Creating environment descriptor '/home/rm_autoaim/dev_ws/install/hik_camera/share/hik_camera/hook/cmake_prefix_path.dsv'
[0.307s] INFO:colcon.colcon_core.shell:Creating environment hook '/home/rm_autoaim/dev_ws/install/hik_camera/share/hik_camera/hook/cmake_prefix_path.sh'
[0.308s] Level 1:colcon.colcon_core.environment:checking '/home/rm_autoaim/dev_ws/install/hik_camera/lib'
[0.308s] Level 1:colcon.colcon_core.shell:create_environment_hook('hik_camera', 'ld_library_path_lib')
[0.308s] INFO:colcon.colcon_core.shell:Creating environment hook '/home/rm_autoaim/dev_ws/install/hik_camera/share/hik_camera/hook/ld_library_path_lib.ps1'
[0.309s] INFO:colcon.colcon_core.shell:Creating environment descriptor '/home/rm_autoaim/dev_ws/install/hik_camera/share/hik_camera/hook/ld_library_path_lib.dsv'
[0.309s] INFO:colcon.colcon_core.shell:Creating environment hook '/home/rm_autoaim/dev_ws/install/hik_camera/share/hik_camera/hook/ld_library_path_lib.sh'
[0.309s] Level 1:colcon.colcon_core.environment:checking '/home/rm_autoaim/dev_ws/install/hik_camera/bin'
[0.309s] Level 1:colcon.colcon_core.environment:checking '/home/rm_autoaim/dev_ws/install/hik_camera/lib/pkgconfig/hik_camera.pc'
[0.310s] Level 1:colcon.colcon_core.environment:checking '/home/rm_autoaim/dev_ws/install/hik_camera/lib/python3.10/site-packages'
[0.310s] Level 1:colcon.colcon_core.environment:checking '/home/rm_autoaim/dev_ws/install/hik_camera/bin'
[0.310s] INFO:colcon.colcon_core.shell:Creating package script '/home/rm_autoaim/dev_ws/install/hik_camera/share/hik_camera/package.ps1'
[0.311s] INFO:colcon.colcon_core.shell:Creating package descriptor '/home/rm_autoaim/dev_ws/install/hik_camera/share/hik_camera/package.dsv'
[0.311s] INFO:colcon.colcon_core.shell:Creating package script '/home/rm_autoaim/dev_ws/install/hik_camera/share/hik_camera/package.sh'
[0.311s] INFO:colcon.colcon_core.shell:Creating package script '/home/rm_autoaim/dev_ws/install/hik_camera/share/hik_camera/package.bash'
[0.312s] INFO:colcon.colcon_core.shell:Creating package script '/home/rm_autoaim/dev_ws/install/hik_camera/share/hik_camera/package.zsh'
[0.312s] Level 1:colcon.colcon_core.environment:create_file_with_runtime_dependencies(/home/rm_autoaim/dev_ws/install/hik_camera/share/colcon-core/packages/hik_camera)
[0.704s] DEBUG:colcon.colcon_core.event_handler.log_command:Invoked command in '/home/rm_autoaim/dev_ws/build/auto_aim_interfaces' returned '0': /usr/bin/cmake --build /home/rm_autoaim/dev_ws/build/auto_aim_interfaces -- -j8 -l8
[0.706s] DEBUG:colcon.colcon_core.event_handler.log_command:Invoking command in '/home/rm_autoaim/dev_ws/build/auto_aim_interfaces': /usr/bin/cmake --install /home/rm_autoaim/dev_ws/build/auto_aim_interfaces
[0.762s] Level 1:colcon.colcon_core.environment:create_environment_scripts_only(auto_aim_interfaces)
[0.763s] Level 1:colcon.colcon_core.environment:checking '/home/rm_autoaim/dev_ws/install/auto_aim_interfaces' for CMake module files
[0.763s] DEBUG:colcon.colcon_core.event_handler.log_command:Invoked command in '/home/rm_autoaim/dev_ws/build/auto_aim_interfaces' returned '0': /usr/bin/cmake --install /home/rm_autoaim/dev_ws/build/auto_aim_interfaces
[0.764s] Level 1:colcon.colcon_core.environment:checking '/home/rm_autoaim/dev_ws/install/auto_aim_interfaces' for CMake config files
[0.764s] Level 1:colcon.colcon_core.shell:create_environment_hook('auto_aim_interfaces', 'cmake_prefix_path')
[0.764s] INFO:colcon.colcon_core.shell:Creating environment hook '/home/rm_autoaim/dev_ws/install/auto_aim_interfaces/share/auto_aim_interfaces/hook/cmake_prefix_path.ps1'
[0.765s] INFO:colcon.colcon_core.shell:Creating environment descriptor '/home/rm_autoaim/dev_ws/install/auto_aim_interfaces/share/auto_aim_interfaces/hook/cmake_prefix_path.dsv'
[0.765s] INFO:colcon.colcon_core.shell:Creating environment hook '/home/rm_autoaim/dev_ws/install/auto_aim_interfaces/share/auto_aim_interfaces/hook/cmake_prefix_path.sh'
[0.766s] Level 1:colcon.colcon_core.environment:checking '/home/rm_autoaim/dev_ws/install/auto_aim_interfaces/lib'
[0.766s] Level 1:colcon.colcon_core.shell:create_environment_hook('auto_aim_interfaces', 'ld_library_path_lib')
[0.766s] INFO:colcon.colcon_core.shell:Creating environment hook '/home/rm_autoaim/dev_ws/install/auto_aim_interfaces/share/auto_aim_interfaces/hook/ld_library_path_lib.ps1'
[0.767s] INFO:colcon.colcon_core.shell:Creating environment descriptor '/home/rm_autoaim/dev_ws/install/auto_aim_interfaces/share/auto_aim_interfaces/hook/ld_library_path_lib.dsv'
[0.767s] INFO:colcon.colcon_core.shell:Creating environment hook '/home/rm_autoaim/dev_ws/install/auto_aim_interfaces/share/auto_aim_interfaces/hook/ld_library_path_lib.sh'
[0.768s] Level 1:colcon.colcon_core.environment:checking '/home/rm_autoaim/dev_ws/install/auto_aim_interfaces/bin'
[0.768s] Level 1:colcon.colcon_core.environment:checking '/home/rm_autoaim/dev_ws/install/auto_aim_interfaces/lib/pkgconfig/auto_aim_interfaces.pc'
[0.768s] Level 1:colcon.colcon_core.environment:checking '/home/rm_autoaim/dev_ws/install/auto_aim_interfaces/lib/python3.10/site-packages'
[0.768s] Level 1:colcon.colcon_core.environment:checking '/home/rm_autoaim/dev_ws/install/auto_aim_interfaces/bin'
[0.769s] INFO:colcon.colcon_core.shell:Creating package script '/home/rm_autoaim/dev_ws/install/auto_aim_interfaces/share/auto_aim_interfaces/package.ps1'
[0.769s] INFO:colcon.colcon_core.shell:Creating package descriptor '/home/rm_autoaim/dev_ws/install/auto_aim_interfaces/share/auto_aim_interfaces/package.dsv'
[0.770s] INFO:colcon.colcon_core.shell:Creating package script '/home/rm_autoaim/dev_ws/install/auto_aim_interfaces/share/auto_aim_interfaces/package.sh'
[0.770s] INFO:colcon.colcon_core.shell:Creating package script '/home/rm_autoaim/dev_ws/install/auto_aim_interfaces/share/auto_aim_interfaces/package.bash'
[0.771s] INFO:colcon.colcon_core.shell:Creating package script '/home/rm_autoaim/dev_ws/install/auto_aim_interfaces/share/auto_aim_interfaces/package.zsh'
[0.771s] Level 1:colcon.colcon_core.environment:create_file_with_runtime_dependencies(/home/rm_autoaim/dev_ws/install/auto_aim_interfaces/share/colcon-core/packages/auto_aim_interfaces)
[0.772s] Level 1:colcon.colcon_core.environment:create_environment_scripts_only(auto_aim_interfaces)
[0.772s] Level 1:colcon.colcon_core.environment:checking '/home/rm_autoaim/dev_ws/install/auto_aim_interfaces' for CMake module files
[0.772s] Level 1:colcon.colcon_core.environment:checking '/home/rm_autoaim/dev_ws/install/auto_aim_interfaces' for CMake config files
[0.773s] Level 1:colcon.colcon_core.shell:create_environment_hook('auto_aim_interfaces', 'cmake_prefix_path')
[0.773s] INFO:colcon.colcon_core.shell:Creating environment hook '/home/rm_autoaim/dev_ws/install/auto_aim_interfaces/share/auto_aim_interfaces/hook/cmake_prefix_path.ps1'
[0.773s] INFO:colcon.colcon_core.shell:Creating environment descriptor '/home/rm_autoaim/dev_ws/install/auto_aim_interfaces/share/auto_aim_interfaces/hook/cmake_prefix_path.dsv'
[0.774s] INFO:colcon.colcon_core.shell:Creating environment hook '/home/rm_autoaim/dev_ws/install/auto_aim_interfaces/share/auto_aim_interfaces/hook/cmake_prefix_path.sh'
[0.774s] Level 1:colcon.colcon_core.environment:checking '/home/rm_autoaim/dev_ws/install/auto_aim_interfaces/lib'
[0.774s] Level 1:colcon.colcon_core.shell:create_environment_hook('auto_aim_interfaces', 'ld_library_path_lib')
[0.774s] INFO:colcon.colcon_core.shell:Creating environment hook '/home/rm_autoaim/dev_ws/install/auto_aim_interfaces/share/auto_aim_interfaces/hook/ld_library_path_lib.ps1'
[0.775s] INFO:colcon.colcon_core.shell:Creating environment descriptor '/home/rm_autoaim/dev_ws/install/auto_aim_interfaces/share/auto_aim_interfaces/hook/ld_library_path_lib.dsv'
[0.775s] INFO:colcon.colcon_core.shell:Creating environment hook '/home/rm_autoaim/dev_ws/install/auto_aim_interfaces/share/auto_aim_interfaces/hook/ld_library_path_lib.sh'
[0.776s] Level 1:colcon.colcon_core.environment:checking '/home/rm_autoaim/dev_ws/install/auto_aim_interfaces/bin'
[0.776s] Level 1:colcon.colcon_core.environment:checking '/home/rm_autoaim/dev_ws/install/auto_aim_interfaces/lib/pkgconfig/auto_aim_interfaces.pc'
[0.776s] Level 1:colcon.colcon_core.environment:checking '/home/rm_autoaim/dev_ws/install/auto_aim_interfaces/lib/python3.10/site-packages'
[0.776s] Level 1:colcon.colcon_core.environment:checking '/home/rm_autoaim/dev_ws/install/auto_aim_interfaces/bin'
[0.777s] INFO:colcon.colcon_core.shell:Creating package script '/home/rm_autoaim/dev_ws/install/auto_aim_interfaces/share/auto_aim_interfaces/package.ps1'
[0.777s] INFO:colcon.colcon_core.shell:Creating package descriptor '/home/rm_autoaim/dev_ws/install/auto_aim_interfaces/share/auto_aim_interfaces/package.dsv'
[0.778s] INFO:colcon.colcon_core.shell:Creating package script '/home/rm_autoaim/dev_ws/install/auto_aim_interfaces/share/auto_aim_interfaces/package.sh'
[0.778s] INFO:colcon.colcon_core.shell:Creating package script '/home/rm_autoaim/dev_ws/install/auto_aim_interfaces/share/auto_aim_interfaces/package.bash'
[0.779s] INFO:colcon.colcon_core.shell:Creating package script '/home/rm_autoaim/dev_ws/install/auto_aim_interfaces/share/auto_aim_interfaces/package.zsh'
[0.779s] Level 1:colcon.colcon_core.environment:create_file_with_runtime_dependencies(/home/rm_autoaim/dev_ws/install/auto_aim_interfaces/share/colcon-core/packages/auto_aim_interfaces)
[0.780s] INFO:colcon.colcon_ros.task.ament_cmake.build:Building ROS package in '/home/rm_autoaim/dev_ws/src/rm_serial_driver' with build type 'ament_cmake'
[0.780s] INFO:colcon.colcon_cmake.task.cmake.build:Building CMake package in '/home/rm_autoaim/dev_ws/src/rm_serial_driver'
[0.780s] INFO:colcon.colcon_core.shell:Skip shell extension 'powershell' for command environment: Not usable outside of PowerShell
[0.780s] DEBUG:colcon.colcon_core.shell:Skip shell extension 'dsv' for command environment
[0.782s] INFO:colcon.colcon_ros.task.ament_cmake.build:Building ROS package in '/home/rm_autoaim/dev_ws/src/rm_auto_aim/armor_detector' with build type 'ament_cmake'
[0.782s] INFO:colcon.colcon_cmake.task.cmake.build:Building CMake package in '/home/rm_autoaim/dev_ws/src/rm_auto_aim/armor_detector'
[0.782s] INFO:colcon.colcon_core.shell:Skip shell extension 'powershell' for command environment: Not usable outside of PowerShell
[0.782s] DEBUG:colcon.colcon_core.shell:Skip shell extension 'dsv' for command environment
[0.783s] INFO:colcon.colcon_ros.task.ament_cmake.build:Building ROS package in '/home/rm_autoaim/dev_ws/src/rm_auto_aim/armor_tracker' with build type 'ament_cmake'
[0.783s] INFO:colcon.colcon_cmake.task.cmake.build:Building CMake package in '/home/rm_autoaim/dev_ws/src/rm_auto_aim/armor_tracker'
[0.784s] INFO:colcon.colcon_core.shell:Skip shell extension 'powershell' for command environment: Not usable outside of PowerShell
[0.784s] DEBUG:colcon.colcon_core.shell:Skip shell extension 'dsv' for command environment
[0.789s] DEBUG:colcon.colcon_core.event_handler.log_command:Invoking command in '/home/rm_autoaim/dev_ws/build/rm_serial_driver': AMENT_PREFIX_PATH=/home/rm_autoaim/dev_ws/install/auto_aim_interfaces CMAKE_PREFIX_PATH=/home/rm_autoaim/dev_ws/install/auto_aim_interfaces LD_LIBRARY_PATH=/home/rm_autoaim/dev_ws/install/auto_aim_interfaces/lib PYTHONPATH=/home/rm_autoaim/dev_ws/install/auto_aim_interfaces/local/lib/python3.10/dist-packages /usr/bin/cmake --build /home/rm_autoaim/dev_ws/build/rm_serial_driver -- -j8 -l8
[0.794s] DEBUG:colcon.colcon_core.event_handler.log_command:Invoking command in '/home/rm_autoaim/dev_ws/build/armor_detector': AMENT_PREFIX_PATH=/home/rm_autoaim/dev_ws/install/auto_aim_interfaces CMAKE_PREFIX_PATH=/home/rm_autoaim/dev_ws/install/auto_aim_interfaces LD_LIBRARY_PATH=/home/rm_autoaim/dev_ws/install/auto_aim_interfaces/lib PYTHONPATH=/home/rm_autoaim/dev_ws/install/auto_aim_interfaces/local/lib/python3.10/dist-packages /usr/bin/cmake --build /home/rm_autoaim/dev_ws/build/armor_detector -- -j8 -l8
[0.797s] DEBUG:colcon.colcon_core.event_handler.log_command:Invoking command in '/home/rm_autoaim/dev_ws/build/armor_tracker': AMENT_PREFIX_PATH=/home/rm_autoaim/dev_ws/install/auto_aim_interfaces CMAKE_PREFIX_PATH=/home/rm_autoaim/dev_ws/install/auto_aim_interfaces LD_LIBRARY_PATH=/home/rm_autoaim/dev_ws/install/auto_aim_interfaces/lib PYTHONPATH=/home/rm_autoaim/dev_ws/install/auto_aim_interfaces/local/lib/python3.10/dist-packages /usr/bin/cmake --build /home/rm_autoaim/dev_ws/build/armor_tracker -- -j8 -l8
[0.877s] DEBUG:colcon.colcon_core.event_handler.log_command:Invoked command in '/home/rm_autoaim/dev_ws/build/rm_serial_driver' returned '0': AMENT_PREFIX_PATH=/home/rm_autoaim/dev_ws/install/auto_aim_interfaces CMAKE_PREFIX_PATH=/home/rm_autoaim/dev_ws/install/auto_aim_interfaces LD_LIBRARY_PATH=/home/rm_autoaim/dev_ws/install/auto_aim_interfaces/lib PYTHONPATH=/home/rm_autoaim/dev_ws/install/auto_aim_interfaces/local/lib/python3.10/dist-packages /usr/bin/cmake --build /home/rm_autoaim/dev_ws/build/rm_serial_driver -- -j8 -l8
[0.878s] DEBUG:colcon.colcon_core.event_handler.log_command:Invoking command in '/home/rm_autoaim/dev_ws/build/rm_serial_driver': AMENT_PREFIX_PATH=/home/rm_autoaim/dev_ws/install/auto_aim_interfaces CMAKE_PREFIX_PATH=/home/rm_autoaim/dev_ws/install/auto_aim_interfaces LD_LIBRARY_PATH=/home/rm_autoaim/dev_ws/install/auto_aim_interfaces/lib PYTHONPATH=/home/rm_autoaim/dev_ws/install/auto_aim_interfaces/local/lib/python3.10/dist-packages /usr/bin/cmake --install /home/rm_autoaim/dev_ws/build/rm_serial_driver
[0.880s] DEBUG:colcon.colcon_core.event_handler.log_command:Invoked command in '/home/rm_autoaim/dev_ws/build/armor_detector' returned '0': AMENT_PREFIX_PATH=/home/rm_autoaim/dev_ws/install/auto_aim_interfaces CMAKE_PREFIX_PATH=/home/rm_autoaim/dev_ws/install/auto_aim_interfaces LD_LIBRARY_PATH=/home/rm_autoaim/dev_ws/install/auto_aim_interfaces/lib PYTHONPATH=/home/rm_autoaim/dev_ws/install/auto_aim_interfaces/local/lib/python3.10/dist-packages /usr/bin/cmake --build /home/rm_autoaim/dev_ws/build/armor_detector -- -j8 -l8
[0.881s] DEBUG:colcon.colcon_core.event_handler.log_command:Invoking command in '/home/rm_autoaim/dev_ws/build/armor_detector': AMENT_PREFIX_PATH=/home/rm_autoaim/dev_ws/install/auto_aim_interfaces CMAKE_PREFIX_PATH=/home/rm_autoaim/dev_ws/install/auto_aim_interfaces LD_LIBRARY_PATH=/home/rm_autoaim/dev_ws/install/auto_aim_interfaces/lib PYTHONPATH=/home/rm_autoaim/dev_ws/install/auto_aim_interfaces/local/lib/python3.10/dist-packages /usr/bin/cmake --install /home/rm_autoaim/dev_ws/build/armor_detector
[0.882s] DEBUG:colcon.colcon_core.event_handler.log_command:Invoked command in '/home/rm_autoaim/dev_ws/build/armor_tracker' returned '0': AMENT_PREFIX_PATH=/home/rm_autoaim/dev_ws/install/auto_aim_interfaces CMAKE_PREFIX_PATH=/home/rm_autoaim/dev_ws/install/auto_aim_interfaces LD_LIBRARY_PATH=/home/rm_autoaim/dev_ws/install/auto_aim_interfaces/lib PYTHONPATH=/home/rm_autoaim/dev_ws/install/auto_aim_interfaces/local/lib/python3.10/dist-packages /usr/bin/cmake --build /home/rm_autoaim/dev_ws/build/armor_tracker -- -j8 -l8
[0.884s] DEBUG:colcon.colcon_core.event_handler.log_command:Invoking command in '/home/rm_autoaim/dev_ws/build/armor_tracker': AMENT_PREFIX_PATH=/home/rm_autoaim/dev_ws/install/auto_aim_interfaces CMAKE_PREFIX_PATH=/home/rm_autoaim/dev_ws/install/auto_aim_interfaces LD_LIBRARY_PATH=/home/rm_autoaim/dev_ws/install/auto_aim_interfaces/lib PYTHONPATH=/home/rm_autoaim/dev_ws/install/auto_aim_interfaces/local/lib/python3.10/dist-packages /usr/bin/cmake --install /home/rm_autoaim/dev_ws/build/armor_tracker
[0.889s] Level 1:colcon.colcon_core.environment:create_environment_scripts_only(rm_serial_driver)
[0.890s] Level 1:colcon.colcon_core.environment:checking '/home/rm_autoaim/dev_ws/install/rm_serial_driver' for CMake module files
[0.893s] Level 1:colcon.colcon_core.environment:checking '/home/rm_autoaim/dev_ws/install/rm_serial_driver' for CMake config files
[0.893s] DEBUG:colcon.colcon_core.event_handler.log_command:Invoked command in '/home/rm_autoaim/dev_ws/build/rm_serial_driver' returned '0': AMENT_PREFIX_PATH=/home/rm_autoaim/dev_ws/install/auto_aim_interfaces CMAKE_PREFIX_PATH=/home/rm_autoaim/dev_ws/install/auto_aim_interfaces LD_LIBRARY_PATH=/home/rm_autoaim/dev_ws/install/auto_aim_interfaces/lib PYTHONPATH=/home/rm_autoaim/dev_ws/install/auto_aim_interfaces/local/lib/python3.10/dist-packages /usr/bin/cmake --install /home/rm_autoaim/dev_ws/build/rm_serial_driver
[0.893s] Level 1:colcon.colcon_core.shell:create_environment_hook('rm_serial_driver', 'cmake_prefix_path')
[0.893s] INFO:colcon.colcon_core.shell:Creating environment hook '/home/rm_autoaim/dev_ws/install/rm_serial_driver/share/rm_serial_driver/hook/cmake_prefix_path.ps1'
[0.894s] INFO:colcon.colcon_core.shell:Creating environment descriptor '/home/rm_autoaim/dev_ws/install/rm_serial_driver/share/rm_serial_driver/hook/cmake_prefix_path.dsv'
[0.896s] INFO:colcon.colcon_core.shell:Creating environment hook '/home/rm_autoaim/dev_ws/install/rm_serial_driver/share/rm_serial_driver/hook/cmake_prefix_path.sh'
[0.897s] Level 1:colcon.colcon_core.environment:checking '/home/rm_autoaim/dev_ws/install/rm_serial_driver/lib'
[0.897s] Level 1:colcon.colcon_core.shell:create_environment_hook('rm_serial_driver', 'ld_library_path_lib')
[0.897s] INFO:colcon.colcon_core.shell:Creating environment hook '/home/rm_autoaim/dev_ws/install/rm_serial_driver/share/rm_serial_driver/hook/ld_library_path_lib.ps1'
[0.897s] INFO:colcon.colcon_core.shell:Creating environment descriptor '/home/rm_autoaim/dev_ws/install/rm_serial_driver/share/rm_serial_driver/hook/ld_library_path_lib.dsv'
[0.897s] INFO:colcon.colcon_core.shell:Creating environment hook '/home/rm_autoaim/dev_ws/install/rm_serial_driver/share/rm_serial_driver/hook/ld_library_path_lib.sh'
[0.898s] Level 1:colcon.colcon_core.environment:checking '/home/rm_autoaim/dev_ws/install/rm_serial_driver/bin'
[0.898s] Level 1:colcon.colcon_core.environment:checking '/home/rm_autoaim/dev_ws/install/rm_serial_driver/lib/pkgconfig/rm_serial_driver.pc'
[0.898s] Level 1:colcon.colcon_core.environment:checking '/home/rm_autoaim/dev_ws/install/rm_serial_driver/lib/python3.10/site-packages'
[0.898s] Level 1:colcon.colcon_core.environment:checking '/home/rm_autoaim/dev_ws/install/rm_serial_driver/bin'
[0.898s] INFO:colcon.colcon_core.shell:Creating package script '/home/rm_autoaim/dev_ws/install/rm_serial_driver/share/rm_serial_driver/package.ps1'
[0.899s] INFO:colcon.colcon_core.shell:Creating package descriptor '/home/rm_autoaim/dev_ws/install/rm_serial_driver/share/rm_serial_driver/package.dsv'
[0.899s] INFO:colcon.colcon_core.shell:Creating package script '/home/rm_autoaim/dev_ws/install/rm_serial_driver/share/rm_serial_driver/package.sh'
[0.900s] INFO:colcon.colcon_core.shell:Creating package script '/home/rm_autoaim/dev_ws/install/rm_serial_driver/share/rm_serial_driver/package.bash'
[0.900s] INFO:colcon.colcon_core.shell:Creating package script '/home/rm_autoaim/dev_ws/install/rm_serial_driver/share/rm_serial_driver/package.zsh'
[0.900s] Level 1:colcon.colcon_core.environment:create_file_with_runtime_dependencies(/home/rm_autoaim/dev_ws/install/rm_serial_driver/share/colcon-core/packages/rm_serial_driver)
[0.900s] Level 1:colcon.colcon_core.environment:create_environment_scripts_only(rm_serial_driver)
[0.900s] Level 1:colcon.colcon_core.environment:checking '/home/rm_autoaim/dev_ws/install/rm_serial_driver' for CMake module files
[0.901s] Level 1:colcon.colcon_core.environment:checking '/home/rm_autoaim/dev_ws/install/rm_serial_driver' for CMake config files
[0.901s] Level 1:colcon.colcon_core.shell:create_environment_hook('rm_serial_driver', 'cmake_prefix_path')
[0.901s] INFO:colcon.colcon_core.shell:Creating environment hook '/home/rm_autoaim/dev_ws/install/rm_serial_driver/share/rm_serial_driver/hook/cmake_prefix_path.ps1'
[0.901s] INFO:colcon.colcon_core.shell:Creating environment descriptor '/home/rm_autoaim/dev_ws/install/rm_serial_driver/share/rm_serial_driver/hook/cmake_prefix_path.dsv'
[0.901s] INFO:colcon.colcon_core.shell:Creating environment hook '/home/rm_autoaim/dev_ws/install/rm_serial_driver/share/rm_serial_driver/hook/cmake_prefix_path.sh'
[0.902s] Level 1:colcon.colcon_core.environment:checking '/home/rm_autoaim/dev_ws/install/rm_serial_driver/lib'
[0.902s] Level 1:colcon.colcon_core.shell:create_environment_hook('rm_serial_driver', 'ld_library_path_lib')
[0.902s] INFO:colcon.colcon_core.shell:Creating environment hook '/home/rm_autoaim/dev_ws/install/rm_serial_driver/share/rm_serial_driver/hook/ld_library_path_lib.ps1'
[0.902s] INFO:colcon.colcon_core.shell:Creating environment descriptor '/home/rm_autoaim/dev_ws/install/rm_serial_driver/share/rm_serial_driver/hook/ld_library_path_lib.dsv'
[0.902s] INFO:colcon.colcon_core.shell:Creating environment hook '/home/rm_autoaim/dev_ws/install/rm_serial_driver/share/rm_serial_driver/hook/ld_library_path_lib.sh'
[0.903s] Level 1:colcon.colcon_core.environment:checking '/home/rm_autoaim/dev_ws/install/rm_serial_driver/bin'
[0.903s] Level 1:colcon.colcon_core.environment:checking '/home/rm_autoaim/dev_ws/install/rm_serial_driver/lib/pkgconfig/rm_serial_driver.pc'
[0.903s] Level 1:colcon.colcon_core.environment:checking '/home/rm_autoaim/dev_ws/install/rm_serial_driver/lib/python3.10/site-packages'
[0.903s] Level 1:colcon.colcon_core.environment:checking '/home/rm_autoaim/dev_ws/install/rm_serial_driver/bin'
[0.903s] INFO:colcon.colcon_core.shell:Creating package script '/home/rm_autoaim/dev_ws/install/rm_serial_driver/share/rm_serial_driver/package.ps1'
[0.904s] INFO:colcon.colcon_core.shell:Creating package descriptor '/home/rm_autoaim/dev_ws/install/rm_serial_driver/share/rm_serial_driver/package.dsv'
[0.904s] INFO:colcon.colcon_core.shell:Creating package script '/home/rm_autoaim/dev_ws/install/rm_serial_driver/share/rm_serial_driver/package.sh'
[0.904s] INFO:colcon.colcon_core.shell:Creating package script '/home/rm_autoaim/dev_ws/install/rm_serial_driver/share/rm_serial_driver/package.bash'
[0.904s] INFO:colcon.colcon_core.shell:Creating package script '/home/rm_autoaim/dev_ws/install/rm_serial_driver/share/rm_serial_driver/package.zsh'
[0.905s] Level 1:colcon.colcon_core.environment:create_file_with_runtime_dependencies(/home/rm_autoaim/dev_ws/install/rm_serial_driver/share/colcon-core/packages/rm_serial_driver)
[0.906s] INFO:colcon.colcon_ros.task.ament_cmake.build:Building ROS package in '/home/rm_autoaim/dev_ws/src/rm_vision/rm_vision_bringup' with build type 'ament_cmake'
[0.906s] INFO:colcon.colcon_cmake.task.cmake.build:Building CMake package in '/home/rm_autoaim/dev_ws/src/rm_vision/rm_vision_bringup'
[0.906s] INFO:colcon.colcon_core.shell:Skip shell extension 'powershell' for command environment: Not usable outside of PowerShell
[0.906s] DEBUG:colcon.colcon_core.shell:Skip shell extension 'dsv' for command environment
[0.908s] Level 1:colcon.colcon_core.environment:create_environment_scripts_only(armor_detector)
[0.908s] Level 1:colcon.colcon_core.environment:checking '/home/rm_autoaim/dev_ws/install/armor_detector' for CMake module files
[0.908s] DEBUG:colcon.colcon_core.event_handler.log_command:Invoked command in '/home/rm_autoaim/dev_ws/build/armor_detector' returned '0': AMENT_PREFIX_PATH=/home/rm_autoaim/dev_ws/install/auto_aim_interfaces CMAKE_PREFIX_PATH=/home/rm_autoaim/dev_ws/install/auto_aim_interfaces LD_LIBRARY_PATH=/home/rm_autoaim/dev_ws/install/auto_aim_interfaces/lib PYTHONPATH=/home/rm_autoaim/dev_ws/install/auto_aim_interfaces/local/lib/python3.10/dist-packages /usr/bin/cmake --install /home/rm_autoaim/dev_ws/build/armor_detector
[0.909s] Level 1:colcon.colcon_core.environment:checking '/home/rm_autoaim/dev_ws/install/armor_detector' for CMake config files
[0.909s] Level 1:colcon.colcon_core.shell:create_environment_hook('armor_detector', 'cmake_prefix_path')
[0.909s] INFO:colcon.colcon_core.shell:Creating environment hook '/home/rm_autoaim/dev_ws/install/armor_detector/share/armor_detector/hook/cmake_prefix_path.ps1'
[0.909s] INFO:colcon.colcon_core.shell:Creating environment descriptor '/home/rm_autoaim/dev_ws/install/armor_detector/share/armor_detector/hook/cmake_prefix_path.dsv'
[0.910s] INFO:colcon.colcon_core.shell:Creating environment hook '/home/rm_autoaim/dev_ws/install/armor_detector/share/armor_detector/hook/cmake_prefix_path.sh'
[0.910s] Level 1:colcon.colcon_core.environment:checking '/home/rm_autoaim/dev_ws/install/armor_detector/lib'
[0.910s] Level 1:colcon.colcon_core.shell:create_environment_hook('armor_detector', 'ld_library_path_lib')
[0.910s] INFO:colcon.colcon_core.shell:Creating environment hook '/home/rm_autoaim/dev_ws/install/armor_detector/share/armor_detector/hook/ld_library_path_lib.ps1'
[0.911s] INFO:colcon.colcon_core.shell:Creating environment descriptor '/home/rm_autoaim/dev_ws/install/armor_detector/share/armor_detector/hook/ld_library_path_lib.dsv'
[0.911s] INFO:colcon.colcon_core.shell:Creating environment hook '/home/rm_autoaim/dev_ws/install/armor_detector/share/armor_detector/hook/ld_library_path_lib.sh'
[0.911s] Level 1:colcon.colcon_core.environment:checking '/home/rm_autoaim/dev_ws/install/armor_detector/bin'
[0.911s] Level 1:colcon.colcon_core.environment:checking '/home/rm_autoaim/dev_ws/install/armor_detector/lib/pkgconfig/armor_detector.pc'
[0.911s] Level 1:colcon.colcon_core.environment:checking '/home/rm_autoaim/dev_ws/install/armor_detector/lib/python3.10/site-packages'
[0.912s] Level 1:colcon.colcon_core.environment:checking '/home/rm_autoaim/dev_ws/install/armor_detector/bin'
[0.912s] INFO:colcon.colcon_core.shell:Creating package script '/home/rm_autoaim/dev_ws/install/armor_detector/share/armor_detector/package.ps1'
[0.912s] INFO:colcon.colcon_core.shell:Creating package descriptor '/home/rm_autoaim/dev_ws/install/armor_detector/share/armor_detector/package.dsv'
[0.913s] INFO:colcon.colcon_core.shell:Creating package script '/home/rm_autoaim/dev_ws/install/armor_detector/share/armor_detector/package.sh'
[0.913s] INFO:colcon.colcon_core.shell:Creating package script '/home/rm_autoaim/dev_ws/install/armor_detector/share/armor_detector/package.bash'
[0.913s] INFO:colcon.colcon_core.shell:Creating package script '/home/rm_autoaim/dev_ws/install/armor_detector/share/armor_detector/package.zsh'
[0.913s] Level 1:colcon.colcon_core.environment:create_file_with_runtime_dependencies(/home/rm_autoaim/dev_ws/install/armor_detector/share/colcon-core/packages/armor_detector)
[0.914s] Level 1:colcon.colcon_core.environment:create_environment_scripts_only(armor_detector)
[0.914s] Level 1:colcon.colcon_core.environment:checking '/home/rm_autoaim/dev_ws/install/armor_detector' for CMake module files
[0.914s] Level 1:colcon.colcon_core.environment:checking '/home/rm_autoaim/dev_ws/install/armor_detector' for CMake config files
[0.914s] Level 1:colcon.colcon_core.shell:create_environment_hook('armor_detector', 'cmake_prefix_path')
[0.914s] INFO:colcon.colcon_core.shell:Creating environment hook '/home/rm_autoaim/dev_ws/install/armor_detector/share/armor_detector/hook/cmake_prefix_path.ps1'
[0.915s] INFO:colcon.colcon_core.shell:Creating environment descriptor '/home/rm_autoaim/dev_ws/install/armor_detector/share/armor_detector/hook/cmake_prefix_path.dsv'
[0.915s] INFO:colcon.colcon_core.shell:Creating environment hook '/home/rm_autoaim/dev_ws/install/armor_detector/share/armor_detector/hook/cmake_prefix_path.sh'
[0.915s] Level 1:colcon.colcon_core.environment:checking '/home/rm_autoaim/dev_ws/install/armor_detector/lib'
[0.916s] Level 1:colcon.colcon_core.shell:create_environment_hook('armor_detector', 'ld_library_path_lib')
[0.916s] INFO:colcon.colcon_core.shell:Creating environment hook '/home/rm_autoaim/dev_ws/install/armor_detector/share/armor_detector/hook/ld_library_path_lib.ps1'
[0.916s] INFO:colcon.colcon_core.shell:Creating environment descriptor '/home/rm_autoaim/dev_ws/install/armor_detector/share/armor_detector/hook/ld_library_path_lib.dsv'
[0.916s] INFO:colcon.colcon_core.shell:Creating environment hook '/home/rm_autoaim/dev_ws/install/armor_detector/share/armor_detector/hook/ld_library_path_lib.sh'
[0.916s] Level 1:colcon.colcon_core.environment:checking '/home/rm_autoaim/dev_ws/install/armor_detector/bin'
[0.917s] Level 1:colcon.colcon_core.environment:checking '/home/rm_autoaim/dev_ws/install/armor_detector/lib/pkgconfig/armor_detector.pc'
[0.917s] Level 1:colcon.colcon_core.environment:checking '/home/rm_autoaim/dev_ws/install/armor_detector/lib/python3.10/site-packages'
[0.917s] Level 1:colcon.colcon_core.environment:checking '/home/rm_autoaim/dev_ws/install/armor_detector/bin'
[0.917s] INFO:colcon.colcon_core.shell:Creating package script '/home/rm_autoaim/dev_ws/install/armor_detector/share/armor_detector/package.ps1'
[0.917s] INFO:colcon.colcon_core.shell:Creating package descriptor '/home/rm_autoaim/dev_ws/install/armor_detector/share/armor_detector/package.dsv'
[0.918s] INFO:colcon.colcon_core.shell:Creating package script '/home/rm_autoaim/dev_ws/install/armor_detector/share/armor_detector/package.sh'
[0.918s] INFO:colcon.colcon_core.shell:Creating package script '/home/rm_autoaim/dev_ws/install/armor_detector/share/armor_detector/package.bash'
[0.918s] INFO:colcon.colcon_core.shell:Creating package script '/home/rm_autoaim/dev_ws/install/armor_detector/share/armor_detector/package.zsh'
[0.919s] Level 1:colcon.colcon_core.environment:create_file_with_runtime_dependencies(/home/rm_autoaim/dev_ws/install/armor_detector/share/colcon-core/packages/armor_detector)
[0.919s] Level 1:colcon.colcon_core.environment:create_environment_scripts_only(armor_tracker)
[0.920s] Level 1:colcon.colcon_core.environment:checking '/home/rm_autoaim/dev_ws/install/armor_tracker' for CMake module files
[0.920s] DEBUG:colcon.colcon_core.event_handler.log_command:Invoked command in '/home/rm_autoaim/dev_ws/build/armor_tracker' returned '0': AMENT_PREFIX_PATH=/home/rm_autoaim/dev_ws/install/auto_aim_interfaces CMAKE_PREFIX_PATH=/home/rm_autoaim/dev_ws/install/auto_aim_interfaces LD_LIBRARY_PATH=/home/rm_autoaim/dev_ws/install/auto_aim_interfaces/lib PYTHONPATH=/home/rm_autoaim/dev_ws/install/auto_aim_interfaces/local/lib/python3.10/dist-packages /usr/bin/cmake --install /home/rm_autoaim/dev_ws/build/armor_tracker
[0.920s] Level 1:colcon.colcon_core.environment:checking '/home/rm_autoaim/dev_ws/install/armor_tracker' for CMake config files
[0.920s] Level 1:colcon.colcon_core.shell:create_environment_hook('armor_tracker', 'cmake_prefix_path')
[0.921s] INFO:colcon.colcon_core.shell:Creating environment hook '/home/rm_autoaim/dev_ws/install/armor_tracker/share/armor_tracker/hook/cmake_prefix_path.ps1'
[0.921s] INFO:colcon.colcon_core.shell:Creating environment descriptor '/home/rm_autoaim/dev_ws/install/armor_tracker/share/armor_tracker/hook/cmake_prefix_path.dsv'
[0.921s] INFO:colcon.colcon_core.shell:Creating environment hook '/home/rm_autoaim/dev_ws/install/armor_tracker/share/armor_tracker/hook/cmake_prefix_path.sh'
[0.921s] Level 1:colcon.colcon_core.environment:checking '/home/rm_autoaim/dev_ws/install/armor_tracker/lib'
[0.922s] Level 1:colcon.colcon_core.shell:create_environment_hook('armor_tracker', 'ld_library_path_lib')
[0.922s] INFO:colcon.colcon_core.shell:Creating environment hook '/home/rm_autoaim/dev_ws/install/armor_tracker/share/armor_tracker/hook/ld_library_path_lib.ps1'
[0.922s] INFO:colcon.colcon_core.shell:Creating environment descriptor '/home/rm_autoaim/dev_ws/install/armor_tracker/share/armor_tracker/hook/ld_library_path_lib.dsv'
[0.922s] INFO:colcon.colcon_core.shell:Creating environment hook '/home/rm_autoaim/dev_ws/install/armor_tracker/share/armor_tracker/hook/ld_library_path_lib.sh'
[0.922s] Level 1:colcon.colcon_core.environment:checking '/home/rm_autoaim/dev_ws/install/armor_tracker/bin'
[0.922s] Level 1:colcon.colcon_core.environment:checking '/home/rm_autoaim/dev_ws/install/armor_tracker/lib/pkgconfig/armor_tracker.pc'
[0.923s] Level 1:colcon.colcon_core.environment:checking '/home/rm_autoaim/dev_ws/install/armor_tracker/lib/python3.10/site-packages'
[0.923s] Level 1:colcon.colcon_core.environment:checking '/home/rm_autoaim/dev_ws/install/armor_tracker/bin'
[0.923s] INFO:colcon.colcon_core.shell:Creating package script '/home/rm_autoaim/dev_ws/install/armor_tracker/share/armor_tracker/package.ps1'
[0.934s] INFO:colcon.colcon_core.shell:Creating package descriptor '/home/rm_autoaim/dev_ws/install/armor_tracker/share/armor_tracker/package.dsv'
[0.935s] INFO:colcon.colcon_core.shell:Creating package script '/home/rm_autoaim/dev_ws/install/armor_tracker/share/armor_tracker/package.sh'
[0.935s] INFO:colcon.colcon_core.shell:Creating package script '/home/rm_autoaim/dev_ws/install/armor_tracker/share/armor_tracker/package.bash'
[0.935s] INFO:colcon.colcon_core.shell:Creating package script '/home/rm_autoaim/dev_ws/install/armor_tracker/share/armor_tracker/package.zsh'
[0.936s] Level 1:colcon.colcon_core.environment:create_file_with_runtime_dependencies(/home/rm_autoaim/dev_ws/install/armor_tracker/share/colcon-core/packages/armor_tracker)
[0.936s] Level 1:colcon.colcon_core.environment:create_environment_scripts_only(armor_tracker)
[0.936s] Level 1:colcon.colcon_core.environment:checking '/home/rm_autoaim/dev_ws/install/armor_tracker' for CMake module files
[0.937s] Level 1:colcon.colcon_core.environment:checking '/home/rm_autoaim/dev_ws/install/armor_tracker' for CMake config files
[0.937s] Level 1:colcon.colcon_core.shell:create_environment_hook('armor_tracker', 'cmake_prefix_path')
[0.937s] INFO:colcon.colcon_core.shell:Creating environment hook '/home/rm_autoaim/dev_ws/install/armor_tracker/share/armor_tracker/hook/cmake_prefix_path.ps1'
[0.937s] INFO:colcon.colcon_core.shell:Creating environment descriptor '/home/rm_autoaim/dev_ws/install/armor_tracker/share/armor_tracker/hook/cmake_prefix_path.dsv'
[0.938s] INFO:colcon.colcon_core.shell:Creating environment hook '/home/rm_autoaim/dev_ws/install/armor_tracker/share/armor_tracker/hook/cmake_prefix_path.sh'
[0.938s] Level 1:colcon.colcon_core.environment:checking '/home/rm_autoaim/dev_ws/install/armor_tracker/lib'
[0.938s] Level 1:colcon.colcon_core.shell:create_environment_hook('armor_tracker', 'ld_library_path_lib')
[0.938s] INFO:colcon.colcon_core.shell:Creating environment hook '/home/rm_autoaim/dev_ws/install/armor_tracker/share/armor_tracker/hook/ld_library_path_lib.ps1'
[0.938s] INFO:colcon.colcon_core.shell:Creating environment descriptor '/home/rm_autoaim/dev_ws/install/armor_tracker/share/armor_tracker/hook/ld_library_path_lib.dsv'
[0.939s] INFO:colcon.colcon_core.shell:Creating environment hook '/home/rm_autoaim/dev_ws/install/armor_tracker/share/armor_tracker/hook/ld_library_path_lib.sh'
[0.939s] Level 1:colcon.colcon_core.environment:checking '/home/rm_autoaim/dev_ws/install/armor_tracker/bin'
[0.939s] Level 1:colcon.colcon_core.environment:checking '/home/rm_autoaim/dev_ws/install/armor_tracker/lib/pkgconfig/armor_tracker.pc'
[0.939s] Level 1:colcon.colcon_core.environment:checking '/home/rm_autoaim/dev_ws/install/armor_tracker/lib/python3.10/site-packages'
[0.939s] Level 1:colcon.colcon_core.environment:checking '/home/rm_autoaim/dev_ws/install/armor_tracker/bin'
[0.940s] INFO:colcon.colcon_core.shell:Creating package script '/home/rm_autoaim/dev_ws/install/armor_tracker/share/armor_tracker/package.ps1'
[0.940s] INFO:colcon.colcon_core.shell:Creating package descriptor '/home/rm_autoaim/dev_ws/install/armor_tracker/share/armor_tracker/package.dsv'
[0.940s] INFO:colcon.colcon_core.shell:Creating package script '/home/rm_autoaim/dev_ws/install/armor_tracker/share/armor_tracker/package.sh'
[0.940s] INFO:colcon.colcon_core.shell:Creating package script '/home/rm_autoaim/dev_ws/install/armor_tracker/share/armor_tracker/package.bash'
[0.941s] INFO:colcon.colcon_core.shell:Creating package script '/home/rm_autoaim/dev_ws/install/armor_tracker/share/armor_tracker/package.zsh'
[0.941s] Level 1:colcon.colcon_core.environment:create_file_with_runtime_dependencies(/home/rm_autoaim/dev_ws/install/armor_tracker/share/colcon-core/packages/armor_tracker)
[0.943s] DEBUG:colcon.colcon_core.event_handler.log_command:Invoking command in '/home/rm_autoaim/dev_ws/build/rm_vision_bringup': AMENT_PREFIX_PATH=/home/rm_autoaim/dev_ws/install/rm_serial_driver:/home/rm_autoaim/dev_ws/install/auto_aim_interfaces CMAKE_PREFIX_PATH=/home/rm_autoaim/dev_ws/install/rm_serial_driver:/home/rm_autoaim/dev_ws/install/auto_aim_interfaces LD_LIBRARY_PATH=/home/rm_autoaim/dev_ws/install/rm_serial_driver/lib:/home/rm_autoaim/dev_ws/install/auto_aim_interfaces/lib PYTHONPATH=/home/rm_autoaim/dev_ws/install/auto_aim_interfaces/local/lib/python3.10/dist-packages /usr/bin/cmake --build /home/rm_autoaim/dev_ws/build/rm_vision_bringup -- -j8 -l8
[0.971s] DEBUG:colcon.colcon_core.event_handler.log_command:Invoked command in '/home/rm_autoaim/dev_ws/build/rm_vision_bringup' returned '0': AMENT_PREFIX_PATH=/home/rm_autoaim/dev_ws/install/rm_serial_driver:/home/rm_autoaim/dev_ws/install/auto_aim_interfaces CMAKE_PREFIX_PATH=/home/rm_autoaim/dev_ws/install/rm_serial_driver:/home/rm_autoaim/dev_ws/install/auto_aim_interfaces LD_LIBRARY_PATH=/home/rm_autoaim/dev_ws/install/rm_serial_driver/lib:/home/rm_autoaim/dev_ws/install/auto_aim_interfaces/lib PYTHONPATH=/home/rm_autoaim/dev_ws/install/auto_aim_interfaces/local/lib/python3.10/dist-packages /usr/bin/cmake --build /home/rm_autoaim/dev_ws/build/rm_vision_bringup -- -j8 -l8
[0.972s] DEBUG:colcon.colcon_core.event_handler.log_command:Invoking command in '/home/rm_autoaim/dev_ws/build/rm_vision_bringup': AMENT_PREFIX_PATH=/home/rm_autoaim/dev_ws/install/rm_serial_driver:/home/rm_autoaim/dev_ws/install/auto_aim_interfaces CMAKE_PREFIX_PATH=/home/rm_autoaim/dev_ws/install/rm_serial_driver:/home/rm_autoaim/dev_ws/install/auto_aim_interfaces LD_LIBRARY_PATH=/home/rm_autoaim/dev_ws/install/rm_serial_driver/lib:/home/rm_autoaim/dev_ws/install/auto_aim_interfaces/lib PYTHONPATH=/home/rm_autoaim/dev_ws/install/auto_aim_interfaces/local/lib/python3.10/dist-packages /usr/bin/cmake --install /home/rm_autoaim/dev_ws/build/rm_vision_bringup
[0.980s] Level 1:colcon.colcon_core.environment:create_environment_scripts_only(rm_vision_bringup)
[0.980s] Level 1:colcon.colcon_core.environment:checking '/home/rm_autoaim/dev_ws/install/rm_vision_bringup' for CMake module files
[0.980s] DEBUG:colcon.colcon_core.event_handler.log_command:Invoked command in '/home/rm_autoaim/dev_ws/build/rm_vision_bringup' returned '0': AMENT_PREFIX_PATH=/home/rm_autoaim/dev_ws/install/rm_serial_driver:/home/rm_autoaim/dev_ws/install/auto_aim_interfaces CMAKE_PREFIX_PATH=/home/rm_autoaim/dev_ws/install/rm_serial_driver:/home/rm_autoaim/dev_ws/install/auto_aim_interfaces LD_LIBRARY_PATH=/home/rm_autoaim/dev_ws/install/rm_serial_driver/lib:/home/rm_autoaim/dev_ws/install/auto_aim_interfaces/lib PYTHONPATH=/home/rm_autoaim/dev_ws/install/auto_aim_interfaces/local/lib/python3.10/dist-packages /usr/bin/cmake --install /home/rm_autoaim/dev_ws/build/rm_vision_bringup
[0.981s] Level 1:colcon.colcon_core.environment:checking '/home/rm_autoaim/dev_ws/install/rm_vision_bringup' for CMake config files
[0.981s] Level 1:colcon.colcon_core.shell:create_environment_hook('rm_vision_bringup', 'cmake_prefix_path')
[0.981s] INFO:colcon.colcon_core.shell:Creating environment hook '/home/rm_autoaim/dev_ws/install/rm_vision_bringup/share/rm_vision_bringup/hook/cmake_prefix_path.ps1'
[0.981s] INFO:colcon.colcon_core.shell:Creating environment descriptor '/home/rm_autoaim/dev_ws/install/rm_vision_bringup/share/rm_vision_bringup/hook/cmake_prefix_path.dsv'
[0.981s] INFO:colcon.colcon_core.shell:Creating environment hook '/home/rm_autoaim/dev_ws/install/rm_vision_bringup/share/rm_vision_bringup/hook/cmake_prefix_path.sh'
[0.982s] Level 1:colcon.colcon_core.environment:checking '/home/rm_autoaim/dev_ws/install/rm_vision_bringup/bin'
[0.982s] Level 1:colcon.colcon_core.environment:checking '/home/rm_autoaim/dev_ws/install/rm_vision_bringup/lib/pkgconfig/rm_vision_bringup.pc'
[0.982s] Level 1:colcon.colcon_core.environment:checking '/home/rm_autoaim/dev_ws/install/rm_vision_bringup/lib/python3.10/site-packages'
[0.982s] Level 1:colcon.colcon_core.environment:checking '/home/rm_autoaim/dev_ws/install/rm_vision_bringup/bin'
[0.982s] INFO:colcon.colcon_core.shell:Creating package script '/home/rm_autoaim/dev_ws/install/rm_vision_bringup/share/rm_vision_bringup/package.ps1'
[0.983s] INFO:colcon.colcon_core.shell:Creating package descriptor '/home/rm_autoaim/dev_ws/install/rm_vision_bringup/share/rm_vision_bringup/package.dsv'
[0.983s] INFO:colcon.colcon_core.shell:Creating package script '/home/rm_autoaim/dev_ws/install/rm_vision_bringup/share/rm_vision_bringup/package.sh'
[0.983s] INFO:colcon.colcon_core.shell:Creating package script '/home/rm_autoaim/dev_ws/install/rm_vision_bringup/share/rm_vision_bringup/package.bash'
[0.983s] INFO:colcon.colcon_core.shell:Creating package script '/home/rm_autoaim/dev_ws/install/rm_vision_bringup/share/rm_vision_bringup/package.zsh'
[0.984s] Level 1:colcon.colcon_core.environment:create_file_with_runtime_dependencies(/home/rm_autoaim/dev_ws/install/rm_vision_bringup/share/colcon-core/packages/rm_vision_bringup)
[0.984s] Level 1:colcon.colcon_core.environment:create_environment_scripts_only(rm_vision_bringup)
[0.984s] Level 1:colcon.colcon_core.environment:checking '/home/rm_autoaim/dev_ws/install/rm_vision_bringup' for CMake module files
[0.985s] Level 1:colcon.colcon_core.environment:checking '/home/rm_autoaim/dev_ws/install/rm_vision_bringup' for CMake config files
[0.985s] Level 1:colcon.colcon_core.shell:create_environment_hook('rm_vision_bringup', 'cmake_prefix_path')
[0.985s] INFO:colcon.colcon_core.shell:Creating environment hook '/home/rm_autoaim/dev_ws/install/rm_vision_bringup/share/rm_vision_bringup/hook/cmake_prefix_path.ps1'
[0.985s] INFO:colcon.colcon_core.shell:Creating environment descriptor '/home/rm_autoaim/dev_ws/install/rm_vision_bringup/share/rm_vision_bringup/hook/cmake_prefix_path.dsv'
[0.985s] INFO:colcon.colcon_core.shell:Creating environment hook '/home/rm_autoaim/dev_ws/install/rm_vision_bringup/share/rm_vision_bringup/hook/cmake_prefix_path.sh'
[0.986s] Level 1:colcon.colcon_core.environment:checking '/home/rm_autoaim/dev_ws/install/rm_vision_bringup/bin'
[0.986s] Level 1:colcon.colcon_core.environment:checking '/home/rm_autoaim/dev_ws/install/rm_vision_bringup/lib/pkgconfig/rm_vision_bringup.pc'
[0.986s] Level 1:colcon.colcon_core.environment:checking '/home/rm_autoaim/dev_ws/install/rm_vision_bringup/lib/python3.10/site-packages'
[0.986s] Level 1:colcon.colcon_core.environment:checking '/home/rm_autoaim/dev_ws/install/rm_vision_bringup/bin'
[0.987s] INFO:colcon.colcon_core.shell:Creating package script '/home/rm_autoaim/dev_ws/install/rm_vision_bringup/share/rm_vision_bringup/package.ps1'
[0.987s] INFO:colcon.colcon_core.shell:Creating package descriptor '/home/rm_autoaim/dev_ws/install/rm_vision_bringup/share/rm_vision_bringup/package.dsv'
[0.987s] INFO:colcon.colcon_core.shell:Creating package script '/home/rm_autoaim/dev_ws/install/rm_vision_bringup/share/rm_vision_bringup/package.sh'
[0.988s] INFO:colcon.colcon_core.shell:Creating package script '/home/rm_autoaim/dev_ws/install/rm_vision_bringup/share/rm_vision_bringup/package.bash'
[0.988s] INFO:colcon.colcon_core.shell:Creating package script '/home/rm_autoaim/dev_ws/install/rm_vision_bringup/share/rm_vision_bringup/package.zsh'
[0.988s] Level 1:colcon.colcon_core.environment:create_file_with_runtime_dependencies(/home/rm_autoaim/dev_ws/install/rm_vision_bringup/share/colcon-core/packages/rm_vision_bringup)
[0.988s] DEBUG:colcon.colcon_parallel_executor.executor.parallel:closing loop
[0.989s] DEBUG:colcon.colcon_parallel_executor.executor.parallel:loop closed
[0.989s] DEBUG:colcon.colcon_parallel_executor.executor.parallel:run_until_complete finished with '0'
[0.989s] DEBUG:colcon.colcon_core.event_reactor:joining thread
[0.992s] INFO:colcon.colcon_core.plugin_system:Skipping extension 'colcon_notification.desktop_notification.terminal_notifier': Not used on non-Darwin systems
[0.992s] INFO:colcon.colcon_core.plugin_system:Skipping extension 'colcon_notification.desktop_notification.win32': Not used on non-Windows systems
[0.992s] INFO:colcon.colcon_notification.desktop_notification:Sending desktop notification using 'notify2'
[1.001s] DEBUG:colcon.colcon_core.event_reactor:joined thread
[1.002s] INFO:colcon.colcon_core.shell:Creating prefix script '/home/rm_autoaim/dev_ws/install/local_setup.ps1'
[1.003s] INFO:colcon.colcon_core.shell:Creating prefix util module '/home/rm_autoaim/dev_ws/install/_local_setup_util_ps1.py'
[1.004s] INFO:colcon.colcon_core.shell:Creating prefix chain script '/home/rm_autoaim/dev_ws/install/setup.ps1'
[1.004s] INFO:colcon.colcon_core.shell:Creating prefix script '/home/rm_autoaim/dev_ws/install/local_setup.sh'
[1.005s] INFO:colcon.colcon_core.shell:Creating prefix util module '/home/rm_autoaim/dev_ws/install/_local_setup_util_sh.py'
[1.006s] INFO:colcon.colcon_core.shell:Creating prefix chain script '/home/rm_autoaim/dev_ws/install/setup.sh'
[1.006s] INFO:colcon.colcon_core.shell:Creating prefix script '/home/rm_autoaim/dev_ws/install/local_setup.bash'
[1.007s] INFO:colcon.colcon_core.shell:Creating prefix chain script '/home/rm_autoaim/dev_ws/install/setup.bash'
[1.008s] INFO:colcon.colcon_core.shell:Creating prefix script '/home/rm_autoaim/dev_ws/install/local_setup.zsh'
[1.008s] INFO:colcon.colcon_core.shell:Creating prefix chain script '/home/rm_autoaim/dev_ws/install/setup.zsh'
