[0.008s] Invoking command in '/home/rm_autoaim/dev_ws/build/auto_aim_interfaces': /usr/bin/cmake --build /home/rm_autoaim/dev_ws/build/auto_aim_interfaces -- -j8 -l8
[0.043s] [  1%] Built target auto_aim_interfaces__cpp
[0.066s] [  1%] Built target ament_cmake_python_copy_auto_aim_interfaces
[0.083s] [ 12%] Built target auto_aim_interfaces__rosidl_typesupport_introspection_cpp
[0.223s] running egg_info
[0.224s] writing auto_aim_interfaces.egg-info/PKG-INFO
[0.224s] writing dependency_links to auto_aim_interfaces.egg-info/dependency_links.txt
[0.224s] writing top-level names to auto_aim_interfaces.egg-info/top_level.txt
[0.225s] reading manifest file 'auto_aim_interfaces.egg-info/SOURCES.txt'
[0.226s] writing manifest file 'auto_aim_interfaces.egg-info/SOURCES.txt'
[0.253s] [ 12%] Built target ament_cmake_python_build_auto_aim_interfaces_egg
[0.272s] [ 24%] Built target auto_aim_interfaces__rosidl_typesupport_fastrtps_cpp
[0.289s] [ 35%] Built target auto_aim_interfaces__rosidl_typesupport_cpp
[0.307s] [ 47%] Built target auto_aim_interfaces__rosidl_generator_c
[0.326s] [ 58%] Built target auto_aim_interfaces__rosidl_typesupport_fastrtps_c
[0.343s] [ 70%] Built target auto_aim_interfaces__rosidl_typesupport_c
[0.360s] [ 82%] Built target auto_aim_interfaces__rosidl_typesupport_introspection_c
[0.374s] [ 82%] Built target auto_aim_interfaces
[0.389s] [ 83%] Built target auto_aim_interfaces__py
[0.408s] [ 93%] Built target auto_aim_interfaces__rosidl_generator_py
[0.424s] [ 95%] Built target auto_aim_interfaces__rosidl_typesupport_fastrtps_c__pyext
[0.444s] [ 97%] Built target auto_aim_interfaces__rosidl_typesupport_c__pyext
[0.462s] [100%] Built target auto_aim_interfaces__rosidl_typesupport_introspection_c__pyext
[0.474s] Invoked command in '/home/rm_autoaim/dev_ws/build/auto_aim_interfaces' returned '0': /usr/bin/cmake --build /home/rm_autoaim/dev_ws/build/auto_aim_interfaces -- -j8 -l8
[0.476s] Invoking command in '/home/rm_autoaim/dev_ws/build/auto_aim_interfaces': /usr/bin/cmake --install /home/rm_autoaim/dev_ws/build/auto_aim_interfaces
[0.484s] -- Install configuration: ""
[0.485s] -- Up-to-date: /home/rm_autoaim/dev_ws/install/auto_aim_interfaces/share/ament_index/resource_index/rosidl_interfaces/auto_aim_interfaces
[0.485s] -- Up-to-date: /home/rm_autoaim/dev_ws/install/auto_aim_interfaces/include/auto_aim_interfaces/auto_aim_interfaces
[0.485s] -- Up-to-date: /home/rm_autoaim/dev_ws/install/auto_aim_interfaces/include/auto_aim_interfaces/auto_aim_interfaces/msg
[0.485s] -- Up-to-date: /home/rm_autoaim/dev_ws/install/auto_aim_interfaces/include/auto_aim_interfaces/auto_aim_interfaces/msg/debug_light.h
[0.485s] -- Up-to-date: /home/rm_autoaim/dev_ws/install/auto_aim_interfaces/include/auto_aim_interfaces/auto_aim_interfaces/msg/target.h
[0.485s] -- Up-to-date: /home/rm_autoaim/dev_ws/install/auto_aim_interfaces/include/auto_aim_interfaces/auto_aim_interfaces/msg/debug_lights.h
[0.485s] -- Up-to-date: /home/rm_autoaim/dev_ws/install/auto_aim_interfaces/include/auto_aim_interfaces/auto_aim_interfaces/msg/armors.h
[0.485s] -- Up-to-date: /home/rm_autoaim/dev_ws/install/auto_aim_interfaces/include/auto_aim_interfaces/auto_aim_interfaces/msg/rosidl_generator_c__visibility_control.h
[0.485s] -- Up-to-date: /home/rm_autoaim/dev_ws/install/auto_aim_interfaces/include/auto_aim_interfaces/auto_aim_interfaces/msg/time_info.h
[0.486s] -- Up-to-date: /home/rm_autoaim/dev_ws/install/auto_aim_interfaces/include/auto_aim_interfaces/auto_aim_interfaces/msg/tracker_info.h
[0.486s] -- Up-to-date: /home/rm_autoaim/dev_ws/install/auto_aim_interfaces/include/auto_aim_interfaces/auto_aim_interfaces/msg/debug_armors.h
[0.486s] -- Up-to-date: /home/rm_autoaim/dev_ws/install/auto_aim_interfaces/include/auto_aim_interfaces/auto_aim_interfaces/msg/debug_armor.h
[0.486s] -- Up-to-date: /home/rm_autoaim/dev_ws/install/auto_aim_interfaces/include/auto_aim_interfaces/auto_aim_interfaces/msg/armor.h
[0.486s] -- Up-to-date: /home/rm_autoaim/dev_ws/install/auto_aim_interfaces/include/auto_aim_interfaces/auto_aim_interfaces/msg/detail
[0.486s] -- Up-to-date: /home/rm_autoaim/dev_ws/install/auto_aim_interfaces/include/auto_aim_interfaces/auto_aim_interfaces/msg/detail/armor__functions.c
[0.486s] -- Up-to-date: /home/rm_autoaim/dev_ws/install/auto_aim_interfaces/include/auto_aim_interfaces/auto_aim_interfaces/msg/detail/tracker_info__functions.h
[0.486s] -- Up-to-date: /home/rm_autoaim/dev_ws/install/auto_aim_interfaces/include/auto_aim_interfaces/auto_aim_interfaces/msg/detail/time_info__functions.h
[0.486s] -- Up-to-date: /home/rm_autoaim/dev_ws/install/auto_aim_interfaces/include/auto_aim_interfaces/auto_aim_interfaces/msg/detail/armor__functions.h
[0.486s] -- Up-to-date: /home/rm_autoaim/dev_ws/install/auto_aim_interfaces/include/auto_aim_interfaces/auto_aim_interfaces/msg/detail/target__functions.h
[0.487s] -- Up-to-date: /home/rm_autoaim/dev_ws/install/auto_aim_interfaces/include/auto_aim_interfaces/auto_aim_interfaces/msg/detail/debug_light__struct.h
[0.487s] -- Up-to-date: /home/rm_autoaim/dev_ws/install/auto_aim_interfaces/include/auto_aim_interfaces/auto_aim_interfaces/msg/detail/target__struct.h
[0.487s] -- Up-to-date: /home/rm_autoaim/dev_ws/install/auto_aim_interfaces/include/auto_aim_interfaces/auto_aim_interfaces/msg/detail/time_info__struct.h
[0.487s] -- Up-to-date: /home/rm_autoaim/dev_ws/install/auto_aim_interfaces/include/auto_aim_interfaces/auto_aim_interfaces/msg/detail/time_info__type_support.h
[0.487s] -- Up-to-date: /home/rm_autoaim/dev_ws/install/auto_aim_interfaces/include/auto_aim_interfaces/auto_aim_interfaces/msg/detail/armors__functions.h
[0.487s] -- Up-to-date: /home/rm_autoaim/dev_ws/install/auto_aim_interfaces/include/auto_aim_interfaces/auto_aim_interfaces/msg/detail/debug_lights__type_support.h
[0.487s] -- Up-to-date: /home/rm_autoaim/dev_ws/install/auto_aim_interfaces/include/auto_aim_interfaces/auto_aim_interfaces/msg/detail/debug_light__functions.h
[0.487s] -- Up-to-date: /home/rm_autoaim/dev_ws/install/auto_aim_interfaces/include/auto_aim_interfaces/auto_aim_interfaces/msg/detail/debug_armor__struct.h
[0.487s] -- Up-to-date: /home/rm_autoaim/dev_ws/install/auto_aim_interfaces/include/auto_aim_interfaces/auto_aim_interfaces/msg/detail/debug_armors__struct.h
[0.487s] -- Up-to-date: /home/rm_autoaim/dev_ws/install/auto_aim_interfaces/include/auto_aim_interfaces/auto_aim_interfaces/msg/detail/target__type_support.h
[0.487s] -- Up-to-date: /home/rm_autoaim/dev_ws/install/auto_aim_interfaces/include/auto_aim_interfaces/auto_aim_interfaces/msg/detail/armors__type_support.h
[0.488s] -- Up-to-date: /home/rm_autoaim/dev_ws/install/auto_aim_interfaces/include/auto_aim_interfaces/auto_aim_interfaces/msg/detail/time_info__functions.c
[0.488s] -- Up-to-date: /home/rm_autoaim/dev_ws/install/auto_aim_interfaces/include/auto_aim_interfaces/auto_aim_interfaces/msg/detail/debug_armors__functions.c
[0.488s] -- Up-to-date: /home/rm_autoaim/dev_ws/install/auto_aim_interfaces/include/auto_aim_interfaces/auto_aim_interfaces/msg/detail/tracker_info__type_support.h
[0.488s] -- Up-to-date: /home/rm_autoaim/dev_ws/install/auto_aim_interfaces/include/auto_aim_interfaces/auto_aim_interfaces/msg/detail/debug_armor__functions.h
[0.488s] -- Up-to-date: /home/rm_autoaim/dev_ws/install/auto_aim_interfaces/include/auto_aim_interfaces/auto_aim_interfaces/msg/detail/debug_light__type_support.h
[0.488s] -- Up-to-date: /home/rm_autoaim/dev_ws/install/auto_aim_interfaces/include/auto_aim_interfaces/auto_aim_interfaces/msg/detail/target__functions.c
[0.488s] -- Up-to-date: /home/rm_autoaim/dev_ws/install/auto_aim_interfaces/include/auto_aim_interfaces/auto_aim_interfaces/msg/detail/debug_lights__functions.c
[0.488s] -- Up-to-date: /home/rm_autoaim/dev_ws/install/auto_aim_interfaces/include/auto_aim_interfaces/auto_aim_interfaces/msg/detail/debug_armors__type_support.h
[0.488s] -- Up-to-date: /home/rm_autoaim/dev_ws/install/auto_aim_interfaces/include/auto_aim_interfaces/auto_aim_interfaces/msg/detail/armors__struct.h
[0.488s] -- Up-to-date: /home/rm_autoaim/dev_ws/install/auto_aim_interfaces/include/auto_aim_interfaces/auto_aim_interfaces/msg/detail/armor__type_support.h
[0.489s] -- Up-to-date: /home/rm_autoaim/dev_ws/install/auto_aim_interfaces/include/auto_aim_interfaces/auto_aim_interfaces/msg/detail/debug_light__functions.c
[0.489s] -- Up-to-date: /home/rm_autoaim/dev_ws/install/auto_aim_interfaces/include/auto_aim_interfaces/auto_aim_interfaces/msg/detail/debug_armor__type_support.h
[0.489s] -- Up-to-date: /home/rm_autoaim/dev_ws/install/auto_aim_interfaces/include/auto_aim_interfaces/auto_aim_interfaces/msg/detail/tracker_info__functions.c
[0.489s] -- Up-to-date: /home/rm_autoaim/dev_ws/install/auto_aim_interfaces/include/auto_aim_interfaces/auto_aim_interfaces/msg/detail/tracker_info__struct.h
[0.489s] -- Up-to-date: /home/rm_autoaim/dev_ws/install/auto_aim_interfaces/include/auto_aim_interfaces/auto_aim_interfaces/msg/detail/armor__struct.h
[0.489s] -- Up-to-date: /home/rm_autoaim/dev_ws/install/auto_aim_interfaces/include/auto_aim_interfaces/auto_aim_interfaces/msg/detail/debug_lights__functions.h
[0.490s] -- Up-to-date: /home/rm_autoaim/dev_ws/install/auto_aim_interfaces/include/auto_aim_interfaces/auto_aim_interfaces/msg/detail/debug_lights__struct.h
[0.490s] -- Up-to-date: /home/rm_autoaim/dev_ws/install/auto_aim_interfaces/include/auto_aim_interfaces/auto_aim_interfaces/msg/detail/armors__functions.c
[0.490s] -- Up-to-date: /home/rm_autoaim/dev_ws/install/auto_aim_interfaces/include/auto_aim_interfaces/auto_aim_interfaces/msg/detail/debug_armor__functions.c
[0.490s] -- Up-to-date: /home/rm_autoaim/dev_ws/install/auto_aim_interfaces/include/auto_aim_interfaces/auto_aim_interfaces/msg/detail/debug_armors__functions.h
[0.490s] -- Up-to-date: /home/rm_autoaim/dev_ws/install/auto_aim_interfaces/share/auto_aim_interfaces/environment/library_path.sh
[0.490s] -- Up-to-date: /home/rm_autoaim/dev_ws/install/auto_aim_interfaces/share/auto_aim_interfaces/environment/library_path.dsv
[0.490s] -- Up-to-date: /home/rm_autoaim/dev_ws/install/auto_aim_interfaces/lib/libauto_aim_interfaces__rosidl_generator_c.so
[0.490s] -- Up-to-date: /home/rm_autoaim/dev_ws/install/auto_aim_interfaces/include/auto_aim_interfaces/auto_aim_interfaces
[0.490s] -- Up-to-date: /home/rm_autoaim/dev_ws/install/auto_aim_interfaces/include/auto_aim_interfaces/auto_aim_interfaces/msg
[0.490s] -- Up-to-date: /home/rm_autoaim/dev_ws/install/auto_aim_interfaces/include/auto_aim_interfaces/auto_aim_interfaces/msg/rosidl_typesupport_fastrtps_c__visibility_control.h
[0.490s] -- Up-to-date: /home/rm_autoaim/dev_ws/install/auto_aim_interfaces/include/auto_aim_interfaces/auto_aim_interfaces/msg/detail
[0.490s] -- Up-to-date: /home/rm_autoaim/dev_ws/install/auto_aim_interfaces/include/auto_aim_interfaces/auto_aim_interfaces/msg/detail/debug_armors__rosidl_typesupport_fastrtps_c.h
[0.490s] -- Up-to-date: /home/rm_autoaim/dev_ws/install/auto_aim_interfaces/include/auto_aim_interfaces/auto_aim_interfaces/msg/detail/target__rosidl_typesupport_fastrtps_c.h
[0.491s] -- Up-to-date: /home/rm_autoaim/dev_ws/install/auto_aim_interfaces/include/auto_aim_interfaces/auto_aim_interfaces/msg/detail/time_info__rosidl_typesupport_fastrtps_c.h
[0.491s] -- Up-to-date: /home/rm_autoaim/dev_ws/install/auto_aim_interfaces/include/auto_aim_interfaces/auto_aim_interfaces/msg/detail/armors__rosidl_typesupport_fastrtps_c.h
[0.491s] -- Up-to-date: /home/rm_autoaim/dev_ws/install/auto_aim_interfaces/include/auto_aim_interfaces/auto_aim_interfaces/msg/detail/debug_light__rosidl_typesupport_fastrtps_c.h
[0.491s] -- Up-to-date: /home/rm_autoaim/dev_ws/install/auto_aim_interfaces/include/auto_aim_interfaces/auto_aim_interfaces/msg/detail/debug_armor__rosidl_typesupport_fastrtps_c.h
[0.491s] -- Up-to-date: /home/rm_autoaim/dev_ws/install/auto_aim_interfaces/include/auto_aim_interfaces/auto_aim_interfaces/msg/detail/armor__rosidl_typesupport_fastrtps_c.h
[0.491s] -- Up-to-date: /home/rm_autoaim/dev_ws/install/auto_aim_interfaces/include/auto_aim_interfaces/auto_aim_interfaces/msg/detail/tracker_info__rosidl_typesupport_fastrtps_c.h
[0.491s] -- Up-to-date: /home/rm_autoaim/dev_ws/install/auto_aim_interfaces/include/auto_aim_interfaces/auto_aim_interfaces/msg/detail/debug_lights__rosidl_typesupport_fastrtps_c.h
[0.491s] -- Up-to-date: /home/rm_autoaim/dev_ws/install/auto_aim_interfaces/lib/libauto_aim_interfaces__rosidl_typesupport_fastrtps_c.so
[0.491s] -- Up-to-date: /home/rm_autoaim/dev_ws/install/auto_aim_interfaces/include/auto_aim_interfaces/auto_aim_interfaces
[0.491s] -- Up-to-date: /home/rm_autoaim/dev_ws/install/auto_aim_interfaces/include/auto_aim_interfaces/auto_aim_interfaces/msg
[0.491s] -- Up-to-date: /home/rm_autoaim/dev_ws/install/auto_aim_interfaces/include/auto_aim_interfaces/auto_aim_interfaces/msg/rosidl_typesupport_introspection_c__visibility_control.h
[0.491s] -- Up-to-date: /home/rm_autoaim/dev_ws/install/auto_aim_interfaces/include/auto_aim_interfaces/auto_aim_interfaces/msg/detail
[0.491s] -- Up-to-date: /home/rm_autoaim/dev_ws/install/auto_aim_interfaces/include/auto_aim_interfaces/auto_aim_interfaces/msg/detail/debug_lights__type_support.c
[0.491s] -- Up-to-date: /home/rm_autoaim/dev_ws/install/auto_aim_interfaces/include/auto_aim_interfaces/auto_aim_interfaces/msg/detail/tracker_info__rosidl_typesupport_introspection_c.h
[0.491s] -- Up-to-date: /home/rm_autoaim/dev_ws/install/auto_aim_interfaces/include/auto_aim_interfaces/auto_aim_interfaces/msg/detail/debug_armors__type_support.c
[0.491s] -- Up-to-date: /home/rm_autoaim/dev_ws/install/auto_aim_interfaces/include/auto_aim_interfaces/auto_aim_interfaces/msg/detail/armors__rosidl_typesupport_introspection_c.h
[0.491s] -- Up-to-date: /home/rm_autoaim/dev_ws/install/auto_aim_interfaces/include/auto_aim_interfaces/auto_aim_interfaces/msg/detail/time_info__type_support.c
[0.492s] -- Up-to-date: /home/rm_autoaim/dev_ws/install/auto_aim_interfaces/include/auto_aim_interfaces/auto_aim_interfaces/msg/detail/debug_light__type_support.c
[0.492s] -- Up-to-date: /home/rm_autoaim/dev_ws/install/auto_aim_interfaces/include/auto_aim_interfaces/auto_aim_interfaces/msg/detail/armor__type_support.c
[0.493s] -- Up-to-date: /home/rm_autoaim/dev_ws/install/auto_aim_interfaces/include/auto_aim_interfaces/auto_aim_interfaces/msg/detail/target__type_support.c
[0.493s] -- Up-to-date: /home/rm_autoaim/dev_ws/install/auto_aim_interfaces/include/auto_aim_interfaces/auto_aim_interfaces/msg/detail/debug_light__rosidl_typesupport_introspection_c.h
[0.493s] -- Up-to-date: /home/rm_autoaim/dev_ws/install/auto_aim_interfaces/include/auto_aim_interfaces/auto_aim_interfaces/msg/detail/debug_lights__rosidl_typesupport_introspection_c.h
[0.493s] -- Up-to-date: /home/rm_autoaim/dev_ws/install/auto_aim_interfaces/include/auto_aim_interfaces/auto_aim_interfaces/msg/detail/debug_armor__rosidl_typesupport_introspection_c.h
[0.493s] -- Up-to-date: /home/rm_autoaim/dev_ws/install/auto_aim_interfaces/include/auto_aim_interfaces/auto_aim_interfaces/msg/detail/debug_armors__rosidl_typesupport_introspection_c.h
[0.493s] -- Up-to-date: /home/rm_autoaim/dev_ws/install/auto_aim_interfaces/include/auto_aim_interfaces/auto_aim_interfaces/msg/detail/armor__rosidl_typesupport_introspection_c.h
[0.493s] -- Up-to-date: /home/rm_autoaim/dev_ws/install/auto_aim_interfaces/include/auto_aim_interfaces/auto_aim_interfaces/msg/detail/target__rosidl_typesupport_introspection_c.h
[0.493s] -- Up-to-date: /home/rm_autoaim/dev_ws/install/auto_aim_interfaces/include/auto_aim_interfaces/auto_aim_interfaces/msg/detail/debug_armor__type_support.c
[0.493s] -- Up-to-date: /home/rm_autoaim/dev_ws/install/auto_aim_interfaces/include/auto_aim_interfaces/auto_aim_interfaces/msg/detail/time_info__rosidl_typesupport_introspection_c.h
[0.493s] -- Up-to-date: /home/rm_autoaim/dev_ws/install/auto_aim_interfaces/include/auto_aim_interfaces/auto_aim_interfaces/msg/detail/armors__type_support.c
[0.493s] -- Up-to-date: /home/rm_autoaim/dev_ws/install/auto_aim_interfaces/include/auto_aim_interfaces/auto_aim_interfaces/msg/detail/tracker_info__type_support.c
[0.494s] -- Up-to-date: /home/rm_autoaim/dev_ws/install/auto_aim_interfaces/lib/libauto_aim_interfaces__rosidl_typesupport_introspection_c.so
[0.494s] -- Up-to-date: /home/rm_autoaim/dev_ws/install/auto_aim_interfaces/lib/libauto_aim_interfaces__rosidl_typesupport_c.so
[0.494s] -- Up-to-date: /home/rm_autoaim/dev_ws/install/auto_aim_interfaces/include/auto_aim_interfaces/auto_aim_interfaces
[0.494s] -- Up-to-date: /home/rm_autoaim/dev_ws/install/auto_aim_interfaces/include/auto_aim_interfaces/auto_aim_interfaces/msg
[0.494s] -- Up-to-date: /home/rm_autoaim/dev_ws/install/auto_aim_interfaces/include/auto_aim_interfaces/auto_aim_interfaces/msg/debug_lights.hpp
[0.494s] -- Up-to-date: /home/rm_autoaim/dev_ws/install/auto_aim_interfaces/include/auto_aim_interfaces/auto_aim_interfaces/msg/armor.hpp
[0.494s] -- Up-to-date: /home/rm_autoaim/dev_ws/install/auto_aim_interfaces/include/auto_aim_interfaces/auto_aim_interfaces/msg/tracker_info.hpp
[0.494s] -- Up-to-date: /home/rm_autoaim/dev_ws/install/auto_aim_interfaces/include/auto_aim_interfaces/auto_aim_interfaces/msg/armors.hpp
[0.494s] -- Up-to-date: /home/rm_autoaim/dev_ws/install/auto_aim_interfaces/include/auto_aim_interfaces/auto_aim_interfaces/msg/time_info.hpp
[0.494s] -- Up-to-date: /home/rm_autoaim/dev_ws/install/auto_aim_interfaces/include/auto_aim_interfaces/auto_aim_interfaces/msg/debug_armor.hpp
[0.495s] -- Up-to-date: /home/rm_autoaim/dev_ws/install/auto_aim_interfaces/include/auto_aim_interfaces/auto_aim_interfaces/msg/debug_armors.hpp
[0.495s] -- Up-to-date: /home/rm_autoaim/dev_ws/install/auto_aim_interfaces/include/auto_aim_interfaces/auto_aim_interfaces/msg/debug_light.hpp
[0.495s] -- Up-to-date: /home/rm_autoaim/dev_ws/install/auto_aim_interfaces/include/auto_aim_interfaces/auto_aim_interfaces/msg/target.hpp
[0.495s] -- Up-to-date: /home/rm_autoaim/dev_ws/install/auto_aim_interfaces/include/auto_aim_interfaces/auto_aim_interfaces/msg/rosidl_generator_cpp__visibility_control.hpp
[0.495s] -- Up-to-date: /home/rm_autoaim/dev_ws/install/auto_aim_interfaces/include/auto_aim_interfaces/auto_aim_interfaces/msg/detail
[0.495s] -- Up-to-date: /home/rm_autoaim/dev_ws/install/auto_aim_interfaces/include/auto_aim_interfaces/auto_aim_interfaces/msg/detail/debug_armor__traits.hpp
[0.495s] -- Up-to-date: /home/rm_autoaim/dev_ws/install/auto_aim_interfaces/include/auto_aim_interfaces/auto_aim_interfaces/msg/detail/armors__builder.hpp
[0.495s] -- Up-to-date: /home/rm_autoaim/dev_ws/install/auto_aim_interfaces/include/auto_aim_interfaces/auto_aim_interfaces/msg/detail/debug_light__type_support.hpp
[0.495s] -- Up-to-date: /home/rm_autoaim/dev_ws/install/auto_aim_interfaces/include/auto_aim_interfaces/auto_aim_interfaces/msg/detail/armor__type_support.hpp
[0.495s] -- Up-to-date: /home/rm_autoaim/dev_ws/install/auto_aim_interfaces/include/auto_aim_interfaces/auto_aim_interfaces/msg/detail/debug_light__traits.hpp
[0.495s] -- Up-to-date: /home/rm_autoaim/dev_ws/install/auto_aim_interfaces/include/auto_aim_interfaces/auto_aim_interfaces/msg/detail/target__builder.hpp
[0.495s] -- Up-to-date: /home/rm_autoaim/dev_ws/install/auto_aim_interfaces/include/auto_aim_interfaces/auto_aim_interfaces/msg/detail/target__type_support.hpp
[0.495s] -- Up-to-date: /home/rm_autoaim/dev_ws/install/auto_aim_interfaces/include/auto_aim_interfaces/auto_aim_interfaces/msg/detail/armors__type_support.hpp
[0.495s] -- Up-to-date: /home/rm_autoaim/dev_ws/install/auto_aim_interfaces/include/auto_aim_interfaces/auto_aim_interfaces/msg/detail/debug_armor__type_support.hpp
[0.496s] -- Up-to-date: /home/rm_autoaim/dev_ws/install/auto_aim_interfaces/include/auto_aim_interfaces/auto_aim_interfaces/msg/detail/debug_armors__struct.hpp
[0.496s] -- Up-to-date: /home/rm_autoaim/dev_ws/install/auto_aim_interfaces/include/auto_aim_interfaces/auto_aim_interfaces/msg/detail/tracker_info__type_support.hpp
[0.496s] -- Up-to-date: /home/rm_autoaim/dev_ws/install/auto_aim_interfaces/include/auto_aim_interfaces/auto_aim_interfaces/msg/detail/armor__traits.hpp
[0.496s] -- Up-to-date: /home/rm_autoaim/dev_ws/install/auto_aim_interfaces/include/auto_aim_interfaces/auto_aim_interfaces/msg/detail/armors__traits.hpp
[0.496s] -- Up-to-date: /home/rm_autoaim/dev_ws/install/auto_aim_interfaces/include/auto_aim_interfaces/auto_aim_interfaces/msg/detail/debug_lights__type_support.hpp
[0.496s] -- Up-to-date: /home/rm_autoaim/dev_ws/install/auto_aim_interfaces/include/auto_aim_interfaces/auto_aim_interfaces/msg/detail/debug_light__struct.hpp
[0.496s] -- Up-to-date: /home/rm_autoaim/dev_ws/install/auto_aim_interfaces/include/auto_aim_interfaces/auto_aim_interfaces/msg/detail/debug_armors__type_support.hpp
[0.496s] -- Up-to-date: /home/rm_autoaim/dev_ws/install/auto_aim_interfaces/include/auto_aim_interfaces/auto_aim_interfaces/msg/detail/debug_armors__traits.hpp
[0.496s] -- Up-to-date: /home/rm_autoaim/dev_ws/install/auto_aim_interfaces/include/auto_aim_interfaces/auto_aim_interfaces/msg/detail/armor__struct.hpp
[0.496s] -- Up-to-date: /home/rm_autoaim/dev_ws/install/auto_aim_interfaces/include/auto_aim_interfaces/auto_aim_interfaces/msg/detail/target__struct.hpp
[0.497s] -- Up-to-date: /home/rm_autoaim/dev_ws/install/auto_aim_interfaces/include/auto_aim_interfaces/auto_aim_interfaces/msg/detail/debug_armor__struct.hpp
[0.497s] -- Up-to-date: /home/rm_autoaim/dev_ws/install/auto_aim_interfaces/include/auto_aim_interfaces/auto_aim_interfaces/msg/detail/tracker_info__struct.hpp
[0.497s] -- Up-to-date: /home/rm_autoaim/dev_ws/install/auto_aim_interfaces/include/auto_aim_interfaces/auto_aim_interfaces/msg/detail/time_info__builder.hpp
[0.497s] -- Up-to-date: /home/rm_autoaim/dev_ws/install/auto_aim_interfaces/include/auto_aim_interfaces/auto_aim_interfaces/msg/detail/debug_lights__traits.hpp
[0.497s] -- Up-to-date: /home/rm_autoaim/dev_ws/install/auto_aim_interfaces/include/auto_aim_interfaces/auto_aim_interfaces/msg/detail/armors__struct.hpp
[0.497s] -- Up-to-date: /home/rm_autoaim/dev_ws/install/auto_aim_interfaces/include/auto_aim_interfaces/auto_aim_interfaces/msg/detail/armor__builder.hpp
[0.497s] -- Up-to-date: /home/rm_autoaim/dev_ws/install/auto_aim_interfaces/include/auto_aim_interfaces/auto_aim_interfaces/msg/detail/time_info__type_support.hpp
[0.497s] -- Up-to-date: /home/rm_autoaim/dev_ws/install/auto_aim_interfaces/include/auto_aim_interfaces/auto_aim_interfaces/msg/detail/tracker_info__builder.hpp
[0.497s] -- Up-to-date: /home/rm_autoaim/dev_ws/install/auto_aim_interfaces/include/auto_aim_interfaces/auto_aim_interfaces/msg/detail/debug_lights__builder.hpp
[0.498s] -- Up-to-date: /home/rm_autoaim/dev_ws/install/auto_aim_interfaces/include/auto_aim_interfaces/auto_aim_interfaces/msg/detail/debug_armor__builder.hpp
[0.498s] -- Up-to-date: /home/rm_autoaim/dev_ws/install/auto_aim_interfaces/include/auto_aim_interfaces/auto_aim_interfaces/msg/detail/debug_armors__builder.hpp
[0.498s] -- Up-to-date: /home/rm_autoaim/dev_ws/install/auto_aim_interfaces/include/auto_aim_interfaces/auto_aim_interfaces/msg/detail/target__traits.hpp
[0.498s] -- Up-to-date: /home/rm_autoaim/dev_ws/install/auto_aim_interfaces/include/auto_aim_interfaces/auto_aim_interfaces/msg/detail/debug_lights__struct.hpp
[0.498s] -- Up-to-date: /home/rm_autoaim/dev_ws/install/auto_aim_interfaces/include/auto_aim_interfaces/auto_aim_interfaces/msg/detail/time_info__struct.hpp
[0.498s] -- Up-to-date: /home/rm_autoaim/dev_ws/install/auto_aim_interfaces/include/auto_aim_interfaces/auto_aim_interfaces/msg/detail/debug_light__builder.hpp
[0.498s] -- Up-to-date: /home/rm_autoaim/dev_ws/install/auto_aim_interfaces/include/auto_aim_interfaces/auto_aim_interfaces/msg/detail/tracker_info__traits.hpp
[0.498s] -- Up-to-date: /home/rm_autoaim/dev_ws/install/auto_aim_interfaces/include/auto_aim_interfaces/auto_aim_interfaces/msg/detail/time_info__traits.hpp
[0.498s] -- Up-to-date: /home/rm_autoaim/dev_ws/install/auto_aim_interfaces/include/auto_aim_interfaces/auto_aim_interfaces
[0.498s] -- Up-to-date: /home/rm_autoaim/dev_ws/install/auto_aim_interfaces/include/auto_aim_interfaces/auto_aim_interfaces/msg
[0.498s] -- Up-to-date: /home/rm_autoaim/dev_ws/install/auto_aim_interfaces/include/auto_aim_interfaces/auto_aim_interfaces/msg/rosidl_typesupport_fastrtps_cpp__visibility_control.h
[0.498s] -- Up-to-date: /home/rm_autoaim/dev_ws/install/auto_aim_interfaces/include/auto_aim_interfaces/auto_aim_interfaces/msg/detail
[0.499s] -- Up-to-date: /home/rm_autoaim/dev_ws/install/auto_aim_interfaces/include/auto_aim_interfaces/auto_aim_interfaces/msg/detail/tracker_info__rosidl_typesupport_fastrtps_cpp.hpp
[0.499s] -- Up-to-date: /home/rm_autoaim/dev_ws/install/auto_aim_interfaces/include/auto_aim_interfaces/auto_aim_interfaces/msg/detail/debug_lights__rosidl_typesupport_fastrtps_cpp.hpp
[0.499s] -- Up-to-date: /home/rm_autoaim/dev_ws/install/auto_aim_interfaces/include/auto_aim_interfaces/auto_aim_interfaces/msg/detail/target__rosidl_typesupport_fastrtps_cpp.hpp
[0.499s] -- Up-to-date: /home/rm_autoaim/dev_ws/install/auto_aim_interfaces/include/auto_aim_interfaces/auto_aim_interfaces/msg/detail/debug_light__rosidl_typesupport_fastrtps_cpp.hpp
[0.499s] -- Up-to-date: /home/rm_autoaim/dev_ws/install/auto_aim_interfaces/include/auto_aim_interfaces/auto_aim_interfaces/msg/detail/armor__rosidl_typesupport_fastrtps_cpp.hpp
[0.499s] -- Up-to-date: /home/rm_autoaim/dev_ws/install/auto_aim_interfaces/include/auto_aim_interfaces/auto_aim_interfaces/msg/detail/debug_armor__rosidl_typesupport_fastrtps_cpp.hpp
[0.499s] -- Up-to-date: /home/rm_autoaim/dev_ws/install/auto_aim_interfaces/include/auto_aim_interfaces/auto_aim_interfaces/msg/detail/dds_fastrtps
[0.499s] -- Up-to-date: /home/rm_autoaim/dev_ws/install/auto_aim_interfaces/include/auto_aim_interfaces/auto_aim_interfaces/msg/detail/armors__rosidl_typesupport_fastrtps_cpp.hpp
[0.499s] -- Up-to-date: /home/rm_autoaim/dev_ws/install/auto_aim_interfaces/include/auto_aim_interfaces/auto_aim_interfaces/msg/detail/time_info__rosidl_typesupport_fastrtps_cpp.hpp
[0.499s] -- Up-to-date: /home/rm_autoaim/dev_ws/install/auto_aim_interfaces/include/auto_aim_interfaces/auto_aim_interfaces/msg/detail/debug_armors__rosidl_typesupport_fastrtps_cpp.hpp
[0.499s] -- Up-to-date: /home/rm_autoaim/dev_ws/install/auto_aim_interfaces/lib/libauto_aim_interfaces__rosidl_typesupport_fastrtps_cpp.so
[0.499s] -- Up-to-date: /home/rm_autoaim/dev_ws/install/auto_aim_interfaces/include/auto_aim_interfaces/auto_aim_interfaces
[0.500s] -- Up-to-date: /home/rm_autoaim/dev_ws/install/auto_aim_interfaces/include/auto_aim_interfaces/auto_aim_interfaces/msg
[0.500s] -- Up-to-date: /home/rm_autoaim/dev_ws/install/auto_aim_interfaces/include/auto_aim_interfaces/auto_aim_interfaces/msg/detail
[0.500s] -- Up-to-date: /home/rm_autoaim/dev_ws/install/auto_aim_interfaces/include/auto_aim_interfaces/auto_aim_interfaces/msg/detail/debug_lights__type_support.cpp
[0.500s] -- Up-to-date: /home/rm_autoaim/dev_ws/install/auto_aim_interfaces/include/auto_aim_interfaces/auto_aim_interfaces/msg/detail/debug_light__rosidl_typesupport_introspection_cpp.hpp
[0.500s] -- Up-to-date: /home/rm_autoaim/dev_ws/install/auto_aim_interfaces/include/auto_aim_interfaces/auto_aim_interfaces/msg/detail/armors__type_support.cpp
[0.500s] -- Up-to-date: /home/rm_autoaim/dev_ws/install/auto_aim_interfaces/include/auto_aim_interfaces/auto_aim_interfaces/msg/detail/armor__rosidl_typesupport_introspection_cpp.hpp
[0.500s] -- Up-to-date: /home/rm_autoaim/dev_ws/install/auto_aim_interfaces/include/auto_aim_interfaces/auto_aim_interfaces/msg/detail/tracker_info__rosidl_typesupport_introspection_cpp.hpp
[0.501s] -- Up-to-date: /home/rm_autoaim/dev_ws/install/auto_aim_interfaces/include/auto_aim_interfaces/auto_aim_interfaces/msg/detail/debug_armor__rosidl_typesupport_introspection_cpp.hpp
[0.501s] -- Up-to-date: /home/rm_autoaim/dev_ws/install/auto_aim_interfaces/include/auto_aim_interfaces/auto_aim_interfaces/msg/detail/debug_lights__rosidl_typesupport_introspection_cpp.hpp
[0.501s] -- Up-to-date: /home/rm_autoaim/dev_ws/install/auto_aim_interfaces/include/auto_aim_interfaces/auto_aim_interfaces/msg/detail/debug_armors__rosidl_typesupport_introspection_cpp.hpp
[0.501s] -- Up-to-date: /home/rm_autoaim/dev_ws/install/auto_aim_interfaces/include/auto_aim_interfaces/auto_aim_interfaces/msg/detail/debug_armors__type_support.cpp
[0.501s] -- Up-to-date: /home/rm_autoaim/dev_ws/install/auto_aim_interfaces/include/auto_aim_interfaces/auto_aim_interfaces/msg/detail/debug_light__type_support.cpp
[0.501s] -- Up-to-date: /home/rm_autoaim/dev_ws/install/auto_aim_interfaces/include/auto_aim_interfaces/auto_aim_interfaces/msg/detail/time_info__rosidl_typesupport_introspection_cpp.hpp
[0.501s] -- Up-to-date: /home/rm_autoaim/dev_ws/install/auto_aim_interfaces/include/auto_aim_interfaces/auto_aim_interfaces/msg/detail/tracker_info__type_support.cpp
[0.501s] -- Up-to-date: /home/rm_autoaim/dev_ws/install/auto_aim_interfaces/include/auto_aim_interfaces/auto_aim_interfaces/msg/detail/debug_armor__type_support.cpp
[0.501s] -- Up-to-date: /home/rm_autoaim/dev_ws/install/auto_aim_interfaces/include/auto_aim_interfaces/auto_aim_interfaces/msg/detail/target__rosidl_typesupport_introspection_cpp.hpp
[0.501s] -- Up-to-date: /home/rm_autoaim/dev_ws/install/auto_aim_interfaces/include/auto_aim_interfaces/auto_aim_interfaces/msg/detail/time_info__type_support.cpp
[0.502s] -- Up-to-date: /home/rm_autoaim/dev_ws/install/auto_aim_interfaces/include/auto_aim_interfaces/auto_aim_interfaces/msg/detail/armor__type_support.cpp
[0.502s] -- Up-to-date: /home/rm_autoaim/dev_ws/install/auto_aim_interfaces/include/auto_aim_interfaces/auto_aim_interfaces/msg/detail/target__type_support.cpp
[0.502s] -- Up-to-date: /home/rm_autoaim/dev_ws/install/auto_aim_interfaces/include/auto_aim_interfaces/auto_aim_interfaces/msg/detail/armors__rosidl_typesupport_introspection_cpp.hpp
[0.502s] -- Up-to-date: /home/rm_autoaim/dev_ws/install/auto_aim_interfaces/lib/libauto_aim_interfaces__rosidl_typesupport_introspection_cpp.so
[0.502s] -- Up-to-date: /home/rm_autoaim/dev_ws/install/auto_aim_interfaces/lib/libauto_aim_interfaces__rosidl_typesupport_cpp.so
[0.502s] -- Up-to-date: /home/rm_autoaim/dev_ws/install/auto_aim_interfaces/share/auto_aim_interfaces/environment/pythonpath.sh
[0.502s] -- Up-to-date: /home/rm_autoaim/dev_ws/install/auto_aim_interfaces/share/auto_aim_interfaces/environment/pythonpath.dsv
[0.502s] -- Up-to-date: /home/rm_autoaim/dev_ws/install/auto_aim_interfaces/local/lib/python3.10/dist-packages/auto_aim_interfaces-0.0.0-py3.10.egg-info
[0.502s] -- Installing: /home/rm_autoaim/dev_ws/install/auto_aim_interfaces/local/lib/python3.10/dist-packages/auto_aim_interfaces-0.0.0-py3.10.egg-info/PKG-INFO
[0.502s] -- Installing: /home/rm_autoaim/dev_ws/install/auto_aim_interfaces/local/lib/python3.10/dist-packages/auto_aim_interfaces-0.0.0-py3.10.egg-info/top_level.txt
[0.503s] -- Installing: /home/rm_autoaim/dev_ws/install/auto_aim_interfaces/local/lib/python3.10/dist-packages/auto_aim_interfaces-0.0.0-py3.10.egg-info/dependency_links.txt
[0.503s] -- Installing: /home/rm_autoaim/dev_ws/install/auto_aim_interfaces/local/lib/python3.10/dist-packages/auto_aim_interfaces-0.0.0-py3.10.egg-info/SOURCES.txt
[0.503s] -- Up-to-date: /home/rm_autoaim/dev_ws/install/auto_aim_interfaces/local/lib/python3.10/dist-packages/auto_aim_interfaces
[0.503s] -- Up-to-date: /home/rm_autoaim/dev_ws/install/auto_aim_interfaces/local/lib/python3.10/dist-packages/auto_aim_interfaces/msg
[0.503s] -- Up-to-date: /home/rm_autoaim/dev_ws/install/auto_aim_interfaces/local/lib/python3.10/dist-packages/auto_aim_interfaces/msg/_target_s.c
[0.503s] -- Up-to-date: /home/rm_autoaim/dev_ws/install/auto_aim_interfaces/local/lib/python3.10/dist-packages/auto_aim_interfaces/msg/_armors_s.c
[0.503s] -- Up-to-date: /home/rm_autoaim/dev_ws/install/auto_aim_interfaces/local/lib/python3.10/dist-packages/auto_aim_interfaces/msg/_debug_lights_s.c
[0.503s] -- Up-to-date: /home/rm_autoaim/dev_ws/install/auto_aim_interfaces/local/lib/python3.10/dist-packages/auto_aim_interfaces/msg/_time_info_s.c
[0.503s] -- Up-to-date: /home/rm_autoaim/dev_ws/install/auto_aim_interfaces/local/lib/python3.10/dist-packages/auto_aim_interfaces/msg/_target.py
[0.503s] -- Up-to-date: /home/rm_autoaim/dev_ws/install/auto_aim_interfaces/local/lib/python3.10/dist-packages/auto_aim_interfaces/msg/_armors.py
[0.503s] -- Up-to-date: /home/rm_autoaim/dev_ws/install/auto_aim_interfaces/local/lib/python3.10/dist-packages/auto_aim_interfaces/msg/_armor.py
[0.504s] -- Up-to-date: /home/rm_autoaim/dev_ws/install/auto_aim_interfaces/local/lib/python3.10/dist-packages/auto_aim_interfaces/msg/_armor_s.c
[0.504s] -- Up-to-date: /home/rm_autoaim/dev_ws/install/auto_aim_interfaces/local/lib/python3.10/dist-packages/auto_aim_interfaces/msg/_debug_armors.py
[0.504s] -- Up-to-date: /home/rm_autoaim/dev_ws/install/auto_aim_interfaces/local/lib/python3.10/dist-packages/auto_aim_interfaces/msg/__init__.py
[0.504s] -- Up-to-date: /home/rm_autoaim/dev_ws/install/auto_aim_interfaces/local/lib/python3.10/dist-packages/auto_aim_interfaces/msg/_debug_armor_s.c
[0.504s] -- Up-to-date: /home/rm_autoaim/dev_ws/install/auto_aim_interfaces/local/lib/python3.10/dist-packages/auto_aim_interfaces/msg/_debug_armors_s.c
[0.504s] -- Up-to-date: /home/rm_autoaim/dev_ws/install/auto_aim_interfaces/local/lib/python3.10/dist-packages/auto_aim_interfaces/msg/_debug_light.py
[0.504s] -- Up-to-date: /home/rm_autoaim/dev_ws/install/auto_aim_interfaces/local/lib/python3.10/dist-packages/auto_aim_interfaces/msg/_time_info.py
[0.504s] -- Up-to-date: /home/rm_autoaim/dev_ws/install/auto_aim_interfaces/local/lib/python3.10/dist-packages/auto_aim_interfaces/msg/_tracker_info.py
[0.504s] -- Up-to-date: /home/rm_autoaim/dev_ws/install/auto_aim_interfaces/local/lib/python3.10/dist-packages/auto_aim_interfaces/msg/_tracker_info_s.c
[0.504s] -- Up-to-date: /home/rm_autoaim/dev_ws/install/auto_aim_interfaces/local/lib/python3.10/dist-packages/auto_aim_interfaces/msg/_debug_light_s.c
[0.504s] -- Up-to-date: /home/rm_autoaim/dev_ws/install/auto_aim_interfaces/local/lib/python3.10/dist-packages/auto_aim_interfaces/msg/_debug_lights.py
[0.504s] -- Up-to-date: /home/rm_autoaim/dev_ws/install/auto_aim_interfaces/local/lib/python3.10/dist-packages/auto_aim_interfaces/msg/_debug_armor.py
[0.504s] -- Up-to-date: /home/rm_autoaim/dev_ws/install/auto_aim_interfaces/local/lib/python3.10/dist-packages/auto_aim_interfaces/__init__.py
[0.504s] -- Up-to-date: /home/rm_autoaim/dev_ws/install/auto_aim_interfaces/local/lib/python3.10/dist-packages/auto_aim_interfaces/auto_aim_interfaces_s__rosidl_typesupport_fastrtps_c.cpython-310-x86_64-linux-gnu.so
[0.504s] -- Up-to-date: /home/rm_autoaim/dev_ws/install/auto_aim_interfaces/local/lib/python3.10/dist-packages/auto_aim_interfaces/_auto_aim_interfaces_s.ep.rosidl_typesupport_fastrtps_c.c
[0.505s] -- Up-to-date: /home/rm_autoaim/dev_ws/install/auto_aim_interfaces/local/lib/python3.10/dist-packages/auto_aim_interfaces/_auto_aim_interfaces_s.ep.rosidl_typesupport_introspection_c.c
[0.505s] -- Up-to-date: /home/rm_autoaim/dev_ws/install/auto_aim_interfaces/local/lib/python3.10/dist-packages/auto_aim_interfaces/auto_aim_interfaces_s__rosidl_typesupport_c.cpython-310-x86_64-linux-gnu.so
[0.505s] -- Up-to-date: /home/rm_autoaim/dev_ws/install/auto_aim_interfaces/local/lib/python3.10/dist-packages/auto_aim_interfaces/auto_aim_interfaces_s__rosidl_typesupport_introspection_c.cpython-310-x86_64-linux-gnu.so
[0.505s] -- Up-to-date: /home/rm_autoaim/dev_ws/install/auto_aim_interfaces/local/lib/python3.10/dist-packages/auto_aim_interfaces/_auto_aim_interfaces_s.ep.rosidl_typesupport_c.c
[0.505s] -- Up-to-date: /home/rm_autoaim/dev_ws/install/auto_aim_interfaces/local/lib/python3.10/dist-packages/auto_aim_interfaces/libauto_aim_interfaces__rosidl_generator_py.so
[0.521s] Listing '/home/rm_autoaim/dev_ws/install/auto_aim_interfaces/local/lib/python3.10/dist-packages/auto_aim_interfaces'...
[0.521s] Listing '/home/rm_autoaim/dev_ws/install/auto_aim_interfaces/local/lib/python3.10/dist-packages/auto_aim_interfaces/msg'...
[0.525s] -- Up-to-date: /home/rm_autoaim/dev_ws/install/auto_aim_interfaces/local/lib/python3.10/dist-packages/auto_aim_interfaces/auto_aim_interfaces_s__rosidl_typesupport_fastrtps_c.cpython-310-x86_64-linux-gnu.so
[0.525s] -- Up-to-date: /home/rm_autoaim/dev_ws/install/auto_aim_interfaces/local/lib/python3.10/dist-packages/auto_aim_interfaces/auto_aim_interfaces_s__rosidl_typesupport_introspection_c.cpython-310-x86_64-linux-gnu.so
[0.525s] -- Up-to-date: /home/rm_autoaim/dev_ws/install/auto_aim_interfaces/local/lib/python3.10/dist-packages/auto_aim_interfaces/auto_aim_interfaces_s__rosidl_typesupport_c.cpython-310-x86_64-linux-gnu.so
[0.526s] -- Up-to-date: /home/rm_autoaim/dev_ws/install/auto_aim_interfaces/lib/libauto_aim_interfaces__rosidl_generator_py.so
[0.526s] -- Up-to-date: /home/rm_autoaim/dev_ws/install/auto_aim_interfaces/share/auto_aim_interfaces/msg/Armor.idl
[0.526s] -- Up-to-date: /home/rm_autoaim/dev_ws/install/auto_aim_interfaces/share/auto_aim_interfaces/msg/Armors.idl
[0.526s] -- Up-to-date: /home/rm_autoaim/dev_ws/install/auto_aim_interfaces/share/auto_aim_interfaces/msg/Target.idl
[0.526s] -- Up-to-date: /home/rm_autoaim/dev_ws/install/auto_aim_interfaces/share/auto_aim_interfaces/msg/DebugLight.idl
[0.526s] -- Up-to-date: /home/rm_autoaim/dev_ws/install/auto_aim_interfaces/share/auto_aim_interfaces/msg/DebugLights.idl
[0.526s] -- Up-to-date: /home/rm_autoaim/dev_ws/install/auto_aim_interfaces/share/auto_aim_interfaces/msg/DebugArmor.idl
[0.526s] -- Up-to-date: /home/rm_autoaim/dev_ws/install/auto_aim_interfaces/share/auto_aim_interfaces/msg/DebugArmors.idl
[0.526s] -- Up-to-date: /home/rm_autoaim/dev_ws/install/auto_aim_interfaces/share/auto_aim_interfaces/msg/TrackerInfo.idl
[0.526s] -- Up-to-date: /home/rm_autoaim/dev_ws/install/auto_aim_interfaces/share/auto_aim_interfaces/msg/TimeInfo.idl
[0.526s] -- Up-to-date: /home/rm_autoaim/dev_ws/install/auto_aim_interfaces/share/auto_aim_interfaces/msg/Armor.msg
[0.526s] -- Up-to-date: /home/rm_autoaim/dev_ws/install/auto_aim_interfaces/share/auto_aim_interfaces/msg/Armors.msg
[0.527s] -- Up-to-date: /home/rm_autoaim/dev_ws/install/auto_aim_interfaces/share/auto_aim_interfaces/msg/Target.msg
[0.527s] -- Up-to-date: /home/rm_autoaim/dev_ws/install/auto_aim_interfaces/share/auto_aim_interfaces/msg/DebugLight.msg
[0.527s] -- Up-to-date: /home/rm_autoaim/dev_ws/install/auto_aim_interfaces/share/auto_aim_interfaces/msg/DebugLights.msg
[0.527s] -- Up-to-date: /home/rm_autoaim/dev_ws/install/auto_aim_interfaces/share/auto_aim_interfaces/msg/DebugArmor.msg
[0.527s] -- Up-to-date: /home/rm_autoaim/dev_ws/install/auto_aim_interfaces/share/auto_aim_interfaces/msg/DebugArmors.msg
[0.527s] -- Up-to-date: /home/rm_autoaim/dev_ws/install/auto_aim_interfaces/share/auto_aim_interfaces/msg/TrackerInfo.msg
[0.527s] -- Up-to-date: /home/rm_autoaim/dev_ws/install/auto_aim_interfaces/share/auto_aim_interfaces/msg/TimeInfo.msg
[0.527s] -- Up-to-date: /home/rm_autoaim/dev_ws/install/auto_aim_interfaces/share/ament_index/resource_index/package_run_dependencies/auto_aim_interfaces
[0.527s] -- Up-to-date: /home/rm_autoaim/dev_ws/install/auto_aim_interfaces/share/ament_index/resource_index/parent_prefix_path/auto_aim_interfaces
[0.527s] -- Up-to-date: /home/rm_autoaim/dev_ws/install/auto_aim_interfaces/share/auto_aim_interfaces/environment/ament_prefix_path.sh
[0.527s] -- Up-to-date: /home/rm_autoaim/dev_ws/install/auto_aim_interfaces/share/auto_aim_interfaces/environment/ament_prefix_path.dsv
[0.527s] -- Up-to-date: /home/rm_autoaim/dev_ws/install/auto_aim_interfaces/share/auto_aim_interfaces/environment/path.sh
[0.527s] -- Up-to-date: /home/rm_autoaim/dev_ws/install/auto_aim_interfaces/share/auto_aim_interfaces/environment/path.dsv
[0.527s] -- Up-to-date: /home/rm_autoaim/dev_ws/install/auto_aim_interfaces/share/auto_aim_interfaces/local_setup.bash
[0.527s] -- Up-to-date: /home/rm_autoaim/dev_ws/install/auto_aim_interfaces/share/auto_aim_interfaces/local_setup.sh
[0.527s] -- Up-to-date: /home/rm_autoaim/dev_ws/install/auto_aim_interfaces/share/auto_aim_interfaces/local_setup.zsh
[0.528s] -- Up-to-date: /home/rm_autoaim/dev_ws/install/auto_aim_interfaces/share/auto_aim_interfaces/local_setup.dsv
[0.528s] -- Installing: /home/rm_autoaim/dev_ws/install/auto_aim_interfaces/share/auto_aim_interfaces/package.dsv
[0.528s] -- Up-to-date: /home/rm_autoaim/dev_ws/install/auto_aim_interfaces/share/ament_index/resource_index/packages/auto_aim_interfaces
[0.528s] -- Up-to-date: /home/rm_autoaim/dev_ws/install/auto_aim_interfaces/share/auto_aim_interfaces/cmake/export_auto_aim_interfaces__rosidl_generator_cExport.cmake
[0.528s] -- Up-to-date: /home/rm_autoaim/dev_ws/install/auto_aim_interfaces/share/auto_aim_interfaces/cmake/export_auto_aim_interfaces__rosidl_generator_cExport-noconfig.cmake
[0.528s] -- Up-to-date: /home/rm_autoaim/dev_ws/install/auto_aim_interfaces/share/auto_aim_interfaces/cmake/export_auto_aim_interfaces__rosidl_typesupport_fastrtps_cExport.cmake
[0.528s] -- Up-to-date: /home/rm_autoaim/dev_ws/install/auto_aim_interfaces/share/auto_aim_interfaces/cmake/export_auto_aim_interfaces__rosidl_typesupport_fastrtps_cExport-noconfig.cmake
[0.528s] -- Up-to-date: /home/rm_autoaim/dev_ws/install/auto_aim_interfaces/share/auto_aim_interfaces/cmake/auto_aim_interfaces__rosidl_typesupport_introspection_cExport.cmake
[0.528s] -- Up-to-date: /home/rm_autoaim/dev_ws/install/auto_aim_interfaces/share/auto_aim_interfaces/cmake/auto_aim_interfaces__rosidl_typesupport_introspection_cExport-noconfig.cmake
[0.528s] -- Up-to-date: /home/rm_autoaim/dev_ws/install/auto_aim_interfaces/share/auto_aim_interfaces/cmake/auto_aim_interfaces__rosidl_typesupport_cExport.cmake
[0.528s] -- Up-to-date: /home/rm_autoaim/dev_ws/install/auto_aim_interfaces/share/auto_aim_interfaces/cmake/auto_aim_interfaces__rosidl_typesupport_cExport-noconfig.cmake
[0.528s] -- Up-to-date: /home/rm_autoaim/dev_ws/install/auto_aim_interfaces/share/auto_aim_interfaces/cmake/export_auto_aim_interfaces__rosidl_generator_cppExport.cmake
[0.528s] -- Up-to-date: /home/rm_autoaim/dev_ws/install/auto_aim_interfaces/share/auto_aim_interfaces/cmake/export_auto_aim_interfaces__rosidl_typesupport_fastrtps_cppExport.cmake
[0.528s] -- Up-to-date: /home/rm_autoaim/dev_ws/install/auto_aim_interfaces/share/auto_aim_interfaces/cmake/export_auto_aim_interfaces__rosidl_typesupport_fastrtps_cppExport-noconfig.cmake
[0.528s] -- Up-to-date: /home/rm_autoaim/dev_ws/install/auto_aim_interfaces/share/auto_aim_interfaces/cmake/auto_aim_interfaces__rosidl_typesupport_introspection_cppExport.cmake
[0.528s] -- Up-to-date: /home/rm_autoaim/dev_ws/install/auto_aim_interfaces/share/auto_aim_interfaces/cmake/auto_aim_interfaces__rosidl_typesupport_introspection_cppExport-noconfig.cmake
[0.529s] -- Up-to-date: /home/rm_autoaim/dev_ws/install/auto_aim_interfaces/share/auto_aim_interfaces/cmake/auto_aim_interfaces__rosidl_typesupport_cppExport.cmake
[0.529s] -- Up-to-date: /home/rm_autoaim/dev_ws/install/auto_aim_interfaces/share/auto_aim_interfaces/cmake/auto_aim_interfaces__rosidl_typesupport_cppExport-noconfig.cmake
[0.529s] -- Up-to-date: /home/rm_autoaim/dev_ws/install/auto_aim_interfaces/share/auto_aim_interfaces/cmake/export_auto_aim_interfaces__rosidl_generator_pyExport.cmake
[0.529s] -- Up-to-date: /home/rm_autoaim/dev_ws/install/auto_aim_interfaces/share/auto_aim_interfaces/cmake/export_auto_aim_interfaces__rosidl_generator_pyExport-noconfig.cmake
[0.529s] -- Up-to-date: /home/rm_autoaim/dev_ws/install/auto_aim_interfaces/share/auto_aim_interfaces/cmake/rosidl_cmake-extras.cmake
[0.529s] -- Up-to-date: /home/rm_autoaim/dev_ws/install/auto_aim_interfaces/share/auto_aim_interfaces/cmake/ament_cmake_export_dependencies-extras.cmake
[0.529s] -- Up-to-date: /home/rm_autoaim/dev_ws/install/auto_aim_interfaces/share/auto_aim_interfaces/cmake/ament_cmake_export_include_directories-extras.cmake
[0.529s] -- Up-to-date: /home/rm_autoaim/dev_ws/install/auto_aim_interfaces/share/auto_aim_interfaces/cmake/ament_cmake_export_libraries-extras.cmake
[0.529s] -- Up-to-date: /home/rm_autoaim/dev_ws/install/auto_aim_interfaces/share/auto_aim_interfaces/cmake/ament_cmake_export_targets-extras.cmake
[0.529s] -- Up-to-date: /home/rm_autoaim/dev_ws/install/auto_aim_interfaces/share/auto_aim_interfaces/cmake/rosidl_cmake_export_typesupport_targets-extras.cmake
[0.529s] -- Up-to-date: /home/rm_autoaim/dev_ws/install/auto_aim_interfaces/share/auto_aim_interfaces/cmake/rosidl_cmake_export_typesupport_libraries-extras.cmake
[0.530s] -- Up-to-date: /home/rm_autoaim/dev_ws/install/auto_aim_interfaces/share/auto_aim_interfaces/cmake/auto_aim_interfacesConfig.cmake
[0.530s] -- Up-to-date: /home/rm_autoaim/dev_ws/install/auto_aim_interfaces/share/auto_aim_interfaces/cmake/auto_aim_interfacesConfig-version.cmake
[0.530s] -- Up-to-date: /home/rm_autoaim/dev_ws/install/auto_aim_interfaces/share/auto_aim_interfaces/package.xml
[0.532s] Invoked command in '/home/rm_autoaim/dev_ws/build/auto_aim_interfaces' returned '0': /usr/bin/cmake --install /home/rm_autoaim/dev_ws/build/auto_aim_interfaces
