[0.011s] Invoking command in '/home/rm_autoaim/dev_ws/build/rm_gimbal_description': /usr/bin/cmake --build /home/rm_autoaim/dev_ws/build/rm_gimbal_description -- -j8 -l8
[0.038s] Invoked command in '/home/rm_autoaim/dev_ws/build/rm_gimbal_description' returned '0': /usr/bin/cmake --build /home/rm_autoaim/dev_ws/build/rm_gimbal_description -- -j8 -l8
[0.046s] Invoking command in '/home/rm_autoaim/dev_ws/build/rm_gimbal_description': /usr/bin/cmake --install /home/rm_autoaim/dev_ws/build/rm_gimbal_description
[0.052s] -- Install configuration: ""
[0.052s] -- Up-to-date: /home/rm_autoaim/dev_ws/install/rm_gimbal_description/share/rm_gimbal_description/urdf
[0.052s] -- Up-to-date: /home/rm_autoaim/dev_ws/install/rm_gimbal_description/share/rm_gimbal_description/urdf/rm_gimbal.urdf.xacro
[0.052s] -- Up-to-date: /home/rm_autoaim/dev_ws/install/rm_gimbal_description/share/rm_gimbal_description/launch
[0.052s] -- Up-to-date: /home/rm_autoaim/dev_ws/install/rm_gimbal_description/share/rm_gimbal_description/launch/display.launch.py
[0.052s] -- Up-to-date: /home/rm_autoaim/dev_ws/install/rm_gimbal_description/share/ament_index/resource_index/package_run_dependencies/rm_gimbal_description
[0.052s] -- Up-to-date: /home/rm_autoaim/dev_ws/install/rm_gimbal_description/share/ament_index/resource_index/parent_prefix_path/rm_gimbal_description
[0.052s] -- Up-to-date: /home/rm_autoaim/dev_ws/install/rm_gimbal_description/share/rm_gimbal_description/environment/ament_prefix_path.sh
[0.053s] -- Up-to-date: /home/rm_autoaim/dev_ws/install/rm_gimbal_description/share/rm_gimbal_description/environment/ament_prefix_path.dsv
[0.053s] -- Up-to-date: /home/rm_autoaim/dev_ws/install/rm_gimbal_description/share/rm_gimbal_description/environment/path.sh
[0.053s] -- Up-to-date: /home/rm_autoaim/dev_ws/install/rm_gimbal_description/share/rm_gimbal_description/environment/path.dsv
[0.053s] -- Up-to-date: /home/rm_autoaim/dev_ws/install/rm_gimbal_description/share/rm_gimbal_description/local_setup.bash
[0.053s] -- Up-to-date: /home/rm_autoaim/dev_ws/install/rm_gimbal_description/share/rm_gimbal_description/local_setup.sh
[0.053s] -- Up-to-date: /home/rm_autoaim/dev_ws/install/rm_gimbal_description/share/rm_gimbal_description/local_setup.zsh
[0.053s] -- Up-to-date: /home/rm_autoaim/dev_ws/install/rm_gimbal_description/share/rm_gimbal_description/local_setup.dsv
[0.053s] -- Installing: /home/rm_autoaim/dev_ws/install/rm_gimbal_description/share/rm_gimbal_description/package.dsv
[0.053s] -- Up-to-date: /home/rm_autoaim/dev_ws/install/rm_gimbal_description/share/ament_index/resource_index/packages/rm_gimbal_description
[0.054s] -- Up-to-date: /home/rm_autoaim/dev_ws/install/rm_gimbal_description/share/rm_gimbal_description/cmake/rm_gimbal_descriptionConfig.cmake
[0.054s] -- Up-to-date: /home/rm_autoaim/dev_ws/install/rm_gimbal_description/share/rm_gimbal_description/cmake/rm_gimbal_descriptionConfig-version.cmake
[0.054s] -- Up-to-date: /home/rm_autoaim/dev_ws/install/rm_gimbal_description/share/rm_gimbal_description/package.xml
[0.055s] Invoked command in '/home/rm_autoaim/dev_ws/build/rm_gimbal_description' returned '0': /usr/bin/cmake --install /home/rm_autoaim/dev_ws/build/rm_gimbal_description
