[0.007s] Invoking command in '/home/rm_autoaim/dev_ws/build/rm_serial_driver': AMENT_PREFIX_PATH=/home/rm_autoaim/dev_ws/install/auto_aim_interfaces CMAKE_PREFIX_PATH=/home/rm_autoaim/dev_ws/install/auto_aim_interfaces LD_LIBRARY_PATH=/home/rm_autoaim/dev_ws/install/auto_aim_interfaces/lib PYTHONPATH=/home/rm_autoaim/dev_ws/install/auto_aim_interfaces/local/lib/python3.10/dist-packages /usr/bin/cmake --build /home/rm_autoaim/dev_ws/build/rm_serial_driver -- -j8 -l8
[0.050s] [35m[1mConsolidate compiler generated dependencies of target rm_serial_driver[0m
[0.062s] [ 40%] Built target rm_serial_driver_node
[0.083s] [ 60%] [32mBuilding CXX object CMakeFiles/rm_serial_driver.dir/src/rm_serial_driver.cpp.o[0m
[13.054s] [ 80%] [32m[1mLinking CXX shared library librm_serial_driver.so[0m
[14.158s] [100%] Built target rm_serial_driver
[14.170s] Invoked command in '/home/rm_autoaim/dev_ws/build/rm_serial_driver' returned '0': AMENT_PREFIX_PATH=/home/rm_autoaim/dev_ws/install/auto_aim_interfaces CMAKE_PREFIX_PATH=/home/rm_autoaim/dev_ws/install/auto_aim_interfaces LD_LIBRARY_PATH=/home/rm_autoaim/dev_ws/install/auto_aim_interfaces/lib PYTHONPATH=/home/rm_autoaim/dev_ws/install/auto_aim_interfaces/local/lib/python3.10/dist-packages /usr/bin/cmake --build /home/rm_autoaim/dev_ws/build/rm_serial_driver -- -j8 -l8
[14.171s] Invoking command in '/home/rm_autoaim/dev_ws/build/rm_serial_driver': AMENT_PREFIX_PATH=/home/rm_autoaim/dev_ws/install/auto_aim_interfaces CMAKE_PREFIX_PATH=/home/rm_autoaim/dev_ws/install/auto_aim_interfaces LD_LIBRARY_PATH=/home/rm_autoaim/dev_ws/install/auto_aim_interfaces/lib PYTHONPATH=/home/rm_autoaim/dev_ws/install/auto_aim_interfaces/local/lib/python3.10/dist-packages /usr/bin/cmake --install /home/rm_autoaim/dev_ws/build/rm_serial_driver
[14.177s] -- Install configuration: ""
[14.177s] -- Up-to-date: /home/rm_autoaim/dev_ws/install/rm_serial_driver/lib/rm_serial_driver/rm_serial_driver_node
[14.177s] -- Up-to-date: /home/rm_autoaim/dev_ws/install/rm_serial_driver/include
[14.177s] -- Up-to-date: /home/rm_autoaim/dev_ws/install/rm_serial_driver/include/rm_serial_driver
[14.177s] -- Up-to-date: /home/rm_autoaim/dev_ws/install/rm_serial_driver/include/rm_serial_driver/rm_serial_driver.hpp
[14.177s] -- Up-to-date: /home/rm_autoaim/dev_ws/install/rm_serial_driver/include/rm_serial_driver/packet.hpp
[14.177s] -- Up-to-date: /home/rm_autoaim/dev_ws/install/rm_serial_driver/include/rm_serial_driver/crc.hpp
[14.177s] -- Up-to-date: /home/rm_autoaim/dev_ws/install/rm_serial_driver/share/rm_serial_driver/environment/library_path.sh
[14.177s] -- Up-to-date: /home/rm_autoaim/dev_ws/install/rm_serial_driver/share/rm_serial_driver/environment/library_path.dsv
[14.177s] -- Installing: /home/rm_autoaim/dev_ws/install/rm_serial_driver/lib/librm_serial_driver.so
[14.190s] -- Set runtime path of "/home/rm_autoaim/dev_ws/install/rm_serial_driver/lib/librm_serial_driver.so" to ""
[14.190s] -- Up-to-date: /home/rm_autoaim/dev_ws/install/rm_serial_driver/share/rm_serial_driver/config
[14.190s] -- Up-to-date: /home/rm_autoaim/dev_ws/install/rm_serial_driver/share/rm_serial_driver/config/serial_driver.yaml
[14.190s] -- Up-to-date: /home/rm_autoaim/dev_ws/install/rm_serial_driver/share/rm_serial_driver/launch
[14.190s] -- Up-to-date: /home/rm_autoaim/dev_ws/install/rm_serial_driver/share/rm_serial_driver/launch/serial_driver.launch.py
[14.190s] -- Up-to-date: /home/rm_autoaim/dev_ws/install/rm_serial_driver/share/ament_index/resource_index/package_run_dependencies/rm_serial_driver
[14.190s] -- Up-to-date: /home/rm_autoaim/dev_ws/install/rm_serial_driver/share/ament_index/resource_index/parent_prefix_path/rm_serial_driver
[14.190s] -- Up-to-date: /home/rm_autoaim/dev_ws/install/rm_serial_driver/share/rm_serial_driver/environment/ament_prefix_path.sh
[14.190s] -- Up-to-date: /home/rm_autoaim/dev_ws/install/rm_serial_driver/share/rm_serial_driver/environment/ament_prefix_path.dsv
[14.191s] -- Up-to-date: /home/rm_autoaim/dev_ws/install/rm_serial_driver/share/rm_serial_driver/environment/path.sh
[14.191s] -- Up-to-date: /home/rm_autoaim/dev_ws/install/rm_serial_driver/share/rm_serial_driver/environment/path.dsv
[14.191s] -- Up-to-date: /home/rm_autoaim/dev_ws/install/rm_serial_driver/share/rm_serial_driver/local_setup.bash
[14.191s] -- Up-to-date: /home/rm_autoaim/dev_ws/install/rm_serial_driver/share/rm_serial_driver/local_setup.sh
[14.191s] -- Up-to-date: /home/rm_autoaim/dev_ws/install/rm_serial_driver/share/rm_serial_driver/local_setup.zsh
[14.191s] -- Up-to-date: /home/rm_autoaim/dev_ws/install/rm_serial_driver/share/rm_serial_driver/local_setup.dsv
[14.191s] -- Installing: /home/rm_autoaim/dev_ws/install/rm_serial_driver/share/rm_serial_driver/package.dsv
[14.191s] -- Up-to-date: /home/rm_autoaim/dev_ws/install/rm_serial_driver/share/ament_index/resource_index/packages/rm_serial_driver
[14.191s] -- Up-to-date: /home/rm_autoaim/dev_ws/install/rm_serial_driver/share/ament_index/resource_index/rclcpp_components/rm_serial_driver
[14.191s] -- Up-to-date: /home/rm_autoaim/dev_ws/install/rm_serial_driver/share/rm_serial_driver/cmake/ament_cmake_export_dependencies-extras.cmake
[14.191s] -- Up-to-date: /home/rm_autoaim/dev_ws/install/rm_serial_driver/share/rm_serial_driver/cmake/ament_cmake_export_include_directories-extras.cmake
[14.191s] -- Up-to-date: /home/rm_autoaim/dev_ws/install/rm_serial_driver/share/rm_serial_driver/cmake/ament_cmake_export_libraries-extras.cmake
[14.192s] -- Up-to-date: /home/rm_autoaim/dev_ws/install/rm_serial_driver/share/rm_serial_driver/cmake/rm_serial_driverConfig.cmake
[14.192s] -- Up-to-date: /home/rm_autoaim/dev_ws/install/rm_serial_driver/share/rm_serial_driver/cmake/rm_serial_driverConfig-version.cmake
[14.192s] -- Up-to-date: /home/rm_autoaim/dev_ws/install/rm_serial_driver/share/rm_serial_driver/package.xml
[14.193s] Invoked command in '/home/rm_autoaim/dev_ws/build/rm_serial_driver' returned '0': AMENT_PREFIX_PATH=/home/rm_autoaim/dev_ws/install/auto_aim_interfaces CMAKE_PREFIX_PATH=/home/rm_autoaim/dev_ws/install/auto_aim_interfaces LD_LIBRARY_PATH=/home/rm_autoaim/dev_ws/install/auto_aim_interfaces/lib PYTHONPATH=/home/rm_autoaim/dev_ws/install/auto_aim_interfaces/local/lib/python3.10/dist-packages /usr/bin/cmake --install /home/rm_autoaim/dev_ws/build/rm_serial_driver
